[09:01:36] [INFO]: Aksi payment accessed by user: 
[09:01:36] [INFO]: User Starttttt is authenticated. Processing action for route: payment_based_supplier and act: report
[09:01:36] [INFO]: Database connection established and helper functions included.
[09:01:36] [INFO]: location:../../main.php?route=payment_based_supplier&act=report&filter=supplier&nilai=SUPP-0072
[09:01:42] [INFO]: Memasuki halaman payment_tambah.php
[09:01:42] [INFO]: Query untuk mengambil detail invoice: SELECT pembelian_invoice.* , supplier.nama from pembelian_invoice JOIN supplier ON supplier.kd_supp = pembelian_invoice.kd_supp where no_invoice='0588'
[09:01:42] [INFO]: Query untuk mengambil detail invoice: SELECT * from pembelian_invoice_detail where no_invoice='0588' 
[09:01:42] [INFO]: Query untuk mengambil detail invoice: SELECT pid.*, b.nama, SUM(pd.disc) as tot_disc, p.ppn, pb.jumlah_datang as jumlah_barang_datang, p.tarif_ppn
                                                                        FROM
                                                                        pembelian p 
                                                                        join pembelian_detail pd on p.kd_beli = pd.kd_beli 
                                                                        join pembelian_invoice pi on pi.kd_po = p.kd_po 
                                                                        join pembelian_invoice_detail pid on pid.kd_po = pi.kd_po
                                                                        join barang b on pid.kd_brg = b.kd_brg 
                                                                        left join penerimaan_barang pb on pid.kd_brg =pb.kd_brg  and pid.kd_po =pb.kd_po 
                                                                        WHERE pid.no_invoice = '0588'
                                                                        GROUP BY pid.kd_po, pid.kd_brg;
                                                                        
[09:01:46] [INFO]: Query: SELECT no_account, deskripsi FROM account WHERE kd_jenis = '11'
[09:01:50] [INFO]: Aksi payment accessed by user: 
[09:01:50] [INFO]: User Starttttt is authenticated. Processing action for route: payment_add and act: input
[09:01:50] [INFO]: Database connection established and helper functions included.
[09:01:50] [INFO]: Memproses input payment dengan data: {"nomor_invoice":"0588","no_invoice":"PO-5116","kd_po":{"1":"PO-5116","2":"PO-5116"},"nama_supplier":"FASTRA BUANA","ppn":"0","tanggal_payment":"2026-05-08","metode_payment":"11","akun":"1001001","reff":"","jumlah_payment":"1269660","status_lunas":"LUNAS","id":{"1":"0588","2":"0588"},"kd_brg":{"1":"8997204306514","2":"8997204306774"},"jumlah_datang":{"1":"240","2":"100"},"jumlah":{"1":"240","2":"100"},"harga":{"1":"4,499","2":"1,899"},"diskon":{"1":"0","2":"0"},"subtotal":{"1":"1,079,760","2":"189,900"}}
[09:01:50] [INFO]: Query untuk mencari nomor payment terakhir: SELECT no_payment FROM payment WHERE no_payment LIKE 'PAY-OUT-2605%' ORDER BY no_payment DESC LIMIT 1
[09:01:50] [INFO]: Ditemukan payment sebelumnya di bulan yang sama.
[09:01:50] [INFO]: UPDATE pembelian_invoice SET status_payment = '2' WHERE no_invoice = '0588'
[09:02:09] [INFO]: Aksi payment accessed by user: 
[09:02:09] [INFO]: User Starttttt is authenticated. Processing action for route: payment_based_supplier and act: report
[09:02:09] [INFO]: Database connection established and helper functions included.
[09:02:09] [INFO]: location:../../main.php?route=payment_based_supplier&act=report&filter=supplier&nilai=SUPP-0146
[09:02:16] [INFO]: Memasuki halaman payment_tambah.php
[09:02:16] [INFO]: Query untuk mengambil detail invoice: SELECT pembelian_invoice.* , supplier.nama from pembelian_invoice JOIN supplier ON supplier.kd_supp = pembelian_invoice.kd_supp where no_invoice='41014'
[09:02:16] [INFO]: Query untuk mengambil detail invoice: SELECT * from pembelian_invoice_detail where no_invoice='41014' 
[09:02:16] [INFO]: Query untuk mengambil detail invoice: SELECT pid.*, b.nama, SUM(pd.disc) as tot_disc, p.ppn, pb.jumlah_datang as jumlah_barang_datang, p.tarif_ppn
                                                                        FROM
                                                                        pembelian p 
                                                                        join pembelian_detail pd on p.kd_beli = pd.kd_beli 
                                                                        join pembelian_invoice pi on pi.kd_po = p.kd_po 
                                                                        join pembelian_invoice_detail pid on pid.kd_po = pi.kd_po
                                                                        join barang b on pid.kd_brg = b.kd_brg 
                                                                        left join penerimaan_barang pb on pid.kd_brg =pb.kd_brg  and pid.kd_po =pb.kd_po 
                                                                        WHERE pid.no_invoice = '41014'
                                                                        GROUP BY pid.kd_po, pid.kd_brg;
                                                                        
[09:02:23] [INFO]: Query: SELECT no_account, deskripsi FROM account WHERE kd_jenis = '11'
[09:02:27] [INFO]: Aksi payment accessed by user: 
[09:02:27] [INFO]: User Starttttt is authenticated. Processing action for route: payment_add and act: input
[09:02:27] [INFO]: Database connection established and helper functions included.
[09:02:27] [INFO]: Memproses input payment dengan data: {"nomor_invoice":"41014","no_invoice":"PO-5127","kd_po":{"1":"PO-5127","2":"PO-5127","3":"PO-5127","4":"PO-5127","5":"PO-5127","6":"PO-5127","7":"PO-5127","8":"PO-5127","9":"PO-5127","10":"PO-5127","11":"PO-5127","12":"PO-5127","13":"PO-5127","14":"PO-5127","15":"PO-5127","16":"PO-5127","17":"PO-5127","18":"PO-5127","19":"PO-5127","20":"PO-5127","21":"PO-5127"},"nama_supplier":"NIAGATAMA RETALINDO","ppn":"0","tanggal_payment":"2026-05-08","metode_payment":"11","akun":"1001001","reff":"","jumlah_payment":"1661274","status_lunas":"LUNAS","id":{"1":"41014","2":"41014","3":"41014","4":"41014","5":"41014","6":"41014","7":"41014","8":"41014","9":"41014","10":"41014","11":"41014","12":"41014","13":"41014","14":"41014","15":"41014","16":"41014","17":"41014","18":"41014","19":"41014","20":"41014","21":"41014"},"kd_brg":{"1":"8992775001783","2":"8996001301111","3":"8996001301142","4":"8996001302248","5":"8996001302323","6":"8996001302347","7":"8996001302637","8":"8996001304921","9":"8996001305119","10":"8996001305249","11":"8996001307694","12":"8996001307755","13":"8996001307786","14":"8996001312278","15":"8996001312353","16":"8996001312445","17":"8996001313657","18":"8996001314081","19":"8996001316047","20":"8996001317020","21":"8996001317150"},"jumlah_datang":{"1":"6","2":"20","3":"28","4":"20","5":"12","6":"20","7":"6","8":"20","9":"40","10":"28","11":"6","12":"24","13":"6","14":"6","15":"12","16":"6","17":"20","18":"24","19":"24","20":"60","21":"60"},"jumlah":{"1":"6","2":"20","3":"28","4":"20","5":"12","6":"20","7":"6","8":"20","9":"40","10":"28","11":"6","12":"24","13":"6","14":"6","15":"12","16":"6","17":"20","18":"24","19":"24","20":"60","21":"60"},"harga":{"1":"5,899","2":"1,600","3":"8,200","4":"6,100","5":"5,650","6":"9,100","7":"6,000","8":"1,600","9":"1,730","10":"8,500","11":"9,130","12":"1,650","13":"9,130","14":"6,000","15":"6,850","16":"6,000","17":"1,650","18":"1,730","19":"1,650","20":"1,730","21":"1,600"},"diskon":{"1":"0","2":"0","3":"0","4":"0","5":"0","6":"0","7":"0","8":"0","9":"0","10":"0","11":"0","12":"0","13":"0","14":"0","15":"0","16":"0","17":"0","18":"0","19":"0","20":"0","21":"0"},"subtotal":{"1":"35,394","2":"32,000","3":"229,600","4":"122,000","5":"67,800","6":"182,000","7":"36,000","8":"32,000","9":"69,200","10":"238,000","11":"54,780","12":"39,600","13":"54,780","14":"36,000","15":"82,200","16":"36,000","17":"33,000","18":"41,520","19":"39,600","20":"103,800","21":"96,000"}}
[09:02:27] [INFO]: Query untuk mencari nomor payment terakhir: SELECT no_payment FROM payment WHERE no_payment LIKE 'PAY-OUT-2605%' ORDER BY no_payment DESC LIMIT 1
[09:02:27] [INFO]: Ditemukan payment sebelumnya di bulan yang sama.
[09:02:27] [INFO]: UPDATE pembelian_invoice SET status_payment = '2' WHERE no_invoice = '41014'
[09:03:05] [INFO]: Aksi payment accessed by user: 
[09:03:05] [INFO]: User Starttttt is authenticated. Processing action for route: payment_based_supplier and act: report
[09:03:05] [INFO]: Database connection established and helper functions included.
[09:03:05] [INFO]: location:../../main.php?route=payment_based_supplier&act=report&filter=supplier&nilai=SUPP-0234
[09:03:14] [INFO]: Memasuki halaman payment_tambah.php
[09:03:14] [INFO]: Query untuk mengambil detail invoice: SELECT pembelian_invoice.* , supplier.nama from pembelian_invoice JOIN supplier ON supplier.kd_supp = pembelian_invoice.kd_supp where no_invoice='4238'
[09:03:14] [INFO]: Query untuk mengambil detail invoice: SELECT * from pembelian_invoice_detail where no_invoice='4238' 
[09:03:14] [INFO]: Query untuk mengambil detail invoice: SELECT pid.*, b.nama, SUM(pd.disc) as tot_disc, p.ppn, pb.jumlah_datang as jumlah_barang_datang, p.tarif_ppn
                                                                        FROM
                                                                        pembelian p 
                                                                        join pembelian_detail pd on p.kd_beli = pd.kd_beli 
                                                                        join pembelian_invoice pi on pi.kd_po = p.kd_po 
                                                                        join pembelian_invoice_detail pid on pid.kd_po = pi.kd_po
                                                                        join barang b on pid.kd_brg = b.kd_brg 
                                                                        left join penerimaan_barang pb on pid.kd_brg =pb.kd_brg  and pid.kd_po =pb.kd_po 
                                                                        WHERE pid.no_invoice = '4238'
                                                                        GROUP BY pid.kd_po, pid.kd_brg;
                                                                        
[09:03:17] [INFO]: Query: SELECT no_account, deskripsi FROM account WHERE kd_jenis = '11'
[09:03:20] [INFO]: Aksi payment accessed by user: 
[09:03:20] [INFO]: User Starttttt is authenticated. Processing action for route: payment_add and act: input
[09:03:20] [INFO]: Database connection established and helper functions included.
[09:03:20] [INFO]: Memproses input payment dengan data: {"nomor_invoice":"4238","no_invoice":"PO-5064","kd_po":{"1":"PO-5064","2":"PO-5064","3":"PO-5064","4":"PO-5064","5":"PO-5064","6":"PO-5064","7":"PO-5064"},"nama_supplier":"TRIYANTO SUKSES MANDIRI","ppn":"0","tanggal_payment":"2026-05-08","metode_payment":"11","akun":"1001001","reff":"","jumlah_payment":"758160","status_lunas":"LUNAS","id":{"1":"4238","2":"4238","3":"4238","4":"4238","5":"4238","6":"4238","7":"4238"},"kd_brg":{"1":"8992933231113","2":"8992933233117","3":"8992933238112","4":"8992933251111","5":"8992933256116","6":"8992933832112","7":"8992933833119"},"jumlah_datang":{"1":"20","2":"10","3":"10","4":"10","5":"10","6":"100","7":"100"},"jumlah":{"1":"20","2":"10","3":"10","4":"10","5":"10","6":"100","7":"100"},"harga":{"1":"5,306","2":"5,306","3":"5,306","4":"5,306","5":"5,306","6":"2,199","7":"2,199"},"diskon":{"1":"0","2":"0","3":"0","4":"0","5":"0","6":"0","7":"0"},"subtotal":{"1":"106,120","2":"53,060","3":"53,060","4":"53,060","5":"53,060","6":"219,900","7":"219,900"}}
[09:03:20] [INFO]: Query untuk mencari nomor payment terakhir: SELECT no_payment FROM payment WHERE no_payment LIKE 'PAY-OUT-2605%' ORDER BY no_payment DESC LIMIT 1
[09:03:20] [INFO]: Ditemukan payment sebelumnya di bulan yang sama.
[09:03:20] [INFO]: UPDATE pembelian_invoice SET status_payment = '2' WHERE no_invoice = '4238'
[09:03:34] [INFO]: Aksi payment accessed by user: 
[09:03:34] [INFO]: User Starttttt is authenticated. Processing action for route: payment_based_supplier and act: report
[09:03:34] [INFO]: Database connection established and helper functions included.
[09:03:34] [INFO]: location:../../main.php?route=payment_based_supplier&act=report&filter=supplier&nilai=SUPP-0226
[09:03:38] [INFO]: Memasuki halaman payment_tambah.php
[09:03:38] [INFO]: Query untuk mengambil detail invoice: SELECT pembelian_invoice.* , supplier.nama from pembelian_invoice JOIN supplier ON supplier.kd_supp = pembelian_invoice.kd_supp where no_invoice='003037'
[09:03:38] [INFO]: Query untuk mengambil detail invoice: SELECT * from pembelian_invoice_detail where no_invoice='003037' 
[09:03:38] [INFO]: Query untuk mengambil detail invoice: SELECT pid.*, b.nama, SUM(pd.disc) as tot_disc, p.ppn, pb.jumlah_datang as jumlah_barang_datang, p.tarif_ppn
                                                                        FROM
                                                                        pembelian p 
                                                                        join pembelian_detail pd on p.kd_beli = pd.kd_beli 
                                                                        join pembelian_invoice pi on pi.kd_po = p.kd_po 
                                                                        join pembelian_invoice_detail pid on pid.kd_po = pi.kd_po
                                                                        join barang b on pid.kd_brg = b.kd_brg 
                                                                        left join penerimaan_barang pb on pid.kd_brg =pb.kd_brg  and pid.kd_po =pb.kd_po 
                                                                        WHERE pid.no_invoice = '003037'
                                                                        GROUP BY pid.kd_po, pid.kd_brg;
                                                                        
[09:03:42] [INFO]: Query: SELECT no_account, deskripsi FROM account WHERE kd_jenis = '11'
[09:03:46] [INFO]: Aksi payment accessed by user: 
[09:03:46] [INFO]: User Starttttt is authenticated. Processing action for route: payment_add and act: input
[09:03:46] [INFO]: Database connection established and helper functions included.
[09:03:46] [INFO]: Memproses input payment dengan data: {"nomor_invoice":"003037","no_invoice":"PO-5144","kd_po":{"1":"PO-5144","2":"PO-5144","3":"PO-5144","4":"PO-5144"},"nama_supplier":"TERLAKSANA SUKSES MANDIRI","ppn":"0","tanggal_payment":"2026-05-08","metode_payment":"11","akun":"1001001","reff":"","jumlah_payment":"494361","status_lunas":"LUNAS","id":{"1":"003037","2":"003037","3":"003037","4":"003037"},"kd_brg":{"1":"8990052000412","2":"8990052004304","3":"8990052004311","4":"8990052004328"},"jumlah_datang":{"1":"1","2":"32","3":"32","4":"32"},"jumlah":{"1":"1","2":"32","3":"32","4":"32"},"harga":{"1":"37,529","2":"4,461","3":"4,461","4":"5,354"},"diskon":{"1":"0","2":"0","3":"0","4":"0"},"subtotal":{"1":"37,529","2":"142,752","3":"142,752","4":"171,328"}}
[09:03:46] [INFO]: Query untuk mencari nomor payment terakhir: SELECT no_payment FROM payment WHERE no_payment LIKE 'PAY-OUT-2605%' ORDER BY no_payment DESC LIMIT 1
[09:03:46] [INFO]: Ditemukan payment sebelumnya di bulan yang sama.
[09:03:46] [INFO]: UPDATE pembelian_invoice SET status_payment = '2' WHERE no_invoice = '003037'
[09:04:02] [INFO]: Aksi payment accessed by user: 
[09:04:02] [INFO]: User Starttttt is authenticated. Processing action for route: payment_based_supplier and act: report
[09:04:02] [INFO]: Database connection established and helper functions included.
[09:04:02] [INFO]: location:../../main.php?route=payment_based_supplier&act=report&filter=supplier&nilai=SUPP-0060
[09:04:13] [INFO]: Memasuki halaman payment_tambah.php
[09:04:13] [INFO]: Query untuk mengambil detail invoice: SELECT pembelian_invoice.* , supplier.nama from pembelian_invoice JOIN supplier ON supplier.kd_supp = pembelian_invoice.kd_supp where no_invoice='0535'
[09:04:13] [INFO]: Query untuk mengambil detail invoice: SELECT * from pembelian_invoice_detail where no_invoice='0535' 
[09:04:13] [INFO]: Query untuk mengambil detail invoice: SELECT pid.*, b.nama, SUM(pd.disc) as tot_disc, p.ppn, pb.jumlah_datang as jumlah_barang_datang, p.tarif_ppn
                                                                        FROM
                                                                        pembelian p 
                                                                        join pembelian_detail pd on p.kd_beli = pd.kd_beli 
                                                                        join pembelian_invoice pi on pi.kd_po = p.kd_po 
                                                                        join pembelian_invoice_detail pid on pid.kd_po = pi.kd_po
                                                                        join barang b on pid.kd_brg = b.kd_brg 
                                                                        left join penerimaan_barang pb on pid.kd_brg =pb.kd_brg  and pid.kd_po =pb.kd_po 
                                                                        WHERE pid.no_invoice = '0535'
                                                                        GROUP BY pid.kd_po, pid.kd_brg;
                                                                        
[09:04:17] [INFO]: Query: SELECT no_account, deskripsi FROM account WHERE kd_jenis = '11'
[09:04:21] [INFO]: Aksi payment accessed by user: 
[09:04:21] [INFO]: User Starttttt is authenticated. Processing action for route: payment_add and act: input
[09:04:21] [INFO]: Database connection established and helper functions included.
[09:04:21] [INFO]: Memproses input payment dengan data: {"nomor_invoice":"0535","no_invoice":"PO-4966","kd_po":{"1":"PO-4966","2":"PO-4966","3":"PO-4966","4":"PO-4966","5":"PO-4966","6":"PO-4966","7":"PO-4966","8":"PO-4966","9":"PO-4966","10":"PO-4966","11":"PO-4966","12":"PO-4966"},"nama_supplier":"DODO","ppn":"0","tanggal_payment":"2026-05-08","metode_payment":"11","akun":"1001001","reff":"","jumlah_payment":"627000","status_lunas":"LUNAS","id":{"1":"0535","2":"0535","3":"0535","4":"0535","5":"0535","6":"0535","7":"0535","8":"0535","9":"0535","10":"0535","11":"0535","12":"0535"},"kd_brg":{"1":"8997024498956","2":"8997024499052","3":"8997024499069","4":"8997024499106","5":"8997024499113","6":"8997024499236","7":"8997024499243","8":"8997024499250","9":"8997024499342","10":"8997024499366","11":"8997024499373","12":"8997024499397"},"jumlah_datang":{"1":"2","2":"2","3":"2","4":"2","5":"2","6":"2","7":"2","8":"2","9":"2","10":"2","11":"2","12":"2"},"jumlah":{"1":"2","2":"2","3":"2","4":"2","5":"2","6":"2","7":"2","8":"2","9":"2","10":"2","11":"2","12":"2"},"harga":{"1":"26,600","2":"25,650","3":"25,650","4":"26,600","5":"26,600","6":"25,650","7":"25,650","8":"25,650","9":"26,600","10":"26,600","11":"26,600","12":"25,650"},"diskon":{"1":"0","2":"0","3":"0","4":"0","5":"0","6":"0","7":"0","8":"0","9":"0","10":"0","11":"0","12":"0"},"subtotal":{"1":"53,200","2":"51,300","3":"51,300","4":"53,200","5":"53,200","6":"51,300","7":"51,300","8":"51,300","9":"53,200","10":"53,200","11":"53,200","12":"51,300"}}
[09:04:21] [INFO]: Query untuk mencari nomor payment terakhir: SELECT no_payment FROM payment WHERE no_payment LIKE 'PAY-OUT-2605%' ORDER BY no_payment DESC LIMIT 1
[09:04:21] [INFO]: Ditemukan payment sebelumnya di bulan yang sama.
[09:04:21] [INFO]: UPDATE pembelian_invoice SET status_payment = '2' WHERE no_invoice = '0535'
[09:04:27] [INFO]: Memasuki halaman payment_tambah.php
[09:04:27] [INFO]: Query untuk mengambil detail invoice: SELECT pembelian_invoice.* , supplier.nama from pembelian_invoice JOIN supplier ON supplier.kd_supp = pembelian_invoice.kd_supp where no_invoice='0534'
[09:04:27] [INFO]: Query untuk mengambil detail invoice: SELECT * from pembelian_invoice_detail where no_invoice='0534' 
[09:04:27] [INFO]: Query untuk mengambil detail invoice: SELECT pid.*, b.nama, SUM(pd.disc) as tot_disc, p.ppn, pb.jumlah_datang as jumlah_barang_datang, p.tarif_ppn
                                                                        FROM
                                                                        pembelian p 
                                                                        join pembelian_detail pd on p.kd_beli = pd.kd_beli 
                                                                        join pembelian_invoice pi on pi.kd_po = p.kd_po 
                                                                        join pembelian_invoice_detail pid on pid.kd_po = pi.kd_po
                                                                        join barang b on pid.kd_brg = b.kd_brg 
                                                                        left join penerimaan_barang pb on pid.kd_brg =pb.kd_brg  and pid.kd_po =pb.kd_po 
                                                                        WHERE pid.no_invoice = '0534'
                                                                        GROUP BY pid.kd_po, pid.kd_brg;
                                                                        
[09:04:38] [INFO]: Query: SELECT no_account, deskripsi FROM account WHERE kd_jenis = '11'
[09:04:42] [INFO]: Aksi payment accessed by user: 
[09:04:42] [INFO]: User Starttttt is authenticated. Processing action for route: payment_add and act: input
[09:04:42] [INFO]: Database connection established and helper functions included.
[09:04:42] [INFO]: Memproses input payment dengan data: {"nomor_invoice":"0534","no_invoice":"PO-4967","kd_po":{"1":"PO-4967","2":"PO-4967","3":"PO-4967","4":"PO-4967","5":"PO-4967","6":"PO-4967","7":"PO-4967","8":"PO-4967","9":"PO-4967","10":"PO-4967","11":"PO-4967","12":"PO-4967","13":"PO-4967","14":"PO-4967","15":"PO-4967","16":"PO-4967"},"nama_supplier":"DODO","ppn":"0","tanggal_payment":"2026-05-08","metode_payment":"11","akun":"1001001","reff":"","jumlah_payment":"1627158","status_lunas":"LUNAS","id":{"1":"0534","2":"0534","3":"0534","4":"0534","5":"0534","6":"0534","7":"0534","8":"0534","9":"0534","10":"0534","11":"0534","12":"0534","13":"0534","14":"0534","15":"0534","16":"0534"},"kd_brg":{"1":"8886012206065","2":"8886012206072","3":"8886012781227","4":"8886012781289","5":"8886012805206","6":"8886012805220","7":"8886012881248","8":"8886012881279","9":"8886012883136","10":"8886012883242","11":"8886012883259","12":"8886012883266","13":"8886012883273","14":"8886012895054","15":"8886012895276","16":"8886012895351"},"jumlah_datang":{"1":"6","2":"6","3":"6","4":"12","5":"48","6":"12","7":"3","8":"3","9":"24","10":"3","11":"3","12":"3","13":"3","14":"12","15":"12","16":"24"},"jumlah":{"1":"6","2":"6","3":"6","4":"12","5":"48","6":"12","7":"3","8":"3","9":"24","10":"3","11":"3","12":"3","13":"3","14":"12","15":"12","16":"24"},"harga":{"1":"10,170","2":"10,170","3":"12,499","4":"10,075","5":"1,460","6":"13,098","7":"10,430","8":"10,430","9":"13,866","10":"11,641","11":"11,641","12":"11,641","13":"11,641","14":"9,148","15":"15,152","16":"10,638"},"diskon":{"1":"0","2":"0","3":"0","4":"0","5":"0","6":"0","7":"0","8":"0","9":"0","10":"0","11":"0","12":"0","13":"0","14":"0","15":"0","16":"0"},"subtotal":{"1":"61,020","2":"61,020","3":"74,994","4":"120,900","5":"70,080","6":"157,176","7":"31,290","8":"31,290","9":"332,784","10":"34,923","11":"34,923","12":"34,923","13":"34,923","14":"109,776","15":"181,824","16":"255,312"}}
[09:04:42] [INFO]: Query untuk mencari nomor payment terakhir: SELECT no_payment FROM payment WHERE no_payment LIKE 'PAY-OUT-2605%' ORDER BY no_payment DESC LIMIT 1
[09:04:42] [INFO]: Ditemukan payment sebelumnya di bulan yang sama.
[09:04:42] [INFO]: UPDATE pembelian_invoice SET status_payment = '2' WHERE no_invoice = '0534'
[09:04:49] [INFO]: Memasuki halaman payment_tambah.php
[09:04:49] [INFO]: Query untuk mengambil detail invoice: SELECT pembelian_invoice.* , supplier.nama from pembelian_invoice JOIN supplier ON supplier.kd_supp = pembelian_invoice.kd_supp where no_invoice='0533'
[09:04:49] [INFO]: Query untuk mengambil detail invoice: SELECT * from pembelian_invoice_detail where no_invoice='0533' 
[09:04:49] [INFO]: Query untuk mengambil detail invoice: SELECT pid.*, b.nama, SUM(pd.disc) as tot_disc, p.ppn, pb.jumlah_datang as jumlah_barang_datang, p.tarif_ppn
                                                                        FROM
                                                                        pembelian p 
                                                                        join pembelian_detail pd on p.kd_beli = pd.kd_beli 
                                                                        join pembelian_invoice pi on pi.kd_po = p.kd_po 
                                                                        join pembelian_invoice_detail pid on pid.kd_po = pi.kd_po
                                                                        join barang b on pid.kd_brg = b.kd_brg 
                                                                        left join penerimaan_barang pb on pid.kd_brg =pb.kd_brg  and pid.kd_po =pb.kd_po 
                                                                        WHERE pid.no_invoice = '0533'
                                                                        GROUP BY pid.kd_po, pid.kd_brg;
                                                                        
[09:04:53] [INFO]: Query: SELECT no_account, deskripsi FROM account WHERE kd_jenis = '11'
[09:04:57] [INFO]: Aksi payment accessed by user: 
[09:04:57] [INFO]: User Starttttt is authenticated. Processing action for route: payment_add and act: input
[09:04:57] [INFO]: Database connection established and helper functions included.
[09:04:57] [INFO]: Memproses input payment dengan data: {"nomor_invoice":"0533","no_invoice":"PO-4975","kd_po":{"1":"PO-4975","2":"PO-4975","3":"PO-4975","4":"PO-4975","5":"PO-4975","6":"PO-4975","7":"PO-4975","8":"PO-4975","9":"PO-4975","10":"PO-4975","11":"PO-4975"},"nama_supplier":"DODO","ppn":"0","tanggal_payment":"2026-05-08","metode_payment":"11","akun":"1001001","reff":"","jumlah_payment":"1114140","status_lunas":"LUNAS","id":{"1":"0533","2":"0533","3":"0533","4":"0533","5":"0533","6":"0533","7":"0533","8":"0533","9":"0533","10":"0533","11":"0533"},"kd_brg":{"1":"8994064000156","2":"8994064000170","3":"8994064000187","4":"8994064110367","5":"8994064110374","6":"8994064110398","7":"8994064110404","8":"8994064110411","9":"8994064110428","10":"8994064112019","11":"8994064112620"},"jumlah_datang":{"1":"6","2":"6","3":"6","4":"24","5":"24","6":"24","7":"24","8":"6","9":"6","10":"6","11":"6"},"jumlah":{"1":"6","2":"6","3":"6","4":"24","5":"24","6":"24","7":"24","8":"6","9":"6","10":"6","11":"6"},"harga":{"1":"24,000","2":"18,500","3":"19,500","4":"2,550","5":"4,750","6":"3,050","7":"5,200","8":"8,690","9":"8,800","10":"22,500","11":"21,500"},"diskon":{"1":"0","2":"0","3":"0","4":"0","5":"0","6":"0","7":"0","8":"0","9":"0","10":"0","11":"0"},"subtotal":{"1":"144,000","2":"111,000","3":"117,000","4":"61,200","5":"114,000","6":"73,200","7":"124,800","8":"52,140","9":"52,800","10":"135,000","11":"129,000"}}
[09:04:57] [INFO]: Query untuk mencari nomor payment terakhir: SELECT no_payment FROM payment WHERE no_payment LIKE 'PAY-OUT-2605%' ORDER BY no_payment DESC LIMIT 1
[09:04:57] [INFO]: Ditemukan payment sebelumnya di bulan yang sama.
[09:04:57] [INFO]: UPDATE pembelian_invoice SET status_payment = '2' WHERE no_invoice = '0533'
[09:05:17] [INFO]: Aksi payment accessed by user: 
[09:05:17] [INFO]: User Starttttt is authenticated. Processing action for route: payment_based_supplier and act: report
[09:05:17] [INFO]: Database connection established and helper functions included.
[09:05:17] [INFO]: location:../../main.php?route=payment_based_supplier&act=report&filter=supplier&nilai=SUPP-0133
[09:06:18] [INFO]: Aksi payment accessed by user: 
[09:06:18] [INFO]: User Starttttt is authenticated. Processing action for route: payment_based_supplier and act: report
[09:06:18] [INFO]: Database connection established and helper functions included.
[09:06:18] [INFO]: location:../../main.php?route=payment_based_supplier&act=report&filter=supplier&nilai=SUPP-0193
[09:06:39] [INFO]: Memasuki halaman payment_tambah.php
[09:06:39] [INFO]: Query untuk mengambil detail invoice: SELECT pembelian_invoice.* , supplier.nama from pembelian_invoice JOIN supplier ON supplier.kd_supp = pembelian_invoice.kd_supp where no_invoice='2058'
[09:06:39] [INFO]: Query untuk mengambil detail invoice: SELECT * from pembelian_invoice_detail where no_invoice='2058' 
[09:06:39] [INFO]: Query untuk mengambil detail invoice: SELECT pid.*, b.nama, SUM(pd.disc) as tot_disc, p.ppn, pb.jumlah_datang as jumlah_barang_datang, p.tarif_ppn
                                                                        FROM
                                                                        pembelian p 
                                                                        join pembelian_detail pd on p.kd_beli = pd.kd_beli 
                                                                        join pembelian_invoice pi on pi.kd_po = p.kd_po 
                                                                        join pembelian_invoice_detail pid on pid.kd_po = pi.kd_po
                                                                        join barang b on pid.kd_brg = b.kd_brg 
                                                                        left join penerimaan_barang pb on pid.kd_brg =pb.kd_brg  and pid.kd_po =pb.kd_po 
                                                                        WHERE pid.no_invoice = '2058'
                                                                        GROUP BY pid.kd_po, pid.kd_brg;
                                                                        
[09:06:42] [INFO]: Query: SELECT no_account, deskripsi FROM account WHERE kd_jenis = '11'
[09:06:46] [INFO]: Aksi payment accessed by user: 
[09:06:46] [INFO]: User Starttttt is authenticated. Processing action for route: payment_add and act: input
[09:06:46] [INFO]: Database connection established and helper functions included.
[09:06:46] [INFO]: Memproses input payment dengan data: {"nomor_invoice":"2058","no_invoice":"PO-4965","kd_po":{"1":"PO-4965","2":"PO-4965","3":"PO-4965","4":"PO-4965","5":"PO-4965","6":"PO-4965"},"nama_supplier":"SINERGI MULTI DISTRINDO","ppn":"0","tanggal_payment":"2026-05-08","metode_payment":"11","akun":"1001001","reff":"","jumlah_payment":"1279296","status_lunas":"LUNAS","id":{"1":"2058","2":"2058","3":"2058","4":"2058","5":"2058","6":"2058"},"kd_brg":{"1":"504738","2":"8992771001442","3":"8992771001459","4":"8992771001466","5":"8992771002487","6":"8992771002494"},"jumlah_datang":{"1":"18","2":"3","3":"3","4":"3","5":"12","6":"12"},"jumlah":{"1":"18","2":"3","3":"3","4":"3","5":"12","6":"12"},"harga":{"1":"12,795","2":"16,950","3":"16,950","4":"16,950","5":"41,847","6":"32,856"},"diskon":{"1":"0","2":"0","3":"0","4":"0","5":"0","6":"0"},"subtotal":{"1":"230,310","2":"50,850","3":"50,850","4":"50,850","5":"502,164","6":"394,272"}}
[09:06:46] [INFO]: Query untuk mencari nomor payment terakhir: SELECT no_payment FROM payment WHERE no_payment LIKE 'PAY-OUT-2605%' ORDER BY no_payment DESC LIMIT 1
[09:06:46] [INFO]: Ditemukan payment sebelumnya di bulan yang sama.
[09:06:46] [INFO]: UPDATE pembelian_invoice SET status_payment = '2' WHERE no_invoice = '2058'
[15:26:23] [INFO]: Aksi payment accessed by user: 
[15:26:23] [INFO]: User Starttttt is authenticated. Processing action for route: payment_based_supplier and act: report
[15:26:23] [INFO]: Database connection established and helper functions included.
[15:26:23] [INFO]: location:../../main.php?route=payment_based_supplier&act=report&filter=supplier&nilai=SUPP-0188
[15:26:29] [INFO]: Memasuki halaman payment_tambah.php
[15:26:29] [INFO]: Query untuk mengambil detail invoice: SELECT pembelian_invoice.* , supplier.nama from pembelian_invoice JOIN supplier ON supplier.kd_supp = pembelian_invoice.kd_supp where no_invoice='16429'
[15:26:29] [INFO]: Query untuk mengambil detail invoice: SELECT * from pembelian_invoice_detail where no_invoice='16429' 
[15:26:29] [INFO]: Query untuk mengambil detail invoice: SELECT pid.*, b.nama, SUM(pd.disc) as tot_disc, p.ppn, pb.jumlah_datang as jumlah_barang_datang, p.tarif_ppn
                                                                        FROM
                                                                        pembelian p 
                                                                        join pembelian_detail pd on p.kd_beli = pd.kd_beli 
                                                                        join pembelian_invoice pi on pi.kd_po = p.kd_po 
                                                                        join pembelian_invoice_detail pid on pid.kd_po = pi.kd_po
                                                                        join barang b on pid.kd_brg = b.kd_brg 
                                                                        left join penerimaan_barang pb on pid.kd_brg =pb.kd_brg  and pid.kd_po =pb.kd_po 
                                                                        WHERE pid.no_invoice = '16429'
                                                                        GROUP BY pid.kd_po, pid.kd_brg;
                                                                        
[15:26:39] [INFO]: Query: SELECT no_account, deskripsi FROM account WHERE kd_jenis = '11'
[15:26:43] [INFO]: Aksi payment accessed by user: 
[15:26:43] [INFO]: User Starttttt is authenticated. Processing action for route: payment_add and act: input
[15:26:43] [INFO]: Database connection established and helper functions included.
[15:26:43] [INFO]: Memproses input payment dengan data: {"nomor_invoice":"16429","no_invoice":"PO-5166","kd_po":{"1":"PO-5166","2":"PO-5166","3":"PO-5166","4":"PO-5166","5":"PO-5166","6":"PO-5166","7":"PO-5166","8":"PO-5166","9":"PO-5166","10":"PO-5166","11":"PO-5166","12":"PO-5166","13":"PO-5166","14":"PO-5166","15":"PO-5166","16":"PO-5166","17":"PO-5166","18":"PO-5166","19":"PO-5166","20":"PO-5166","21":"PO-5166","22":"PO-5166","23":"PO-5166","24":"PO-5166"},"nama_supplier":"SINAR NIAGA SEJAHTERA","ppn":"0","tanggal_payment":"2026-05-09","metode_payment":"11","akun":"1001001","reff":"","jumlah_payment":"2734024","status_lunas":"LUNAS","id":{"1":"16429","2":"16429","3":"16429","4":"16429","5":"16429","6":"16429","7":"16429","8":"16429","9":"16429","10":"16429","11":"16429","12":"16429","13":"16429","14":"16429","15":"16429","16":"16429","17":"16429","18":"16429","19":"16429","20":"16429","21":"16429","22":"16429","23":"16429","24":"16429"},"kd_brg":{"1":"8992775001042","2":"8992775001608","3":"8992775002391","4":"8992775004593","5":"8992775005897","6":"8992775101025","7":"8992775101315","8":"8992775110140","9":"8992775110157","10":"8992775203415","11":"8992775204009","12":"8992775211410","13":"8992775211434","14":"8992775211519","15":"8992775212110","16":"8992775212134","17":"8992775305102","18":"8992775311479","19":"8992775311622","20":"8992775312407","21":"8992775312452","22":"8992775315057","23":"8992775315095","24":"8992775317235"},"jumlah_datang":{"1":"50","2":"24","3":"60","4":"10","5":"96","6":"40","7":"40","8":"20","9":"20","10":"60","11":"10","12":"10","13":"10","14":"66","15":"10","16":"120","17":"30","18":"24","19":"288","20":"288","21":"288","22":"30","23":"30","24":"288"},"jumlah":{"1":"50","2":"24","3":"60","4":"10","5":"96","6":"40","7":"40","8":"20","9":"20","10":"60","11":"10","12":"10","13":"10","14":"66","15":"10","16":"120","17":"30","18":"24","19":"288","20":"288","21":"288","22":"30","23":"30","24":"288"},"harga":{"1":"4,999","2":"860","3":"1,730","4":"4,950","5":"1,599","6":"6,900","7":"850","8":"10,249","9":"4,080","10":"1,650","11":"7,600","12":"4,999","13":"4,999","14":"860","15":"7,820","16":"860","17":"5,899","18":"860","19":"430","20":"430","21":"430","22":"5,899","23":"5,899","24":"430"},"diskon":{"1":"0","2":"0","3":"0","4":"0","5":"0","6":"0","7":"0","8":"0","9":"0","10":"0","11":"0","12":"0","13":"0","14":"0","15":"0","16":"0","17":"0","18":"0","19":"0","20":"0","21":"0","22":"0","23":"0","24":"0"},"subtotal":{"1":"249,950","2":"20,640","3":"103,800","4":"49,500","5":"153,504","6":"276,000","7":"34,000","8":"204,980","9":"81,600","10":"99,000","11":"76,000","12":"49,990","13":"49,990","14":"56,760","15":"78,200","16":"103,200","17":"176,970","18":"20,640","19":"123,840","20":"123,840","21":"123,840","22":"176,970","23":"176,970","24":"123,840"}}
[15:26:43] [INFO]: Query untuk mencari nomor payment terakhir: SELECT no_payment FROM payment WHERE no_payment LIKE 'PAY-OUT-2605%' ORDER BY no_payment DESC LIMIT 1
[15:26:43] [INFO]: Ditemukan payment sebelumnya di bulan yang sama.
[15:26:43] [INFO]: UPDATE pembelian_invoice SET status_payment = '2' WHERE no_invoice = '16429'
[15:26:43] [INFO]: Aksi payment accessed by user: 
[15:26:43] [INFO]: User Starttttt is authenticated. Processing action for route: payment_add and act: input
[15:26:43] [INFO]: Database connection established and helper functions included.
[15:26:43] [INFO]: Memproses input payment dengan data: {"nomor_invoice":"16429","no_invoice":"PO-5166","kd_po":{"1":"PO-5166","2":"PO-5166","3":"PO-5166","4":"PO-5166","5":"PO-5166","6":"PO-5166","7":"PO-5166","8":"PO-5166","9":"PO-5166","10":"PO-5166","11":"PO-5166","12":"PO-5166","13":"PO-5166","14":"PO-5166","15":"PO-5166","16":"PO-5166","17":"PO-5166","18":"PO-5166","19":"PO-5166","20":"PO-5166","21":"PO-5166","22":"PO-5166","23":"PO-5166","24":"PO-5166"},"nama_supplier":"SINAR NIAGA SEJAHTERA","ppn":"0","tanggal_payment":"2026-05-09","metode_payment":"11","akun":"1001001","reff":"","jumlah_payment":"2734024","status_lunas":"LUNAS","id":{"1":"16429","2":"16429","3":"16429","4":"16429","5":"16429","6":"16429","7":"16429","8":"16429","9":"16429","10":"16429","11":"16429","12":"16429","13":"16429","14":"16429","15":"16429","16":"16429","17":"16429","18":"16429","19":"16429","20":"16429","21":"16429","22":"16429","23":"16429","24":"16429"},"kd_brg":{"1":"8992775001042","2":"8992775001608","3":"8992775002391","4":"8992775004593","5":"8992775005897","6":"8992775101025","7":"8992775101315","8":"8992775110140","9":"8992775110157","10":"8992775203415","11":"8992775204009","12":"8992775211410","13":"8992775211434","14":"8992775211519","15":"8992775212110","16":"8992775212134","17":"8992775305102","18":"8992775311479","19":"8992775311622","20":"8992775312407","21":"8992775312452","22":"8992775315057","23":"8992775315095","24":"8992775317235"},"jumlah_datang":{"1":"50","2":"24","3":"60","4":"10","5":"96","6":"40","7":"40","8":"20","9":"20","10":"60","11":"10","12":"10","13":"10","14":"66","15":"10","16":"120","17":"30","18":"24","19":"288","20":"288","21":"288","22":"30","23":"30","24":"288"},"jumlah":{"1":"50","2":"24","3":"60","4":"10","5":"96","6":"40","7":"40","8":"20","9":"20","10":"60","11":"10","12":"10","13":"10","14":"66","15":"10","16":"120","17":"30","18":"24","19":"288","20":"288","21":"288","22":"30","23":"30","24":"288"},"harga":{"1":"4,999","2":"860","3":"1,730","4":"4,950","5":"1,599","6":"6,900","7":"850","8":"10,249","9":"4,080","10":"1,650","11":"7,600","12":"4,999","13":"4,999","14":"860","15":"7,820","16":"860","17":"5,899","18":"860","19":"430","20":"430","21":"430","22":"5,899","23":"5,899","24":"430"},"diskon":{"1":"0","2":"0","3":"0","4":"0","5":"0","6":"0","7":"0","8":"0","9":"0","10":"0","11":"0","12":"0","13":"0","14":"0","15":"0","16":"0","17":"0","18":"0","19":"0","20":"0","21":"0","22":"0","23":"0","24":"0"},"subtotal":{"1":"249,950","2":"20,640","3":"103,800","4":"49,500","5":"153,504","6":"276,000","7":"34,000","8":"204,980","9":"81,600","10":"99,000","11":"76,000","12":"49,990","13":"49,990","14":"56,760","15":"78,200","16":"103,200","17":"176,970","18":"20,640","19":"123,840","20":"123,840","21":"123,840","22":"176,970","23":"176,970","24":"123,840"}}
[15:26:43] [INFO]: Query untuk mencari nomor payment terakhir: SELECT no_payment FROM payment WHERE no_payment LIKE 'PAY-OUT-2605%' ORDER BY no_payment DESC LIMIT 1
[15:26:43] [INFO]: Ditemukan payment sebelumnya di bulan yang sama.
[15:26:43] [INFO]: UPDATE pembelian_invoice SET status_payment = '2' WHERE no_invoice = '16429'
[15:26:56] [INFO]: Aksi payment accessed by user: 
[15:26:56] [INFO]: User Starttttt is authenticated. Processing action for route: payment_based_supplier and act: report
[15:26:56] [INFO]: Database connection established and helper functions included.
[15:26:56] [INFO]: location:../../main.php?route=payment_based_supplier&act=report&filter=supplier&nilai=SUPP-0079
[15:27:02] [INFO]: Memasuki halaman payment_tambah.php
[15:27:02] [INFO]: Query untuk mengambil detail invoice: SELECT pembelian_invoice.* , supplier.nama from pembelian_invoice JOIN supplier ON supplier.kd_supp = pembelian_invoice.kd_supp where no_invoice='765'
[15:27:02] [INFO]: Query untuk mengambil detail invoice: SELECT * from pembelian_invoice_detail where no_invoice='765' 
[15:27:02] [INFO]: Query untuk mengambil detail invoice: SELECT pid.*, b.nama, SUM(pd.disc) as tot_disc, p.ppn, pb.jumlah_datang as jumlah_barang_datang, p.tarif_ppn
                                                                        FROM
                                                                        pembelian p 
                                                                        join pembelian_detail pd on p.kd_beli = pd.kd_beli 
                                                                        join pembelian_invoice pi on pi.kd_po = p.kd_po 
                                                                        join pembelian_invoice_detail pid on pid.kd_po = pi.kd_po
                                                                        join barang b on pid.kd_brg = b.kd_brg 
                                                                        left join penerimaan_barang pb on pid.kd_brg =pb.kd_brg  and pid.kd_po =pb.kd_po 
                                                                        WHERE pid.no_invoice = '765'
                                                                        GROUP BY pid.kd_po, pid.kd_brg;
                                                                        
[15:27:10] [INFO]: Query: SELECT no_account, deskripsi FROM account WHERE kd_jenis = '11'
[15:27:14] [INFO]: Aksi payment accessed by user: 
[15:27:14] [INFO]: User Starttttt is authenticated. Processing action for route: payment_add and act: input
[15:27:14] [INFO]: Database connection established and helper functions included.
[15:27:14] [INFO]: Memproses input payment dengan data: {"nomor_invoice":"765","no_invoice":"PO-5257","kd_po":{"1":"PO-5257","2":"PO-5257","3":"PO-5257","4":"PO-5257","5":"PO-5257"},"nama_supplier":"GONUSA PRIMA","ppn":"0","tanggal_payment":"2026-05-08","metode_payment":"11","akun":"1001001","reff":"","jumlah_payment":"697518","status_lunas":"LUNAS","id":{"1":"765","2":"765","3":"765","4":"765","5":"765"},"kd_brg":{"1":"8991998118315","2":"8997212800387","3":"8997212800400","4":"8997212800660","5":"8997212801322"},"jumlah_datang":{"1":"360","2":"12","3":"6","4":"6","5":"12"},"jumlah":{"1":"360","2":"12","3":"6","4":"6","5":"12"},"harga":{"1":"1,382","2":"6,250","3":"6,250","4":"6,251","5":"4,166"},"diskon":{"1":"0","2":"0","3":"0","4":"0","5":"0"},"subtotal":{"1":"497,520","2":"75,000","3":"37,500","4":"37,506","5":"49,992"}}
[15:27:14] [INFO]: Query untuk mencari nomor payment terakhir: SELECT no_payment FROM payment WHERE no_payment LIKE 'PAY-OUT-2605%' ORDER BY no_payment DESC LIMIT 1
[15:27:14] [INFO]: Ditemukan payment sebelumnya di bulan yang sama.
[15:27:14] [INFO]: UPDATE pembelian_invoice SET status_payment = '2' WHERE no_invoice = '765'
[15:27:28] [INFO]: Aksi payment accessed by user: 
[15:27:28] [INFO]: User Starttttt is authenticated. Processing action for route: payment_based_supplier and act: report
[15:27:28] [INFO]: Database connection established and helper functions included.
[15:27:28] [INFO]: location:../../main.php?route=payment_based_supplier&act=report&filter=supplier&nilai=SUPP-0058
[15:27:30] [INFO]: Memasuki halaman payment_tambah.php
[15:27:30] [INFO]: Query untuk mengambil detail invoice: SELECT pembelian_invoice.* , supplier.nama from pembelian_invoice JOIN supplier ON supplier.kd_supp = pembelian_invoice.kd_supp where no_invoice='8325'
[15:27:30] [INFO]: Query untuk mengambil detail invoice: SELECT * from pembelian_invoice_detail where no_invoice='8325' 
[15:27:30] [INFO]: Query untuk mengambil detail invoice: SELECT pid.*, b.nama, SUM(pd.disc) as tot_disc, p.ppn, pb.jumlah_datang as jumlah_barang_datang, p.tarif_ppn
                                                                        FROM
                                                                        pembelian p 
                                                                        join pembelian_detail pd on p.kd_beli = pd.kd_beli 
                                                                        join pembelian_invoice pi on pi.kd_po = p.kd_po 
                                                                        join pembelian_invoice_detail pid on pid.kd_po = pi.kd_po
                                                                        join barang b on pid.kd_brg = b.kd_brg 
                                                                        left join penerimaan_barang pb on pid.kd_brg =pb.kd_brg  and pid.kd_po =pb.kd_po 
                                                                        WHERE pid.no_invoice = '8325'
                                                                        GROUP BY pid.kd_po, pid.kd_brg;
                                                                        
[15:27:34] [INFO]: Query: SELECT no_account, deskripsi FROM account WHERE kd_jenis = '11'
[15:27:38] [INFO]: Aksi payment accessed by user: 
[15:27:38] [INFO]: User Starttttt is authenticated. Processing action for route: payment_add and act: input
[15:27:38] [INFO]: Database connection established and helper functions included.
[15:27:38] [INFO]: Memproses input payment dengan data: {"nomor_invoice":"8325","no_invoice":"PO-5260","kd_po":{"1":"PO-5260","2":"PO-5260","3":"PO-5260","4":"PO-5260","5":"PO-5260","6":"PO-5260"},"nama_supplier":"DJARUM","ppn":"0","tanggal_payment":"2026-05-06","metode_payment":"11","akun":"1001001","reff":"","jumlah_payment":"2006500","status_lunas":"LUNAS","id":{"1":"8325","2":"8325","3":"8325","4":"8325","5":"8325","6":"8325"},"kd_brg":{"1":"8991906101019","2":"8991906101644","3":"8991906101811","4":"8991906105758","5":"8991906106205","6":"8991906106250"},"jumlah_datang":{"1":"20","2":"50","3":"10","4":"10","5":"5","6":"10"},"jumlah":{"1":"20","2":"50","3":"10","4":"10","5":"5","6":"10"},"harga":{"1":"22,800","2":"16,300","3":"14,500","4":"37,300","5":"16,300","6":"13,600"},"diskon":{"1":"0","2":"0","3":"0","4":"0","5":"0","6":"0"},"subtotal":{"1":"456,000","2":"815,000","3":"145,000","4":"373,000","5":"81,500","6":"136,000"}}
[15:27:38] [INFO]: Query untuk mencari nomor payment terakhir: SELECT no_payment FROM payment WHERE no_payment LIKE 'PAY-OUT-2605%' ORDER BY no_payment DESC LIMIT 1
[15:27:38] [INFO]: Ditemukan payment sebelumnya di bulan yang sama.
[15:27:38] [INFO]: UPDATE pembelian_invoice SET status_payment = '2' WHERE no_invoice = '8325'
[15:27:51] [INFO]: Aksi payment accessed by user: 
[15:27:51] [INFO]: User Starttttt is authenticated. Processing action for route: payment_based_supplier and act: report
[15:27:51] [INFO]: Database connection established and helper functions included.
[15:27:51] [INFO]: location:../../main.php?route=payment_based_supplier&act=report&filter=supplier&nilai=SUPP-0133
[15:27:57] [INFO]: Memasuki halaman payment_tambah.php
[15:27:57] [INFO]: Query untuk mengambil detail invoice: SELECT pembelian_invoice.* , supplier.nama from pembelian_invoice JOIN supplier ON supplier.kd_supp = pembelian_invoice.kd_supp where no_invoice='505013'
[15:27:57] [INFO]: Query untuk mengambil detail invoice: SELECT * from pembelian_invoice_detail where no_invoice='505013' 
[15:27:57] [INFO]: Query untuk mengambil detail invoice: SELECT pid.*, b.nama, SUM(pd.disc) as tot_disc, p.ppn, pb.jumlah_datang as jumlah_barang_datang, p.tarif_ppn
                                                                        FROM
                                                                        pembelian p 
                                                                        join pembelian_detail pd on p.kd_beli = pd.kd_beli 
                                                                        join pembelian_invoice pi on pi.kd_po = p.kd_po 
                                                                        join pembelian_invoice_detail pid on pid.kd_po = pi.kd_po
                                                                        join barang b on pid.kd_brg = b.kd_brg 
                                                                        left join penerimaan_barang pb on pid.kd_brg =pb.kd_brg  and pid.kd_po =pb.kd_po 
                                                                        WHERE pid.no_invoice = '505013'
                                                                        GROUP BY pid.kd_po, pid.kd_brg;
                                                                        
[15:28:00] [INFO]: Query: SELECT no_account, deskripsi FROM account WHERE kd_jenis = '11'
[15:29:02] [INFO]: Memasuki halaman payment_tambah.php
[15:29:02] [INFO]: Query untuk mengambil detail invoice: SELECT pembelian_invoice.* , supplier.nama from pembelian_invoice JOIN supplier ON supplier.kd_supp = pembelian_invoice.kd_supp where no_invoice='505013'
[15:29:02] [INFO]: Query untuk mengambil detail invoice: SELECT * from pembelian_invoice_detail where no_invoice='505013' 
[15:29:02] [INFO]: Query untuk mengambil detail invoice: SELECT pid.*, b.nama, SUM(pd.disc) as tot_disc, p.ppn, pb.jumlah_datang as jumlah_barang_datang, p.tarif_ppn
                                                                        FROM
                                                                        pembelian p 
                                                                        join pembelian_detail pd on p.kd_beli = pd.kd_beli 
                                                                        join pembelian_invoice pi on pi.kd_po = p.kd_po 
                                                                        join pembelian_invoice_detail pid on pid.kd_po = pi.kd_po
                                                                        join barang b on pid.kd_brg = b.kd_brg 
                                                                        left join penerimaan_barang pb on pid.kd_brg =pb.kd_brg  and pid.kd_po =pb.kd_po 
                                                                        WHERE pid.no_invoice = '505013'
                                                                        GROUP BY pid.kd_po, pid.kd_brg;
                                                                        
[15:29:06] [INFO]: Query: SELECT no_account, deskripsi FROM account WHERE kd_jenis = '11'
[15:29:14] [INFO]: Aksi payment accessed by user: 
[15:29:14] [INFO]: User Starttttt is authenticated. Processing action for route: payment_add and act: input
[15:29:14] [INFO]: Database connection established and helper functions included.
[15:29:14] [INFO]: Memproses input payment dengan data: {"nomor_invoice":"505013","no_invoice":"PO-5259","kd_po":{"1":"PO-5259","2":"PO-5259"},"nama_supplier":"MNJ KONIMEX","ppn":"0","tanggal_payment":"2026-05-08","metode_payment":"11","akun":"1001001","reff":"","jumlah_payment":"3060720","status_lunas":"LUNAS","id":{"1":"505013","2":"505013"},"kd_brg":{"1":"8852008510072","2":"8852008510522"},"jumlah_datang":{"1":"144","2":"1728"},"jumlah":{"1":"144","2":"1728"},"harga":{"1":"1,635","2":"1,635"},"diskon":{"1":"0","2":"0"},"subtotal":{"1":"235,440","2":"2,825,280"}}
[15:29:14] [INFO]: Query untuk mencari nomor payment terakhir: SELECT no_payment FROM payment WHERE no_payment LIKE 'PAY-OUT-2605%' ORDER BY no_payment DESC LIMIT 1
[15:29:14] [INFO]: Ditemukan payment sebelumnya di bulan yang sama.
[15:29:14] [INFO]: UPDATE pembelian_invoice SET status_payment = '2' WHERE no_invoice = '505013'
[15:29:41] [INFO]: Aksi payment accessed by user: 
[15:29:41] [INFO]: User Starttttt is authenticated. Processing action for route: payment_based_supplier and act: report
[15:29:41] [INFO]: Database connection established and helper functions included.
[15:29:41] [INFO]: location:../../main.php?route=payment_based_supplier&act=report&filter=supplier&nilai=SUPP-0187
[15:29:43] [INFO]: Memasuki halaman payment_tambah.php
[15:29:43] [INFO]: Query untuk mengambil detail invoice: SELECT pembelian_invoice.* , supplier.nama from pembelian_invoice JOIN supplier ON supplier.kd_supp = pembelian_invoice.kd_supp where no_invoice='1008'
[15:29:43] [INFO]: Query untuk mengambil detail invoice: SELECT * from pembelian_invoice_detail where no_invoice='1008' 
[15:29:43] [INFO]: Query untuk mengambil detail invoice: SELECT pid.*, b.nama, SUM(pd.disc) as tot_disc, p.ppn, pb.jumlah_datang as jumlah_barang_datang, p.tarif_ppn
                                                                        FROM
                                                                        pembelian p 
                                                                        join pembelian_detail pd on p.kd_beli = pd.kd_beli 
                                                                        join pembelian_invoice pi on pi.kd_po = p.kd_po 
                                                                        join pembelian_invoice_detail pid on pid.kd_po = pi.kd_po
                                                                        join barang b on pid.kd_brg = b.kd_brg 
                                                                        left join penerimaan_barang pb on pid.kd_brg =pb.kd_brg  and pid.kd_po =pb.kd_po 
                                                                        WHERE pid.no_invoice = '1008'
                                                                        GROUP BY pid.kd_po, pid.kd_brg;
                                                                        
[15:29:46] [INFO]: Query: SELECT no_account, deskripsi FROM account WHERE kd_jenis = '11'
[15:29:50] [INFO]: Aksi payment accessed by user: 
[15:29:50] [INFO]: User Starttttt is authenticated. Processing action for route: payment_add and act: input
[15:29:50] [INFO]: Database connection established and helper functions included.
[15:29:50] [INFO]: Memproses input payment dengan data: {"nomor_invoice":"1008","no_invoice":"PO-5258","kd_po":{"1":"PO-5258","2":"PO-5258","3":"PO-5258","4":"PO-5258"},"nama_supplier":"SHARON BAKERY","ppn":"0","tanggal_payment":"2026-05-08","metode_payment":"11","akun":"1001001","reff":"","jumlah_payment":"344550","status_lunas":"LUNAS","id":{"1":"1008","2":"1008","3":"1008","4":"1008"},"kd_brg":{"1":"8993481101231","2":"8993481210421","3":"8993481213835","4":"8993481260112"},"jumlah_datang":{"1":"5","2":"7","3":"9","4":"6"},"jumlah":{"1":"5","2":"7","3":"9","4":"6"},"harga":{"1":"13,600","2":"13,600","3":"10,800","4":"14,025"},"diskon":{"1":"0","2":"0","3":"0","4":"0"},"subtotal":{"1":"68,000","2":"95,200","3":"97,200","4":"84,150"}}
[15:29:50] [INFO]: Query untuk mencari nomor payment terakhir: SELECT no_payment FROM payment WHERE no_payment LIKE 'PAY-OUT-2605%' ORDER BY no_payment DESC LIMIT 1
[15:29:50] [INFO]: Ditemukan payment sebelumnya di bulan yang sama.
[15:29:50] [INFO]: UPDATE pembelian_invoice SET status_payment = '2' WHERE no_invoice = '1008'
[15:30:02] [INFO]: Aksi payment accessed by user: 
[15:30:02] [INFO]: User Starttttt is authenticated. Processing action for route: payment_based_supplier and act: report
[15:30:02] [INFO]: Database connection established and helper functions included.
[15:30:02] [INFO]: location:../../main.php?route=payment_based_supplier&act=report&filter=supplier&nilai=SUPP-0234
[15:30:07] [INFO]: Memasuki halaman payment_tambah.php
[15:30:07] [INFO]: Query untuk mengambil detail invoice: SELECT pembelian_invoice.* , supplier.nama from pembelian_invoice JOIN supplier ON supplier.kd_supp = pembelian_invoice.kd_supp where no_invoice='2432'
[15:30:07] [INFO]: Query untuk mengambil detail invoice: SELECT * from pembelian_invoice_detail where no_invoice='2432' 
[15:30:07] [INFO]: Query untuk mengambil detail invoice: SELECT pid.*, b.nama, SUM(pd.disc) as tot_disc, p.ppn, pb.jumlah_datang as jumlah_barang_datang, p.tarif_ppn
                                                                        FROM
                                                                        pembelian p 
                                                                        join pembelian_detail pd on p.kd_beli = pd.kd_beli 
                                                                        join pembelian_invoice pi on pi.kd_po = p.kd_po 
                                                                        join pembelian_invoice_detail pid on pid.kd_po = pi.kd_po
                                                                        join barang b on pid.kd_brg = b.kd_brg 
                                                                        left join penerimaan_barang pb on pid.kd_brg =pb.kd_brg  and pid.kd_po =pb.kd_po 
                                                                        WHERE pid.no_invoice = '2432'
                                                                        GROUP BY pid.kd_po, pid.kd_brg;
                                                                        
[15:30:12] [INFO]: Query: SELECT no_account, deskripsi FROM account WHERE kd_jenis = '11'
[15:30:16] [INFO]: Aksi payment accessed by user: 
[15:30:16] [INFO]: User Starttttt is authenticated. Processing action for route: payment_add and act: input
[15:30:16] [INFO]: Database connection established and helper functions included.
[15:30:16] [INFO]: Memproses input payment dengan data: {"nomor_invoice":"2432","no_invoice":"PO-5261","kd_po":{"1":"PO-5261","2":"PO-5261","3":"PO-5261","4":"PO-5261","5":"PO-5261","6":"PO-5261","7":"PO-5261"},"nama_supplier":"TRIYANTO SUKSES MANDIRI","ppn":"0","tanggal_payment":"2026-05-08","metode_payment":"11","akun":"1001001","reff":"","jumlah_payment":"843948","status_lunas":"LUNAS","id":{"1":"2432","2":"2432","3":"2432","4":"2432","5":"2432","6":"2432","7":"2432"},"kd_brg":{"1":"8993200000005","2":"8993200000036","3":"8993200345717","4":"8993200346318","5":"8993200348312","6":"8993200668243","7":"8993200668984"},"jumlah_datang":{"1":"12","2":"12","3":"24","4":"24","5":"24","6":"12","7":"12"},"jumlah":{"1":"12","2":"12","3":"24","4":"24","5":"24","6":"12","7":"12"},"harga":{"1":"7,033","2":"7,032","3":"7,033","4":"7,033","5":"7,033","6":"7,033","7":"7,033"},"diskon":{"1":"0","2":"0","3":"0","4":"0","5":"0","6":"0","7":"0"},"subtotal":{"1":"84,396","2":"84,384","3":"168,792","4":"168,792","5":"168,792","6":"84,396","7":"84,396"}}
[15:30:16] [INFO]: Query untuk mencari nomor payment terakhir: SELECT no_payment FROM payment WHERE no_payment LIKE 'PAY-OUT-2605%' ORDER BY no_payment DESC LIMIT 1
[15:30:16] [INFO]: Ditemukan payment sebelumnya di bulan yang sama.
[15:30:16] [INFO]: UPDATE pembelian_invoice SET status_payment = '2' WHERE no_invoice = '2432'
