[14:22:56] [INFO]: Aksi payment accessed by user: 
[14:22:56] [INFO]: User Starttttt is authenticated. Processing action for route: payment_based_supplier and act: report
[14:22:56] [INFO]: Database connection established and helper functions included.
[14:22:56] [INFO]: location:../../main.php?route=payment_based_supplier&act=report&filter=supplier&nilai=SUPP-0152
[14:22:58] [INFO]: Memasuki halaman payment_tambah.php
[14:22:58] [INFO]: Query untuk mengambil detail invoice: SELECT pembelian_invoice.* , supplier.nama from pembelian_invoice JOIN supplier ON supplier.kd_supp = pembelian_invoice.kd_supp where no_invoice='33654'
[14:22:58] [INFO]: Query untuk mengambil detail invoice: SELECT * from pembelian_invoice_detail where no_invoice='33654' 
[14:22:58] [INFO]: Query untuk mengambil detail invoice: SELECT pid.*, b.nama, SUM(pd.disc) as tot_disc, p.ppn, pb.jumlah_datang as jumlah_barang_datang, p.tarif_ppn
                                                                        FROM
                                                                        pembelian p 
                                                                        join pembelian_detail pd on p.kd_beli = pd.kd_beli 
                                                                        join pembelian_invoice pi on pi.kd_po = p.kd_po 
                                                                        join pembelian_invoice_detail pid on pid.kd_po = pi.kd_po
                                                                        join barang b on pid.kd_brg = b.kd_brg 
                                                                        left join penerimaan_barang pb on pid.kd_brg =pb.kd_brg  and pid.kd_po =pb.kd_po 
                                                                        WHERE pid.no_invoice = '33654'
                                                                        GROUP BY pid.kd_po, pid.kd_brg;
                                                                        
[14:23:03] [INFO]: Query: SELECT no_account, deskripsi FROM account WHERE kd_jenis = '11'
[14:23:16] [INFO]: Aksi payment accessed by user: 
[14:23:16] [INFO]: User Starttttt is authenticated. Processing action for route: payment_add and act: input
[14:23:16] [INFO]: Database connection established and helper functions included.
[14:23:16] [INFO]: Memproses input payment dengan data: {"nomor_invoice":"33654","no_invoice":"PO-5342","kd_po":{"1":"PO-5342","2":"PO-5342","3":"PO-5342","4":"PO-5342","5":"PO-5342","6":"PO-5342","7":"PO-5342","8":"PO-5342","9":"PO-5342","10":"PO-5342","11":"PO-5342","12":"PO-5342","13":"PO-5342","14":"PO-5342","15":"PO-5342","16":"PO-5342","17":"PO-5342","18":"PO-5342","19":"PO-5342","20":"PO-5342","21":"PO-5342","22":"PO-5342","23":"PO-5342","24":"PO-5342"},"nama_supplier":"PANTI KOSMETIKA VIVA","ppn":"0","tanggal_payment":"2026-05-19","metode_payment":"11","akun":"1001001","reff":"","jumlah_payment":"1430877","status_lunas":"LUNAS","id":{"1":"33654","2":"33654","3":"33654","4":"33654","5":"33654","6":"33654","7":"33654","8":"33654","9":"33654","10":"33654","11":"33654","12":"33654","13":"33654","14":"33654","15":"33654","16":"33654","17":"33654","18":"33654","19":"33654","20":"33654","21":"33654","22":"33654","23":"33654","24":"33654"},"kd_brg":{"1":"8992796011136","2":"8992796011242","3":"8992796011341","4":"8992796011501","5":"8992796011518","6":"8992796011914","7":"8992796033435","8":"8992796033442","9":"8992796034494","10":"8992796056021","11":"8992796056045","12":"8992796056069","13":"8992796056076","14":"8992796056090","15":"8992796056205","16":"8992796056236","17":"8992796056281","18":"8992796068109","19":"8992796068420","20":"8992796122528","21":"8992796157315","22":"8992796168632","23":"8992796250023","24":"8992796250030"},"jumlah_datang":{"1":"24","2":"6","3":"12","4":"36","5":"6","6":"3","7":"12","8":"24","9":"6","10":"1","11":"2","12":"1","13":"2","14":"1","15":"1","16":"2","17":"1","18":"12","19":"6","20":"3","21":"6","22":"6","23":"3","24":"3"},"jumlah":{"1":"24","2":"6","3":"12","4":"36","5":"6","6":"3","7":"12","8":"24","9":"6","10":"1","11":"2","12":"1","13":"2","14":"1","15":"1","16":"2","17":"1","18":"12","19":"6","20":"3","21":"6","22":"6","23":"3","24":"3"},"harga":{"1":"6,520","2":"11,041","3":"6,199","4":"5,099","5":"8,520","6":"16,833","7":"1,791","8":"1,791","9":"11,858","10":"13,470","11":"13,390","12":"13,390","13":"13,390","14":"13,390","15":"13,390","16":"13,390","17":"13,470","18":"5,650","19":"16,520","20":"15,390","21":"30,430","22":"17,333","23":"10,973","24":"10,973"},"diskon":{"1":"0","2":"0","3":"0","4":"0","5":"0","6":"0","7":"0","8":"0","9":"0","10":"0","11":"0","12":"0","13":"0","14":"0","15":"0","16":"0","17":"0","18":"0","19":"0","20":"0","21":"0","22":"0","23":"0","24":"0"},"subtotal":{"1":"156,480","2":"66,246","3":"74,388","4":"183,564","5":"51,120","6":"50,499","7":"21,492","8":"42,984","9":"71,148","10":"13,470","11":"26,780","12":"13,390","13":"26,780","14":"13,390","15":"13,390","16":"26,780","17":"13,470","18":"67,800","19":"99,120","20":"46,170","21":"182,580","22":"103,998","23":"32,919","24":"32,919"}}
[14:23:16] [INFO]: Query untuk mencari nomor payment terakhir: SELECT no_payment FROM payment WHERE no_payment LIKE 'PAY-OUT-2605%' ORDER BY no_payment DESC LIMIT 1
[14:23:16] [INFO]: Ditemukan payment sebelumnya di bulan yang sama.
[14:23:16] [INFO]: UPDATE pembelian_invoice SET status_payment = '2' WHERE no_invoice = '33654'
[14:23:18] [INFO]: Memasuki halaman payment_tambah.php
[14:23:18] [INFO]: Query untuk mengambil detail invoice: SELECT pembelian_invoice.* , supplier.nama from pembelian_invoice JOIN supplier ON supplier.kd_supp = pembelian_invoice.kd_supp where no_invoice='33661'
[14:23:18] [INFO]: Query untuk mengambil detail invoice: SELECT * from pembelian_invoice_detail where no_invoice='33661' 
[14:23:18] [INFO]: Query untuk mengambil detail invoice: SELECT pid.*, b.nama, SUM(pd.disc) as tot_disc, p.ppn, pb.jumlah_datang as jumlah_barang_datang, p.tarif_ppn
                                                                        FROM
                                                                        pembelian p 
                                                                        join pembelian_detail pd on p.kd_beli = pd.kd_beli 
                                                                        join pembelian_invoice pi on pi.kd_po = p.kd_po 
                                                                        join pembelian_invoice_detail pid on pid.kd_po = pi.kd_po
                                                                        join barang b on pid.kd_brg = b.kd_brg 
                                                                        left join penerimaan_barang pb on pid.kd_brg =pb.kd_brg  and pid.kd_po =pb.kd_po 
                                                                        WHERE pid.no_invoice = '33661'
                                                                        GROUP BY pid.kd_po, pid.kd_brg;
                                                                        
[14:23:27] [INFO]: Query: SELECT no_account, deskripsi FROM account WHERE kd_jenis = '11'
[14:23:34] [INFO]: Aksi payment accessed by user: 
[14:23:34] [INFO]: User Starttttt is authenticated. Processing action for route: payment_add and act: input
[14:23:34] [INFO]: Database connection established and helper functions included.
[14:23:34] [INFO]: Memproses input payment dengan data: {"nomor_invoice":"33661","no_invoice":"PO-5341","kd_po":{"1":"PO-5341","2":"PO-5341","3":"PO-5341","4":"PO-5341","5":"PO-5341","6":"PO-5341"},"nama_supplier":"PANTI KOSMETIKA VIVA","ppn":"0","tanggal_payment":"2026-05-19","metode_payment":"11","akun":"1001001","reff":"","jumlah_payment":"729936","status_lunas":"LUNAS","id":{"1":"33661","2":"33661","3":"33661","4":"33661","5":"33661","6":"33661"},"kd_brg":{"1":"8993523101021","2":"8993523101199","3":"8993523101212","4":"8993523101304","5":"8993523101786","6":"8993523101809"},"jumlah_datang":{"1":"12","2":"12","3":"12","4":"12","5":"12","6":"12"},"jumlah":{"1":"12","2":"12","3":"12","4":"12","5":"12","6":"12"},"harga":{"1":"9,102","2":"11,211","3":"10,545","4":"9,102","5":"10,434","6":"10,434"},"diskon":{"1":"0","2":"0","3":"0","4":"0","5":"0","6":"0"},"subtotal":{"1":"109,224","2":"134,532","3":"126,540","4":"109,224","5":"125,208","6":"125,208"}}
[14:23:34] [INFO]: Query untuk mencari nomor payment terakhir: SELECT no_payment FROM payment WHERE no_payment LIKE 'PAY-OUT-2605%' ORDER BY no_payment DESC LIMIT 1
[14:23:34] [INFO]: Ditemukan payment sebelumnya di bulan yang sama.
[14:23:34] [INFO]: UPDATE pembelian_invoice SET status_payment = '2' WHERE no_invoice = '33661'
[14:24:15] [INFO]: Aksi payment accessed by user: 
[14:24:15] [INFO]: User Starttttt is authenticated. Processing action for route: payment_based_supplier and act: report
[14:24:15] [INFO]: Database connection established and helper functions included.
[14:24:15] [INFO]: location:../../main.php?route=payment_based_supplier&act=report&filter=supplier&nilai=SUPP-0034
[14:24:23] [INFO]: Memasuki halaman payment_tambah.php
[14:24:23] [INFO]: Query untuk mengambil detail invoice: SELECT pembelian_invoice.* , supplier.nama from pembelian_invoice JOIN supplier ON supplier.kd_supp = pembelian_invoice.kd_supp where no_invoice='6935'
[14:24:23] [INFO]: Query untuk mengambil detail invoice: SELECT * from pembelian_invoice_detail where no_invoice='6935' 
[14:24:23] [INFO]: Query untuk mengambil detail invoice: SELECT pid.*, b.nama, SUM(pd.disc) as tot_disc, p.ppn, pb.jumlah_datang as jumlah_barang_datang, p.tarif_ppn
                                                                        FROM
                                                                        pembelian p 
                                                                        join pembelian_detail pd on p.kd_beli = pd.kd_beli 
                                                                        join pembelian_invoice pi on pi.kd_po = p.kd_po 
                                                                        join pembelian_invoice_detail pid on pid.kd_po = pi.kd_po
                                                                        join barang b on pid.kd_brg = b.kd_brg 
                                                                        left join penerimaan_barang pb on pid.kd_brg =pb.kd_brg  and pid.kd_po =pb.kd_po 
                                                                        WHERE pid.no_invoice = '6935'
                                                                        GROUP BY pid.kd_po, pid.kd_brg;
                                                                        
[14:24:29] [INFO]: Query: SELECT no_account, deskripsi FROM account WHERE kd_jenis = '11'
[14:24:34] [INFO]: Aksi payment accessed by user: 
[14:24:34] [INFO]: User Starttttt is authenticated. Processing action for route: payment_add and act: input
[14:24:34] [INFO]: Database connection established and helper functions included.
[14:24:34] [INFO]: Memproses input payment dengan data: {"nomor_invoice":"6935","no_invoice":"PO-5343","kd_po":{"1":"PO-5343","2":"PO-5343","3":"PO-5343","4":"PO-5343","5":"PO-5343","6":"PO-5343","7":"PO-5343","8":"PO-5343","9":"PO-5343","10":"PO-5343","11":"PO-5343","12":"PO-5343","13":"PO-5343","14":"PO-5343","15":"PO-5343","16":"PO-5343","17":"PO-5343","18":"PO-5343","19":"PO-5343","20":"PO-5343","21":"PO-5343","22":"PO-5343","23":"PO-5343"},"nama_supplier":"BORWITA CITRA","ppn":"0","tanggal_payment":"2026-05-19","metode_payment":"11","akun":"1001001","reff":"","jumlah_payment":"1574520","status_lunas":"LUNAS","id":{"1":"6935","2":"6935","3":"6935","4":"6935","5":"6935","6":"6935","7":"6935","8":"6935","9":"6935","10":"6935","11":"6935","12":"6935","13":"6935","14":"6935","15":"6935","16":"6935","17":"6935","18":"6935","19":"6935","20":"6935","21":"6935","22":"6935","23":"6935"},"kd_brg":{"1":"3014260786847","2":"3014260821852","3":"4902430102247","4":"4902430297219","5":"4902430400886","6":"4902430400947","7":"4902430401142","8":"4902430401173","9":"4902430553636","10":"4902430563864","11":"4902430563888","12":"4902430563901","13":"4902430566858","14":"4902430566889","15":"4902430566896","16":"4902430566988","17":"4902430697965","18":"4902430759229","19":"4987176092267","20":"4987176095770","21":"4987176133885","22":"4987176274007","23":"8888826016564"},"jumlah_datang":{"1":"12","2":"6","3":"3","4":"72","5":"3","6":"3","7":"3","8":"3","9":"3","10":"20","11":"72","12":"72","13":"72","14":"12","15":"24","16":"72","17":"72","18":"24","19":"6","20":"6","21":"72","22":"72","23":"6"},"jumlah":{"1":"12","2":"6","3":"3","4":"72","5":"3","6":"3","7":"3","8":"3","9":"3","10":"20","11":"72","12":"72","13":"72","14":"12","15":"24","16":"72","17":"72","18":"24","19":"6","20":"6","21":"72","22":"72","23":"6"},"harga":{"1":"3,803","2":"10,307","3":"32,574","4":"796","5":"28,513","6":"28,513","7":"15,291","8":"15,291","9":"32,574","10":"4,656","11":"796","12":"796","13":"796","14":"4,656","15":"4,656","16":"796","17":"794","18":"4,780","19":"9,718","20":"13,519","21":"796","22":"796","23":"5,924"},"diskon":{"1":"0","2":"0","3":"0","4":"0","5":"0","6":"0","7":"0","8":"0","9":"0","10":"0","11":"0","12":"0","13":"0","14":"0","15":"0","16":"0","17":"0","18":"0","19":"0","20":"0","21":"0","22":"0","23":"0"},"subtotal":{"1":"45,636","2":"61,842","3":"97,722","4":"57,312","5":"85,539","6":"85,539","7":"45,873","8":"45,873","9":"97,722","10":"93,120","11":"57,312","12":"57,312","13":"57,312","14":"55,872","15":"111,744","16":"57,312","17":"57,168","18":"114,720","19":"58,308","20":"81,114","21":"57,312","22":"57,312","23":"35,544"}}
[14:24:34] [INFO]: Query untuk mencari nomor payment terakhir: SELECT no_payment FROM payment WHERE no_payment LIKE 'PAY-OUT-2605%' ORDER BY no_payment DESC LIMIT 1
[14:24:34] [INFO]: Ditemukan payment sebelumnya di bulan yang sama.
[14:24:34] [INFO]: UPDATE pembelian_invoice SET status_payment = '2' WHERE no_invoice = '6935'
