[11:20:21] [INFO]: Aksi payment accessed by user: 
[11:20:21] [INFO]: User Starttttt is authenticated. Processing action for route: payment_based_supplier and act: report
[11:20:21] [INFO]: Database connection established and helper functions included.
[11:20:21] [INFO]: location:../../main.php?route=payment_based_supplier&act=report&filter=supplier&nilai=SUPP-0141
[11:20:26] [INFO]: Memasuki halaman payment_tambah.php
[11:20:26] [INFO]: Query untuk mengambil detail invoice: SELECT pembelian_invoice.* , supplier.nama from pembelian_invoice JOIN supplier ON supplier.kd_supp = pembelian_invoice.kd_supp where no_invoice='4421'
[11:20:26] [INFO]: Query untuk mengambil detail invoice: SELECT * from pembelian_invoice_detail where no_invoice='4421' 
[11:20:26] [INFO]: Query untuk mengambil detail invoice: SELECT pid.*, b.nama, SUM(pd.disc) as tot_disc, p.ppn, pb.jumlah_datang as jumlah_barang_datang, p.tarif_ppn
                                                                        FROM
                                                                        pembelian p 
                                                                        join pembelian_detail pd on p.kd_beli = pd.kd_beli 
                                                                        join pembelian_invoice pi on pi.kd_po = p.kd_po 
                                                                        join pembelian_invoice_detail pid on pid.kd_po = pi.kd_po
                                                                        join barang b on pid.kd_brg = b.kd_brg 
                                                                        left join penerimaan_barang pb on pid.kd_brg =pb.kd_brg  and pid.kd_po =pb.kd_po 
                                                                        WHERE pid.no_invoice = '4421'
                                                                        GROUP BY pid.kd_po, pid.kd_brg;
                                                                        
[11:20:32] [INFO]: Query: SELECT no_account, deskripsi FROM account WHERE kd_jenis = '11'
[11:20:36] [INFO]: Aksi payment accessed by user: 
[11:20:36] [INFO]: User Starttttt is authenticated. Processing action for route: payment_add and act: input
[11:20:36] [INFO]: Database connection established and helper functions included.
[11:20:36] [INFO]: Memproses input payment dengan data: {"nomor_invoice":"4421","no_invoice":"PO-5530","kd_po":{"1":"PO-5530","2":"PO-5530","3":"PO-5530","4":"PO-5530","5":"PO-5530","6":"PO-5530","7":"PO-5530","8":"PO-5530","9":"PO-5530","10":"PO-5530","11":"PO-5530","12":"PO-5530","13":"PO-5530"},"nama_supplier":"NANAS","ppn":"0","tanggal_payment":"2026-06-15","metode_payment":"11","akun":"1001001","reff":"","jumlah_payment":"924296","status_lunas":"LUNAS","id":{"1":"4421","2":"4421","3":"4421","4":"4421","5":"4421","6":"4421","7":"4421","8":"4421","9":"4421","10":"4421","11":"4421","12":"4421","13":"4421"},"kd_brg":{"1":"8990090120011","2":"8991977110019","3":"8991977110026","4":"8992759170580","5":"8992803661682","6":"8992856892613","7":"8992856892651","8":"8992856908734","9":"8993014615068","10":"8994324300736","11":"8995102000480","12":"8996200900092","13":"8997028301269"},"jumlah_datang":{"1":"3","2":"12","3":"12","4":"48","5":"12","6":"3","7":"3","8":"2","9":"10","10":"12","11":"12","12":"6","13":"3"},"jumlah":{"1":"3","2":"12","3":"12","4":"48","5":"12","6":"3","7":"3","8":"2","9":"10","10":"12","11":"12","12":"6","13":"3"},"harga":{"1":"16,500","2":"1,875","3":"2,625","4":"7,500","5":"6,950","6":"10,000","7":"10,000","8":"21,450","9":"950","10":"5,416","11":"5,417","12":"14,000","13":"17,000"},"diskon":{"1":"0","2":"0","3":"0","4":"0","5":"0","6":"0","7":"0","8":"0","9":"0","10":"0","11":"0","12":"0","13":"0"},"subtotal":{"1":"49,500","2":"22,500","3":"31,500","4":"360,000","5":"83,400","6":"30,000","7":"30,000","8":"42,900","9":"9,500","10":"64,992","11":"65,004","12":"84,000","13":"51,000"}}
[11:20:36] [INFO]: Query untuk mencari nomor payment terakhir: SELECT no_payment FROM payment WHERE no_payment LIKE 'PAY-OUT-2606%' ORDER BY no_payment DESC LIMIT 1
[11:20:36] [INFO]: Ditemukan payment sebelumnya di bulan yang sama.
[11:20:36] [INFO]: UPDATE pembelian_invoice SET status_payment = '2' WHERE no_invoice = '4421'
[11:20:40] [INFO]: Memasuki halaman payment_tambah.php
[11:20:40] [INFO]: Query untuk mengambil detail invoice: SELECT pembelian_invoice.* , supplier.nama from pembelian_invoice JOIN supplier ON supplier.kd_supp = pembelian_invoice.kd_supp where no_invoice='30442'
[11:20:40] [INFO]: Query untuk mengambil detail invoice: SELECT * from pembelian_invoice_detail where no_invoice='30442' 
[11:20:40] [INFO]: Query untuk mengambil detail invoice: SELECT pid.*, b.nama, SUM(pd.disc) as tot_disc, p.ppn, pb.jumlah_datang as jumlah_barang_datang, p.tarif_ppn
                                                                        FROM
                                                                        pembelian p 
                                                                        join pembelian_detail pd on p.kd_beli = pd.kd_beli 
                                                                        join pembelian_invoice pi on pi.kd_po = p.kd_po 
                                                                        join pembelian_invoice_detail pid on pid.kd_po = pi.kd_po
                                                                        join barang b on pid.kd_brg = b.kd_brg 
                                                                        left join penerimaan_barang pb on pid.kd_brg =pb.kd_brg  and pid.kd_po =pb.kd_po 
                                                                        WHERE pid.no_invoice = '30442'
                                                                        GROUP BY pid.kd_po, pid.kd_brg;
                                                                        
[11:20:45] [INFO]: Query: SELECT no_account, deskripsi FROM account WHERE kd_jenis = '11'
[11:20:50] [INFO]: Aksi payment accessed by user: 
[11:20:50] [INFO]: User Starttttt is authenticated. Processing action for route: payment_add and act: input
[11:20:50] [INFO]: Database connection established and helper functions included.
[11:20:50] [INFO]: Memproses input payment dengan data: {"nomor_invoice":"30442","no_invoice":"PO-5531","kd_po":{"1":"PO-5531","2":"PO-5531","3":"PO-5531","4":"PO-5531","5":"PO-5531","6":"PO-5531","7":"PO-5531","8":"PO-5531","9":"PO-5531","10":"PO-5531","11":"PO-5531","12":"PO-5531","13":"PO-5531","14":"PO-5531","15":"PO-5531","16":"PO-5531","17":"PO-5531","18":"PO-5531"},"nama_supplier":"NANAS","ppn":"0","tanggal_payment":"2026-06-15","metode_payment":"11","akun":"1001001","reff":"","jumlah_payment":"1100070","status_lunas":"LUNAS","id":{"1":"30442","2":"30442","3":"30442","4":"30442","5":"30442","6":"30442","7":"30442","8":"30442","9":"30442","10":"30442","11":"30442","12":"30442","13":"30442","14":"30442","15":"30442","16":"30442","17":"30442","18":"30442"},"kd_brg":{"1":"88820279","2":"8888103006882","3":"8888103006974","4":"8888103201218","5":"8993417229114","6":"8993417229718","7":"8998103000602","8":"8998103001593","9":"8998103004488","10":"8998103006833","11":"8998103011363","12":"8998103012247","13":"8998103012599","14":"8998103014333","15":"8998103017181","16":"8998103017532","17":"8998103018478","18":"8998103100982"},"jumlah_datang":{"1":"4","2":"6","3":"18","4":"4","5":"6","6":"3","7":"4","8":"1","9":"12","10":"3","11":"24","12":"4","13":"3","14":"4","15":"3","16":"5","17":"6","18":"12"},"jumlah":{"1":"4","2":"6","3":"18","4":"4","5":"6","6":"3","7":"4","8":"1","9":"12","10":"3","11":"24","12":"4","13":"3","14":"4","15":"3","16":"5","17":"6","18":"12"},"harga":{"1":"13,200","2":"7,560","3":"5,350","4":"13,000","5":"12,100","6":"26,800","7":"13,000","8":"6,150","9":"11,390","10":"7,400","11":"3,210","12":"13,000","13":"14,650","14":"13,200","15":"20,000","16":"6,150","17":"3,500","18":"12,170"},"diskon":{"1":"0","2":"0","3":"0","4":"0","5":"0","6":"0","7":"0","8":"0","9":"0","10":"0","11":"0","12":"0","13":"0","14":"0","15":"0","16":"0","17":"0","18":"0"},"subtotal":{"1":"52,800","2":"45,360","3":"96,300","4":"52,000","5":"72,600","6":"80,400","7":"52,000","8":"6,150","9":"136,680","10":"22,200","11":"77,040","12":"52,000","13":"43,950","14":"52,800","15":"60,000","16":"30,750","17":"21,000","18":"146,040"}}
[11:20:50] [INFO]: Query untuk mencari nomor payment terakhir: SELECT no_payment FROM payment WHERE no_payment LIKE 'PAY-OUT-2606%' ORDER BY no_payment DESC LIMIT 1
[11:20:50] [INFO]: Ditemukan payment sebelumnya di bulan yang sama.
[11:20:50] [INFO]: UPDATE pembelian_invoice SET status_payment = '2' WHERE no_invoice = '30442'
[11:21:03] [INFO]: Aksi payment accessed by user: 
[11:21:03] [INFO]: User Starttttt is authenticated. Processing action for route: payment_based_supplier and act: report
[11:21:03] [INFO]: Database connection established and helper functions included.
[11:21:03] [INFO]: location:../../main.php?route=payment_based_supplier&act=report&filter=supplier&nilai=SUPP-0207
[11:21:08] [INFO]: Memasuki halaman payment_tambah.php
[11:21:08] [INFO]: Query untuk mengambil detail invoice: SELECT pembelian_invoice.* , supplier.nama from pembelian_invoice JOIN supplier ON supplier.kd_supp = pembelian_invoice.kd_supp where no_invoice='46751'
[11:21:08] [INFO]: Query untuk mengambil detail invoice: SELECT * from pembelian_invoice_detail where no_invoice='46751' 
[11:21:08] [INFO]: Query untuk mengambil detail invoice: SELECT pid.*, b.nama, SUM(pd.disc) as tot_disc, p.ppn, pb.jumlah_datang as jumlah_barang_datang, p.tarif_ppn
                                                                        FROM
                                                                        pembelian p 
                                                                        join pembelian_detail pd on p.kd_beli = pd.kd_beli 
                                                                        join pembelian_invoice pi on pi.kd_po = p.kd_po 
                                                                        join pembelian_invoice_detail pid on pid.kd_po = pi.kd_po
                                                                        join barang b on pid.kd_brg = b.kd_brg 
                                                                        left join penerimaan_barang pb on pid.kd_brg =pb.kd_brg  and pid.kd_po =pb.kd_po 
                                                                        WHERE pid.no_invoice = '46751'
                                                                        GROUP BY pid.kd_po, pid.kd_brg;
                                                                        
[11:21:13] [INFO]: Query: SELECT no_account, deskripsi FROM account WHERE kd_jenis = '11'
[11:21:18] [INFO]: Aksi payment accessed by user: 
[11:21:18] [INFO]: User Starttttt is authenticated. Processing action for route: payment_add and act: input
[11:21:18] [INFO]: Database connection established and helper functions included.
[11:21:18] [INFO]: Memproses input payment dengan data: {"nomor_invoice":"46751","no_invoice":"PO-5381","kd_po":{"1":"PO-5381","2":"PO-5381","3":"PO-5381","4":"PO-5381","5":"PO-5381","6":"PO-5381","7":"PO-5381","8":"PO-5381","9":"PO-5381","10":"PO-5381","11":"PO-5381","12":"PO-5381","13":"PO-5381","14":"PO-5381","15":"PO-5381","16":"PO-5381","17":"PO-5381"},"nama_supplier":"SURYA DONASHIN","ppn":"0","tanggal_payment":"2026-06-15","metode_payment":"11","akun":"1001001","reff":"","jumlah_payment":"1812816","status_lunas":"LUNAS","id":{"1":"46751","2":"46751","3":"46751","4":"46751","5":"46751","6":"46751","7":"46751","8":"46751","9":"46751","10":"46751","11":"46751","12":"46751","13":"46751","14":"46751","15":"46751","16":"46751","17":"46751"},"kd_brg":{"1":"8850389108048","2":"8850389108062","3":"8850389108314","4":"8992726826076","5":"8992726826113","6":"8992726826243","7":"8992726938199","8":"8992726938298","9":"8992726939028","10":"8992726965898","11":"8992984820410","12":"8992984820717","13":"8992984821318","14":"8992984850110","15":"8992984851018","16":"8992984851216","17":"8992984910128"},"jumlah_datang":{"1":"12","2":"12","3":"12","4":"48","5":"30","6":"60","7":"24","8":"72","9":"12","10":"12","11":"12","12":"12","13":"24","14":"6","15":"6","16":"6","17":"12"},"jumlah":{"1":"12","2":"12","3":"12","4":"48","5":"30","6":"60","7":"24","8":"72","9":"12","10":"12","11":"12","12":"12","13":"24","14":"6","15":"6","16":"6","17":"12"},"harga":{"1":"8,860","2":"8,860","3":"8,860","4":"4,405","5":"4,600","6":"1,499","7":"6,108","8":"2,062","9":"10,044","10":"13,193","11":"5,798","12":"5,075","13":"7,950","14":"3,850","15":"3,850","16":"3,850","17":"7,500"},"diskon":{"1":"0","2":"0","3":"0","4":"0","5":"0","6":"0","7":"0","8":"0","9":"0","10":"0","11":"0","12":"0","13":"0","14":"0","15":"0","16":"0","17":"0"},"subtotal":{"1":"106,320","2":"106,320","3":"106,320","4":"211,440","5":"138,000","6":"89,940","7":"146,592","8":"148,464","9":"120,528","10":"158,316","11":"69,576","12":"60,900","13":"190,800","14":"23,100","15":"23,100","16":"23,100","17":"90,000"}}
[11:21:18] [INFO]: Query untuk mencari nomor payment terakhir: SELECT no_payment FROM payment WHERE no_payment LIKE 'PAY-OUT-2606%' ORDER BY no_payment DESC LIMIT 1
[11:21:18] [INFO]: Ditemukan payment sebelumnya di bulan yang sama.
[11:21:18] [INFO]: UPDATE pembelian_invoice SET status_payment = '2' WHERE no_invoice = '46751'
[11:21:46] [INFO]: Memasuki halaman payment_tambah.php
[11:21:46] [INFO]: Query untuk mengambil detail invoice: SELECT pembelian_invoice.* , supplier.nama from pembelian_invoice JOIN supplier ON supplier.kd_supp = pembelian_invoice.kd_supp where no_invoice='46581'
[11:21:46] [INFO]: Query untuk mengambil detail invoice: SELECT * from pembelian_invoice_detail where no_invoice='46581' 
[11:21:46] [INFO]: Query untuk mengambil detail invoice: SELECT pid.*, b.nama, SUM(pd.disc) as tot_disc, p.ppn, pb.jumlah_datang as jumlah_barang_datang, p.tarif_ppn
                                                                        FROM
                                                                        pembelian p 
                                                                        join pembelian_detail pd on p.kd_beli = pd.kd_beli 
                                                                        join pembelian_invoice pi on pi.kd_po = p.kd_po 
                                                                        join pembelian_invoice_detail pid on pid.kd_po = pi.kd_po
                                                                        join barang b on pid.kd_brg = b.kd_brg 
                                                                        left join penerimaan_barang pb on pid.kd_brg =pb.kd_brg  and pid.kd_po =pb.kd_po 
                                                                        WHERE pid.no_invoice = '46581'
                                                                        GROUP BY pid.kd_po, pid.kd_brg;
                                                                        
[11:21:51] [INFO]: Query: SELECT no_account, deskripsi FROM account WHERE kd_jenis = '11'
[11:21:56] [INFO]: Aksi payment accessed by user: 
[11:21:56] [INFO]: User Starttttt is authenticated. Processing action for route: payment_add and act: input
[11:21:56] [INFO]: Database connection established and helper functions included.
[11:21:56] [INFO]: Memproses input payment dengan data: {"nomor_invoice":"46581","no_invoice":"PO-5461","kd_po":{"1":"PO-5461","2":"PO-5461","3":"PO-5461","4":"PO-5461","5":"PO-5461","6":"PO-5461","7":"PO-5461","8":"PO-5461","9":"PO-5461","10":"PO-5461","11":"PO-5461","12":"PO-5461","13":"PO-5461","14":"PO-5461","15":"PO-5461","16":"PO-5461","17":"PO-5461","18":"PO-5461"},"nama_supplier":"SURYA DONASHIN","ppn":"0","tanggal_payment":"2026-06-15","metode_payment":"11","akun":"1001001","reff":"","jumlah_payment":"2761436","status_lunas":"LUNAS","id":{"1":"46581","2":"46581","3":"46581","4":"46581","5":"46581","6":"46581","7":"46581","8":"46581","9":"46581","10":"46581","11":"46581","12":"46581","13":"46581","14":"46581","15":"46581","16":"46581","17":"46581","18":"46581"},"kd_brg":{"1":"8886013223207","2":"8886013236207","3":"8886013281481","4":"8886013300601","5":"8994834001192","6":"8994834002274","7":"8994834003950","8":"8994834006951","9":"8994834007354","10":"8994834009198","11":"8994834009303","12":"8994834009877","13":"8995108500038","14":"8995108500052","15":"8995108509499","16":"8995108509550","17":"8995108509567","18":"8995108509574"},"jumlah_datang":{"1":"20","2":"20","3":"48","4":"120","5":"40","6":"20","7":"200","8":"48","9":"20","10":"16","11":"16","12":"20","13":"4","14":"4","15":"4","16":"12","17":"12","18":"12"},"jumlah":{"1":"20","2":"20","3":"48","4":"120","5":"40","6":"20","7":"200","8":"48","9":"20","10":"16","11":"16","12":"20","13":"4","14":"4","15":"4","16":"12","17":"12","18":"12"},"harga":{"1":"6,690","2":"13,210","3":"3,640","4":"1,428","5":"5,775","6":"12,120","7":"1,730","8":"3,077","9":"6,658","10":"5,625","11":"19,610","12":"4,235","13":"13,040","14":"13,040","15":"13,040","16":"7,560","17":"7,560","18":"7,560"},"diskon":{"1":"0","2":"0","3":"0","4":"0","5":"0","6":"0","7":"0","8":"0","9":"0","10":"0","11":"0","12":"0","13":"0","14":"0","15":"0","16":"0","17":"0","18":"0"},"subtotal":{"1":"133,800","2":"264,200","3":"174,720","4":"171,360","5":"231,000","6":"242,400","7":"346,000","8":"147,696","9":"133,160","10":"90,000","11":"313,760","12":"84,700","13":"52,160","14":"52,160","15":"52,160","16":"90,720","17":"90,720","18":"90,720"}}
[11:21:56] [INFO]: Query untuk mencari nomor payment terakhir: SELECT no_payment FROM payment WHERE no_payment LIKE 'PAY-OUT-2606%' ORDER BY no_payment DESC LIMIT 1
[11:21:56] [INFO]: Ditemukan payment sebelumnya di bulan yang sama.
[11:21:56] [INFO]: UPDATE pembelian_invoice SET status_payment = '2' WHERE no_invoice = '46581'
[11:22:02] [INFO]: Memasuki halaman payment_tambah.php
[11:22:02] [INFO]: Query untuk mengambil detail invoice: SELECT pembelian_invoice.* , supplier.nama from pembelian_invoice JOIN supplier ON supplier.kd_supp = pembelian_invoice.kd_supp where no_invoice='46501'
[11:22:02] [INFO]: Query untuk mengambil detail invoice: SELECT * from pembelian_invoice_detail where no_invoice='46501' 
[11:22:02] [INFO]: Query untuk mengambil detail invoice: SELECT pid.*, b.nama, SUM(pd.disc) as tot_disc, p.ppn, pb.jumlah_datang as jumlah_barang_datang, p.tarif_ppn
                                                                        FROM
                                                                        pembelian p 
                                                                        join pembelian_detail pd on p.kd_beli = pd.kd_beli 
                                                                        join pembelian_invoice pi on pi.kd_po = p.kd_po 
                                                                        join pembelian_invoice_detail pid on pid.kd_po = pi.kd_po
                                                                        join barang b on pid.kd_brg = b.kd_brg 
                                                                        left join penerimaan_barang pb on pid.kd_brg =pb.kd_brg  and pid.kd_po =pb.kd_po 
                                                                        WHERE pid.no_invoice = '46501'
                                                                        GROUP BY pid.kd_po, pid.kd_brg;
                                                                        
[11:22:06] [INFO]: Query: SELECT no_account, deskripsi FROM account WHERE kd_jenis = '11'
[11:22:10] [INFO]: Aksi payment accessed by user: 
[11:22:10] [INFO]: User Starttttt is authenticated. Processing action for route: payment_add and act: input
[11:22:10] [INFO]: Database connection established and helper functions included.
[11:22:10] [INFO]: Memproses input payment dengan data: {"nomor_invoice":"46501","no_invoice":"PO-5364","kd_po":{"1":"PO-5364","2":"PO-5364","3":"PO-5364","4":"PO-5364"},"nama_supplier":"SURYA DONASHIN","ppn":"0","tanggal_payment":"2026-06-15","metode_payment":"11","akun":"1001001","reff":"","jumlah_payment":"527400","status_lunas":"LUNAS","id":{"1":"46501","2":"46501","3":"46501","4":"46501"},"kd_brg":{"1":"6923700909050","2":"8992304014451","3":"8992304039607","4":"8992304049743"},"jumlah_datang":{"1":"3","2":"36","3":"3","4":"36"},"jumlah":{"1":"3","2":"36","3":"3","4":"36"},"harga":{"1":"19,130","2":"5,550","3":"23,470","4":"5,550"},"diskon":{"1":"0","2":"0","3":"0","4":"0"},"subtotal":{"1":"57,390","2":"199,800","3":"70,410","4":"199,800"}}
[11:22:10] [INFO]: Query untuk mencari nomor payment terakhir: SELECT no_payment FROM payment WHERE no_payment LIKE 'PAY-OUT-2606%' ORDER BY no_payment DESC LIMIT 1
[11:22:10] [INFO]: Ditemukan payment sebelumnya di bulan yang sama.
[11:22:10] [INFO]: UPDATE pembelian_invoice SET status_payment = '2' WHERE no_invoice = '46501'
[11:22:31] [INFO]: Memasuki halaman payment_tambah.php
[11:22:31] [INFO]: Query untuk mengambil detail invoice: SELECT pembelian_invoice.* , supplier.nama from pembelian_invoice JOIN supplier ON supplier.kd_supp = pembelian_invoice.kd_supp where no_invoice='46511'
[11:22:31] [INFO]: Query untuk mengambil detail invoice: SELECT * from pembelian_invoice_detail where no_invoice='46511' 
[11:22:31] [INFO]: Query untuk mengambil detail invoice: SELECT pid.*, b.nama, SUM(pd.disc) as tot_disc, p.ppn, pb.jumlah_datang as jumlah_barang_datang, p.tarif_ppn
                                                                        FROM
                                                                        pembelian p 
                                                                        join pembelian_detail pd on p.kd_beli = pd.kd_beli 
                                                                        join pembelian_invoice pi on pi.kd_po = p.kd_po 
                                                                        join pembelian_invoice_detail pid on pid.kd_po = pi.kd_po
                                                                        join barang b on pid.kd_brg = b.kd_brg 
                                                                        left join penerimaan_barang pb on pid.kd_brg =pb.kd_brg  and pid.kd_po =pb.kd_po 
                                                                        WHERE pid.no_invoice = '46511'
                                                                        GROUP BY pid.kd_po, pid.kd_brg;
                                                                        
[11:22:35] [INFO]: Query: SELECT no_account, deskripsi FROM account WHERE kd_jenis = '11'
[11:22:38] [INFO]: Aksi payment accessed by user: 
[11:22:38] [INFO]: User Starttttt is authenticated. Processing action for route: payment_add and act: input
[11:22:38] [INFO]: Database connection established and helper functions included.
[11:22:38] [INFO]: Memproses input payment dengan data: {"nomor_invoice":"46511","no_invoice":"PO-5380","kd_po":{"1":"PO-5380","2":"PO-5380","3":"PO-5380","4":"PO-5380","5":"PO-5380","6":"PO-5380","7":"PO-5380","8":"PO-5380","9":"PO-5380"},"nama_supplier":"SURYA DONASHIN","ppn":"0","tanggal_payment":"2026-06-15","metode_payment":"11","akun":"1001001","reff":"","jumlah_payment":"659544","status_lunas":"LUNAS","id":{"1":"46511","2":"46511","3":"46511","4":"46511","5":"46511","6":"46511","7":"46511","8":"46511","9":"46511"},"kd_brg":{"1":"504632","2":"8992772198011","3":"8992772198028","4":"8992772198035","5":"8992772198059","6":"8992772198073","7":"8992772311014","8":"8992772948012","9":"8997239630103"},"jumlah_datang":{"1":"96","2":"12","3":"12","4":"12","5":"12","6":"12","7":"144","8":"12","9":"72"},"jumlah":{"1":"96","2":"12","3":"12","4":"12","5":"12","6":"12","7":"144","8":"12","9":"72"},"harga":{"1":"1,232","2":"4,440","3":"4,440","4":"4,440","5":"5,221","6":"4,077","7":"430","8":"5,328","9":"2,000"},"diskon":{"1":"0","2":"0","3":"0","4":"0","5":"0","6":"0","7":"0","8":"0","9":"0"},"subtotal":{"1":"118,272","2":"53,280","3":"53,280","4":"53,280","5":"62,652","6":"48,924","7":"61,920","8":"63,936","9":"144,000"}}
[11:22:38] [INFO]: Query untuk mencari nomor payment terakhir: SELECT no_payment FROM payment WHERE no_payment LIKE 'PAY-OUT-2606%' ORDER BY no_payment DESC LIMIT 1
[11:22:38] [INFO]: Ditemukan payment sebelumnya di bulan yang sama.
[11:22:38] [INFO]: UPDATE pembelian_invoice SET status_payment = '2' WHERE no_invoice = '46511'
[11:23:23] [INFO]: Memasuki halaman payment_tambah.php
[11:23:23] [INFO]: Query untuk mengambil detail invoice: SELECT pembelian_invoice.* , supplier.nama from pembelian_invoice JOIN supplier ON supplier.kd_supp = pembelian_invoice.kd_supp where no_invoice='46601'
[11:23:23] [INFO]: Query untuk mengambil detail invoice: SELECT * from pembelian_invoice_detail where no_invoice='46601' 
[11:23:23] [INFO]: Query untuk mengambil detail invoice: SELECT pid.*, b.nama, SUM(pd.disc) as tot_disc, p.ppn, pb.jumlah_datang as jumlah_barang_datang, p.tarif_ppn
                                                                        FROM
                                                                        pembelian p 
                                                                        join pembelian_detail pd on p.kd_beli = pd.kd_beli 
                                                                        join pembelian_invoice pi on pi.kd_po = p.kd_po 
                                                                        join pembelian_invoice_detail pid on pid.kd_po = pi.kd_po
                                                                        join barang b on pid.kd_brg = b.kd_brg 
                                                                        left join penerimaan_barang pb on pid.kd_brg =pb.kd_brg  and pid.kd_po =pb.kd_po 
                                                                        WHERE pid.no_invoice = '46601'
                                                                        GROUP BY pid.kd_po, pid.kd_brg;
                                                                        
[11:23:28] [INFO]: Query: SELECT no_account, deskripsi FROM account WHERE kd_jenis = '11'
[11:23:32] [INFO]: Aksi payment accessed by user: 
[11:23:32] [INFO]: User Starttttt is authenticated. Processing action for route: payment_add and act: input
[11:23:32] [INFO]: Database connection established and helper functions included.
[11:23:32] [INFO]: Memproses input payment dengan data: {"nomor_invoice":"46601","no_invoice":"PO-5379","kd_po":{"1":"PO-5379","2":"PO-5379","3":"PO-5379","4":"PO-5379","5":"PO-5379"},"nama_supplier":"SURYA DONASHIN","ppn":"0","tanggal_payment":"2026-06-15","metode_payment":"11","akun":"1001001","reff":"","jumlah_payment":"911925","status_lunas":"LUNAS","id":{"1":"46601","2":"46601","3":"46601","4":"46601","5":"46601"},"kd_brg":{"1":"8993176110074","2":"8993176110081","3":"8993176110098","4":"8993176110104","5":"8993176120011"},"jumlah_datang":{"1":"24","2":"24","3":"24","4":"3","5":"3"},"jumlah":{"1":"24","2":"24","3":"24","4":"3","5":"3"},"harga":{"1":"18,810","2":"10,000","3":"5,470","4":"14,535","5":"15,200"},"diskon":{"1":"0","2":"0","3":"0","4":"0","5":"0"},"subtotal":{"1":"451,440","2":"240,000","3":"131,280","4":"43,605","5":"45,600"}}
[11:23:32] [INFO]: Query untuk mencari nomor payment terakhir: SELECT no_payment FROM payment WHERE no_payment LIKE 'PAY-OUT-2606%' ORDER BY no_payment DESC LIMIT 1
[11:23:32] [INFO]: Ditemukan payment sebelumnya di bulan yang sama.
[11:23:32] [INFO]: UPDATE pembelian_invoice SET status_payment = '2' WHERE no_invoice = '46601'
[11:24:04] [INFO]: Aksi payment accessed by user: 
[11:24:04] [INFO]: User Starttttt is authenticated. Processing action for route: payment_based_supplier and act: report
[11:24:04] [INFO]: Database connection established and helper functions included.
[11:24:04] [INFO]: location:../../main.php?route=payment_based_supplier&act=report&filter=supplier&nilai=SUPP-0188
[11:24:11] [INFO]: Memasuki halaman payment_tambah.php
[11:24:11] [INFO]: Query untuk mengambil detail invoice: SELECT pembelian_invoice.* , supplier.nama from pembelian_invoice JOIN supplier ON supplier.kd_supp = pembelian_invoice.kd_supp where no_invoice='21602'
[11:24:11] [INFO]: Query untuk mengambil detail invoice: SELECT * from pembelian_invoice_detail where no_invoice='21602' 
[11:24:11] [INFO]: Query untuk mengambil detail invoice: SELECT pid.*, b.nama, SUM(pd.disc) as tot_disc, p.ppn, pb.jumlah_datang as jumlah_barang_datang, p.tarif_ppn
                                                                        FROM
                                                                        pembelian p 
                                                                        join pembelian_detail pd on p.kd_beli = pd.kd_beli 
                                                                        join pembelian_invoice pi on pi.kd_po = p.kd_po 
                                                                        join pembelian_invoice_detail pid on pid.kd_po = pi.kd_po
                                                                        join barang b on pid.kd_brg = b.kd_brg 
                                                                        left join penerimaan_barang pb on pid.kd_brg =pb.kd_brg  and pid.kd_po =pb.kd_po 
                                                                        WHERE pid.no_invoice = '21602'
                                                                        GROUP BY pid.kd_po, pid.kd_brg;
                                                                        
[11:24:19] [INFO]: Query: SELECT no_account, deskripsi FROM account WHERE kd_jenis = '11'
[11:24:23] [INFO]: Aksi payment accessed by user: 
[11:24:23] [INFO]: User Starttttt is authenticated. Processing action for route: payment_add and act: input
[11:24:23] [INFO]: Database connection established and helper functions included.
[11:24:23] [INFO]: Memproses input payment dengan data: {"nomor_invoice":"21602","no_invoice":"PO-5499","kd_po":{"1":"PO-5499","2":"PO-5499","3":"PO-5499","4":"PO-5499","5":"PO-5499","6":"PO-5499","7":"PO-5499","8":"PO-5499","9":"PO-5499"},"nama_supplier":"SINAR NIAGA SEJAHTERA","ppn":"0","tanggal_payment":"2026-06-15","metode_payment":"11","akun":"1001001","reff":"","jumlah_payment":"948238","status_lunas":"LUNAS","id":{"1":"21602","2":"21602","3":"21602","4":"21602","5":"21602","6":"21602","7":"21602","8":"21602","9":"21602"},"kd_brg":{"1":"8719200170995","2":"8719200177314","3":"8719200314733","4":"8992775000250","5":"8992775005170","6":"8992775310199","7":"8992775406028","8":"8992775713419","9":"8992775717011"},"jumlah_datang":{"1":"20","2":"12","3":"10","4":"80","5":"80","6":"120","7":"120","8":"60","9":"40"},"jumlah":{"1":"20","2":"12","3":"10","4":"80","5":"80","6":"120","7":"120","8":"60","9":"40"},"harga":{"1":"7,981","2":"1,524","3":"4,099","4":"2,000","5":"2,000","6":"850","7":"820","8":"1,949","9":"2,300"},"diskon":{"1":"0","2":"0","3":"0","4":"0","5":"0","6":"0","7":"0","8":"0","9":"0"},"subtotal":{"1":"159,620","2":"18,288","3":"40,990","4":"160,000","5":"160,000","6":"102,000","7":"98,400","8":"116,940","9":"92,000"}}
[11:24:23] [INFO]: Query untuk mencari nomor payment terakhir: SELECT no_payment FROM payment WHERE no_payment LIKE 'PAY-OUT-2606%' ORDER BY no_payment DESC LIMIT 1
[11:24:23] [INFO]: Ditemukan payment sebelumnya di bulan yang sama.
[11:24:23] [INFO]: UPDATE pembelian_invoice SET status_payment = '2' WHERE no_invoice = '21602'
[11:24:37] [INFO]: Aksi payment accessed by user: 
[11:24:37] [INFO]: User Starttttt is authenticated. Processing action for route: payment_based_supplier and act: report
[11:24:37] [INFO]: Database connection established and helper functions included.
[11:24:37] [INFO]: location:../../main.php?route=payment_based_supplier&act=report&filter=supplier&nilai=SUPP-0236
[11:24:38] [INFO]: Memasuki halaman payment_tambah.php
[11:24:38] [INFO]: Query untuk mengambil detail invoice: SELECT pembelian_invoice.* , supplier.nama from pembelian_invoice JOIN supplier ON supplier.kd_supp = pembelian_invoice.kd_supp where no_invoice='8887'
[11:24:38] [INFO]: Query untuk mengambil detail invoice: SELECT * from pembelian_invoice_detail where no_invoice='8887' 
[11:24:38] [INFO]: Query untuk mengambil detail invoice: SELECT pid.*, b.nama, SUM(pd.disc) as tot_disc, p.ppn, pb.jumlah_datang as jumlah_barang_datang, p.tarif_ppn
                                                                        FROM
                                                                        pembelian p 
                                                                        join pembelian_detail pd on p.kd_beli = pd.kd_beli 
                                                                        join pembelian_invoice pi on pi.kd_po = p.kd_po 
                                                                        join pembelian_invoice_detail pid on pid.kd_po = pi.kd_po
                                                                        join barang b on pid.kd_brg = b.kd_brg 
                                                                        left join penerimaan_barang pb on pid.kd_brg =pb.kd_brg  and pid.kd_po =pb.kd_po 
                                                                        WHERE pid.no_invoice = '8887'
                                                                        GROUP BY pid.kd_po, pid.kd_brg;
                                                                        
[11:24:51] [INFO]: Query: SELECT no_account, deskripsi FROM account WHERE kd_jenis = '11'
[11:24:56] [INFO]: Aksi payment accessed by user: 
[11:24:56] [INFO]: User Starttttt is authenticated. Processing action for route: payment_add and act: input
[11:24:56] [INFO]: Database connection established and helper functions included.
[11:24:56] [INFO]: Memproses input payment dengan data: {"nomor_invoice":"8887","no_invoice":"PO-5504","kd_po":{"1":"PO-5504","2":"PO-5504","3":"PO-5504","4":"PO-5504","5":"PO-5504","6":"PO-5504","7":"PO-5504","8":"PO-5504","9":"PO-5504","10":"PO-5504"},"nama_supplier":"TUMBAKMAS NIAGATAMA","ppn":"0","tanggal_payment":"2026-06-15","metode_payment":"11","akun":"1001001","reff":"","jumlah_payment":"1903196","status_lunas":"LUNAS","id":{"1":"8887","2":"8887","3":"8887","4":"8887","5":"8887","6":"8887","7":"8887","8":"8887","9":"8887","10":"8887"},"kd_brg":{"1":"8991188943024","2":"8991188943062","3":"8991188943369","4":"8991188943536","5":"8992736010168","6":"8992736225494","7":"8992736980133","8":"8992736980164","9":"8992736991160","10":"8992870410206"},"jumlah_datang":{"1":"120","2":"48","3":"80","4":"12","5":"20","6":"10","7":"20","8":"20","9":"2","10":"10"},"jumlah":{"1":"120","2":"48","3":"80","4":"12","5":"20","6":"10","7":"20","8":"20","9":"2","10":"10"},"harga":{"1":"5,300","2":"12,187","3":"4,500","4":"4,150","5":"2,200","6":"1,750","7":"2,200","8":"2,200","9":"19,800","10":"8,332"},"diskon":{"1":"0","2":"0","3":"0","4":"0","5":"0","6":"0","7":"0","8":"0","9":"0","10":"0"},"subtotal":{"1":"636,000","2":"584,976","3":"360,000","4":"49,800","5":"44,000","6":"17,500","7":"44,000","8":"44,000","9":"39,600","10":"83,320"}}
[11:24:56] [INFO]: Query untuk mencari nomor payment terakhir: SELECT no_payment FROM payment WHERE no_payment LIKE 'PAY-OUT-2606%' ORDER BY no_payment DESC LIMIT 1
[11:24:56] [INFO]: Ditemukan payment sebelumnya di bulan yang sama.
[11:24:56] [INFO]: UPDATE pembelian_invoice SET status_payment = '2' WHERE no_invoice = '8887'
[11:25:11] [INFO]: Aksi payment accessed by user: 
[11:25:11] [INFO]: User Starttttt is authenticated. Processing action for route: payment_based_supplier and act: report
[11:25:11] [INFO]: Database connection established and helper functions included.
[11:25:11] [INFO]: location:../../main.php?route=payment_based_supplier&act=report&filter=supplier&nilai=SUPP-0255
[11:25:16] [INFO]: Memasuki halaman payment_tambah.php
[11:25:16] [INFO]: Query untuk mengambil detail invoice: SELECT pembelian_invoice.* , supplier.nama from pembelian_invoice JOIN supplier ON supplier.kd_supp = pembelian_invoice.kd_supp where no_invoice='2504'
[11:25:16] [INFO]: Query untuk mengambil detail invoice: SELECT * from pembelian_invoice_detail where no_invoice='2504' 
[11:25:16] [INFO]: Query untuk mengambil detail invoice: SELECT pid.*, b.nama, SUM(pd.disc) as tot_disc, p.ppn, pb.jumlah_datang as jumlah_barang_datang, p.tarif_ppn
                                                                        FROM
                                                                        pembelian p 
                                                                        join pembelian_detail pd on p.kd_beli = pd.kd_beli 
                                                                        join pembelian_invoice pi on pi.kd_po = p.kd_po 
                                                                        join pembelian_invoice_detail pid on pid.kd_po = pi.kd_po
                                                                        join barang b on pid.kd_brg = b.kd_brg 
                                                                        left join penerimaan_barang pb on pid.kd_brg =pb.kd_brg  and pid.kd_po =pb.kd_po 
                                                                        WHERE pid.no_invoice = '2504'
                                                                        GROUP BY pid.kd_po, pid.kd_brg;
                                                                        
[11:25:20] [INFO]: Query: SELECT no_account, deskripsi FROM account WHERE kd_jenis = '11'
[11:25:24] [INFO]: Aksi payment accessed by user: 
[11:25:24] [INFO]: User Starttttt is authenticated. Processing action for route: payment_add and act: input
[11:25:24] [INFO]: Database connection established and helper functions included.
[11:25:24] [INFO]: Memproses input payment dengan data: {"nomor_invoice":"2504","no_invoice":"PO-5376","kd_po":{"1":"PO-5376","2":"PO-5376","3":"PO-5376","4":"PO-5376","5":"PO-5376","6":"PO-5376","7":"PO-5376","8":"PO-5376","9":"PO-5376","10":"PO-5376","11":"PO-5376","12":"PO-5376"},"nama_supplier":"ABADI NIAGA PRIMA","ppn":"0","tanggal_payment":"2026-06-15","metode_payment":"11","akun":"1001001","reff":"","jumlah_payment":"2436624","status_lunas":"LUNAS","id":{"1":"2504","2":"2504","3":"2504","4":"2504","5":"2504","6":"2504","7":"2504","8":"2504","9":"2504","10":"2504","11":"2504","12":"2504"},"kd_brg":{"1":"8998288014111","2":"8998288014135","3":"8998288016627","4":"8998288016634","5":"8998288016641","6":"8998288080512","7":"8998288080871","8":"8998288100050","9":"8998288100340","10":"8998288120928","11":"8998288121048","12":"8998288360331"},"jumlah_datang":{"1":"24","2":"60","3":"180","4":"72","5":"36","6":"24","7":"24","8":"24","9":"24","10":"36","11":"36","12":"24"},"jumlah":{"1":"24","2":"60","3":"180","4":"72","5":"36","6":"24","7":"24","8":"24","9":"24","10":"36","11":"36","12":"24"},"harga":{"1":"5,966","2":"1,776","3":"1,749","4":"5,966","5":"11,777","6":"7,237","7":"5,827","8":"5,944","9":"7,126","10":"3,435","11":"3,435","12":"6,000"},"diskon":{"1":"0","2":"0","3":"0","4":"0","5":"0","6":"0","7":"0","8":"0","9":"0","10":"0","11":"0","12":"0"},"subtotal":{"1":"143,184","2":"106,560","3":"314,820","4":"429,552","5":"423,972","6":"173,688","7":"139,848","8":"142,656","9":"171,024","10":"123,660","11":"123,660","12":"144,000"}}
[11:25:24] [INFO]: Query untuk mencari nomor payment terakhir: SELECT no_payment FROM payment WHERE no_payment LIKE 'PAY-OUT-2606%' ORDER BY no_payment DESC LIMIT 1
[11:25:24] [INFO]: Ditemukan payment sebelumnya di bulan yang sama.
[11:25:24] [INFO]: UPDATE pembelian_invoice SET status_payment = '2' WHERE no_invoice = '2504'
[11:25:29] [INFO]: Memasuki halaman payment_tambah.php
[11:25:29] [INFO]: Query untuk mengambil detail invoice: SELECT pembelian_invoice.* , supplier.nama from pembelian_invoice JOIN supplier ON supplier.kd_supp = pembelian_invoice.kd_supp where no_invoice='260401'
[11:25:29] [INFO]: Query untuk mengambil detail invoice: SELECT * from pembelian_invoice_detail where no_invoice='260401' 
[11:25:29] [INFO]: Query untuk mengambil detail invoice: SELECT pid.*, b.nama, SUM(pd.disc) as tot_disc, p.ppn, pb.jumlah_datang as jumlah_barang_datang, p.tarif_ppn
                                                                        FROM
                                                                        pembelian p 
                                                                        join pembelian_detail pd on p.kd_beli = pd.kd_beli 
                                                                        join pembelian_invoice pi on pi.kd_po = p.kd_po 
                                                                        join pembelian_invoice_detail pid on pid.kd_po = pi.kd_po
                                                                        join barang b on pid.kd_brg = b.kd_brg 
                                                                        left join penerimaan_barang pb on pid.kd_brg =pb.kd_brg  and pid.kd_po =pb.kd_po 
                                                                        WHERE pid.no_invoice = '260401'
                                                                        GROUP BY pid.kd_po, pid.kd_brg;
                                                                        
[11:25:40] [INFO]: Query: SELECT no_account, deskripsi FROM account WHERE kd_jenis = '11'
[11:25:43] [INFO]: Aksi payment accessed by user: 
[11:25:43] [INFO]: User Starttttt is authenticated. Processing action for route: payment_add and act: input
[11:25:43] [INFO]: Database connection established and helper functions included.
[11:25:43] [INFO]: Memproses input payment dengan data: {"nomor_invoice":"260401","no_invoice":"PO-5375","kd_po":{"1":"PO-5375","2":"PO-5375","3":"PO-5375","4":"PO-5375","5":"PO-5375","6":"PO-5375","7":"PO-5375","8":"PO-5375","9":"PO-5375"},"nama_supplier":"ABADI NIAGA PRIMA","ppn":"0","tanggal_payment":"2026-06-15","metode_payment":"11","akun":"1001001","reff":"","jumlah_payment":"313770","status_lunas":"LUNAS","id":{"1":"260401","2":"260401","3":"260401","4":"260401","5":"260401","6":"260401","7":"260401","8":"260401","9":"260401"},"kd_brg":{"1":"8992786100130","2":"8992786400223","3":"8992786400292","4":"8992786400339","5":"8992786500794","6":"8992786601002","7":"8992786601019","8":"8992786601026","9":"8992786601033"},"jumlah_datang":{"1":"3","2":"3","3":"3","4":"3","5":"6","6":"3","7":"3","8":"3","9":"3"},"jumlah":{"1":"3","2":"3","3":"3","4":"3","5":"6","6":"3","7":"3","8":"3","9":"3"},"harga":{"1":"22,866","2":"9,213","3":"11,877","4":"9,102","5":"9,560","6":"8,103","7":"8,103","8":"8,103","9":"8,103"},"diskon":{"1":"0","2":"0","3":"0","4":"0","5":"0","6":"0","7":"0","8":"0","9":"0"},"subtotal":{"1":"68,598","2":"27,639","3":"35,631","4":"27,306","5":"57,360","6":"24,309","7":"24,309","8":"24,309","9":"24,309"}}
[11:25:43] [INFO]: Query untuk mencari nomor payment terakhir: SELECT no_payment FROM payment WHERE no_payment LIKE 'PAY-OUT-2606%' ORDER BY no_payment DESC LIMIT 1
[11:25:43] [INFO]: Ditemukan payment sebelumnya di bulan yang sama.
[11:25:43] [INFO]: UPDATE pembelian_invoice SET status_payment = '2' WHERE no_invoice = '260401'
