[15:05:39] [INFO]: Aksi payment accessed by user: 
[15:05:39] [INFO]: User Starttttt is authenticated. Processing action for route: payment_based_supplier and act: report
[15:05:39] [INFO]: Database connection established and helper functions included.
[15:05:39] [INFO]: location:../../main.php?route=payment_based_supplier&act=report&filter=supplier&nilai=SUPP-0249
[15:06:42] [INFO]: Aksi payment accessed by user: 
[15:06:42] [INFO]: User Starttttt is authenticated. Processing action for route: payment_based_supplier and act: report
[15:06:42] [INFO]: Database connection established and helper functions included.
[15:06:42] [INFO]: location:../../main.php?route=payment_based_supplier&act=report&filter=supplier&nilai=SUPP-0035
[15:06:56] [INFO]: Memasuki halaman payment_tambah.php
[15:06:56] [INFO]: Query untuk mengambil detail invoice: SELECT pembelian_invoice.* , supplier.nama from pembelian_invoice JOIN supplier ON supplier.kd_supp = pembelian_invoice.kd_supp where no_invoice='00265'
[15:06:56] [INFO]: Query untuk mengambil detail invoice: SELECT * from pembelian_invoice_detail where no_invoice='00265' 
[15:06:56] [INFO]: Query untuk mengambil detail invoice: SELECT pid.*, b.nama, SUM(pd.disc) as tot_disc, p.ppn, pb.jumlah_datang as jumlah_barang_datang, p.tarif_ppn
                                                                        FROM
                                                                        pembelian p 
                                                                        join pembelian_detail pd on p.kd_beli = pd.kd_beli 
                                                                        join pembelian_invoice pi on pi.kd_po = p.kd_po 
                                                                        join pembelian_invoice_detail pid on pid.kd_po = pi.kd_po
                                                                        join barang b on pid.kd_brg = b.kd_brg 
                                                                        left join penerimaan_barang pb on pid.kd_brg =pb.kd_brg  and pid.kd_po =pb.kd_po 
                                                                        WHERE pid.no_invoice = '00265'
                                                                        GROUP BY pid.kd_po, pid.kd_brg;
                                                                        
[15:07:07] [INFO]: Query: SELECT no_account, deskripsi FROM account WHERE kd_jenis = '11'
[15:07:14] [INFO]: Aksi payment accessed by user: 
[15:07:14] [INFO]: User Starttttt is authenticated. Processing action for route: payment_add and act: input
[15:07:14] [INFO]: Database connection established and helper functions included.
[15:07:14] [INFO]: Memproses input payment dengan data: {"nomor_invoice":"00265","no_invoice":"PO-4869","kd_po":{"1":"PO-4869","2":"PO-4869","3":"PO-4869","4":"PO-4869","5":"PO-4869","6":"PO-4869","7":"PO-4869","8":"PO-4869","9":"PO-4869","10":"PO-4869"},"nama_supplier":"BSP HILO","ppn":"0","tanggal_payment":"2026-05-16","metode_payment":"11","akun":"1001001","reff":"","jumlah_payment":"446361","status_lunas":"LUNAS","id":{"1":"00265","2":"00265","3":"00265","4":"00265","5":"00265","6":"00265","7":"00265","8":"00265","9":"00265","10":"00265"},"kd_brg":{"1":"749921000422","2":"749921006868","3":"749921020680","4":"749921020956","5":"749921021038","6":"749921021106","7":"749921021137","8":"749921030023","9":"749921030085","10":"749921030269"},"jumlah_datang":{"1":"2","2":"6","3":"2","4":"2","5":"2","6":"2","7":"3","8":"2","9":"6","10":"2"},"jumlah":{"1":"2","2":"6","3":"2","4":"2","5":"2","6":"2","7":"3","8":"2","9":"6","10":"2"},"harga":{"1":"41,070","2":"7,548","3":"8,325","4":"9,213","5":"8,325","6":"8,340","7":"9,213","8":"44,400","9":"7,548","10":"44,400"},"diskon":{"1":"0","2":"0","3":"0","4":"0","5":"0","6":"0","7":"0","8":"0","9":"0","10":"0"},"subtotal":{"1":"82,140","2":"45,288","3":"16,650","4":"18,426","5":"16,650","6":"16,680","7":"27,639","8":"88,800","9":"45,288","10":"88,800"}}
[15:07:14] [INFO]: Query untuk mencari nomor payment terakhir: SELECT no_payment FROM payment WHERE no_payment LIKE 'PAY-OUT-2605%' ORDER BY no_payment DESC LIMIT 1
[15:07:14] [INFO]: Ditemukan payment sebelumnya di bulan yang sama.
[15:07:14] [INFO]: UPDATE pembelian_invoice SET status_payment = '2' WHERE no_invoice = '00265'
[15:07:34] [INFO]: Aksi payment accessed by user: 
[15:07:34] [INFO]: User Starttttt is authenticated. Processing action for route: payment_based_supplier and act: report
[15:07:34] [INFO]: Database connection established and helper functions included.
[15:07:34] [INFO]: location:../../main.php?route=payment_based_supplier&act=report&filter=supplier&nilai=SUPP-0020
[15:07:37] [INFO]: Memasuki halaman payment_tambah.php
[15:07:37] [INFO]: Query untuk mengambil detail invoice: SELECT pembelian_invoice.* , supplier.nama from pembelian_invoice JOIN supplier ON supplier.kd_supp = pembelian_invoice.kd_supp where no_invoice='3313'
[15:07:37] [INFO]: Query untuk mengambil detail invoice: SELECT * from pembelian_invoice_detail where no_invoice='3313' 
[15:07:37] [INFO]: Query untuk mengambil detail invoice: SELECT pid.*, b.nama, SUM(pd.disc) as tot_disc, p.ppn, pb.jumlah_datang as jumlah_barang_datang, p.tarif_ppn
                                                                        FROM
                                                                        pembelian p 
                                                                        join pembelian_detail pd on p.kd_beli = pd.kd_beli 
                                                                        join pembelian_invoice pi on pi.kd_po = p.kd_po 
                                                                        join pembelian_invoice_detail pid on pid.kd_po = pi.kd_po
                                                                        join barang b on pid.kd_brg = b.kd_brg 
                                                                        left join penerimaan_barang pb on pid.kd_brg =pb.kd_brg  and pid.kd_po =pb.kd_po 
                                                                        WHERE pid.no_invoice = '3313'
                                                                        GROUP BY pid.kd_po, pid.kd_brg;
                                                                        
[15:07:44] [INFO]: Query: SELECT no_account, deskripsi FROM account WHERE kd_jenis = '11'
[15:07:49] [INFO]: Aksi payment accessed by user: 
[15:07:49] [INFO]: User Starttttt is authenticated. Processing action for route: payment_add and act: input
[15:07:49] [INFO]: Database connection established and helper functions included.
[15:07:49] [INFO]: Memproses input payment dengan data: {"nomor_invoice":"3313","no_invoice":"PO-5335","kd_po":{"1":"PO-5335","2":"PO-5335","3":"PO-5335","4":"PO-5335","5":"PO-5335","6":"PO-5335","7":"PO-5335","8":"PO-5335","9":"PO-5335","10":"PO-5335","11":"PO-5335","12":"PO-5335","13":"PO-5335","14":"PO-5335","15":"PO-5335","16":"PO-5335","17":"PO-5335","18":"PO-5335","19":"PO-5335","20":"PO-5335","21":"PO-5335","22":"PO-5335","23":"PO-5335"},"nama_supplier":"ARTA DWITUNGGAL ABADI","ppn":"0","tanggal_payment":"2026-05-18","metode_payment":"11","akun":"1001001","reff":"","jumlah_payment":"472250","status_lunas":"LUNAS","id":{"1":"3313","2":"3313","3":"3313","4":"3313","5":"3313","6":"3313","7":"3313","8":"3313","9":"3313","10":"3313","11":"3313","12":"3313","13":"3313","14":"3313","15":"3313","16":"3313","17":"3313","18":"3313","19":"3313","20":"3313","21":"3313","22":"3313","23":"3313"},"kd_brg":{"1":"8995899110317","2":"8995899110621","3":"8995899111017","4":"8995899111024","5":"8995899111130","6":"8995899210215","7":"8995899213520","8":"8995899214527","9":"8995899215036","10":"8995899216040","11":"8995899216132","12":"8995899219126","13":"8995899226483","14":"8995899250112","15":"8995899250143","16":"8995899250150","17":"8995899280157","18":"8995899408438","19":"8995899494288","20":"8995899578094","21":"8995899623060","22":"8995899623084","23":"8995899991558"},"jumlah_datang":{"1":"10","2":"10","3":"10","4":"10","5":"10","6":"40","7":"10","8":"10","9":"12","10":"12","11":"10","12":"10","13":"10","14":"12","15":"24","16":"12","17":"6","18":"10","19":"10","20":"10","21":"10","22":"10","23":"10"},"jumlah":{"1":"10","2":"10","3":"10","4":"10","5":"10","6":"40","7":"10","8":"10","9":"12","10":"12","11":"10","12":"10","13":"10","14":"12","15":"24","16":"12","17":"6","18":"10","19":"10","20":"10","21":"10","22":"10","23":"10"},"harga":{"1":"2,000","2":"2,050","3":"800","4":"2,050","5":"800","6":"2,924","7":"1,560","8":"1,560","9":"812","10":"860","11":"1,560","12":"1,569","13":"1,569","14":"812","15":"812","16":"812","17":"7,820","18":"1,569","19":"1,569","20":"1,570","21":"1,569","22":"1,569","23":"1,569"},"diskon":{"1":"0","2":"0","3":"0","4":"0","5":"0","6":"0","7":"0","8":"0","9":"0","10":"0","11":"0","12":"0","13":"0","14":"0","15":"0","16":"0","17":"0","18":"0","19":"0","20":"0","21":"0","22":"0","23":"0"},"subtotal":{"1":"20,000","2":"20,500","3":"8,000","4":"20,500","5":"8,000","6":"116,960","7":"15,600","8":"15,600","9":"9,744","10":"10,320","11":"15,600","12":"15,690","13":"15,690","14":"9,744","15":"19,488","16":"9,744","17":"46,920","18":"15,690","19":"15,690","20":"15,700","21":"15,690","22":"15,690","23":"15,690"}}
[15:07:49] [INFO]: Query untuk mencari nomor payment terakhir: SELECT no_payment FROM payment WHERE no_payment LIKE 'PAY-OUT-2605%' ORDER BY no_payment DESC LIMIT 1
[15:07:49] [INFO]: Ditemukan payment sebelumnya di bulan yang sama.
[15:07:49] [INFO]: UPDATE pembelian_invoice SET status_payment = '2' WHERE no_invoice = '3313'
[15:08:03] [INFO]: Aksi payment accessed by user: 
[15:08:03] [INFO]: User Starttttt is authenticated. Processing action for route: payment_based_supplier and act: report
[15:08:03] [INFO]: Database connection established and helper functions included.
[15:08:03] [INFO]: location:../../main.php?route=payment_based_supplier&act=report&filter=supplier&nilai=SUPP-0168
[15:08:08] [INFO]: Memasuki halaman payment_tambah.php
[15:08:08] [INFO]: Query untuk mengambil detail invoice: SELECT pembelian_invoice.* , supplier.nama from pembelian_invoice JOIN supplier ON supplier.kd_supp = pembelian_invoice.kd_supp where no_invoice='34829'
[15:08:08] [INFO]: Query untuk mengambil detail invoice: SELECT * from pembelian_invoice_detail where no_invoice='34829' 
[15:08:08] [INFO]: Query untuk mengambil detail invoice: SELECT pid.*, b.nama, SUM(pd.disc) as tot_disc, p.ppn, pb.jumlah_datang as jumlah_barang_datang, p.tarif_ppn
                                                                        FROM
                                                                        pembelian p 
                                                                        join pembelian_detail pd on p.kd_beli = pd.kd_beli 
                                                                        join pembelian_invoice pi on pi.kd_po = p.kd_po 
                                                                        join pembelian_invoice_detail pid on pid.kd_po = pi.kd_po
                                                                        join barang b on pid.kd_brg = b.kd_brg 
                                                                        left join penerimaan_barang pb on pid.kd_brg =pb.kd_brg  and pid.kd_po =pb.kd_po 
                                                                        WHERE pid.no_invoice = '34829'
                                                                        GROUP BY pid.kd_po, pid.kd_brg;
                                                                        
[15:08:17] [INFO]: Query: SELECT no_account, deskripsi FROM account WHERE kd_jenis = '11'
[15:08:23] [INFO]: Aksi payment accessed by user: 
[15:08:23] [INFO]: User Starttttt is authenticated. Processing action for route: payment_add and act: input
[15:08:23] [INFO]: Database connection established and helper functions included.
[15:08:23] [INFO]: Memproses input payment dengan data: {"nomor_invoice":"34829","no_invoice":"PO-5336","kd_po":{"1":"PO-5336","2":"PO-5336"},"nama_supplier":"POCARI","ppn":"0","tanggal_payment":"2026-05-13","metode_payment":"11","akun":"1001001","reff":"","jumlah_payment":"276000","status_lunas":"LUNAS","id":{"1":"34829","2":"34829"},"kd_brg":{"1":"8997035563414","2":"8997035563544"},"jumlah_datang":{"1":"24","2":"24"},"jumlah":{"1":"24","2":"24"},"harga":{"1":"6,250","2":"5,250"},"diskon":{"1":"0","2":"0"},"subtotal":{"1":"150,000","2":"126,000"}}
[15:08:23] [INFO]: Query untuk mencari nomor payment terakhir: SELECT no_payment FROM payment WHERE no_payment LIKE 'PAY-OUT-2605%' ORDER BY no_payment DESC LIMIT 1
[15:08:23] [INFO]: Ditemukan payment sebelumnya di bulan yang sama.
[15:08:23] [INFO]: UPDATE pembelian_invoice SET status_payment = '2' WHERE no_invoice = '34829'
