[11:40:57] [INFO]: Aksi payment accessed by user: 
[11:40:57] [INFO]: User Starttttt is authenticated. Processing action for route: payment_based_supplier and act: report
[11:40:57] [INFO]: Database connection established and helper functions included.
[11:40:57] [INFO]: location:../../main.php?route=payment_based_supplier&act=report&filter=supplier&nilai=SUPP-0178
[11:41:01] [INFO]: Memasuki halaman payment_tambah.php
[11:41:01] [INFO]: Query untuk mengambil detail invoice: SELECT pembelian_invoice.* , supplier.nama from pembelian_invoice JOIN supplier ON supplier.kd_supp = pembelian_invoice.kd_supp where no_invoice='44325'
[11:41:01] [INFO]: Query untuk mengambil detail invoice: SELECT * from pembelian_invoice_detail where no_invoice='44325' 
[11:41:01] [INFO]: Query untuk mengambil detail invoice: SELECT pid.*, b.nama, SUM(pd.disc) as tot_disc, p.ppn, pb.jumlah_datang as jumlah_barang_datang, p.tarif_ppn
                                                                        FROM
                                                                        pembelian p 
                                                                        join pembelian_detail pd on p.kd_beli = pd.kd_beli 
                                                                        join pembelian_invoice pi on pi.kd_po = p.kd_po 
                                                                        join pembelian_invoice_detail pid on pid.kd_po = pi.kd_po
                                                                        join barang b on pid.kd_brg = b.kd_brg 
                                                                        left join penerimaan_barang pb on pid.kd_brg =pb.kd_brg  and pid.kd_po =pb.kd_po 
                                                                        WHERE pid.no_invoice = '44325'
                                                                        GROUP BY pid.kd_po, pid.kd_brg;
                                                                        
[11:41:06] [INFO]: Query: SELECT no_account, deskripsi FROM account WHERE kd_jenis = '11'
[11:41:13] [INFO]: Aksi payment accessed by user: 
[11:41:13] [INFO]: User Starttttt is authenticated. Processing action for route: payment_add and act: input
[11:41:13] [INFO]: Database connection established and helper functions included.
[11:41:13] [INFO]: Memproses input payment dengan data: {"nomor_invoice":"44325","no_invoice":"PO-5518","kd_po":{"1":"PO-5518","2":"PO-5518","3":"PO-5518","4":"PO-5518","5":"PO-5518","6":"PO-5518","7":"PO-5518","8":"PO-5518"},"nama_supplier":"SAMPOERNA","ppn":"0","tanggal_payment":"2026-06-05","metode_payment":"11","akun":"1001001","reff":"","jumlah_payment":"2079000","status_lunas":"LUNAS","id":{"1":"44325","2":"44325","3":"44325","4":"44325","5":"44325","6":"44325","7":"44325","8":"44325"},"kd_brg":{"1":"8997223733971","2":"8999909000773","3":"8999909001909","4":"8999909012547","5":"8999909014213","6":"8999909028234","7":"8999909085114","8":"8999909096004"},"jumlah_datang":{"1":"10","2":"10","3":"10","4":"10","5":"10","6":"10","7":"10","8":"20"},"jumlah":{"1":"10","2":"10","3":"10","4":"10","5":"10","6":"10","7":"10","8":"20"},"harga":{"1":"24,750","2":"23,600","3":"26,300","4":"14,800","5":"13,550","6":"19,250","7":"15,350","8":"35,150"},"diskon":{"1":"0","2":"0","3":"0","4":"0","5":"0","6":"0","7":"0","8":"0"},"subtotal":{"1":"247,500","2":"236,000","3":"263,000","4":"148,000","5":"135,500","6":"192,500","7":"153,500","8":"703,000"}}
[11:41:13] [INFO]: Query untuk mencari nomor payment terakhir: SELECT no_payment FROM payment WHERE no_payment LIKE 'PAY-OUT-2606%' ORDER BY no_payment DESC LIMIT 1
[11:41:13] [INFO]: Ditemukan payment sebelumnya di bulan yang sama.
[11:41:13] [INFO]: UPDATE pembelian_invoice SET status_payment = '2' WHERE no_invoice = '44325'
[11:41:34] [INFO]: Aksi payment accessed by user: 
[11:41:34] [INFO]: User Starttttt is authenticated. Processing action for route: payment_based_supplier and act: report
[11:41:34] [INFO]: Database connection established and helper functions included.
[11:41:34] [INFO]: location:../../main.php?route=payment_based_supplier&act=report&filter=supplier&nilai=SUPP-0082
[11:41:35] [INFO]: Memasuki halaman payment_tambah.php
[11:41:35] [INFO]: Query untuk mengambil detail invoice: SELECT pembelian_invoice.* , supplier.nama from pembelian_invoice JOIN supplier ON supplier.kd_supp = pembelian_invoice.kd_supp where no_invoice='114265'
[11:41:35] [INFO]: Query untuk mengambil detail invoice: SELECT * from pembelian_invoice_detail where no_invoice='114265' 
[11:41:35] [INFO]: Query untuk mengambil detail invoice: SELECT pid.*, b.nama, SUM(pd.disc) as tot_disc, p.ppn, pb.jumlah_datang as jumlah_barang_datang, p.tarif_ppn
                                                                        FROM
                                                                        pembelian p 
                                                                        join pembelian_detail pd on p.kd_beli = pd.kd_beli 
                                                                        join pembelian_invoice pi on pi.kd_po = p.kd_po 
                                                                        join pembelian_invoice_detail pid on pid.kd_po = pi.kd_po
                                                                        join barang b on pid.kd_brg = b.kd_brg 
                                                                        left join penerimaan_barang pb on pid.kd_brg =pb.kd_brg  and pid.kd_po =pb.kd_po 
                                                                        WHERE pid.no_invoice = '114265'
                                                                        GROUP BY pid.kd_po, pid.kd_brg;
                                                                        
[11:41:41] [INFO]: Query: SELECT no_account, deskripsi FROM account WHERE kd_jenis = '11'
[11:41:44] [INFO]: Aksi payment accessed by user: 
[11:41:44] [INFO]: User Starttttt is authenticated. Processing action for route: payment_add and act: input
[11:41:44] [INFO]: Database connection established and helper functions included.
[11:41:44] [INFO]: Memproses input payment dengan data: {"nomor_invoice":"114265","no_invoice":"PO-5519","kd_po":{"1":"PO-5519","2":"PO-5519","3":"PO-5519","4":"PO-5519","5":"PO-5519"},"nama_supplier":"GUDANG GARAM","ppn":"0","tanggal_payment":"2026-06-05","metode_payment":"11","akun":"1001001","reff":"","jumlah_payment":"1290600","status_lunas":"LUNAS","id":{"1":"114265","2":"114265","3":"114265","4":"114265","5":"114265"},"kd_brg":{"1":"8998989100120","2":"8998989110167","3":"8998989300261","4":"8998989300476","5":"8998989501125"},"jumlah_datang":{"1":"20","2":"5","3":"10","4":"2","5":"20"},"jumlah":{"1":"20","2":"5","3":"10","4":"2","5":"20"},"harga":{"1":"25,950","2":"35,000","3":"25,950","4":"14,550","5":"15,400"},"diskon":{"1":"0","2":"0","3":"0","4":"0","5":"0"},"subtotal":{"1":"519,000","2":"175,000","3":"259,500","4":"29,100","5":"308,000"}}
[11:41:44] [INFO]: Query untuk mencari nomor payment terakhir: SELECT no_payment FROM payment WHERE no_payment LIKE 'PAY-OUT-2606%' ORDER BY no_payment DESC LIMIT 1
[11:41:44] [INFO]: Ditemukan payment sebelumnya di bulan yang sama.
[11:41:44] [INFO]: UPDATE pembelian_invoice SET status_payment = '2' WHERE no_invoice = '114265'
[11:41:56] [INFO]: Aksi payment accessed by user: 
[11:41:56] [INFO]: User Starttttt is authenticated. Processing action for route: payment_based_supplier and act: report
[11:41:56] [INFO]: Database connection established and helper functions included.
[11:41:56] [INFO]: location:../../main.php?route=payment_based_supplier&act=report&filter=supplier&nilai=SUPP-0028
[11:42:03] [INFO]: Memasuki halaman payment_tambah.php
[11:42:03] [INFO]: Query untuk mengambil detail invoice: SELECT pembelian_invoice.* , supplier.nama from pembelian_invoice JOIN supplier ON supplier.kd_supp = pembelian_invoice.kd_supp where no_invoice='200226'
[11:42:03] [INFO]: Query untuk mengambil detail invoice: SELECT * from pembelian_invoice_detail where no_invoice='200226' 
[11:42:03] [INFO]: Query untuk mengambil detail invoice: SELECT pid.*, b.nama, SUM(pd.disc) as tot_disc, p.ppn, pb.jumlah_datang as jumlah_barang_datang, p.tarif_ppn
                                                                        FROM
                                                                        pembelian p 
                                                                        join pembelian_detail pd on p.kd_beli = pd.kd_beli 
                                                                        join pembelian_invoice pi on pi.kd_po = p.kd_po 
                                                                        join pembelian_invoice_detail pid on pid.kd_po = pi.kd_po
                                                                        join barang b on pid.kd_brg = b.kd_brg 
                                                                        left join penerimaan_barang pb on pid.kd_brg =pb.kd_brg  and pid.kd_po =pb.kd_po 
                                                                        WHERE pid.no_invoice = '200226'
                                                                        GROUP BY pid.kd_po, pid.kd_brg;
                                                                        
[11:42:12] [INFO]: Query: SELECT no_account, deskripsi FROM account WHERE kd_jenis = '11'
[11:42:16] [INFO]: Aksi payment accessed by user: 
[11:42:16] [INFO]: User Starttttt is authenticated. Processing action for route: payment_add and act: input
[11:42:16] [INFO]: Database connection established and helper functions included.
[11:42:16] [INFO]: Memproses input payment dengan data: {"nomor_invoice":"200226","no_invoice":"PO-5505","kd_po":{"1":"PO-5505","2":"PO-5505"},"nama_supplier":"BENTOEL","ppn":"0","tanggal_payment":"2026-06-05","metode_payment":"11","akun":"1001001","reff":"","jumlah_payment":"584000","status_lunas":"LUNAS","id":{"1":"200226","2":"200226"},"kd_brg":{"1":"8998127912370","2":"8998127921754"},"jumlah_datang":{"1":"10","2":"10"},"jumlah":{"1":"10","2":"10"},"harga":{"1":"37,000","2":"21,400"},"diskon":{"1":"0","2":"0"},"subtotal":{"1":"370,000","2":"214,000"}}
[11:42:16] [INFO]: Query untuk mencari nomor payment terakhir: SELECT no_payment FROM payment WHERE no_payment LIKE 'PAY-OUT-2606%' ORDER BY no_payment DESC LIMIT 1
[11:42:16] [INFO]: Ditemukan payment sebelumnya di bulan yang sama.
[11:42:16] [INFO]: UPDATE pembelian_invoice SET status_payment = '2' WHERE no_invoice = '200226'
[11:43:19] [INFO]: Aksi payment accessed by user: 
[11:43:19] [INFO]: User Starttttt is authenticated. Processing action for route: payment_based_supplier and act: report
[11:43:19] [INFO]: Database connection established and helper functions included.
[11:43:19] [INFO]: location:../../main.php?route=payment_based_supplier&act=report&filter=supplier&nilai=SUPP-0146
[11:43:26] [INFO]: Memasuki halaman payment_tambah.php
[11:43:26] [INFO]: Query untuk mengambil detail invoice: SELECT pembelian_invoice.* , supplier.nama from pembelian_invoice JOIN supplier ON supplier.kd_supp = pembelian_invoice.kd_supp where no_invoice='60468'
[11:43:26] [INFO]: Query untuk mengambil detail invoice: SELECT * from pembelian_invoice_detail where no_invoice='60468' 
[11:43:26] [INFO]: Query untuk mengambil detail invoice: SELECT pid.*, b.nama, SUM(pd.disc) as tot_disc, p.ppn, pb.jumlah_datang as jumlah_barang_datang, p.tarif_ppn
                                                                        FROM
                                                                        pembelian p 
                                                                        join pembelian_detail pd on p.kd_beli = pd.kd_beli 
                                                                        join pembelian_invoice pi on pi.kd_po = p.kd_po 
                                                                        join pembelian_invoice_detail pid on pid.kd_po = pi.kd_po
                                                                        join barang b on pid.kd_brg = b.kd_brg 
                                                                        left join penerimaan_barang pb on pid.kd_brg =pb.kd_brg  and pid.kd_po =pb.kd_po 
                                                                        WHERE pid.no_invoice = '60468'
                                                                        GROUP BY pid.kd_po, pid.kd_brg;
                                                                        
[11:43:31] [INFO]: Query: SELECT no_account, deskripsi FROM account WHERE kd_jenis = '11'
[11:43:35] [INFO]: Aksi payment accessed by user: 
[11:43:35] [INFO]: User Starttttt is authenticated. Processing action for route: payment_add and act: input
[11:43:35] [INFO]: Database connection established and helper functions included.
[11:43:35] [INFO]: Memproses input payment dengan data: {"nomor_invoice":"60468","no_invoice":"PO-5517","kd_po":{"1":"PO-5517","2":"PO-5517","3":"PO-5517","4":"PO-5517","5":"PO-5517","6":"PO-5517","7":"PO-5517","8":"PO-5517","9":"PO-5517","10":"PO-5517","11":"PO-5517","12":"PO-5517","13":"PO-5517","14":"PO-5517","15":"PO-5517","16":"PO-5517","17":"PO-5517","18":"PO-5517"},"nama_supplier":"NIAGATAMA RETALINDO","ppn":"0","tanggal_payment":"2026-06-05","metode_payment":"11","akun":"1001001","reff":"","jumlah_payment":"2169720","status_lunas":"LUNAS","id":{"1":"60468","2":"60468","3":"60468","4":"60468","5":"60468","6":"60468","7":"60468","8":"60468","9":"60468","10":"60468","11":"60468","12":"60468","13":"60468","14":"60468","15":"60468","16":"60468","17":"60468","18":"60468"},"kd_brg":{"1":"8996001301111","2":"8996001301142","3":"8996001302248","4":"8996001302323","5":"8996001302347","6":"8996001302637","7":"8996001304549","8":"8996001304921","9":"8996001304983","10":"8996001304990","11":"8996001305003","12":"8996001305072","13":"8996001305119","14":"8996001308011","15":"8996001314005","16":"8996001316009","17":"8996001316023","18":"8996001316047"},"jumlah_datang":{"1":"20","2":"56","3":"20","4":"12","5":"40","6":"12","7":"20","8":"20","9":"20","10":"24","11":"24","12":"12","13":"80","14":"24","15":"28","16":"24","17":"24","18":"24"},"jumlah":{"1":"20","2":"56","3":"20","4":"12","5":"40","6":"12","7":"20","8":"20","9":"20","10":"24","11":"24","12":"12","13":"80","14":"24","15":"28","16":"24","17":"24","18":"24"},"harga":{"1":"1,600","2":"8,200","3":"6,100","4":"5,650","5":"9,100","6":"6,000","7":"1,600","8":"1,600","9":"1,600","10":"7,100","11":"7,100","12":"6,600","13":"1,730","14":"1,730","15":"8,500","16":"1,650","17":"1,650","18":"1,650"},"diskon":{"1":"0","2":"0","3":"0","4":"0","5":"0","6":"0","7":"0","8":"0","9":"0","10":"0","11":"0","12":"0","13":"0","14":"0","15":"0","16":"0","17":"0","18":"0"},"subtotal":{"1":"32,000","2":"459,200","3":"122,000","4":"67,800","5":"364,000","6":"72,000","7":"32,000","8":"32,000","9":"32,000","10":"170,400","11":"170,400","12":"79,200","13":"138,400","14":"41,520","15":"238,000","16":"39,600","17":"39,600","18":"39,600"}}
[11:43:35] [INFO]: Query untuk mencari nomor payment terakhir: SELECT no_payment FROM payment WHERE no_payment LIKE 'PAY-OUT-2606%' ORDER BY no_payment DESC LIMIT 1
[11:43:35] [INFO]: Ditemukan payment sebelumnya di bulan yang sama.
[11:43:35] [INFO]: UPDATE pembelian_invoice SET status_payment = '2' WHERE no_invoice = '60468'
[11:44:47] [INFO]: Aksi payment accessed by user: 
[11:44:47] [INFO]: User Starttttt is authenticated. Processing action for route: payment_based_supplier and act: report
[11:44:47] [INFO]: Database connection established and helper functions included.
[11:44:47] [INFO]: location:../../main.php?route=payment_based_supplier&act=report&filter=supplier&nilai=SUPP-0234
[11:45:18] [INFO]: Memasuki halaman payment_tambah.php
[11:45:18] [INFO]: Query untuk mengambil detail invoice: SELECT pembelian_invoice.* , supplier.nama from pembelian_invoice JOIN supplier ON supplier.kd_supp = pembelian_invoice.kd_supp where no_invoice='506926'
[11:45:18] [INFO]: Query untuk mengambil detail invoice: SELECT * from pembelian_invoice_detail where no_invoice='506926' 
[11:45:18] [INFO]: Query untuk mengambil detail invoice: SELECT pid.*, b.nama, SUM(pd.disc) as tot_disc, p.ppn, pb.jumlah_datang as jumlah_barang_datang, p.tarif_ppn
                                                                        FROM
                                                                        pembelian p 
                                                                        join pembelian_detail pd on p.kd_beli = pd.kd_beli 
                                                                        join pembelian_invoice pi on pi.kd_po = p.kd_po 
                                                                        join pembelian_invoice_detail pid on pid.kd_po = pi.kd_po
                                                                        join barang b on pid.kd_brg = b.kd_brg 
                                                                        left join penerimaan_barang pb on pid.kd_brg =pb.kd_brg  and pid.kd_po =pb.kd_po 
                                                                        WHERE pid.no_invoice = '506926'
                                                                        GROUP BY pid.kd_po, pid.kd_brg;
                                                                        
[11:45:28] [INFO]: Query: SELECT no_account, deskripsi FROM account WHERE kd_jenis = '11'
[11:45:32] [INFO]: Aksi payment accessed by user: 
[11:45:32] [INFO]: User Starttttt is authenticated. Processing action for route: payment_add and act: input
[11:45:32] [INFO]: Database connection established and helper functions included.
[11:45:32] [INFO]: Memproses input payment dengan data: {"nomor_invoice":"506926","no_invoice":"PO-5506","kd_po":{"1":"PO-5506","2":"PO-5506","3":"PO-5506","4":"PO-5506","5":"PO-5506","6":"PO-5506","7":"PO-5506","8":"PO-5506","9":"PO-5506","10":"PO-5506","11":"PO-5506","12":"PO-5506","13":"PO-5506","14":"PO-5506","15":"PO-5506","16":"PO-5506","17":"PO-5506","18":"PO-5506","19":"PO-5506","20":"PO-5506","21":"PO-5506"},"nama_supplier":"TRIYANTO SUKSES MANDIRI","ppn":"0","tanggal_payment":"2026-06-05","metode_payment":"11","akun":"1001001","reff":"","jumlah_payment":"1226699","status_lunas":"LUNAS","id":{"1":"506926","2":"506926","3":"506926","4":"506926","5":"506926","6":"506926","7":"506926","8":"506926","9":"506926","10":"506926","11":"506926","12":"506926","13":"506926","14":"506926","15":"506926","16":"506926","17":"506926","18":"506926","19":"506926","20":"506926","21":"506926"},"kd_brg":{"1":"8992933151114","2":"8992933152111","3":"8992933161120","4":"8992933164121","5":"8992933171112","6":"8992933219111","7":"8992933241112","8":"8992933246117","9":"8992933323115","10":"8992933324112","11":"8992933329117","12":"8992933411119","13":"8992933415117","14":"8992933421118","15":"8992933422115","16":"8992933424119","17":"8992933442113","18":"8992933461114","19":"8992933469110","20":"8992933561111","21":"8992933771114"},"jumlah_datang":{"1":"10","2":"10","3":"24","4":"24","5":"6","6":"12","7":"24","8":"12","9":"24","10":"36","11":"24","12":"24","13":"24","14":"12","15":"12","16":"12","17":"6","18":"3","19":"3","20":"3","21":"12"},"jumlah":{"1":"10","2":"10","3":"24","4":"24","5":"6","6":"12","7":"24","8":"12","9":"24","10":"36","11":"24","12":"24","13":"24","14":"12","15":"12","16":"12","17":"6","18":"3","19":"3","20":"3","21":"12"},"harga":{"1":"4,084","2":"4,084","3":"3,470","4":"3,470","5":"8,144","6":"4,165","7":"5,074","8":"5,074","9":"1,668","10":"2,431","11":"1,668","12":"1,668","13":"2,431","14":"3,470","15":"3,470","16":"4,073","17":"8,475","18":"8,144","19":"8,144","20":"20,543","21":"11,458"},"diskon":{"1":"0","2":"0","3":"0","4":"0","5":"0","6":"0","7":"0","8":"0","9":"0","10":"0","11":"0","12":"0","13":"0","14":"0","15":"0","16":"0","17":"0","18":"0","19":"0","20":"0","21":"0"},"subtotal":{"1":"40,840","2":"40,840","3":"83,280","4":"83,280","5":"48,864","6":"49,980","7":"121,776","8":"60,888","9":"40,032","10":"87,516","11":"40,032","12":"40,032","13":"58,344","14":"41,640","15":"41,640","16":"48,876","17":"50,850","18":"24,432","19":"24,432","20":"61,629","21":"137,496"}}
[11:45:32] [INFO]: Query untuk mencari nomor payment terakhir: SELECT no_payment FROM payment WHERE no_payment LIKE 'PAY-OUT-2606%' ORDER BY no_payment DESC LIMIT 1
[11:45:32] [INFO]: Ditemukan payment sebelumnya di bulan yang sama.
[11:45:32] [INFO]: UPDATE pembelian_invoice SET status_payment = '2' WHERE no_invoice = '506926'
[11:48:23] [INFO]: Aksi payment accessed by user: 
[11:48:23] [INFO]: User Starttttt is authenticated. Processing action for route: payment_based_supplier and act: report
[11:48:23] [INFO]: Database connection established and helper functions included.
[11:48:23] [INFO]: location:../../main.php?route=payment_based_supplier&act=report&filter=supplier&nilai=SUPP-0188
[11:48:28] [INFO]: Memasuki halaman payment_tambah.php
[11:48:28] [INFO]: Query untuk mengambil detail invoice: SELECT pembelian_invoice.* , supplier.nama from pembelian_invoice JOIN supplier ON supplier.kd_supp = pembelian_invoice.kd_supp where no_invoice='8677'
[11:48:28] [INFO]: Query untuk mengambil detail invoice: SELECT * from pembelian_invoice_detail where no_invoice='8677' 
[11:48:28] [INFO]: Query untuk mengambil detail invoice: SELECT pid.*, b.nama, SUM(pd.disc) as tot_disc, p.ppn, pb.jumlah_datang as jumlah_barang_datang, p.tarif_ppn
                                                                        FROM
                                                                        pembelian p 
                                                                        join pembelian_detail pd on p.kd_beli = pd.kd_beli 
                                                                        join pembelian_invoice pi on pi.kd_po = p.kd_po 
                                                                        join pembelian_invoice_detail pid on pid.kd_po = pi.kd_po
                                                                        join barang b on pid.kd_brg = b.kd_brg 
                                                                        left join penerimaan_barang pb on pid.kd_brg =pb.kd_brg  and pid.kd_po =pb.kd_po 
                                                                        WHERE pid.no_invoice = '8677'
                                                                        GROUP BY pid.kd_po, pid.kd_brg;
                                                                        
[11:48:36] [INFO]: Query: SELECT no_account, deskripsi FROM account WHERE kd_jenis = '11'
[11:48:40] [INFO]: Aksi payment accessed by user: 
[11:48:40] [INFO]: User Starttttt is authenticated. Processing action for route: payment_add and act: input
[11:48:40] [INFO]: Database connection established and helper functions included.
[11:48:40] [INFO]: Memproses input payment dengan data: {"nomor_invoice":"8677","no_invoice":"PO-5401","kd_po":{"1":"PO-5401","2":"PO-5401","3":"PO-5401","4":"PO-5401","5":"PO-5401","6":"PO-5401","7":"PO-5401","8":"PO-5401","9":"PO-5401","10":"PO-5401","11":"PO-5401","12":"PO-5401","13":"PO-5401","14":"PO-5401","15":"PO-5401","16":"PO-5401","17":"PO-5401","18":"PO-5401","19":"PO-5401","20":"PO-5401","21":"PO-5401","22":"PO-5401","23":"PO-5401","24":"PO-5401"},"nama_supplier":"SINAR NIAGA SEJAHTERA","ppn":"0","tanggal_payment":"2026-06-05","metode_payment":"11","akun":"1001001","reff":"","jumlah_payment":"3007968","status_lunas":"LUNAS","id":{"1":"8677","2":"8677","3":"8677","4":"8677","5":"8677","6":"8677","7":"8677","8":"8677","9":"8677","10":"8677","11":"8677","12":"8677","13":"8677","14":"8677","15":"8677","16":"8677","17":"8677","18":"8677","19":"8677","20":"8677","21":"8677","22":"8677","23":"8677","24":"8677"},"kd_brg":{"1":"8992775001042","2":"8992775002193","3":"8992775002391","4":"8992775005422","5":"8992775005897","6":"8992775100417","7":"8992775100660","8":"8992775100998","9":"8992775101087","10":"8992775101315","11":"8992775110317","12":"8992775111291","13":"8992775112144","14":"8992775203415","15":"8992775203422","16":"8992775204009","17":"8992775211410","18":"8992775211434","19":"8992775305102","20":"8992775305164","21":"8992775311608","22":"8992775311981","23":"8992775312452","24":"8992775315095"},"jumlah_datang":{"1":"10","2":"60","3":"60","4":"30","5":"96","6":"120","7":"60","8":"60","9":"144","10":"160","11":"30","12":"120","13":"20","14":"60","15":"30","16":"10","17":"10","18":"10","19":"30","20":"30","21":"384","22":"104","23":"288","24":"30"},"jumlah":{"1":"10","2":"60","3":"60","4":"30","5":"96","6":"120","7":"60","8":"60","9":"144","10":"160","11":"30","12":"120","13":"20","14":"60","15":"30","16":"10","17":"10","18":"10","19":"30","20":"30","21":"384","22":"104","23":"288","24":"30"},"harga":{"1":"4,999","2":"1,700","3":"1,730","4":"6,449","5":"1,699","6":"1,649","7":"819","8":"1,700","9":"1,666","10":"850","11":"1,650","12":"850","13":"4,050","14":"1,650","15":"7,560","16":"7,600","17":"4,999","18":"4,999","19":"6,200","20":"6,200","21":"430","22":"860","23":"430","24":"6,200"},"diskon":{"1":"0","2":"0","3":"0","4":"0","5":"0","6":"0","7":"0","8":"0","9":"0","10":"0","11":"0","12":"0","13":"0","14":"0","15":"0","16":"0","17":"0","18":"0","19":"0","20":"0","21":"0","22":"0","23":"0","24":"0"},"subtotal":{"1":"49,990","2":"102,000","3":"103,800","4":"193,470","5":"163,104","6":"197,880","7":"49,140","8":"102,000","9":"239,904","10":"136,000","11":"49,500","12":"102,000","13":"81,000","14":"99,000","15":"226,800","16":"76,000","17":"49,990","18":"49,990","19":"186,000","20":"186,000","21":"165,120","22":"89,440","23":"123,840","24":"186,000"}}
[11:48:40] [INFO]: Query untuk mencari nomor payment terakhir: SELECT no_payment FROM payment WHERE no_payment LIKE 'PAY-OUT-2606%' ORDER BY no_payment DESC LIMIT 1
[11:48:40] [INFO]: Ditemukan payment sebelumnya di bulan yang sama.
[11:48:40] [INFO]: UPDATE pembelian_invoice SET status_payment = '2' WHERE no_invoice = '8677'
[11:50:24] [INFO]: Aksi payment accessed by user: 
[11:50:24] [INFO]: User Starttttt is authenticated. Processing action for route: payment_based_supplier and act: report
[11:50:24] [INFO]: Database connection established and helper functions included.
[11:50:24] [INFO]: location:../../main.php?route=payment_based_supplier&act=report&filter=supplier&nilai=SUPP-0259
[11:50:36] [INFO]: Memasuki halaman payment_tambah.php
[11:50:36] [INFO]: Query untuk mengambil detail invoice: SELECT pembelian_invoice.* , supplier.nama from pembelian_invoice JOIN supplier ON supplier.kd_supp = pembelian_invoice.kd_supp where no_invoice='5606'
[11:50:36] [INFO]: Query untuk mengambil detail invoice: SELECT * from pembelian_invoice_detail where no_invoice='5606' 
[11:50:36] [INFO]: Query untuk mengambil detail invoice: SELECT pid.*, b.nama, SUM(pd.disc) as tot_disc, p.ppn, pb.jumlah_datang as jumlah_barang_datang, p.tarif_ppn
                                                                        FROM
                                                                        pembelian p 
                                                                        join pembelian_detail pd on p.kd_beli = pd.kd_beli 
                                                                        join pembelian_invoice pi on pi.kd_po = p.kd_po 
                                                                        join pembelian_invoice_detail pid on pid.kd_po = pi.kd_po
                                                                        join barang b on pid.kd_brg = b.kd_brg 
                                                                        left join penerimaan_barang pb on pid.kd_brg =pb.kd_brg  and pid.kd_po =pb.kd_po 
                                                                        WHERE pid.no_invoice = '5606'
                                                                        GROUP BY pid.kd_po, pid.kd_brg;
                                                                        
[11:51:37] [INFO]: Query: SELECT no_account, deskripsi FROM account WHERE kd_jenis = '11'
[11:51:42] [INFO]: Aksi payment accessed by user: 
[11:51:42] [INFO]: User Starttttt is authenticated. Processing action for route: payment_add and act: input
[11:51:42] [INFO]: Database connection established and helper functions included.
[11:51:42] [INFO]: Memproses input payment dengan data: {"nomor_invoice":"5606","no_invoice":"PO-5372","kd_po":{"1":"PO-5372","2":"PO-5372","3":"PO-5372","4":"PO-5372","5":"PO-5372","6":"PO-5372","7":"PO-5372","8":"PO-5372","9":"PO-5372","10":"PO-5372","11":"PO-5372","12":"PO-5372","13":"PO-5372","14":"PO-5372","15":"PO-5372","16":"PO-5372","17":"PO-5372","18":"PO-5372","19":"PO-5372","20":"PO-5372","21":"PO-5372","22":"PO-5372","23":"PO-5372","24":"PO-5372","25":"PO-5372","26":"PO-5372","27":"PO-5372","28":"PO-5372","29":"PO-5372","30":"PO-5372","31":"PO-5372","32":"PO-5372","33":"PO-5372","34":"PO-5372","35":"PO-5372","36":"PO-5372","37":"PO-5372","38":"PO-5372","39":"PO-5372","40":"PO-5372","41":"PO-5372","42":"PO-5372","43":"PO-5372","44":"PO-5372","45":"PO-5372","46":"PO-5372","47":"PO-5372","48":"PO-5372","49":"PO-5372","50":"PO-5372","51":"PO-5372","52":"PO-5372","53":"PO-5372","54":"PO-5372","55":"PO-5372","56":"PO-5372","57":"PO-5372","58":"PO-5372","59":"PO-5372","60":"PO-5372","61":"PO-5372","62":"PO-5372","63":"PO-5372","64":"PO-5372","65":"PO-5372","66":"PO-5372","67":"PO-5372","68":"PO-5372"},"nama_supplier":"SAYAP MAS UTAMA","ppn":"0","tanggal_payment":"2026-06-05","metode_payment":"11","akun":"1001001","reff":"","jumlah_payment":"10286110","status_lunas":"LUNAS","id":{"1":"5606","2":"5606","3":"5606","4":"5606","5":"5606","6":"5606","7":"5606","8":"5606","9":"5606","10":"5606","11":"5606","12":"5606","13":"5606","14":"5606","15":"5606","16":"5606","17":"5606","18":"5606","19":"5606","20":"5606","21":"5606","22":"5606","23":"5606","24":"5606","25":"5606","26":"5606","27":"5606","28":"5606","29":"5606","30":"5606","31":"5606","32":"5606","33":"5606","34":"5606","35":"5606","36":"5606","37":"5606","38":"5606","39":"5606","40":"5606","41":"5606","42":"5606","43":"5606","44":"5606","45":"5606","46":"5606","47":"5606","48":"5606","49":"5606","50":"5606","51":"5606","52":"5606","53":"5606","54":"5606","55":"5606","56":"5606","57":"5606","58":"5606","59":"5606","60":"5606","61":"5606","62":"5606","63":"5606","64":"5606","65":"5606","66":"5606","67":"5606","68":"5606"},"kd_brg":{"1":"8998866100250","2":"8998866103084","3":"8998866108980","4":"8998866500517","5":"8998866500531","6":"8998866500555","7":"8998866601962","8":"8998866602747","9":"8998866604703","10":"8998866604956","11":"8998866605649","12":"8998866607322","13":"8998866608329","14":"8998866608404","15":"8998866608701","16":"8998866608749","17":"8998866608756","18":"8998866608961","19":"8998866608978","20":"8998866609159","21":"8998866611107","22":"8998866611152","23":"8998866611787","24":"8998866612241","25":"8998866612371","26":"8998866612388","27":"8998866613569","28":"8998866614122","29":"8998866614146","30":"8998866618106","31":"8998866618281","32":"8998866618625","33":"8998866618632","34":"8998866619004","35":"8998866619028","36":"8998866619295","37":"8998866622608","38":"8998866622929","39":"8998866622936","40":"8998866622950","41":"8998866623766","42":"8998866623773","43":"8998866624008","44":"8998866627764","45":"8998866628099","46":"8998866629997","47":"8998866630382","48":"8998866631075","49":"8998866631280","50":"8998866632034","51":"8998866632133","52":"8998866632409","53":"8998866633246","54":"8998866633284","55":"8998866671736","56":"8998866803618","57":"8998866805391","58":"8998866805407","59":"8998866805421","60":"8998866805438","61":"8998866808217","62":"8998866808262","63":"8998866808361","64":"8998866808415","65":"8998866808705","66":"8998866808712","67":"8998866808873","68":"8998866808880"},"jumlah_datang":{"1":"12","2":"12","3":"20","4":"240","5":"6","6":"4","7":"10","8":"12","9":"12","10":"72","11":"12","12":"72","13":"48","14":"96","15":"72","16":"96","17":"24","18":"200","19":"120","20":"200","21":"12","22":"48","23":"96","24":"200","25":"4","26":"48","27":"24","28":"4","29":"48","30":"48","31":"72","32":"200","33":"120","34":"48","35":"4","36":"72","37":"30","38":"6","39":"30","40":"30","41":"120","42":"6","43":"4","44":"6","45":"30","46":"24","47":"6","48":"72","49":"60","50":"30","51":"200","52":"20","53":"72","54":"72","55":"48","56":"200","57":"120","58":"200","59":"6","60":"6","61":"6","62":"4","63":"4","64":"12","65":"48","66":"48","67":"120","68":"200"},"jumlah":{"1":"12","2":"12","3":"20","4":"240","5":"6","6":"4","7":"10","8":"12","9":"12","10":"72","11":"12","12":"72","13":"48","14":"96","15":"72","16":"96","17":"24","18":"200","19":"120","20":"200","21":"12","22":"48","23":"96","24":"200","25":"4","26":"48","27":"24","28":"4","29":"48","30":"48","31":"72","32":"200","33":"120","34":"48","35":"4","36":"72","37":"30","38":"6","39":"30","40":"30","41":"120","42":"6","43":"4","44":"6","45":"30","46":"24","47":"6","48":"72","49":"60","50":"30","51":"200","52":"20","53":"72","54":"72","55":"48","56":"200","57":"120","58":"200","59":"6","60":"6","61":"6","62":"4","63":"4","64":"12","65":"48","66":"48","67":"120","68":"200"},"harga":{"1":"4,980","2":"4,980","3":"2,340","4":"1,575","5":"37,100","6":"54,096","7":"22,894","8":"9,995","9":"7,602","10":"775","11":"3,640","12":"775","13":"4,350","14":"1,104","15":"775","16":"1,104","17":"4,416","18":"1,155","19":"775","20":"1,155","21":"7,602","22":"4,350","23":"1,104","24":"1,155","25":"13,700","26":"2,208","27":"4,416","28":"13,700","29":"2,280","30":"4,350","31":"775","32":"1,155","33":"774","34":"2,208","35":"13,700","36":"775","37":"17,100","38":"16,800","39":"17,100","40":"17,100","41":"774","42":"10,579","43":"13,700","44":"17,654","45":"17,100","46":"4,416","47":"13,700","48":"775","49":"1,570","50":"17,100","51":"1,155","52":"4,710","53":"775","54":"775","55":"4,350","56":"1,155","57":"774","58":"1,155","59":"20,300","60":"20,300","61":"20,300","62":"13,700","63":"13,700","64":"13,700","65":"2,208","66":"2,208","67":"774","68":"1,155"},"diskon":{"1":"0","2":"0","3":"0","4":"0","5":"0","6":"0","7":"0","8":"0","9":"0","10":"0","11":"0","12":"0","13":"0","14":"0","15":"0","16":"0","17":"0","18":"0","19":"0","20":"0","21":"0","22":"0","23":"0","24":"0","25":"0","26":"0","27":"0","28":"0","29":"0","30":"0","31":"0","32":"0","33":"0","34":"0","35":"0","36":"0","37":"0","38":"0","39":"0","40":"0","41":"0","42":"0","43":"0","44":"0","45":"0","46":"0","47":"0","48":"0","49":"0","50":"0","51":"0","52":"0","53":"0","54":"0","55":"0","56":"0","57":"0","58":"0","59":"0","60":"0","61":"0","62":"0","63":"0","64":"0","65":"0","66":"0","67":"0","68":"0"},"subtotal":{"1":"59,760","2":"59,760","3":"46,800","4":"378,000","5":"222,600","6":"216,384","7":"228,940","8":"119,940","9":"91,224","10":"55,800","11":"43,680","12":"55,800","13":"208,800","14":"105,984","15":"55,800","16":"105,984","17":"105,984","18":"231,000","19":"93,000","20":"231,000","21":"91,224","22":"208,800","23":"105,984","24":"231,000","25":"54,800","26":"105,984","27":"105,984","28":"54,800","29":"109,440","30":"208,800","31":"55,800","32":"231,000","33":"92,880","34":"105,984","35":"54,800","36":"55,800","37":"513,000","38":"100,800","39":"513,000","40":"513,000","41":"92,880","42":"63,474","43":"54,800","44":"105,924","45":"513,000","46":"105,984","47":"82,200","48":"55,800","49":"94,200","50":"513,000","51":"231,000","52":"94,200","53":"55,800","54":"55,800","55":"208,800","56":"231,000","57":"92,880","58":"231,000","59":"121,800","60":"121,800","61":"121,800","62":"54,800","63":"54,800","64":"164,400","65":"105,984","66":"105,984","67":"92,880","68":"231,000"}}
[11:51:42] [INFO]: Query untuk mencari nomor payment terakhir: SELECT no_payment FROM payment WHERE no_payment LIKE 'PAY-OUT-2606%' ORDER BY no_payment DESC LIMIT 1
[11:51:42] [INFO]: Ditemukan payment sebelumnya di bulan yang sama.
[11:51:42] [INFO]: UPDATE pembelian_invoice SET status_payment = '2' WHERE no_invoice = '5606'
[11:51:55] [INFO]: Memasuki halaman payment_tambah.php
[11:51:55] [INFO]: Query untuk mengambil detail invoice: SELECT pembelian_invoice.* , supplier.nama from pembelian_invoice JOIN supplier ON supplier.kd_supp = pembelian_invoice.kd_supp where no_invoice='5612'
[11:51:55] [INFO]: Query untuk mengambil detail invoice: SELECT * from pembelian_invoice_detail where no_invoice='5612' 
[11:51:55] [INFO]: Query untuk mengambil detail invoice: SELECT pid.*, b.nama, SUM(pd.disc) as tot_disc, p.ppn, pb.jumlah_datang as jumlah_barang_datang, p.tarif_ppn
                                                                        FROM
                                                                        pembelian p 
                                                                        join pembelian_detail pd on p.kd_beli = pd.kd_beli 
                                                                        join pembelian_invoice pi on pi.kd_po = p.kd_po 
                                                                        join pembelian_invoice_detail pid on pid.kd_po = pi.kd_po
                                                                        join barang b on pid.kd_brg = b.kd_brg 
                                                                        left join penerimaan_barang pb on pid.kd_brg =pb.kd_brg  and pid.kd_po =pb.kd_po 
                                                                        WHERE pid.no_invoice = '5612'
                                                                        GROUP BY pid.kd_po, pid.kd_brg;
                                                                        
[11:52:53] [INFO]: Memasuki halaman payment_tambah.php
[11:52:53] [INFO]: Query untuk mengambil detail invoice: SELECT pembelian_invoice.* , supplier.nama from pembelian_invoice JOIN supplier ON supplier.kd_supp = pembelian_invoice.kd_supp where no_invoice='5612'
[11:52:53] [INFO]: Query untuk mengambil detail invoice: SELECT * from pembelian_invoice_detail where no_invoice='5612' 
[11:52:53] [INFO]: Query untuk mengambil detail invoice: SELECT pid.*, b.nama, SUM(pd.disc) as tot_disc, p.ppn, pb.jumlah_datang as jumlah_barang_datang, p.tarif_ppn
                                                                        FROM
                                                                        pembelian p 
                                                                        join pembelian_detail pd on p.kd_beli = pd.kd_beli 
                                                                        join pembelian_invoice pi on pi.kd_po = p.kd_po 
                                                                        join pembelian_invoice_detail pid on pid.kd_po = pi.kd_po
                                                                        join barang b on pid.kd_brg = b.kd_brg 
                                                                        left join penerimaan_barang pb on pid.kd_brg =pb.kd_brg  and pid.kd_po =pb.kd_po 
                                                                        WHERE pid.no_invoice = '5612'
                                                                        GROUP BY pid.kd_po, pid.kd_brg;
                                                                        
[11:54:19] [INFO]: Aksi payment accessed by user: 
[11:54:19] [INFO]: User Starttttt is authenticated. Processing action for route: payment_based_supplier and act: report
[11:54:19] [INFO]: Database connection established and helper functions included.
[11:54:19] [INFO]: location:../../main.php?route=payment_based_supplier&act=report&filter=supplier&nilai=SUPP-0151
[11:54:29] [INFO]: Memasuki halaman payment_tambah.php
[11:54:29] [INFO]: Query untuk mengambil detail invoice: SELECT pembelian_invoice.* , supplier.nama from pembelian_invoice JOIN supplier ON supplier.kd_supp = pembelian_invoice.kd_supp where no_invoice='91552'
[11:54:29] [INFO]: Query untuk mengambil detail invoice: SELECT * from pembelian_invoice_detail where no_invoice='91552' 
[11:54:29] [INFO]: Query untuk mengambil detail invoice: SELECT pid.*, b.nama, SUM(pd.disc) as tot_disc, p.ppn, pb.jumlah_datang as jumlah_barang_datang, p.tarif_ppn
                                                                        FROM
                                                                        pembelian p 
                                                                        join pembelian_detail pd on p.kd_beli = pd.kd_beli 
                                                                        join pembelian_invoice pi on pi.kd_po = p.kd_po 
                                                                        join pembelian_invoice_detail pid on pid.kd_po = pi.kd_po
                                                                        join barang b on pid.kd_brg = b.kd_brg 
                                                                        left join penerimaan_barang pb on pid.kd_brg =pb.kd_brg  and pid.kd_po =pb.kd_po 
                                                                        WHERE pid.no_invoice = '91552'
                                                                        GROUP BY pid.kd_po, pid.kd_brg;
                                                                        
[11:55:04] [INFO]: Query: SELECT no_account, deskripsi FROM account WHERE kd_jenis = '11'
[11:55:08] [INFO]: Aksi payment accessed by user: 
[11:55:08] [INFO]: User Starttttt is authenticated. Processing action for route: payment_add and act: input
[11:55:08] [INFO]: Database connection established and helper functions included.
[11:55:08] [INFO]: Memproses input payment dengan data: {"nomor_invoice":"91552","no_invoice":"PO-5465","kd_po":{"1":"PO-5465","2":"PO-5465","3":"PO-5465","4":"PO-5465","5":"PO-5465","6":"PO-5465","7":"PO-5465","8":"PO-5465","9":"PO-5465","10":"PO-5465","11":"PO-5465"},"nama_supplier":"PANJUNAN","ppn":"0","tanggal_payment":"2026-06-05","metode_payment":"11","akun":"1001001","reff":"","jumlah_payment":"1194780","status_lunas":"LUNAS","id":{"1":"91552","2":"91552","3":"91552","4":"91552","5":"91552","6":"91552","7":"91552","8":"91552","9":"91552","10":"91552","11":"91552"},"kd_brg":{"1":"505090","2":"8993560024161","3":"8993560024987","4":"8993560025496","5":"8993560033293","6":"8993560033484","7":"8993560033521","8":"8993560155780","9":"8993560155810","10":"8999988888972","11":"95506302"},"jumlah_datang":{"1":"48","2":"24","3":"12","4":"24","5":"6","6":"12","7":"6","8":"24","9":"24","10":"48","11":"12"},"jumlah":{"1":"48","2":"24","3":"12","4":"24","5":"6","6":"12","7":"6","8":"24","9":"24","10":"48","11":"12"},"harga":{"1":"1,315","2":"3,698","3":"7,114","4":"3,698","5":"10,013","6":"3,475","7":"10,013","8":"3,698","9":"3,698","10":"6,882","11":"16,591"},"diskon":{"1":"0","2":"0","3":"0","4":"0","5":"0","6":"0","7":"0","8":"0","9":"0","10":"0","11":"0"},"subtotal":{"1":"63,120","2":"88,752","3":"85,368","4":"88,752","5":"60,078","6":"41,700","7":"60,078","8":"88,752","9":"88,752","10":"330,336","11":"199,092"}}
[11:55:08] [INFO]: Query untuk mencari nomor payment terakhir: SELECT no_payment FROM payment WHERE no_payment LIKE 'PAY-OUT-2606%' ORDER BY no_payment DESC LIMIT 1
[11:55:08] [INFO]: Ditemukan payment sebelumnya di bulan yang sama.
[11:55:08] [INFO]: UPDATE pembelian_invoice SET status_payment = '2' WHERE no_invoice = '91552'
[11:59:53] [INFO]: Aksi payment accessed by user: 
[11:59:53] [INFO]: User Starttttt is authenticated. Processing action for route: payment_based_supplier and act: report
[11:59:53] [INFO]: Database connection established and helper functions included.
[11:59:53] [INFO]: location:../../main.php?route=payment_based_supplier&act=report&filter=supplier&nilai=SUPP-0260
[12:00:22] [INFO]: Memasuki halaman payment_tambah.php
[12:00:22] [INFO]: Query untuk mengambil detail invoice: SELECT pembelian_invoice.* , supplier.nama from pembelian_invoice JOIN supplier ON supplier.kd_supp = pembelian_invoice.kd_supp where no_invoice='3765'
[12:00:22] [INFO]: Query untuk mengambil detail invoice: SELECT * from pembelian_invoice_detail where no_invoice='3765' 
[12:00:22] [INFO]: Query untuk mengambil detail invoice: SELECT pid.*, b.nama, SUM(pd.disc) as tot_disc, p.ppn, pb.jumlah_datang as jumlah_barang_datang, p.tarif_ppn
                                                                        FROM
                                                                        pembelian p 
                                                                        join pembelian_detail pd on p.kd_beli = pd.kd_beli 
                                                                        join pembelian_invoice pi on pi.kd_po = p.kd_po 
                                                                        join pembelian_invoice_detail pid on pid.kd_po = pi.kd_po
                                                                        join barang b on pid.kd_brg = b.kd_brg 
                                                                        left join penerimaan_barang pb on pid.kd_brg =pb.kd_brg  and pid.kd_po =pb.kd_po 
                                                                        WHERE pid.no_invoice = '3765'
                                                                        GROUP BY pid.kd_po, pid.kd_brg;
                                                                        
[12:00:26] [INFO]: Query: SELECT no_account, deskripsi FROM account WHERE kd_jenis = '11'
[12:00:31] [INFO]: Aksi payment accessed by user: 
[12:00:31] [INFO]: User Starttttt is authenticated. Processing action for route: payment_add and act: input
[12:00:31] [INFO]: Database connection established and helper functions included.
[12:00:31] [INFO]: Memproses input payment dengan data: {"nomor_invoice":"3765","no_invoice":"PO-5407","kd_po":{"1":"PO-5407","2":"PO-5407"},"nama_supplier":"CV TIGA BINTANG SEJAHTERA ","ppn":"0","tanggal_payment":"2026-06-05","metode_payment":"11","akun":"1001001","reff":"","jumlah_payment":"640960","status_lunas":"LUNAS","id":{"1":"3765","2":"3765"},"kd_brg":{"1":"8993226302503","2":"8997225400109"},"jumlah_datang":{"1":"80","2":"48"},"jumlah":{"1":"80","2":"48"},"harga":{"1":"2,087","2":"9,875"},"diskon":{"1":"0","2":"0"},"subtotal":{"1":"166,960","2":"474,000"}}
[12:00:31] [INFO]: Query untuk mencari nomor payment terakhir: SELECT no_payment FROM payment WHERE no_payment LIKE 'PAY-OUT-2606%' ORDER BY no_payment DESC LIMIT 1
[12:00:31] [INFO]: Ditemukan payment sebelumnya di bulan yang sama.
[12:00:31] [INFO]: UPDATE pembelian_invoice SET status_payment = '2' WHERE no_invoice = '3765'
[12:12:57] [INFO]: Aksi payment accessed by user: 
[12:12:57] [INFO]: User Starttttt is authenticated. Processing action for route: payment_based_supplier and act: report
[12:12:57] [INFO]: Database connection established and helper functions included.
[12:12:57] [INFO]: location:../../main.php?route=payment_based_supplier&act=report&filter=supplier&nilai=SUPP-0161
[12:13:05] [INFO]: Memasuki halaman payment_tambah.php
[12:13:05] [INFO]: Query untuk mengambil detail invoice: SELECT pembelian_invoice.* , supplier.nama from pembelian_invoice JOIN supplier ON supplier.kd_supp = pembelian_invoice.kd_supp where no_invoice='78700'
[12:13:05] [INFO]: Query untuk mengambil detail invoice: SELECT * from pembelian_invoice_detail where no_invoice='78700' 
[12:13:05] [INFO]: Query untuk mengambil detail invoice: SELECT pid.*, b.nama, SUM(pd.disc) as tot_disc, p.ppn, pb.jumlah_datang as jumlah_barang_datang, p.tarif_ppn
                                                                        FROM
                                                                        pembelian p 
                                                                        join pembelian_detail pd on p.kd_beli = pd.kd_beli 
                                                                        join pembelian_invoice pi on pi.kd_po = p.kd_po 
                                                                        join pembelian_invoice_detail pid on pid.kd_po = pi.kd_po
                                                                        join barang b on pid.kd_brg = b.kd_brg 
                                                                        left join penerimaan_barang pb on pid.kd_brg =pb.kd_brg  and pid.kd_po =pb.kd_po 
                                                                        WHERE pid.no_invoice = '78700'
                                                                        GROUP BY pid.kd_po, pid.kd_brg;
                                                                        
[12:13:09] [INFO]: Query: SELECT no_account, deskripsi FROM account WHERE kd_jenis = '11'
[12:13:12] [INFO]: Aksi payment accessed by user: 
[12:13:12] [INFO]: User Starttttt is authenticated. Processing action for route: payment_add and act: input
[12:13:12] [INFO]: Database connection established and helper functions included.
[12:13:12] [INFO]: Memproses input payment dengan data: {"nomor_invoice":"78700","no_invoice":"PO-5458","kd_po":{"1":"PO-5458","2":"PO-5458","3":"PO-5458","4":"PO-5458","5":"PO-5458","6":"PO-5458","7":"PO-5458","8":"PO-5458","9":"PO-5458","10":"PO-5458","11":"PO-5458"},"nama_supplier":"PINTU TIGA UTAMA","ppn":"0","tanggal_payment":"2026-06-05","metode_payment":"11","akun":"1001001","reff":"","jumlah_payment":"1951458","status_lunas":"LUNAS","id":{"1":"78700","2":"78700","3":"78700","4":"78700","5":"78700","6":"78700","7":"78700","8":"78700","9":"78700","10":"78700","11":"78700"},"kd_brg":{"1":"8992753031894","2":"8992753033720","3":"8992753100101","4":"8992753101207","5":"8992753102006","6":"8992753102204","7":"8992753182008","8":"8992753631209","9":"8992753721580","10":"8992753721597","11":"8992753722181"},"jumlah_datang":{"1":"240","2":"12","3":"6","4":"12","5":"240","6":"12","7":"72","8":"12","9":"24","10":"24","11":"6"},"jumlah":{"1":"240","2":"12","3":"6","4":"12","5":"240","6":"12","7":"72","8":"12","9":"24","10":"24","11":"6"},"harga":{"1":"1,325","2":"5,487","3":"17,646","4":"12,379","5":"1,325","6":"12,379","7":"2,604","8":"11,023","9":"9,373","10":"9,373","11":"12,829"},"diskon":{"1":"0","2":"0","3":"0","4":"0","5":"0","6":"0","7":"0","8":"0","9":"0","10":"0","11":"0"},"subtotal":{"1":"318,000","2":"65,844","3":"105,876","4":"148,548","5":"318,000","6":"148,548","7":"187,488","8":"132,276","9":"224,952","10":"224,952","11":"76,974"}}
[12:13:12] [INFO]: Query untuk mencari nomor payment terakhir: SELECT no_payment FROM payment WHERE no_payment LIKE 'PAY-OUT-2606%' ORDER BY no_payment DESC LIMIT 1
[12:13:12] [INFO]: Ditemukan payment sebelumnya di bulan yang sama.
[12:13:12] [INFO]: UPDATE pembelian_invoice SET status_payment = '2' WHERE no_invoice = '78700'
[12:13:17] [INFO]: Memasuki halaman payment_tambah.php
[12:13:17] [INFO]: Query untuk mengambil detail invoice: SELECT pembelian_invoice.* , supplier.nama from pembelian_invoice JOIN supplier ON supplier.kd_supp = pembelian_invoice.kd_supp where no_invoice='1927'
[12:13:17] [INFO]: Query untuk mengambil detail invoice: SELECT * from pembelian_invoice_detail where no_invoice='1927' 
[12:13:17] [INFO]: Query untuk mengambil detail invoice: SELECT pid.*, b.nama, SUM(pd.disc) as tot_disc, p.ppn, pb.jumlah_datang as jumlah_barang_datang, p.tarif_ppn
                                                                        FROM
                                                                        pembelian p 
                                                                        join pembelian_detail pd on p.kd_beli = pd.kd_beli 
                                                                        join pembelian_invoice pi on pi.kd_po = p.kd_po 
                                                                        join pembelian_invoice_detail pid on pid.kd_po = pi.kd_po
                                                                        join barang b on pid.kd_brg = b.kd_brg 
                                                                        left join penerimaan_barang pb on pid.kd_brg =pb.kd_brg  and pid.kd_po =pb.kd_po 
                                                                        WHERE pid.no_invoice = '1927'
                                                                        GROUP BY pid.kd_po, pid.kd_brg;
                                                                        
[12:13:21] [INFO]: Query: SELECT no_account, deskripsi FROM account WHERE kd_jenis = '11'
[12:13:25] [INFO]: Aksi payment accessed by user: 
[12:13:25] [INFO]: User Starttttt is authenticated. Processing action for route: payment_add and act: input
[12:13:25] [INFO]: Database connection established and helper functions included.
[12:13:25] [INFO]: Memproses input payment dengan data: {"nomor_invoice":"1927","no_invoice":"PO-5392","kd_po":{"1":"PO-5392","2":"PO-5392","3":"PO-5392","4":"PO-5392","5":"PO-5392","6":"PO-5392","7":"PO-5392","8":"PO-5392","9":"PO-5392"},"nama_supplier":"PINTU TIGA UTAMA","ppn":"0","tanggal_payment":"2026-06-05","metode_payment":"11","akun":"1001001","reff":"","jumlah_payment":"1303464","status_lunas":"LUNAS","id":{"1":"1927","2":"1927","3":"1927","4":"1927","5":"1927","6":"1927","7":"1927","8":"1927","9":"1927"},"kd_brg":{"1":"8997025911058","2":"8997025912963","3":"8997025914042","4":"8997025914059","5":"8997025914264","6":"8997025914288","7":"8997025915162","8":"8997025915193","9":"8997025916404"},"jumlah_datang":{"1":"36","2":"20","3":"24","4":"36","5":"21","6":"21","7":"20","8":"20","9":"24"},"jumlah":{"1":"36","2":"20","3":"24","4":"36","5":"21","6":"21","7":"20","8":"20","9":"24"},"harga":{"1":"6,435","2":"5,550","3":"5,848","4":"6,435","5":"5,396","6":"5,396","7":"5,550","8":"5,550","9":"5,840"},"diskon":{"1":"0","2":"0","3":"0","4":"0","5":"0","6":"0","7":"0","8":"0","9":"0"},"subtotal":{"1":"231,660","2":"111,000","3":"140,352","4":"231,660","5":"113,316","6":"113,316","7":"111,000","8":"111,000","9":"140,160"}}
[12:13:25] [INFO]: Query untuk mencari nomor payment terakhir: SELECT no_payment FROM payment WHERE no_payment LIKE 'PAY-OUT-2606%' ORDER BY no_payment DESC LIMIT 1
[12:13:25] [INFO]: Ditemukan payment sebelumnya di bulan yang sama.
[12:13:25] [INFO]: UPDATE pembelian_invoice SET status_payment = '2' WHERE no_invoice = '1927'
[12:13:34] [INFO]: Memasuki halaman payment_tambah.php
[12:13:34] [INFO]: Query untuk mengambil detail invoice: SELECT pembelian_invoice.* , supplier.nama from pembelian_invoice JOIN supplier ON supplier.kd_supp = pembelian_invoice.kd_supp where no_invoice='004006'
[12:13:34] [INFO]: Query untuk mengambil detail invoice: SELECT * from pembelian_invoice_detail where no_invoice='004006' 
[12:13:34] [INFO]: Query untuk mengambil detail invoice: SELECT pid.*, b.nama, SUM(pd.disc) as tot_disc, p.ppn, pb.jumlah_datang as jumlah_barang_datang, p.tarif_ppn
                                                                        FROM
                                                                        pembelian p 
                                                                        join pembelian_detail pd on p.kd_beli = pd.kd_beli 
                                                                        join pembelian_invoice pi on pi.kd_po = p.kd_po 
                                                                        join pembelian_invoice_detail pid on pid.kd_po = pi.kd_po
                                                                        join barang b on pid.kd_brg = b.kd_brg 
                                                                        left join penerimaan_barang pb on pid.kd_brg =pb.kd_brg  and pid.kd_po =pb.kd_po 
                                                                        WHERE pid.no_invoice = '004006'
                                                                        GROUP BY pid.kd_po, pid.kd_brg;
                                                                        
[12:13:41] [INFO]: Query: SELECT no_account, deskripsi FROM account WHERE kd_jenis = '11'
[12:13:44] [INFO]: Aksi payment accessed by user: 
[12:13:44] [INFO]: User Starttttt is authenticated. Processing action for route: payment_add and act: input
[12:13:44] [INFO]: Database connection established and helper functions included.
[12:13:44] [INFO]: Memproses input payment dengan data: {"nomor_invoice":"004006","no_invoice":"PO-5393","kd_po":{"1":"PO-5393","2":"PO-5393","3":"PO-5393","4":"PO-5393","5":"PO-5393","6":"PO-5393","7":"PO-5393","8":"PO-5393","9":"PO-5393","10":"PO-5393","11":"PO-5393","12":"PO-5393","13":"PO-5393"},"nama_supplier":"PINTU TIGA UTAMA","ppn":"0","tanggal_payment":"2026-06-05","metode_payment":"11","akun":"1001001","reff":"","jumlah_payment":"963447","status_lunas":"LUNAS","id":{"1":"004006","2":"004006","3":"004006","4":"004006","5":"004006","6":"004006","7":"004006","8":"004006","9":"004006","10":"004006","11":"004006","12":"004006","13":"004006"},"kd_brg":{"1":"8993417001178","2":"8993417105524","3":"8993417112270","4":"8993417172243","5":"8993417200021","6":"8993417212116","7":"8993417227714","8":"8993417229619","9":"8993417402241","10":"8993417412127","11":"8993417412141","12":"8993417412172","13":"8993417412226"},"jumlah_datang":{"1":"6","2":"12","3":"3","4":"6","5":"12","6":"3","7":"6","8":"36","9":"3","10":"6","11":"3","12":"3","13":"3"},"jumlah":{"1":"6","2":"12","3":"3","4":"6","5":"12","6":"3","7":"6","8":"36","9":"3","10":"6","11":"3","12":"3","13":"3"},"harga":{"1":"9,182","2":"13,168","3":"14,650","4":"16,580","5":"11,396","6":"8,270","7":"21,600","8":"3,500","9":"16,595","10":"7,769","11":"7,769","12":"7,769","13":"15,578"},"diskon":{"1":"0","2":"0","3":"0","4":"0","5":"0","6":"0","7":"0","8":"0","9":"0","10":"0","11":"0","12":"0","13":"0"},"subtotal":{"1":"55,092","2":"158,016","3":"43,950","4":"99,480","5":"136,752","6":"24,810","7":"129,600","8":"126,000","9":"49,785","10":"46,614","11":"23,307","12":"23,307","13":"46,734"}}
[12:13:44] [INFO]: Query untuk mencari nomor payment terakhir: SELECT no_payment FROM payment WHERE no_payment LIKE 'PAY-OUT-2606%' ORDER BY no_payment DESC LIMIT 1
[12:13:44] [INFO]: Ditemukan payment sebelumnya di bulan yang sama.
[12:13:44] [INFO]: UPDATE pembelian_invoice SET status_payment = '2' WHERE no_invoice = '004006'
[12:13:57] [INFO]: Aksi payment accessed by user: 
[12:13:57] [INFO]: User Starttttt is authenticated. Processing action for route: payment_based_supplier and act: report
[12:13:57] [INFO]: Database connection established and helper functions included.
[12:13:57] [INFO]: location:../../main.php?route=payment_based_supplier&act=report&filter=supplier&nilai=SUPP-0129
[12:14:02] [INFO]: Memasuki halaman payment_tambah.php
[12:14:02] [INFO]: Query untuk mengambil detail invoice: SELECT pembelian_invoice.* , supplier.nama from pembelian_invoice JOIN supplier ON supplier.kd_supp = pembelian_invoice.kd_supp where no_invoice='9654'
[12:14:02] [INFO]: Query untuk mengambil detail invoice: SELECT * from pembelian_invoice_detail where no_invoice='9654' 
[12:14:02] [INFO]: Query untuk mengambil detail invoice: SELECT pid.*, b.nama, SUM(pd.disc) as tot_disc, p.ppn, pb.jumlah_datang as jumlah_barang_datang, p.tarif_ppn
                                                                        FROM
                                                                        pembelian p 
                                                                        join pembelian_detail pd on p.kd_beli = pd.kd_beli 
                                                                        join pembelian_invoice pi on pi.kd_po = p.kd_po 
                                                                        join pembelian_invoice_detail pid on pid.kd_po = pi.kd_po
                                                                        join barang b on pid.kd_brg = b.kd_brg 
                                                                        left join penerimaan_barang pb on pid.kd_brg =pb.kd_brg  and pid.kd_po =pb.kd_po 
                                                                        WHERE pid.no_invoice = '9654'
                                                                        GROUP BY pid.kd_po, pid.kd_brg;
                                                                        
[12:14:08] [INFO]: Query: SELECT no_account, deskripsi FROM account WHERE kd_jenis = '11'
[12:14:12] [INFO]: Aksi payment accessed by user: 
[12:14:12] [INFO]: User Starttttt is authenticated. Processing action for route: payment_add and act: input
[12:14:12] [INFO]: Database connection established and helper functions included.
[12:14:12] [INFO]: Memproses input payment dengan data: {"nomor_invoice":"9654","no_invoice":"PO-5396","kd_po":{"1":"PO-5396","2":"PO-5396","3":"PO-5396","4":"PO-5396","5":"PO-5396","6":"PO-5396","7":"PO-5396","8":"PO-5396","9":"PO-5396","10":"PO-5396","11":"PO-5396","12":"PO-5396","13":"PO-5396","14":"PO-5396","15":"PO-5396","16":"PO-5396","17":"PO-5396","18":"PO-5396","19":"PO-5396","20":"PO-5396","21":"PO-5396","22":"PO-5396","23":"PO-5396","24":"PO-5396","25":"PO-5396"},"nama_supplier":"MITRA PERIANGAN PERSADA","ppn":"0","tanggal_payment":"2026-06-05","metode_payment":"11","akun":"1001001","reff":"","jumlah_payment":"2507728","status_lunas":"LUNAS","id":{"1":"9654","2":"9654","3":"9654","4":"9654","5":"9654","6":"9654","7":"9654","8":"9654","9":"9654","10":"9654","11":"9654","12":"9654","13":"9654","14":"9654","15":"9654","16":"9654","17":"9654","18":"9654","19":"9654","20":"9654","21":"9654","22":"9654","23":"9654","24":"9654","25":"9654"},"kd_brg":{"1":"749921010414","2":"749921010711","3":"749921010858","4":"749921010919","5":"8990044000000","6":"8990044000017","7":"8990044000024","8":"8990044000079","9":"8990044000116","10":"8990044000123","11":"8990102000157","12":"8992741904261","13":"8992741905800","14":"8992741906432","15":"8992741906746","16":"8992741907378","17":"8992741940009","18":"8994171101289","19":"8994458251041","20":"9415007009818","21":"9415007040019","22":"9415007040026","23":"9415007050568","24":"9415007056850","25":"9415007056867"},"jumlah_datang":{"1":"8","2":"24","3":"8","4":"8","5":"10","6":"10","7":"10","8":"10","9":"120","10":"120","11":"60","12":"144","13":"60","14":"60","15":"60","16":"60","17":"144","18":"120","19":"100","20":"3","21":"60","22":"60","23":"3","24":"60","25":"60"},"jumlah":{"1":"8","2":"24","3":"8","4":"8","5":"10","6":"10","7":"10","8":"10","9":"120","10":"120","11":"60","12":"144","13":"60","14":"60","15":"60","16":"60","17":"144","18":"120","19":"100","20":"3","21":"60","22":"60","23":"3","24":"60","25":"60"},"harga":{"1":"6,244","2":"6,243","3":"6,243","4":"6,243","5":"7,100","6":"7,100","7":"7,100","8":"3,700","9":"1,600","10":"1,600","11":"820","12":"410","13":"820","14":"820","15":"820","16":"820","17":"410","18":"1,500","19":"775","20":"46,671","21":"2,550","22":"2,550","23":"35,621","24":"3,330","25":"3,330"},"diskon":{"1":"0","2":"0","3":"0","4":"0","5":"0","6":"0","7":"0","8":"0","9":"0","10":"0","11":"0","12":"0","13":"0","14":"0","15":"0","16":"0","17":"0","18":"0","19":"0","20":"0","21":"0","22":"0","23":"0","24":"0","25":"0"},"subtotal":{"1":"49,952","2":"149,832","3":"49,944","4":"49,944","5":"71,000","6":"71,000","7":"71,000","8":"37,000","9":"192,000","10":"192,000","11":"49,200","12":"59,040","13":"49,200","14":"49,200","15":"49,200","16":"49,200","17":"59,040","18":"180,000","19":"77,500","20":"140,013","21":"153,000","22":"153,000","23":"106,863","24":"199,800","25":"199,800"}}
[12:14:12] [INFO]: Query untuk mencari nomor payment terakhir: SELECT no_payment FROM payment WHERE no_payment LIKE 'PAY-OUT-2606%' ORDER BY no_payment DESC LIMIT 1
[12:14:12] [INFO]: Ditemukan payment sebelumnya di bulan yang sama.
[12:14:12] [INFO]: UPDATE pembelian_invoice SET status_payment = '2' WHERE no_invoice = '9654'
[12:14:25] [INFO]: Aksi payment accessed by user: 
[12:14:25] [INFO]: User Starttttt is authenticated. Processing action for route: payment_based_supplier and act: report
[12:14:25] [INFO]: Database connection established and helper functions included.
[12:14:25] [INFO]: location:../../main.php?route=payment_based_supplier&act=report&filter=supplier&nilai=SUPP-0060
[12:14:29] [INFO]: Memasuki halaman payment_tambah.php
[12:14:29] [INFO]: Query untuk mengambil detail invoice: SELECT pembelian_invoice.* , supplier.nama from pembelian_invoice JOIN supplier ON supplier.kd_supp = pembelian_invoice.kd_supp where no_invoice='0755/'
[12:14:29] [INFO]: Query untuk mengambil detail invoice: SELECT * from pembelian_invoice_detail where no_invoice='0755/' 
[12:14:29] [INFO]: Query untuk mengambil detail invoice: SELECT pid.*, b.nama, SUM(pd.disc) as tot_disc, p.ppn, pb.jumlah_datang as jumlah_barang_datang, p.tarif_ppn
                                                                        FROM
                                                                        pembelian p 
                                                                        join pembelian_detail pd on p.kd_beli = pd.kd_beli 
                                                                        join pembelian_invoice pi on pi.kd_po = p.kd_po 
                                                                        join pembelian_invoice_detail pid on pid.kd_po = pi.kd_po
                                                                        join barang b on pid.kd_brg = b.kd_brg 
                                                                        left join penerimaan_barang pb on pid.kd_brg =pb.kd_brg  and pid.kd_po =pb.kd_po 
                                                                        WHERE pid.no_invoice = '0755/'
                                                                        GROUP BY pid.kd_po, pid.kd_brg;
                                                                        
[12:14:33] [INFO]: Query: SELECT no_account, deskripsi FROM account WHERE kd_jenis = '11'
[12:14:37] [INFO]: Aksi payment accessed by user: 
[12:14:37] [INFO]: User Starttttt is authenticated. Processing action for route: payment_add and act: input
[12:14:37] [INFO]: Database connection established and helper functions included.
[12:14:37] [INFO]: Memproses input payment dengan data: {"nomor_invoice":"0755\/","no_invoice":"PO-5383","kd_po":{"1":"PO-5383","2":"PO-5383","3":"PO-5383","4":"PO-5383","5":"PO-5383","6":"PO-5383","7":"PO-5383"},"nama_supplier":"DODO","ppn":"0","tanggal_payment":"2026-06-05","metode_payment":"11","akun":"1001001","reff":"","jumlah_payment":"441801","status_lunas":"LUNAS","id":{"1":"0755\/","2":"0755\/","3":"0755\/","4":"0755\/","5":"0755\/","6":"0755\/","7":"0755\/"},"kd_brg":{"1":"8886012805206","2":"8886012805220","3":"8886012883242","4":"8886012883259","5":"8886012883266","6":"8886012883273","7":"8886012895054"},"jumlah_datang":{"1":"48","2":"12","3":"3","4":"3","5":"2","6":"1","7":"12"},"jumlah":{"1":"48","2":"12","3":"3","4":"3","5":"2","6":"1","7":"12"},"harga":{"1":"1,460","2":"13,098","3":"11,641","4":"11,641","5":"11,641","6":"11,641","7":"9,148"},"diskon":{"1":"0","2":"0","3":"0","4":"0","5":"0","6":"0","7":"0"},"subtotal":{"1":"70,080","2":"157,176","3":"34,923","4":"34,923","5":"23,282","6":"11,641","7":"109,776"}}
[12:14:37] [INFO]: Query untuk mencari nomor payment terakhir: SELECT no_payment FROM payment WHERE no_payment LIKE 'PAY-OUT-2606%' ORDER BY no_payment DESC LIMIT 1
[12:14:37] [INFO]: Ditemukan payment sebelumnya di bulan yang sama.
[12:14:37] [INFO]: UPDATE pembelian_invoice SET status_payment = '2' WHERE no_invoice = '0755/'
[12:14:42] [INFO]: Memasuki halaman payment_tambah.php
[12:14:42] [INFO]: Query untuk mengambil detail invoice: SELECT pembelian_invoice.* , supplier.nama from pembelian_invoice JOIN supplier ON supplier.kd_supp = pembelian_invoice.kd_supp where no_invoice='0754'
[12:14:42] [INFO]: Query untuk mengambil detail invoice: SELECT * from pembelian_invoice_detail where no_invoice='0754' 
[12:14:42] [INFO]: Query untuk mengambil detail invoice: SELECT pid.*, b.nama, SUM(pd.disc) as tot_disc, p.ppn, pb.jumlah_datang as jumlah_barang_datang, p.tarif_ppn
                                                                        FROM
                                                                        pembelian p 
                                                                        join pembelian_detail pd on p.kd_beli = pd.kd_beli 
                                                                        join pembelian_invoice pi on pi.kd_po = p.kd_po 
                                                                        join pembelian_invoice_detail pid on pid.kd_po = pi.kd_po
                                                                        join barang b on pid.kd_brg = b.kd_brg 
                                                                        left join penerimaan_barang pb on pid.kd_brg =pb.kd_brg  and pid.kd_po =pb.kd_po 
                                                                        WHERE pid.no_invoice = '0754'
                                                                        GROUP BY pid.kd_po, pid.kd_brg;
                                                                        
[12:14:48] [INFO]: Query: SELECT no_account, deskripsi FROM account WHERE kd_jenis = '11'
[12:14:51] [INFO]: Aksi payment accessed by user: 
[12:14:51] [INFO]: User Starttttt is authenticated. Processing action for route: payment_add and act: input
[12:14:51] [INFO]: Database connection established and helper functions included.
[12:14:51] [INFO]: Memproses input payment dengan data: {"nomor_invoice":"0754","no_invoice":"PO-5382","kd_po":{"1":"PO-5382","2":"PO-5382","3":"PO-5382","4":"PO-5382","5":"PO-5382"},"nama_supplier":"DODO","ppn":"0","tanggal_payment":"2026-06-05","metode_payment":"11","akun":"1001001","reff":"","jumlah_payment":"355260","status_lunas":"LUNAS","id":{"1":"0754","2":"0754","3":"0754","4":"0754","5":"0754"},"kd_brg":{"1":"8994064110237","2":"8994064110268","3":"8994064110367","4":"8994064110398","5":"8994064110404"},"jumlah_datang":{"1":"3","2":"3","3":"24","4":"24","5":"24"},"jumlah":{"1":"3","2":"3","3":"24","4":"24","5":"24"},"harga":{"1":"15,500","2":"16,520","3":"2,550","4":"3,050","5":"5,200"},"diskon":{"1":"0","2":"0","3":"0","4":"0","5":"0"},"subtotal":{"1":"46,500","2":"49,560","3":"61,200","4":"73,200","5":"124,800"}}
[12:14:51] [INFO]: Query untuk mencari nomor payment terakhir: SELECT no_payment FROM payment WHERE no_payment LIKE 'PAY-OUT-2606%' ORDER BY no_payment DESC LIMIT 1
[12:14:51] [INFO]: Ditemukan payment sebelumnya di bulan yang sama.
[12:14:51] [INFO]: UPDATE pembelian_invoice SET status_payment = '2' WHERE no_invoice = '0754'
[12:15:09] [INFO]: Aksi payment accessed by user: 
[12:15:09] [INFO]: User Starttttt is authenticated. Processing action for route: payment_based_supplier and act: report
[12:15:09] [INFO]: Database connection established and helper functions included.
[12:15:09] [INFO]: location:../../main.php?route=payment_based_supplier&act=report&filter=supplier&nilai=SUPP-0163
[12:15:14] [INFO]: Memasuki halaman payment_tambah.php
[12:15:14] [INFO]: Query untuk mengambil detail invoice: SELECT pembelian_invoice.* , supplier.nama from pembelian_invoice JOIN supplier ON supplier.kd_supp = pembelian_invoice.kd_supp where no_invoice='40604'
[12:15:14] [INFO]: Query untuk mengambil detail invoice: SELECT * from pembelian_invoice_detail where no_invoice='40604' 
[12:15:14] [INFO]: Query untuk mengambil detail invoice: SELECT pid.*, b.nama, SUM(pd.disc) as tot_disc, p.ppn, pb.jumlah_datang as jumlah_barang_datang, p.tarif_ppn
                                                                        FROM
                                                                        pembelian p 
                                                                        join pembelian_detail pd on p.kd_beli = pd.kd_beli 
                                                                        join pembelian_invoice pi on pi.kd_po = p.kd_po 
                                                                        join pembelian_invoice_detail pid on pid.kd_po = pi.kd_po
                                                                        join barang b on pid.kd_brg = b.kd_brg 
                                                                        left join penerimaan_barang pb on pid.kd_brg =pb.kd_brg  and pid.kd_po =pb.kd_po 
                                                                        WHERE pid.no_invoice = '40604'
                                                                        GROUP BY pid.kd_po, pid.kd_brg;
                                                                        
[12:15:18] [INFO]: Query: SELECT no_account, deskripsi FROM account WHERE kd_jenis = '11'
[12:15:28] [INFO]: Aksi payment accessed by user: 
[12:15:28] [INFO]: User Starttttt is authenticated. Processing action for route: payment_add and act: input
[12:15:28] [INFO]: Database connection established and helper functions included.
[12:15:28] [INFO]: Memproses input payment dengan data: {"nomor_invoice":"40604","no_invoice":"PO-5109","kd_po":{"1":"PO-5109","2":"PO-5109","3":"PO-5109","4":"PO-5109","5":"PO-5109","6":"PO-5109","7":"PO-5109","8":"PO-5109"},"nama_supplier":"PIXY","ppn":"0","tanggal_payment":"2026-06-05","metode_payment":"11","akun":"1001001","reff":"","jumlah_payment":"1117244","status_lunas":"LUNAS","id":{"1":"40604","2":"40604","3":"40604","4":"40604","5":"40604","6":"40604","7":"40604","8":"40604"},"kd_brg":{"1":"8992222071116","2":"8992222071123","3":"8992222071444","4":"8992222071871","5":"8992222072120","6":"8992222072465","7":"8992222073196","8":"8992222073646"},"jumlah_datang":{"1":"3","2":"3","3":"3","4":"12","5":"12","6":"3","7":"2","8":"3"},"jumlah":{"1":"3","2":"3","3":"3","4":"12","5":"12","6":"3","7":"2","8":"3"},"harga":{"1":"23,999","2":"39,999","3":"39,999","4":"23,999","5":"23,999","6":"20,000","7":"33,040","8":"34,399"},"diskon":{"1":"0","2":"0","3":"0","4":"0","5":"0","6":"0","7":"0","8":"0"},"subtotal":{"1":"71,997","2":"119,997","3":"119,997","4":"287,988","5":"287,988","6":"60,000","7":"66,080","8":"103,197"}}
[12:15:28] [INFO]: Query untuk mencari nomor payment terakhir: SELECT no_payment FROM payment WHERE no_payment LIKE 'PAY-OUT-2606%' ORDER BY no_payment DESC LIMIT 1
[12:15:28] [INFO]: Ditemukan payment sebelumnya di bulan yang sama.
[12:15:28] [INFO]: UPDATE pembelian_invoice SET status_payment = '2' WHERE no_invoice = '40604'
[12:15:45] [INFO]: Memasuki halaman payment_tambah.php
[12:15:45] [INFO]: Query untuk mengambil detail invoice: SELECT pembelian_invoice.* , supplier.nama from pembelian_invoice JOIN supplier ON supplier.kd_supp = pembelian_invoice.kd_supp where no_invoice='040143'
[12:15:45] [INFO]: Query untuk mengambil detail invoice: SELECT * from pembelian_invoice_detail where no_invoice='040143' 
[12:15:45] [INFO]: Query untuk mengambil detail invoice: SELECT pid.*, b.nama, SUM(pd.disc) as tot_disc, p.ppn, pb.jumlah_datang as jumlah_barang_datang, p.tarif_ppn
                                                                        FROM
                                                                        pembelian p 
                                                                        join pembelian_detail pd on p.kd_beli = pd.kd_beli 
                                                                        join pembelian_invoice pi on pi.kd_po = p.kd_po 
                                                                        join pembelian_invoice_detail pid on pid.kd_po = pi.kd_po
                                                                        join barang b on pid.kd_brg = b.kd_brg 
                                                                        left join penerimaan_barang pb on pid.kd_brg =pb.kd_brg  and pid.kd_po =pb.kd_po 
                                                                        WHERE pid.no_invoice = '040143'
                                                                        GROUP BY pid.kd_po, pid.kd_brg;
                                                                        
[12:15:52] [INFO]: Query: SELECT no_account, deskripsi FROM account WHERE kd_jenis = '11'
[12:15:56] [INFO]: Aksi payment accessed by user: 
[12:15:56] [INFO]: User Starttttt is authenticated. Processing action for route: payment_add and act: input
[12:15:56] [INFO]: Database connection established and helper functions included.
[12:15:56] [INFO]: Memproses input payment dengan data: {"nomor_invoice":"040143","no_invoice":"PO-5107","kd_po":{"1":"PO-5107","2":"PO-5107","3":"PO-5107","4":"PO-5107","5":"PO-5107","6":"PO-5107","7":"PO-5107","8":"PO-5107","9":"PO-5107","10":"PO-5107","11":"PO-5107","12":"PO-5107","13":"PO-5107","14":"PO-5107","15":"PO-5107","16":"PO-5107","17":"PO-5107","18":"PO-5107","19":"PO-5107","20":"PO-5107","21":"PO-5107","22":"PO-5107","23":"PO-5107","24":"PO-5107","25":"PO-5107"},"nama_supplier":"PIXY","ppn":"0","tanggal_payment":"2026-06-05","metode_payment":"11","akun":"1001001","reff":"","jumlah_payment":"1272272","status_lunas":"LUNAS","id":{"1":"040143","2":"040143","3":"040143","4":"040143","5":"040143","6":"040143","7":"040143","8":"040143","9":"040143","10":"040143","11":"040143","12":"040143","13":"040143","14":"040143","15":"040143","16":"040143","17":"040143","18":"040143","19":"040143","20":"040143","21":"040143","22":"040143","23":"040143","24":"040143","25":"040143"},"kd_brg":{"1":"8992222010221","2":"8992222011358","3":"8992222011372","4":"8992222040129","5":"8992222050357","6":"8992222050364","7":"8992222050616","8":"8992222051736","9":"8992222053006","10":"8992222053426","11":"8992222054492","12":"8992222054973","13":"8992222056014","14":"8992222057134","15":"8992222060097","16":"8992222060110","17":"8992222093187","18":"8992222093231","19":"8992222093309","20":"8992222111133","21":"8992222111195","22":"8992222111201","23":"8992222111225","24":"8992222111232","25":"8992222111577"},"jumlah_datang":{"1":"6","2":"2","3":"2","4":"3","5":"3","6":"3","7":"3","8":"3","9":"3","10":"2","11":"3","12":"6","13":"2","14":"3","15":"12","16":"12","17":"3","18":"3","19":"2","20":"2","21":"2","22":"2","23":"2","24":"2","25":"2"},"jumlah":{"1":"6","2":"2","3":"2","4":"3","5":"3","6":"3","7":"3","8":"3","9":"3","10":"2","11":"3","12":"6","13":"2","14":"3","15":"12","16":"12","17":"3","18":"3","19":"2","20":"2","21":"2","22":"2","23":"2","24":"2","25":"2"},"harga":{"1":"16,950","2":"10,833","3":"10,833","4":"11,300","5":"11,300","6":"16,260","7":"7,666","8":"8,166","9":"10,833","10":"16,520","11":"27,500","12":"13,333","13":"16,520","14":"10,833","15":"10,800","16":"10,833","17":"25,833","18":"25,833","19":"24,999","20":"23,333","21":"23,333","22":"23,333","23":"10,833","24":"10,833","25":"10,833"},"diskon":{"1":"0","2":"0","3":"0","4":"0","5":"0","6":"0","7":"0","8":"0","9":"0","10":"0","11":"0","12":"0","13":"0","14":"0","15":"0","16":"0","17":"0","18":"0","19":"0","20":"0","21":"0","22":"0","23":"0","24":"0","25":"0"},"subtotal":{"1":"101,700","2":"21,666","3":"21,666","4":"33,900","5":"33,900","6":"48,780","7":"22,998","8":"24,498","9":"32,499","10":"33,040","11":"82,500","12":"79,998","13":"33,040","14":"32,499","15":"129,600","16":"129,996","17":"77,499","18":"77,499","19":"49,998","20":"46,666","21":"46,666","22":"46,666","23":"21,666","24":"21,666","25":"21,666"}}
[12:15:56] [INFO]: Query untuk mencari nomor payment terakhir: SELECT no_payment FROM payment WHERE no_payment LIKE 'PAY-OUT-2606%' ORDER BY no_payment DESC LIMIT 1
[12:15:56] [INFO]: Ditemukan payment sebelumnya di bulan yang sama.
[12:15:56] [INFO]: UPDATE pembelian_invoice SET status_payment = '2' WHERE no_invoice = '040143'
