[09:28:46] [INFO]: Aksi payment accessed by user: 
[09:28:46] [INFO]: User Starttttt is authenticated. Processing action for route: payment_based_supplier and act: report
[09:28:46] [INFO]: Database connection established and helper functions included.
[09:28:46] [INFO]: location:../../main.php?route=payment_based_supplier&act=report&filter=supplier&nilai=SUPP-0205
[09:28:49] [INFO]: Memasuki halaman payment_tambah.php
[09:28:49] [INFO]: Query untuk mengambil detail invoice: SELECT pembelian_invoice.* , supplier.nama from pembelian_invoice JOIN supplier ON supplier.kd_supp = pembelian_invoice.kd_supp where no_invoice='000115'
[09:28:49] [INFO]: Query untuk mengambil detail invoice: SELECT * from pembelian_invoice_detail where no_invoice='000115' 
[09:28:49] [INFO]: Query untuk mengambil detail invoice: SELECT pid.*, b.nama, SUM(pd.disc) as tot_disc, p.ppn, pb.jumlah_datang as jumlah_barang_datang, p.tarif_ppn
                                                                        FROM
                                                                        pembelian p 
                                                                        join pembelian_detail pd on p.kd_beli = pd.kd_beli 
                                                                        join pembelian_invoice pi on pi.kd_po = p.kd_po 
                                                                        join pembelian_invoice_detail pid on pid.kd_po = pi.kd_po
                                                                        join barang b on pid.kd_brg = b.kd_brg 
                                                                        left join penerimaan_barang pb on pid.kd_brg =pb.kd_brg  and pid.kd_po =pb.kd_po 
                                                                        WHERE pid.no_invoice = '000115'
                                                                        GROUP BY pid.kd_po, pid.kd_brg;
                                                                        
[09:29:22] [INFO]: Aksi payment accessed by user: 
[09:29:22] [INFO]: User Starttttt is authenticated. Processing action for route: payment_based_supplier and act: report
[09:29:22] [INFO]: Database connection established and helper functions included.
[09:29:22] [INFO]: location:../../main.php?route=payment_based_supplier&act=report&filter=supplier&nilai=SUPP-0161
[09:29:27] [INFO]: Memasuki halaman payment_tambah.php
[09:29:27] [INFO]: Query untuk mengambil detail invoice: SELECT pembelian_invoice.* , supplier.nama from pembelian_invoice JOIN supplier ON supplier.kd_supp = pembelian_invoice.kd_supp where no_invoice='1188'
[09:29:27] [INFO]: Query untuk mengambil detail invoice: SELECT * from pembelian_invoice_detail where no_invoice='1188' 
[09:29:27] [INFO]: Query untuk mengambil detail invoice: SELECT pid.*, b.nama, SUM(pd.disc) as tot_disc, p.ppn, pb.jumlah_datang as jumlah_barang_datang, p.tarif_ppn
                                                                        FROM
                                                                        pembelian p 
                                                                        join pembelian_detail pd on p.kd_beli = pd.kd_beli 
                                                                        join pembelian_invoice pi on pi.kd_po = p.kd_po 
                                                                        join pembelian_invoice_detail pid on pid.kd_po = pi.kd_po
                                                                        join barang b on pid.kd_brg = b.kd_brg 
                                                                        left join penerimaan_barang pb on pid.kd_brg =pb.kd_brg  and pid.kd_po =pb.kd_po 
                                                                        WHERE pid.no_invoice = '1188'
                                                                        GROUP BY pid.kd_po, pid.kd_brg;
                                                                        
[09:29:38] [INFO]: Query: SELECT no_account, deskripsi FROM account WHERE kd_jenis = '11'
[09:29:42] [INFO]: Aksi payment accessed by user: 
[09:29:42] [INFO]: User Starttttt is authenticated. Processing action for route: payment_add and act: input
[09:29:42] [INFO]: Database connection established and helper functions included.
[09:29:42] [INFO]: Memproses input payment dengan data: {"nomor_invoice":"1188","no_invoice":"PO-4823","kd_po":{"1":"PO-4823","2":"PO-4823","3":"PO-4823","4":"PO-4823","5":"PO-4823","6":"PO-4823","7":"PO-4823","8":"PO-4823"},"nama_supplier":"PINTU TIGA UTAMA","ppn":"0","tanggal_payment":"2026-04-27","metode_payment":"11","akun":"1001001","reff":"","jumlah_payment":"925680","status_lunas":"LUNAS","id":{"1":"1188","2":"1188","3":"1188","4":"1188","5":"1188","6":"1188","7":"1188","8":"1188"},"kd_brg":{"1":"4711036008569","2":"8997025911706","3":"8997025913106","4":"8997025914011","5":"8997025914097","6":"8997025914264","7":"8997025914288","8":"8997025914578"},"jumlah_datang":{"1":"12","2":"36","3":"21","4":"12","5":"12","6":"21","7":"21","8":"21"},"jumlah":{"1":"12","2":"36","3":"21","4":"12","5":"12","6":"21","7":"21","8":"21"},"harga":{"1":"7,500","2":"6,080","3":"5,190","4":"7,500","5":"7,500","6":"5,210","7":"5,210","8":"5,190"},"diskon":{"1":"0","2":"0","3":"0","4":"0","5":"0","6":"0","7":"0","8":"0"},"subtotal":{"1":"90,000","2":"218,880","3":"108,990","4":"90,000","5":"90,000","6":"109,410","7":"109,410","8":"108,990"}}
[09:29:42] [INFO]: Query untuk mencari nomor payment terakhir: SELECT no_payment FROM payment WHERE no_payment LIKE 'PAY-OUT-2604%' ORDER BY no_payment DESC LIMIT 1
[09:29:42] [INFO]: Ditemukan payment sebelumnya di bulan yang sama.
[09:29:42] [INFO]: UPDATE pembelian_invoice SET status_payment = '2' WHERE no_invoice = '1188'
[09:29:54] [INFO]: Memasuki halaman payment_tambah.php
[09:29:54] [INFO]: Query untuk mengambil detail invoice: SELECT pembelian_invoice.* , supplier.nama from pembelian_invoice JOIN supplier ON supplier.kd_supp = pembelian_invoice.kd_supp where no_invoice='2839'
[09:29:54] [INFO]: Query untuk mengambil detail invoice: SELECT * from pembelian_invoice_detail where no_invoice='2839' 
[09:29:54] [INFO]: Query untuk mengambil detail invoice: SELECT pid.*, b.nama, SUM(pd.disc) as tot_disc, p.ppn, pb.jumlah_datang as jumlah_barang_datang, p.tarif_ppn
                                                                        FROM
                                                                        pembelian p 
                                                                        join pembelian_detail pd on p.kd_beli = pd.kd_beli 
                                                                        join pembelian_invoice pi on pi.kd_po = p.kd_po 
                                                                        join pembelian_invoice_detail pid on pid.kd_po = pi.kd_po
                                                                        join barang b on pid.kd_brg = b.kd_brg 
                                                                        left join penerimaan_barang pb on pid.kd_brg =pb.kd_brg  and pid.kd_po =pb.kd_po 
                                                                        WHERE pid.no_invoice = '2839'
                                                                        GROUP BY pid.kd_po, pid.kd_brg;
                                                                        
[09:30:18] [INFO]: Query: SELECT no_account, deskripsi FROM account WHERE kd_jenis = '11'
[09:30:26] [INFO]: Aksi payment accessed by user: 
[09:30:26] [INFO]: User Starttttt is authenticated. Processing action for route: payment_add and act: input
[09:30:26] [INFO]: Database connection established and helper functions included.
[09:30:26] [INFO]: Memproses input payment dengan data: {"nomor_invoice":"2839","no_invoice":"PO-4981","kd_po":{"1":"PO-4981","2":"PO-4981","3":"PO-4981","4":"PO-4981","5":"PO-4981","6":"PO-4981","7":"PO-4981","8":"PO-4981","9":"PO-4981","10":"PO-4981","11":"PO-4981","12":"PO-4981","13":"PO-4981","14":"PO-4981","15":"PO-4981","16":"PO-4981","17":"PO-4981","18":"PO-4981","19":"PO-4981"},"nama_supplier":"PINTU TIGA UTAMA","ppn":"0","tanggal_payment":"2026-04-17","metode_payment":"11","akun":"1001001","reff":"","jumlah_payment":"829555","status_lunas":"LUNAS","id":{"1":"2839","2":"2839","3":"2839","4":"2839","5":"2839","6":"2839","7":"2839","8":"2839","9":"2839","10":"2839","11":"2839","12":"2839","13":"2839","14":"2839","15":"2839","16":"2839","17":"2839","18":"2839","19":"2839"},"kd_brg":{"1":"8993417165139","2":"8993417175459","3":"8993417175466","4":"8993417200021","5":"8993417212178","6":"8993417212215","7":"8993417229619","8":"8993417260223","9":"8993417260230","10":"8993417260711","11":"8993417260728","12":"8993417260735","13":"8993417312236","14":"8993417372117","15":"8993417372124","16":"8993417402272","17":"8993417412240","18":"8993417420429","19":"8993417420436"},"jumlah_datang":{"1":"3","2":"3","3":"3","4":"12","5":"3","6":"3","7":"35","8":"1","9":"1","10":"2","11":"2","12":"2","13":"6","14":"3","15":"3","16":"3","17":"3","18":"3","19":"3"},"jumlah":{"1":"3","2":"3","3":"3","4":"12","5":"3","6":"3","7":"35","8":"1","9":"1","10":"2","11":"2","12":"2","13":"6","14":"3","15":"3","16":"3","17":"6","18":"3","19":"3"},"harga":{"1":"9,650","2":"6,700","3":"6,704","4":"11,300","5":"8,200","6":"14,650","7":"3,500","8":"25,650","9":"25,650","10":"15,950","11":"15,950","12":"15,950","13":"13,319","14":"8,727","15":"8,690","16":"16,447","17":"15,439","18":"9,820","19":"9,820"},"diskon":{"1":"0","2":"0","3":"0","4":"0","5":"0","6":"0","7":"0","8":"0","9":"0","10":"0","11":"0","12":"0","13":"0","14":"0","15":"0","16":"0","17":"0","18":"0","19":"0"},"subtotal":{"1":"28,950","2":"20,100","3":"20,112","4":"135,600","5":"24,600","6":"43,950","7":"122,500","8":"25,650","9":"25,650","10":"31,900","11":"31,900","12":"31,900","13":"79,914","14":"26,181","15":"26,070","16":"49,341","17":"46,317","18":"29,460","19":"29,460"}}
[09:30:26] [INFO]: Query untuk mencari nomor payment terakhir: SELECT no_payment FROM payment WHERE no_payment LIKE 'PAY-OUT-2604%' ORDER BY no_payment DESC LIMIT 1
[09:30:26] [INFO]: Ditemukan payment sebelumnya di bulan yang sama.
[09:30:26] [INFO]: UPDATE pembelian_invoice SET status_payment = '2' WHERE no_invoice = '2839'
[09:31:41] [INFO]: Aksi payment accessed by user: 
[09:31:41] [INFO]: User Starttttt is authenticated. Processing action for route: payment_based_supplier and act: report
[09:31:41] [INFO]: Database connection established and helper functions included.
[09:31:41] [INFO]: location:../../main.php?route=payment_based_supplier&act=report&filter=supplier&nilai=SUPP-0122
[09:31:46] [INFO]: Memasuki halaman payment_tambah.php
[09:31:46] [INFO]: Query untuk mengambil detail invoice: SELECT pembelian_invoice.* , supplier.nama from pembelian_invoice JOIN supplier ON supplier.kd_supp = pembelian_invoice.kd_supp where no_invoice='98193'
[09:31:46] [INFO]: Query untuk mengambil detail invoice: SELECT * from pembelian_invoice_detail where no_invoice='98193' 
[09:31:46] [INFO]: Query untuk mengambil detail invoice: SELECT pid.*, b.nama, SUM(pd.disc) as tot_disc, p.ppn, pb.jumlah_datang as jumlah_barang_datang, p.tarif_ppn
                                                                        FROM
                                                                        pembelian p 
                                                                        join pembelian_detail pd on p.kd_beli = pd.kd_beli 
                                                                        join pembelian_invoice pi on pi.kd_po = p.kd_po 
                                                                        join pembelian_invoice_detail pid on pid.kd_po = pi.kd_po
                                                                        join barang b on pid.kd_brg = b.kd_brg 
                                                                        left join penerimaan_barang pb on pid.kd_brg =pb.kd_brg  and pid.kd_po =pb.kd_po 
                                                                        WHERE pid.no_invoice = '98193'
                                                                        GROUP BY pid.kd_po, pid.kd_brg;
                                                                        
[09:31:53] [INFO]: Query: SELECT no_account, deskripsi FROM account WHERE kd_jenis = '11'
[09:32:04] [INFO]: Aksi payment accessed by user: 
[09:32:04] [INFO]: User Starttttt is authenticated. Processing action for route: payment_add and act: input
[09:32:04] [INFO]: Database connection established and helper functions included.
[09:32:04] [INFO]: Memproses input payment dengan data: {"nomor_invoice":"98193","no_invoice":"PO-4802","kd_po":{"1":"PO-4802","2":"PO-4802","3":"PO-4802","4":"PO-4802","5":"PO-4802","6":"PO-4802","7":"PO-4802","8":"PO-4802","9":"PO-4802","10":"PO-4802","11":"PO-4802","12":"PO-4802","13":"PO-4802","14":"PO-4802","15":"PO-4802","16":"PO-4802","17":"PO-4802","18":"PO-4802"},"nama_supplier":"MENSA BINA SUKSES","ppn":"0","tanggal_payment":"2026-04-11","metode_payment":"11","akun":"1001001","reff":"","jumlah_payment":"2869796","status_lunas":"LUNAS","id":{"1":"98193","2":"98193","3":"98193","4":"98193","5":"98193","6":"98193","7":"98193","8":"98193","9":"98193","10":"98193","11":"98193","12":"98193","13":"98193","14":"98193","15":"98193","16":"98193","17":"98193","18":"98193"},"kd_brg":{"1":"089686640090","2":"089686648058","3":"089686648072","4":"89686530513","5":"89686530551","6":"89686535044","7":"89686535068","8":"89686541120","9":"89686542233","10":"89686542431","11":"89686542530","12":"89686542738","13":"89686621013","14":"89686621020","15":"89686640007","16":"89686640014","17":"89686640038","18":"89686646061"},"jumlah_datang":{"1":"24","2":"12","3":"12","4":"12","5":"12","6":"20","7":"20","8":"6","9":"12","10":"12","11":"12","12":"12","13":"12","14":"12","15":"24","16":"24","17":"24","18":"24"},"jumlah":{"1":"24","2":"12","3":"12","4":"12","5":"12","6":"20","7":"20","8":"6","9":"12","10":"12","11":"12","12":"12","13":"12","14":"12","15":"24","16":"24","17":"24","18":"24"},"harga":{"1":"5,509","2":"7,171","3":"7,171","4":"15,383","5":"15,383","6":"8,249","7":"8,249","8":"15,114","9":"15,383","10":"15,383","11":"15,383","12":"15,383","13":"13,517","14":"13,517","15":"5,500","16":"5,500","17":"5,500","18":"13,202"},"diskon":{"1":"0","2":"0","3":"0","4":"0","5":"0","6":"0","7":"0","8":"0","9":"0","10":"0","11":"0","12":"0","13":"0","14":"0","15":"0","16":"0","17":"0","18":"0"},"subtotal":{"1":"132,216","2":"86,052","3":"86,052","4":"184,596","5":"184,596","6":"164,980","7":"164,980","8":"90,684","9":"184,596","10":"184,596","11":"184,596","12":"184,596","13":"162,204","14":"162,204","15":"132,000","16":"132,000","17":"132,000","18":"316,848"}}
[09:32:04] [INFO]: Query untuk mencari nomor payment terakhir: SELECT no_payment FROM payment WHERE no_payment LIKE 'PAY-OUT-2604%' ORDER BY no_payment DESC LIMIT 1
[09:32:04] [INFO]: Ditemukan payment sebelumnya di bulan yang sama.
[09:32:04] [INFO]: UPDATE pembelian_invoice SET status_payment = '2' WHERE no_invoice = '98193'
[09:32:16] [INFO]: Aksi payment accessed by user: 
[09:32:16] [INFO]: User Starttttt is authenticated. Processing action for route: payment_based_supplier and act: report
[09:32:16] [INFO]: Database connection established and helper functions included.
[09:32:16] [INFO]: location:../../main.php?route=payment_based_supplier&act=report&filter=supplier&nilai=SUPP-0020
[09:32:18] [INFO]: Memasuki halaman payment_tambah.php
[09:32:18] [INFO]: Query untuk mengambil detail invoice: SELECT pembelian_invoice.* , supplier.nama from pembelian_invoice JOIN supplier ON supplier.kd_supp = pembelian_invoice.kd_supp where no_invoice='4269'
[09:32:18] [INFO]: Query untuk mengambil detail invoice: SELECT * from pembelian_invoice_detail where no_invoice='4269' 
[09:32:18] [INFO]: Query untuk mengambil detail invoice: SELECT pid.*, b.nama, SUM(pd.disc) as tot_disc, p.ppn, pb.jumlah_datang as jumlah_barang_datang, p.tarif_ppn
                                                                        FROM
                                                                        pembelian p 
                                                                        join pembelian_detail pd on p.kd_beli = pd.kd_beli 
                                                                        join pembelian_invoice pi on pi.kd_po = p.kd_po 
                                                                        join pembelian_invoice_detail pid on pid.kd_po = pi.kd_po
                                                                        join barang b on pid.kd_brg = b.kd_brg 
                                                                        left join penerimaan_barang pb on pid.kd_brg =pb.kd_brg  and pid.kd_po =pb.kd_po 
                                                                        WHERE pid.no_invoice = '4269'
                                                                        GROUP BY pid.kd_po, pid.kd_brg;
                                                                        
[09:32:32] [INFO]: Query: SELECT no_account, deskripsi FROM account WHERE kd_jenis = '11'
[09:32:35] [INFO]: Aksi payment accessed by user: 
[09:32:35] [INFO]: User Starttttt is authenticated. Processing action for route: payment_add and act: input
[09:32:35] [INFO]: Database connection established and helper functions included.
[09:32:35] [INFO]: Memproses input payment dengan data: {"nomor_invoice":"4269","no_invoice":"PO-5061","kd_po":{"1":"PO-5061","2":"PO-5061","3":"PO-5061","4":"PO-5061","5":"PO-5061","6":"PO-5061","7":"PO-5061","8":"PO-5061","9":"PO-5061","10":"PO-5061","11":"PO-5061","12":"PO-5061","13":"PO-5061","14":"PO-5061","15":"PO-5061","16":"PO-5061","17":"PO-5061","18":"PO-5061","19":"PO-5061","20":"PO-5061","21":"PO-5061","22":"PO-5061","23":"PO-5061","24":"PO-5061","25":"PO-5061","26":"PO-5061","27":"PO-5061","28":"PO-5061","29":"PO-5061","30":"PO-5061"},"nama_supplier":"ARTA DWITUNGGAL ABADI","ppn":"0","tanggal_payment":"2026-04-18","metode_payment":"11","akun":"1001001","reff":"","jumlah_payment":"580445","status_lunas":"LUNAS","id":{"1":"4269","2":"4269","3":"4269","4":"4269","5":"4269","6":"4269","7":"4269","8":"4269","9":"4269","10":"4269","11":"4269","12":"4269","13":"4269","14":"4269","15":"4269","16":"4269","17":"4269","18":"4269","19":"4269","20":"4269","21":"4269","22":"4269","23":"4269","24":"4269","25":"4269","26":"4269","27":"4269","28":"4269","29":"4269","30":"4269"},"kd_brg":{"1":"8995899110638","2":"8995899111031","3":"8995899130339","4":"8995899210215","5":"8995899210529","6":"8995899213520","7":"8995899214527","8":"8995899215036","9":"8995899216040","10":"8995899216132","11":"8995899219126","12":"8995899226483","13":"8995899250112","14":"8995899250143","15":"8995899250150","16":"8995899250341","17":"8995899280119","18":"8995899296202","19":"8995899407431","20":"8995899408353","21":"8995899494288","22":"8995899571170","23":"8995899594216","24":"8995899623060","25":"8995899623084","26":"8995899787038","27":"8995899801451","28":"8995899804506","29":"8995899991558","30":"8995899992555"},"jumlah_datang":{"1":"3","2":"3","3":"3","4":"40","5":"12","6":"10","7":"10","8":"12","9":"12","10":"10","11":"10","12":"10","13":"12","14":"48","15":"12","16":"3","17":"20","18":"10","19":"20","20":"10","21":"10","22":"10","23":"10","24":"10","25":"10","26":"12","27":"12","28":"10","29":"10","30":"10"},"jumlah":{"1":"3","2":"3","3":"3","4":"40","5":"12","6":"10","7":"10","8":"12","9":"12","10":"10","11":"10","12":"10","13":"12","14":"48","15":"12","16":"3","17":"20","18":"10","19":"20","20":"10","21":"10","22":"10","23":"10","24":"10","25":"10","26":"12","27":"12","28":"10","29":"10","30":"10"},"harga":{"1":"5,400","2":"5,400","3":"5,400","4":"2,924","5":"1,560","6":"1,560","7":"1,560","8":"812","9":"860","10":"1,560","11":"1,569","12":"1,569","13":"812","14":"812","15":"812","16":"7,999","17":"800","18":"1,549","19":"800","20":"2,000","21":"1,569","22":"1,540","23":"1,560","24":"1,569","25":"1,569","26":"780","27":"780","28":"1,549","29":"1,569","30":"2,000"},"diskon":{"1":"0","2":"0","3":"0","4":"0","5":"0","6":"0","7":"0","8":"0","9":"0","10":"0","11":"0","12":"0","13":"0","14":"0","15":"0","16":"0","17":"0","18":"0","19":"0","20":"0","21":"0","22":"0","23":"0","24":"0","25":"0","26":"0","27":"0","28":"0","29":"0","30":"0"},"subtotal":{"1":"16,200","2":"16,200","3":"16,200","4":"116,960","5":"18,720","6":"15,600","7":"15,600","8":"9,744","9":"10,320","10":"15,600","11":"15,690","12":"15,690","13":"9,744","14":"38,976","15":"9,744","16":"23,997","17":"16,000","18":"15,490","19":"16,000","20":"20,000","21":"15,690","22":"15,400","23":"15,600","24":"15,690","25":"15,690","26":"9,360","27":"9,360","28":"15,490","29":"15,690","30":"20,000"}}
[09:32:35] [INFO]: Query untuk mencari nomor payment terakhir: SELECT no_payment FROM payment WHERE no_payment LIKE 'PAY-OUT-2604%' ORDER BY no_payment DESC LIMIT 1
[09:32:35] [INFO]: Ditemukan payment sebelumnya di bulan yang sama.
[09:32:35] [INFO]: UPDATE pembelian_invoice SET status_payment = '2' WHERE no_invoice = '4269'
[09:32:58] [INFO]: Aksi payment accessed by user: 
[09:32:58] [INFO]: User Starttttt is authenticated. Processing action for route: payment_based_supplier and act: report
[09:32:58] [INFO]: Database connection established and helper functions included.
[09:32:58] [INFO]: location:../../main.php?route=payment_based_supplier&act=report&filter=supplier&nilai=SUPP-0141
[09:33:01] [INFO]: Memasuki halaman payment_tambah.php
[09:33:01] [INFO]: Query untuk mengambil detail invoice: SELECT pembelian_invoice.* , supplier.nama from pembelian_invoice JOIN supplier ON supplier.kd_supp = pembelian_invoice.kd_supp where no_invoice='30.3\'
[09:33:01] [INFO]: Query untuk mengambil detail invoice: SELECT * from pembelian_invoice_detail where no_invoice='30.3\' 
[09:33:01] [INFO]: Query untuk mengambil detail invoice: SELECT pid.*, b.nama, SUM(pd.disc) as tot_disc, p.ppn, pb.jumlah_datang as jumlah_barang_datang, p.tarif_ppn
                                                                        FROM
                                                                        pembelian p 
                                                                        join pembelian_detail pd on p.kd_beli = pd.kd_beli 
                                                                        join pembelian_invoice pi on pi.kd_po = p.kd_po 
                                                                        join pembelian_invoice_detail pid on pid.kd_po = pi.kd_po
                                                                        join barang b on pid.kd_brg = b.kd_brg 
                                                                        left join penerimaan_barang pb on pid.kd_brg =pb.kd_brg  and pid.kd_po =pb.kd_po 
                                                                        WHERE pid.no_invoice = '30.3\'
                                                                        GROUP BY pid.kd_po, pid.kd_brg;
                                                                        
[09:33:36] [INFO]: Aksi payment accessed by user: 
[09:33:36] [INFO]: User Starttttt is authenticated. Processing action for route: payment_based_supplier and act: report
[09:33:36] [INFO]: Database connection established and helper functions included.
[09:33:36] [INFO]: location:../../main.php?route=payment_based_supplier&act=report&filter=supplier&nilai=SUPP-0188
[09:33:42] [INFO]: Memasuki halaman payment_tambah.php
[09:33:42] [INFO]: Query untuk mengambil detail invoice: SELECT pembelian_invoice.* , supplier.nama from pembelian_invoice JOIN supplier ON supplier.kd_supp = pembelian_invoice.kd_supp where no_invoice='14399'
[09:33:42] [INFO]: Query untuk mengambil detail invoice: SELECT * from pembelian_invoice_detail where no_invoice='14399' 
[09:33:42] [INFO]: Query untuk mengambil detail invoice: SELECT pid.*, b.nama, SUM(pd.disc) as tot_disc, p.ppn, pb.jumlah_datang as jumlah_barang_datang, p.tarif_ppn
                                                                        FROM
                                                                        pembelian p 
                                                                        join pembelian_detail pd on p.kd_beli = pd.kd_beli 
                                                                        join pembelian_invoice pi on pi.kd_po = p.kd_po 
                                                                        join pembelian_invoice_detail pid on pid.kd_po = pi.kd_po
                                                                        join barang b on pid.kd_brg = b.kd_brg 
                                                                        left join penerimaan_barang pb on pid.kd_brg =pb.kd_brg  and pid.kd_po =pb.kd_po 
                                                                        WHERE pid.no_invoice = '14399'
                                                                        GROUP BY pid.kd_po, pid.kd_brg;
                                                                        
[09:33:46] [INFO]: Query: SELECT no_account, deskripsi FROM account WHERE kd_jenis = '11'
[09:33:50] [INFO]: Aksi payment accessed by user: 
[09:33:50] [INFO]: User Starttttt is authenticated. Processing action for route: payment_add and act: input
[09:33:50] [INFO]: Database connection established and helper functions included.
[09:33:50] [INFO]: Memproses input payment dengan data: {"nomor_invoice":"14399","no_invoice":"PO-5003","kd_po":{"1":"PO-5003","2":"PO-5003"},"nama_supplier":"SINAR NIAGA SEJAHTERA","ppn":"0","tanggal_payment":"2026-04-24","metode_payment":"11","akun":"1001001","reff":"","jumlah_payment":"983896","status_lunas":"LUNAS","id":{"1":"14399","2":"14399"},"kd_brg":{"1":"8992775717004","2":"8997014450216"},"jumlah_datang":{"1":"200","2":"48"},"jumlah":{"1":"200","2":"48"},"harga":{"1":"2,249","2":"11,127"},"diskon":{"1":"0","2":"0"},"subtotal":{"1":"449,800","2":"534,096"}}
[09:33:50] [INFO]: Query untuk mencari nomor payment terakhir: SELECT no_payment FROM payment WHERE no_payment LIKE 'PAY-OUT-2604%' ORDER BY no_payment DESC LIMIT 1
[09:33:50] [INFO]: Ditemukan payment sebelumnya di bulan yang sama.
[09:33:50] [INFO]: UPDATE pembelian_invoice SET status_payment = '2' WHERE no_invoice = '14399'
[09:34:03] [INFO]: Memasuki halaman payment_tambah.php
[09:34:03] [INFO]: Query untuk mengambil detail invoice: SELECT pembelian_invoice.* , supplier.nama from pembelian_invoice JOIN supplier ON supplier.kd_supp = pembelian_invoice.kd_supp where no_invoice='14286'
[09:34:03] [INFO]: Query untuk mengambil detail invoice: SELECT * from pembelian_invoice_detail where no_invoice='14286' 
[09:34:03] [INFO]: Query untuk mengambil detail invoice: SELECT pid.*, b.nama, SUM(pd.disc) as tot_disc, p.ppn, pb.jumlah_datang as jumlah_barang_datang, p.tarif_ppn
                                                                        FROM
                                                                        pembelian p 
                                                                        join pembelian_detail pd on p.kd_beli = pd.kd_beli 
                                                                        join pembelian_invoice pi on pi.kd_po = p.kd_po 
                                                                        join pembelian_invoice_detail pid on pid.kd_po = pi.kd_po
                                                                        join barang b on pid.kd_brg = b.kd_brg 
                                                                        left join penerimaan_barang pb on pid.kd_brg =pb.kd_brg  and pid.kd_po =pb.kd_po 
                                                                        WHERE pid.no_invoice = '14286'
                                                                        GROUP BY pid.kd_po, pid.kd_brg;
                                                                        
[09:34:08] [INFO]: Query: SELECT no_account, deskripsi FROM account WHERE kd_jenis = '11'
[09:34:12] [INFO]: Aksi payment accessed by user: 
[09:34:12] [INFO]: User Starttttt is authenticated. Processing action for route: payment_add and act: input
[09:34:12] [INFO]: Database connection established and helper functions included.
[09:34:12] [INFO]: Memproses input payment dengan data: {"nomor_invoice":"14286","no_invoice":"PO-5002","kd_po":{"1":"PO-5002","2":"PO-5002","3":"PO-5002","4":"PO-5002","5":"PO-5002","6":"PO-5002","7":"PO-5002","8":"PO-5002","9":"PO-5002","10":"PO-5002","11":"PO-5002","12":"PO-5002","13":"PO-5002"},"nama_supplier":"SINAR NIAGA SEJAHTERA","ppn":"0","tanggal_payment":"2026-04-17","metode_payment":"11","akun":"1001001","reff":"","jumlah_payment":"1400420","status_lunas":"LUNAS","id":{"1":"14286","2":"14286","3":"14286","4":"14286","5":"14286","6":"14286","7":"14286","8":"14286","9":"14286","10":"14286","11":"14286","12":"14286","13":"14286"},"kd_brg":{"1":"8992775001691","2":"8992775004289","3":"8992775100998","4":"8992775111291","5":"8992775203422","6":"8992775204054","7":"8992775211434","8":"8992775305034","9":"8992775305126","10":"8992775305164","11":"8992775311608","12":"8992775311981","13":"8992775318201"},"jumlah_datang":{"1":"10","2":"10","3":"60","4":"120","5":"30","6":"20","7":"10","8":"120","9":"120","10":"30","11":"384","12":"96","13":"60"},"jumlah":{"1":"10","2":"10","3":"60","4":"120","5":"30","6":"20","7":"10","8":"120","9":"120","10":"30","11":"384","12":"96","13":"60"},"harga":{"1":"7,599","2":"7,599","3":"1,700","4":"850","5":"7,560","6":"1,730","7":"4,999","8":"860","9":"860","10":"5,899","11":"430","12":"860","13":"1,700"},"diskon":{"1":"0","2":"0","3":"0","4":"0","5":"0","6":"0","7":"0","8":"0","9":"0","10":"0","11":"0","12":"0","13":"0"},"subtotal":{"1":"75,990","2":"75,990","3":"102,000","4":"102,000","5":"226,800","6":"34,600","7":"49,990","8":"103,200","9":"103,200","10":"176,970","11":"165,120","12":"82,560","13":"102,000"}}
[09:34:12] [INFO]: Query untuk mencari nomor payment terakhir: SELECT no_payment FROM payment WHERE no_payment LIKE 'PAY-OUT-2604%' ORDER BY no_payment DESC LIMIT 1
[09:34:12] [INFO]: Ditemukan payment sebelumnya di bulan yang sama.
[09:34:12] [INFO]: UPDATE pembelian_invoice SET status_payment = '2' WHERE no_invoice = '14286'
[09:34:24] [INFO]: Aksi payment accessed by user: 
[09:34:24] [INFO]: User Starttttt is authenticated. Processing action for route: payment_based_supplier and act: report
[09:34:24] [INFO]: Database connection established and helper functions included.
[09:34:24] [INFO]: location:../../main.php?route=payment_based_supplier&act=report&filter=supplier&nilai=SUPP-0163
[09:34:29] [INFO]: Memasuki halaman payment_tambah.php
[09:34:29] [INFO]: Query untuk mengambil detail invoice: SELECT pembelian_invoice.* , supplier.nama from pembelian_invoice JOIN supplier ON supplier.kd_supp = pembelian_invoice.kd_supp where no_invoice='20301'
[09:34:29] [INFO]: Query untuk mengambil detail invoice: SELECT * from pembelian_invoice_detail where no_invoice='20301' 
[09:34:29] [INFO]: Query untuk mengambil detail invoice: SELECT pid.*, b.nama, SUM(pd.disc) as tot_disc, p.ppn, pb.jumlah_datang as jumlah_barang_datang, p.tarif_ppn
                                                                        FROM
                                                                        pembelian p 
                                                                        join pembelian_detail pd on p.kd_beli = pd.kd_beli 
                                                                        join pembelian_invoice pi on pi.kd_po = p.kd_po 
                                                                        join pembelian_invoice_detail pid on pid.kd_po = pi.kd_po
                                                                        join barang b on pid.kd_brg = b.kd_brg 
                                                                        left join penerimaan_barang pb on pid.kd_brg =pb.kd_brg  and pid.kd_po =pb.kd_po 
                                                                        WHERE pid.no_invoice = '20301'
                                                                        GROUP BY pid.kd_po, pid.kd_brg;
                                                                        
[09:34:34] [INFO]: Query: SELECT no_account, deskripsi FROM account WHERE kd_jenis = '11'
[09:34:38] [INFO]: Aksi payment accessed by user: 
[09:34:38] [INFO]: User Starttttt is authenticated. Processing action for route: payment_add and act: input
[09:34:38] [INFO]: Database connection established and helper functions included.
[09:34:38] [INFO]: Memproses input payment dengan data: {"nomor_invoice":"20301","no_invoice":"PO-4612","kd_po":{"1":"PO-4612","2":"PO-4612","3":"PO-4612","4":"PO-4612"},"nama_supplier":"PIXY","ppn":"0","tanggal_payment":"2026-04-24","metode_payment":"11","akun":"1001001","reff":"","jumlah_payment":"232800","status_lunas":"LUNAS","id":{"1":"20301","2":"20301","3":"20301","4":"20301"},"kd_brg":{"1":"8992222073745","2":"8992222073752","3":"8992222075428","4":"8992222075435"},"jumlah_datang":{"1":"3","2":"3","3":"3","4":"3"},"jumlah":{"1":"3","2":"3","3":"3","4":"3"},"harga":{"1":"20,000","2":"20,000","3":"18,800","4":"18,800"},"diskon":{"1":"0","2":"0","3":"0","4":"0"},"subtotal":{"1":"60,000","2":"60,000","3":"56,400","4":"56,400"}}
[09:34:38] [INFO]: Query untuk mencari nomor payment terakhir: SELECT no_payment FROM payment WHERE no_payment LIKE 'PAY-OUT-2604%' ORDER BY no_payment DESC LIMIT 1
[09:34:38] [INFO]: Ditemukan payment sebelumnya di bulan yang sama.
[09:34:38] [INFO]: UPDATE pembelian_invoice SET status_payment = '2' WHERE no_invoice = '20301'
[09:35:11] [INFO]: Aksi payment accessed by user: 
[09:35:11] [INFO]: User Starttttt is authenticated. Processing action for route: payment_based_supplier and act: report
[09:35:11] [INFO]: Database connection established and helper functions included.
[09:35:11] [INFO]: location:../../main.php?route=payment_based_supplier&act=report&filter=supplier&nilai=SUPP-0146
[09:35:17] [INFO]: Memasuki halaman payment_tambah.php
[09:35:17] [INFO]: Query untuk mengambil detail invoice: SELECT pembelian_invoice.* , supplier.nama from pembelian_invoice JOIN supplier ON supplier.kd_supp = pembelian_invoice.kd_supp where no_invoice='2061'
[09:35:17] [INFO]: Query untuk mengambil detail invoice: SELECT * from pembelian_invoice_detail where no_invoice='2061' 
[09:35:17] [INFO]: Query untuk mengambil detail invoice: SELECT pid.*, b.nama, SUM(pd.disc) as tot_disc, p.ppn, pb.jumlah_datang as jumlah_barang_datang, p.tarif_ppn
                                                                        FROM
                                                                        pembelian p 
                                                                        join pembelian_detail pd on p.kd_beli = pd.kd_beli 
                                                                        join pembelian_invoice pi on pi.kd_po = p.kd_po 
                                                                        join pembelian_invoice_detail pid on pid.kd_po = pi.kd_po
                                                                        join barang b on pid.kd_brg = b.kd_brg 
                                                                        left join penerimaan_barang pb on pid.kd_brg =pb.kd_brg  and pid.kd_po =pb.kd_po 
                                                                        WHERE pid.no_invoice = '2061'
                                                                        GROUP BY pid.kd_po, pid.kd_brg;
                                                                        
[09:35:19] [INFO]: Memasuki halaman payment_tambah.php
[09:35:19] [INFO]: Query untuk mengambil detail invoice: SELECT pembelian_invoice.* , supplier.nama from pembelian_invoice JOIN supplier ON supplier.kd_supp = pembelian_invoice.kd_supp where no_invoice='2061'
[09:35:19] [INFO]: Query untuk mengambil detail invoice: SELECT * from pembelian_invoice_detail where no_invoice='2061' 
[09:35:19] [INFO]: Query untuk mengambil detail invoice: SELECT pid.*, b.nama, SUM(pd.disc) as tot_disc, p.ppn, pb.jumlah_datang as jumlah_barang_datang, p.tarif_ppn
                                                                        FROM
                                                                        pembelian p 
                                                                        join pembelian_detail pd on p.kd_beli = pd.kd_beli 
                                                                        join pembelian_invoice pi on pi.kd_po = p.kd_po 
                                                                        join pembelian_invoice_detail pid on pid.kd_po = pi.kd_po
                                                                        join barang b on pid.kd_brg = b.kd_brg 
                                                                        left join penerimaan_barang pb on pid.kd_brg =pb.kd_brg  and pid.kd_po =pb.kd_po 
                                                                        WHERE pid.no_invoice = '2061'
                                                                        GROUP BY pid.kd_po, pid.kd_brg;
                                                                        
[09:35:26] [INFO]: Query: SELECT no_account, deskripsi FROM account WHERE kd_jenis = '11'
[09:35:32] [INFO]: Aksi payment accessed by user: 
[09:35:32] [INFO]: User Starttttt is authenticated. Processing action for route: payment_add and act: input
[09:35:32] [INFO]: Database connection established and helper functions included.
[09:35:32] [INFO]: Memproses input payment dengan data: {"nomor_invoice":"2061","no_invoice":"PO-4970","kd_po":{"1":"PO-4970","2":"PO-4970","3":"PO-4970","4":"PO-4970","5":"PO-4970","6":"PO-4970","7":"PO-4970","8":"PO-4970","9":"PO-4970","10":"PO-4970","11":"PO-4970","12":"PO-4970","13":"PO-4970","14":"PO-4970","15":"PO-4970","16":"PO-4970","17":"PO-4970","18":"PO-4970"},"nama_supplier":"NIAGATAMA RETALINDO","ppn":"0","tanggal_payment":"2026-04-17","metode_payment":"11","akun":"1001001","reff":"","jumlah_payment":"1721500","status_lunas":"LUNAS","id":{"1":"2061","2":"2061","3":"2061","4":"2061","5":"2061","6":"2061","7":"2061","8":"2061","9":"2061","10":"2061","11":"2061","12":"2061","13":"2061","14":"2061","15":"2061","16":"2061","17":"2061","18":"2061"},"kd_brg":{"1":"8996001301142","2":"8996001302248","3":"8996001304013","4":"8996001304037","5":"8996001304426","6":"8996001304990","7":"8996001305072","8":"8996001307847","9":"8996001307854","10":"8996001308059","11":"8996001308301","12":"8996001313633","13":"8996001316009","14":"8996001316023","15":"8996001316047","16":"8996001317082","17":"8996001317174","18":"8996001318980"},"jumlah_datang":{"1":"84","2":"10","3":"5","4":"5","5":"6","6":"24","7":"6","8":"10","9":"4","10":"24","11":"24","12":"10","13":"24","14":"24","15":"24","16":"24","17":"12","18":"12"},"jumlah":{"1":"84","2":"10","3":"5","4":"5","5":"6","6":"24","7":"6","8":"10","9":"4","10":"24","11":"24","12":"10","13":"24","14":"24","15":"24","16":"24","17":"12","18":"12"},"harga":{"1":"8,200","2":"6,100","3":"8,100","4":"8,100","5":"4,780","6":"7,100","7":"6,600","8":"6,000","9":"6,600","10":"1,730","11":"1,700","12":"1,650","13":"1,650","14":"1,650","15":"1,650","16":"7,900","17":"6,600","18":"6,600"},"diskon":{"1":"0","2":"0","3":"0","4":"0","5":"0","6":"0","7":"0","8":"0","9":"0","10":"0","11":"0","12":"0","13":"0","14":"0","15":"0","16":"0","17":"0","18":"0"},"subtotal":{"1":"688,800","2":"61,000","3":"40,500","4":"40,500","5":"28,680","6":"170,400","7":"39,600","8":"60,000","9":"26,400","10":"41,520","11":"40,800","12":"16,500","13":"39,600","14":"39,600","15":"39,600","16":"189,600","17":"79,200","18":"79,200"}}
[09:35:32] [INFO]: Query untuk mencari nomor payment terakhir: SELECT no_payment FROM payment WHERE no_payment LIKE 'PAY-OUT-2604%' ORDER BY no_payment DESC LIMIT 1
[09:35:32] [INFO]: Ditemukan payment sebelumnya di bulan yang sama.
[09:35:32] [INFO]: UPDATE pembelian_invoice SET status_payment = '2' WHERE no_invoice = '2061'
[09:35:52] [INFO]: Aksi payment accessed by user: 
[09:35:52] [INFO]: User Starttttt is authenticated. Processing action for route: payment_based_supplier and act: report
[09:35:52] [INFO]: Database connection established and helper functions included.
[09:35:52] [INFO]: location:../../main.php?route=payment_based_supplier&act=report&filter=supplier&nilai=SUPP-0234
[09:35:59] [INFO]: Memasuki halaman payment_tambah.php
[09:35:59] [INFO]: Query untuk mengambil detail invoice: SELECT pembelian_invoice.* , supplier.nama from pembelian_invoice JOIN supplier ON supplier.kd_supp = pembelian_invoice.kd_supp where no_invoice='3825'
[09:35:59] [INFO]: Query untuk mengambil detail invoice: SELECT * from pembelian_invoice_detail where no_invoice='3825' 
[09:35:59] [INFO]: Query untuk mengambil detail invoice: SELECT pid.*, b.nama, SUM(pd.disc) as tot_disc, p.ppn, pb.jumlah_datang as jumlah_barang_datang, p.tarif_ppn
                                                                        FROM
                                                                        pembelian p 
                                                                        join pembelian_detail pd on p.kd_beli = pd.kd_beli 
                                                                        join pembelian_invoice pi on pi.kd_po = p.kd_po 
                                                                        join pembelian_invoice_detail pid on pid.kd_po = pi.kd_po
                                                                        join barang b on pid.kd_brg = b.kd_brg 
                                                                        left join penerimaan_barang pb on pid.kd_brg =pb.kd_brg  and pid.kd_po =pb.kd_po 
                                                                        WHERE pid.no_invoice = '3825'
                                                                        GROUP BY pid.kd_po, pid.kd_brg;
                                                                        
[09:36:05] [INFO]: Query: SELECT no_account, deskripsi FROM account WHERE kd_jenis = '11'
[09:36:08] [INFO]: Aksi payment accessed by user: 
[09:36:08] [INFO]: User Starttttt is authenticated. Processing action for route: payment_add and act: input
[09:36:08] [INFO]: Database connection established and helper functions included.
[09:36:08] [INFO]: Memproses input payment dengan data: {"nomor_invoice":"3825","no_invoice":"PO-4990","kd_po":{"1":"PO-4990","2":"PO-4990","3":"PO-4990","4":"PO-4990","5":"PO-4990","6":"PO-4990","7":"PO-4990","8":"PO-4990","9":"PO-4990","10":"PO-4990","11":"PO-4990","12":"PO-4990"},"nama_supplier":"TRIYANTO SUKSES MANDIRI","ppn":"0","tanggal_payment":"2026-04-24","metode_payment":"11","akun":"1001001","reff":"","jumlah_payment":"596372","status_lunas":"LUNAS","id":{"1":"3825","2":"3825","3":"3825","4":"3825","5":"3825","6":"3825","7":"3825","8":"3825","9":"3825","10":"3825","11":"3825","12":"3825"},"kd_brg":{"1":"8992933151114","2":"8992933154115","3":"8992933162127","4":"8992933216110","5":"8992933241112","6":"8992933325119","7":"8992933326116","8":"8992933423112","9":"8992933441116","10":"8992933442113","11":"8992933460117","12":"8992933462111"},"jumlah_datang":{"1":"10","2":"10","3":"12","4":"12","5":"24","6":"24","7":"24","8":"6","9":"6","10":"6","11":"6","12":"6"},"jumlah":{"1":"10","2":"10","3":"12","4":"12","5":"24","6":"24","7":"24","8":"6","9":"6","10":"6","11":"6","12":"6"},"harga":{"1":"4,084","2":"4,084","3":"3,470","4":"4,165","5":"5,074","6":"1,668","7":"1,668","8":"3,470","9":"8,226","10":"8,475","11":"8,226","12":"8,475"},"diskon":{"1":"0","2":"0","3":"0","4":"0","5":"0","6":"0","7":"0","8":"0","9":"0","10":"0","11":"0","12":"0"},"subtotal":{"1":"40,840","2":"40,840","3":"41,640","4":"49,980","5":"121,776","6":"40,032","7":"40,032","8":"20,820","9":"49,356","10":"50,850","11":"49,356","12":"50,850"}}
[09:36:08] [INFO]: Query untuk mencari nomor payment terakhir: SELECT no_payment FROM payment WHERE no_payment LIKE 'PAY-OUT-2604%' ORDER BY no_payment DESC LIMIT 1
[09:36:08] [INFO]: Ditemukan payment sebelumnya di bulan yang sama.
[09:36:08] [INFO]: UPDATE pembelian_invoice SET status_payment = '2' WHERE no_invoice = '3825'
[09:36:21] [INFO]: Memasuki halaman payment_tambah.php
[09:36:21] [INFO]: Query untuk mengambil detail invoice: SELECT pembelian_invoice.* , supplier.nama from pembelian_invoice JOIN supplier ON supplier.kd_supp = pembelian_invoice.kd_supp where no_invoice='05351'
[09:36:21] [INFO]: Query untuk mengambil detail invoice: SELECT * from pembelian_invoice_detail where no_invoice='05351' 
[09:36:21] [INFO]: Query untuk mengambil detail invoice: SELECT pid.*, b.nama, SUM(pd.disc) as tot_disc, p.ppn, pb.jumlah_datang as jumlah_barang_datang, p.tarif_ppn
                                                                        FROM
                                                                        pembelian p 
                                                                        join pembelian_detail pd on p.kd_beli = pd.kd_beli 
                                                                        join pembelian_invoice pi on pi.kd_po = p.kd_po 
                                                                        join pembelian_invoice_detail pid on pid.kd_po = pi.kd_po
                                                                        join barang b on pid.kd_brg = b.kd_brg 
                                                                        left join penerimaan_barang pb on pid.kd_brg =pb.kd_brg  and pid.kd_po =pb.kd_po 
                                                                        WHERE pid.no_invoice = '05351'
                                                                        GROUP BY pid.kd_po, pid.kd_brg;
                                                                        
[09:36:25] [INFO]: Query: SELECT no_account, deskripsi FROM account WHERE kd_jenis = '11'
[09:36:29] [INFO]: Aksi payment accessed by user: 
[09:36:29] [INFO]: User Starttttt is authenticated. Processing action for route: payment_add and act: input
[09:36:29] [INFO]: Database connection established and helper functions included.
[09:36:29] [INFO]: Memproses input payment dengan data: {"nomor_invoice":"05351","no_invoice":"PO-4997","kd_po":{"1":"PO-4997","2":"PO-4997","3":"PO-4997","4":"PO-4997","5":"PO-4997","6":"PO-4997","7":"PO-4997","8":"PO-4997","9":"PO-4997","10":"PO-4997","11":"PO-4997","12":"PO-4997","13":"PO-4997","14":"PO-4997","15":"PO-4997","16":"PO-4997","17":"PO-4997","18":"PO-4997","19":"PO-4997","20":"PO-4997","21":"PO-4997"},"nama_supplier":"TRIYANTO SUKSES MANDIRI","ppn":"0","tanggal_payment":"2026-04-17","metode_payment":"11","akun":"1001001","reff":"","jumlah_payment":"2909328","status_lunas":"LUNAS","id":{"1":"05351","2":"05351","3":"05351","4":"05351","5":"05351","6":"05351","7":"05351","8":"05351","9":"05351","10":"05351","11":"05351","12":"05351","13":"05351","14":"05351","15":"05351","16":"05351","17":"05351","18":"05351","19":"05351","20":"05351","21":"05351"},"kd_brg":{"1":"6901668053121","2":"7622201430122","3":"7622201430153","4":"7622202007989","5":"7622202217630","6":"7622202243639","7":"7622202304392","8":"7622202335211","9":"7622210515278","10":"7622210515285","11":"7622210580276","12":"7622210695802","13":"7622300065201","14":"7622300136055","15":"7622300405588","16":"7622300442507","17":"8992760121090","18":"8992760211029","19":"8992760221028","20":"8992760223015","21":"9556182023234"},"jumlah_datang":{"1":"24","2":"24","3":"24","4":"36","5":"36","6":"60","7":"144","8":"12","9":"10","10":"10","11":"24","12":"10","13":"24","14":"24","15":"144","16":"24","17":"24","18":"24","19":"24","20":"24","21":"24"},"jumlah":{"1":"24","2":"24","3":"24","4":"36","5":"36","6":"60","7":"144","8":"12","9":"10","10":"10","11":"24","12":"10","13":"24","14":"24","15":"144","16":"24","17":"24","18":"24","19":"24","20":"24","21":"24"},"harga":{"1":"4,780","2":"1,730","3":"1,730","4":"7,056","5":"7,056","6":"1,700","7":"1,700","8":"5,949","9":"1,730","10":"1,730","11":"4,780","12":"1,730","13":"4,815","14":"7,614","15":"1,730","16":"7,714","17":"7,956","18":"6,207","19":"7,614","20":"7,614","21":"7,533"},"diskon":{"1":"0","2":"0","3":"0","4":"0","5":"0","6":"0","7":"0","8":"0","9":"0","10":"0","11":"0","12":"0","13":"0","14":"0","15":"0","16":"0","17":"0","18":"0","19":"0","20":"0","21":"0"},"subtotal":{"1":"114,720","2":"41,520","3":"41,520","4":"254,016","5":"254,016","6":"102,000","7":"244,800","8":"71,388","9":"17,300","10":"17,300","11":"114,720","12":"17,300","13":"115,560","14":"182,736","15":"249,120","16":"185,136","17":"190,944","18":"148,968","19":"182,736","20":"182,736","21":"180,792"}}
[09:36:29] [INFO]: Query untuk mencari nomor payment terakhir: SELECT no_payment FROM payment WHERE no_payment LIKE 'PAY-OUT-2604%' ORDER BY no_payment DESC LIMIT 1
[09:36:29] [INFO]: Ditemukan payment sebelumnya di bulan yang sama.
[09:36:29] [INFO]: UPDATE pembelian_invoice SET status_payment = '2' WHERE no_invoice = '05351'
[09:36:42] [INFO]: Memasuki halaman payment_tambah.php
[09:36:42] [INFO]: Query untuk mengambil detail invoice: SELECT pembelian_invoice.* , supplier.nama from pembelian_invoice JOIN supplier ON supplier.kd_supp = pembelian_invoice.kd_supp where no_invoice='00296'
[09:36:42] [INFO]: Query untuk mengambil detail invoice: SELECT * from pembelian_invoice_detail where no_invoice='00296' 
[09:36:42] [INFO]: Query untuk mengambil detail invoice: SELECT pid.*, b.nama, SUM(pd.disc) as tot_disc, p.ppn, pb.jumlah_datang as jumlah_barang_datang, p.tarif_ppn
                                                                        FROM
                                                                        pembelian p 
                                                                        join pembelian_detail pd on p.kd_beli = pd.kd_beli 
                                                                        join pembelian_invoice pi on pi.kd_po = p.kd_po 
                                                                        join pembelian_invoice_detail pid on pid.kd_po = pi.kd_po
                                                                        join barang b on pid.kd_brg = b.kd_brg 
                                                                        left join penerimaan_barang pb on pid.kd_brg =pb.kd_brg  and pid.kd_po =pb.kd_po 
                                                                        WHERE pid.no_invoice = '00296'
                                                                        GROUP BY pid.kd_po, pid.kd_brg;
                                                                        
[09:36:46] [INFO]: Query: SELECT no_account, deskripsi FROM account WHERE kd_jenis = '11'
[09:36:50] [INFO]: Aksi payment accessed by user: 
[09:36:50] [INFO]: User Starttttt is authenticated. Processing action for route: payment_add and act: input
[09:36:50] [INFO]: Database connection established and helper functions included.
[09:36:50] [INFO]: Memproses input payment dengan data: {"nomor_invoice":"00296","no_invoice":"PO-4987","kd_po":{"1":"PO-4987","2":"PO-4987","3":"PO-4987","4":"PO-4987","5":"PO-4987","6":"PO-4987","7":"PO-4987","8":"PO-4987","9":"PO-4987","10":"PO-4987","11":"PO-4987","12":"PO-4987","13":"PO-4987","14":"PO-4987"},"nama_supplier":"TRIYANTO SUKSES MANDIRI","ppn":"0","tanggal_payment":"2026-04-24","metode_payment":"11","akun":"1001001","reff":"","jumlah_payment":"1540464","status_lunas":"LUNAS","id":{"1":"00296","2":"00296","3":"00296","4":"00296","5":"00296","6":"00296","7":"00296","8":"00296","9":"00296","10":"00296","11":"00296","12":"00296","13":"00296","14":"00296"},"kd_brg":{"1":"8997014021850","2":"8997014021867","3":"8997222130016","4":"8997222130191","5":"8997232970046","6":"8997232970053","7":"8997232971081","8":"8997232971265","9":"8997232971272","10":"8997232971302","11":"8997878002088","12":"8997878700267","13":"8997878701387","14":"8997878702018"},"jumlah_datang":{"1":"6","2":"6","3":"20","4":"9","5":"12","6":"12","7":"6","8":"6","9":"120","10":"12","11":"60","12":"24","13":"36","14":"30"},"jumlah":{"1":"6","2":"6","3":"20","4":"9","5":"12","6":"12","7":"6","8":"6","9":"120","10":"12","11":"60","12":"24","13":"36","14":"30"},"harga":{"1":"6,993","2":"6,993","3":"5,910","4":"5,910","5":"9,900","6":"9,900","7":"6,993","8":"6,993","9":"1,699","10":"9,900","11":"6,080","12":"3,800","13":"4,527","14":"733"},"diskon":{"1":"0","2":"0","3":"0","4":"0","5":"0","6":"0","7":"0","8":"0","9":"0","10":"0","11":"0","12":"0","13":"0","14":"0"},"subtotal":{"1":"41,958","2":"41,958","3":"118,200","4":"53,190","5":"118,800","6":"118,800","7":"41,958","8":"41,958","9":"203,880","10":"118,800","11":"364,800","12":"91,200","13":"162,972","14":"21,990"}}
[09:36:50] [INFO]: Query untuk mencari nomor payment terakhir: SELECT no_payment FROM payment WHERE no_payment LIKE 'PAY-OUT-2604%' ORDER BY no_payment DESC LIMIT 1
[09:36:50] [INFO]: Ditemukan payment sebelumnya di bulan yang sama.
[09:36:50] [INFO]: UPDATE pembelian_invoice SET status_payment = '2' WHERE no_invoice = '00296'
[09:37:02] [INFO]: Aksi payment accessed by user: 
[09:37:02] [INFO]: User Starttttt is authenticated. Processing action for route: payment_based_supplier and act: report
[09:37:02] [INFO]: Database connection established and helper functions included.
[09:37:02] [INFO]: location:../../main.php?route=payment_based_supplier&act=report&filter=supplier&nilai=SUPP-0226
[09:37:11] [INFO]: Memasuki halaman payment_tambah.php
[09:37:11] [INFO]: Query untuk mengambil detail invoice: SELECT pembelian_invoice.* , supplier.nama from pembelian_invoice JOIN supplier ON supplier.kd_supp = pembelian_invoice.kd_supp where no_invoice='2081'
[09:37:11] [INFO]: Query untuk mengambil detail invoice: SELECT * from pembelian_invoice_detail where no_invoice='2081' 
[09:37:11] [INFO]: Query untuk mengambil detail invoice: SELECT pid.*, b.nama, SUM(pd.disc) as tot_disc, p.ppn, pb.jumlah_datang as jumlah_barang_datang, p.tarif_ppn
                                                                        FROM
                                                                        pembelian p 
                                                                        join pembelian_detail pd on p.kd_beli = pd.kd_beli 
                                                                        join pembelian_invoice pi on pi.kd_po = p.kd_po 
                                                                        join pembelian_invoice_detail pid on pid.kd_po = pi.kd_po
                                                                        join barang b on pid.kd_brg = b.kd_brg 
                                                                        left join penerimaan_barang pb on pid.kd_brg =pb.kd_brg  and pid.kd_po =pb.kd_po 
                                                                        WHERE pid.no_invoice = '2081'
                                                                        GROUP BY pid.kd_po, pid.kd_brg;
                                                                        
[09:37:15] [INFO]: Query: SELECT no_account, deskripsi FROM account WHERE kd_jenis = '11'
[09:37:19] [INFO]: Aksi payment accessed by user: 
[09:37:19] [INFO]: User Starttttt is authenticated. Processing action for route: payment_add and act: input
[09:37:19] [INFO]: Database connection established and helper functions included.
[09:37:19] [INFO]: Memproses input payment dengan data: {"nomor_invoice":"2081","no_invoice":"PO-4904","kd_po":{"1":"PO-4904","2":"PO-4904","3":"PO-4904","4":"PO-4904","5":"PO-4904","6":"PO-4904","7":"PO-4904","8":"PO-4904","9":"PO-4904","10":"PO-4904","11":"PO-4904","12":"PO-4904","13":"PO-4904","14":"PO-4904","15":"PO-4904","16":"PO-4904","17":"PO-4904","18":"PO-4904","19":"PO-4904","20":"PO-4904","21":"PO-4904","22":"PO-4904","23":"PO-4904","24":"PO-4904","25":"PO-4904","26":"PO-4904","27":"PO-4904","28":"PO-4904","29":"PO-4904","30":"PO-4904","31":"PO-4904","32":"PO-4904","33":"PO-4904","34":"PO-4904","35":"PO-4904","36":"PO-4904","37":"PO-4904","38":"PO-4904","39":"PO-4904","40":"PO-4904"},"nama_supplier":"TERLAKSANA SUKSES MANDIRI","ppn":"0","tanggal_payment":"2026-04-24","metode_payment":"11","akun":"1001001","reff":"","jumlah_payment":"2746946","status_lunas":"LUNAS","id":{"1":"2081","2":"2081","3":"2081","4":"2081","5":"2081","6":"2081","7":"2081","8":"2081","9":"2081","10":"2081","11":"2081","12":"2081","13":"2081","14":"2081","15":"2081","16":"2081","17":"2081","18":"2081","19":"2081","20":"2081","21":"2081","22":"2081","23":"2081","24":"2081","25":"2081","26":"2081","27":"2081","28":"2081","29":"2081","30":"2081","31":"2081","32":"2081","33":"2081","34":"2081","35":"2081","36":"2081","37":"2081","38":"2081","39":"2081","40":"2081"},"kd_brg":{"1":"8992742370683","2":"8992742375312","3":"8992742375350","4":"8992745000129","5":"8992745000341","6":"8992745000358","7":"8992745000389","8":"8992745001089","9":"8992745001218","10":"8992745120407","11":"8992745120469","12":"8992745120476","13":"8992745130406","14":"8992745140955","15":"8992745320074","16":"8992745320289","17":"8992745320302","18":"8992745326724","19":"8992745380689","20":"8992745480112","21":"8992745480488","22":"8992745480495","23":"8992745540687","24":"8992745550259","25":"8992745550518","26":"8992745550525","27":"8992745560579","28":"8992745610892","29":"8992745700951","30":"8992745705031","31":"8992745705567","32":"8992745730118","33":"8992745940128","34":"8992745940135","35":"8992745940142","36":"8992745940166","37":"8992745999775","38":"8992745999805","39":"8992745999812","40":"8992745999997"},"jumlah_datang":{"1":"12","2":"12","3":"24","4":"2","5":"6","6":"6","7":"2","8":"2","9":"4","10":"12","11":"3","12":"2","13":"2","14":"12","15":"18","16":"2","17":"2","18":"12","19":"6","20":"12","21":"3","22":"12","23":"12","24":"3","25":"6","26":"6","27":"3","28":"18","29":"6","30":"6","31":"6","32":"6","33":"6","34":"6","35":"6","36":"6","37":"2","38":"2","39":"2","40":"12"},"jumlah":{"1":"12","2":"12","3":"24","4":"2","5":"6","6":"6","7":"2","8":"2","9":"4","10":"12","11":"3","12":"2","13":"2","14":"12","15":"18","16":"2","17":"2","18":"12","19":"6","20":"12","21":"3","22":"12","23":"12","24":"3","25":"6","26":"6","27":"3","28":"18","29":"6","30":"6","31":"6","32":"6","33":"6","34":"6","35":"6","36":"6","37":"2","38":"2","39":"2","40":"12"},"harga":{"1":"2,720","2":"1,465","3":"1,332","4":"16,950","5":"7,714","6":"7,714","7":"15,429","8":"15,429","9":"6,027","10":"15,624","11":"24,253","12":"29,936","13":"29,936","14":"15,624","15":"9,879","16":"16,650","17":"16,650","18":"3,910","19":"6,937","20":"15,624","21":"24,253","22":"15,624","23":"5,210","24":"10,878","25":"10,442","26":"10,442","27":"18,492","28":"9,879","29":"8,402","30":"2,630","31":"14,520","32":"10,767","33":"7,714","34":"7,714","35":"7,714","36":"7,714","37":"15,429","38":"15,429","39":"15,429","40":"12,909"},"diskon":{"1":"0","2":"0","3":"0","4":"0","5":"0","6":"0","7":"0","8":"0","9":"0","10":"0","11":"0","12":"0","13":"0","14":"0","15":"0","16":"0","17":"0","18":"0","19":"0","20":"0","21":"0","22":"0","23":"0","24":"0","25":"0","26":"0","27":"0","28":"0","29":"0","30":"0","31":"0","32":"0","33":"0","34":"0","35":"0","36":"0","37":"0","38":"0","39":"0","40":"0"},"subtotal":{"1":"32,640","2":"17,580","3":"31,968","4":"33,900","5":"46,284","6":"46,284","7":"30,858","8":"30,858","9":"24,108","10":"187,488","11":"72,759","12":"59,872","13":"59,872","14":"187,488","15":"177,822","16":"33,300","17":"33,300","18":"46,920","19":"41,622","20":"187,488","21":"72,759","22":"187,488","23":"62,520","24":"32,634","25":"62,652","26":"62,652","27":"55,476","28":"177,822","29":"50,412","30":"15,780","31":"87,120","32":"64,602","33":"46,284","34":"46,284","35":"46,284","36":"46,284","37":"30,858","38":"30,858","39":"30,858","40":"154,908"}}
[09:37:19] [INFO]: Query untuk mencari nomor payment terakhir: SELECT no_payment FROM payment WHERE no_payment LIKE 'PAY-OUT-2604%' ORDER BY no_payment DESC LIMIT 1
[09:37:19] [INFO]: Ditemukan payment sebelumnya di bulan yang sama.
[09:37:19] [INFO]: UPDATE pembelian_invoice SET status_payment = '2' WHERE no_invoice = '2081'
[09:37:33] [INFO]: Aksi payment accessed by user: 
[09:37:33] [INFO]: User Starttttt is authenticated. Processing action for route: payment_based_supplier and act: report
[09:37:33] [INFO]: Database connection established and helper functions included.
[09:37:33] [INFO]: location:../../main.php?route=payment_based_supplier&act=report&filter=supplier&nilai=SUPP-0110
[09:37:35] [INFO]: Memasuki halaman payment_tambah.php
[09:37:35] [INFO]: Query untuk mengambil detail invoice: SELECT pembelian_invoice.* , supplier.nama from pembelian_invoice JOIN supplier ON supplier.kd_supp = pembelian_invoice.kd_supp where no_invoice='500429'
[09:37:35] [INFO]: Query untuk mengambil detail invoice: SELECT * from pembelian_invoice_detail where no_invoice='500429' 
[09:37:35] [INFO]: Query untuk mengambil detail invoice: SELECT pid.*, b.nama, SUM(pd.disc) as tot_disc, p.ppn, pb.jumlah_datang as jumlah_barang_datang, p.tarif_ppn
                                                                        FROM
                                                                        pembelian p 
                                                                        join pembelian_detail pd on p.kd_beli = pd.kd_beli 
                                                                        join pembelian_invoice pi on pi.kd_po = p.kd_po 
                                                                        join pembelian_invoice_detail pid on pid.kd_po = pi.kd_po
                                                                        join barang b on pid.kd_brg = b.kd_brg 
                                                                        left join penerimaan_barang pb on pid.kd_brg =pb.kd_brg  and pid.kd_po =pb.kd_po 
                                                                        WHERE pid.no_invoice = '500429'
                                                                        GROUP BY pid.kd_po, pid.kd_brg;
                                                                        
[09:37:41] [INFO]: Query: SELECT no_account, deskripsi FROM account WHERE kd_jenis = '11'
[09:37:46] [INFO]: Aksi payment accessed by user: 
[09:37:46] [INFO]: User Starttttt is authenticated. Processing action for route: payment_add and act: input
[09:37:46] [INFO]: Database connection established and helper functions included.
[09:37:46] [INFO]: Memproses input payment dengan data: {"nomor_invoice":"500429","no_invoice":"PO-5082","kd_po":{"1":"PO-5082","2":"PO-5082","3":"PO-5082","4":"PO-5082","5":"PO-5082","6":"PO-5082","7":"PO-5082","8":"PO-5082","9":"PO-5082","10":"PO-5082","11":"PO-5082","12":"PO-5082","13":"PO-5082","14":"PO-5082","15":"PO-5082","16":"PO-5082","17":"PO-5082","18":"PO-5082","19":"PO-5082","20":"PO-5082","21":"PO-5082"},"nama_supplier":"MAHAMERU DUNIA PERKASA","ppn":"0","tanggal_payment":"2026-04-20","metode_payment":"11","akun":"1001001","reff":"","jumlah_payment":"2170920","status_lunas":"LUNAS","id":{"1":"500429","2":"500429","3":"500429","4":"500429","5":"500429","6":"500429","7":"500429","8":"500429","9":"500429","10":"500429","11":"500429","12":"500429","13":"500429","14":"500429","15":"500429","16":"500429","17":"500429","18":"500429","19":"500429","20":"500429","21":"500429"},"kd_brg":{"1":"8990121011073","2":"8999999002503","3":"8999999016128","4":"8999999042608","5":"8999999045937","6":"8999999045944","7":"8999999052959","8":"8999999192150","9":"8999999406943","10":"8999999580773","11":"8999999597467","12":"8999999597498","13":"8999999598211","14":"8999999601546","15":"8999999602802","16":"8999999604783","17":"8999999605223","18":"8999999608712","19":"8999999608729","20":"8999999617233","21":"8999999617479"},"jumlah_datang":{"1":"48","2":"12","3":"3","4":"6","5":"24","6":"24","7":"3","8":"36","9":"3","10":"3","11":"6","12":"6","13":"24","14":"12","15":"3","16":"24","17":"12","18":"6","19":"6","20":"3","21":"3"},"jumlah":{"1":"48","2":"12","3":"3","4":"6","5":"24","6":"24","7":"3","8":"36","9":"3","10":"3","11":"6","12":"6","13":"24","14":"12","15":"3","16":"24","17":"12","18":"6","19":"6","20":"3","21":"3"},"harga":{"1":"9,210","2":"21,210","3":"15,100","4":"15,100","5":"5,585","6":"5,585","7":"20,046","8":"4,340","9":"10,374","10":"17,309","11":"19,740","12":"19,740","13":"4,020","14":"4,301","15":"21,861","16":"4,000","17":"4,400","18":"8,414","19":"8,414","20":"1,600","21":"21,930"},"diskon":{"1":"0","2":"0","3":"0","4":"0","5":"0","6":"0","7":"0","8":"0","9":"0","10":"0","11":"0","12":"0","13":"0","14":"0","15":"0","16":"0","17":"0","18":"0","19":"0","20":"0","21":"0"},"subtotal":{"1":"442,080","2":"254,520","3":"45,300","4":"90,600","5":"134,040","6":"134,040","7":"60,138","8":"156,240","9":"31,122","10":"51,927","11":"118,440","12":"118,440","13":"96,480","14":"51,612","15":"65,583","16":"96,000","17":"52,800","18":"50,484","19":"50,484","20":"4,800","21":"65,790"}}
[09:37:46] [INFO]: Query untuk mencari nomor payment terakhir: SELECT no_payment FROM payment WHERE no_payment LIKE 'PAY-OUT-2604%' ORDER BY no_payment DESC LIMIT 1
[09:37:46] [INFO]: Ditemukan payment sebelumnya di bulan yang sama.
[09:37:46] [INFO]: UPDATE pembelian_invoice SET status_payment = '2' WHERE no_invoice = '500429'
[09:37:58] [INFO]: Aksi payment accessed by user: 
[09:37:58] [INFO]: User Starttttt is authenticated. Processing action for route: payment_based_supplier and act: report
[09:37:58] [INFO]: Database connection established and helper functions included.
[09:37:58] [INFO]: location:../../main.php?route=payment_based_supplier&act=report&filter=supplier&nilai=SUPP-0007
[09:38:00] [INFO]: Memasuki halaman payment_tambah.php
[09:38:00] [INFO]: Query untuk mengambil detail invoice: SELECT pembelian_invoice.* , supplier.nama from pembelian_invoice JOIN supplier ON supplier.kd_supp = pembelian_invoice.kd_supp where no_invoice='21.4.26'
[09:38:00] [INFO]: Query untuk mengambil detail invoice: SELECT * from pembelian_invoice_detail where no_invoice='21.4.26' 
[09:38:00] [INFO]: Query untuk mengambil detail invoice: SELECT pid.*, b.nama, SUM(pd.disc) as tot_disc, p.ppn, pb.jumlah_datang as jumlah_barang_datang, p.tarif_ppn
                                                                        FROM
                                                                        pembelian p 
                                                                        join pembelian_detail pd on p.kd_beli = pd.kd_beli 
                                                                        join pembelian_invoice pi on pi.kd_po = p.kd_po 
                                                                        join pembelian_invoice_detail pid on pid.kd_po = pi.kd_po
                                                                        join barang b on pid.kd_brg = b.kd_brg 
                                                                        left join penerimaan_barang pb on pid.kd_brg =pb.kd_brg  and pid.kd_po =pb.kd_po 
                                                                        WHERE pid.no_invoice = '21.4.26'
                                                                        GROUP BY pid.kd_po, pid.kd_brg;
                                                                        
[09:38:08] [INFO]: Query: SELECT no_account, deskripsi FROM account WHERE kd_jenis = '11'
[09:38:12] [INFO]: Aksi payment accessed by user: 
[09:38:12] [INFO]: User Starttttt is authenticated. Processing action for route: payment_add and act: input
[09:38:12] [INFO]: Database connection established and helper functions included.
[09:38:12] [INFO]: Memproses input payment dengan data: {"nomor_invoice":"21.4.26","no_invoice":"PO-5106","kd_po":{"1":"PO-5106","2":"PO-5106","3":"PO-5106","4":"PO-5106","5":"PO-5106","6":"PO-5106","7":"PO-5106","8":"PO-5106","9":"PO-5106","10":"PO-5106","11":"PO-5106","12":"PO-5106","13":"PO-5106","14":"PO-5106","15":"PO-5106","16":"PO-5106","17":"PO-5106","18":"PO-5106","19":"PO-5106","20":"PO-5106","21":"PO-5106","22":"PO-5106","23":"PO-5106","24":"PO-5106","25":"PO-5106","26":"PO-5106","27":"PO-5106","28":"PO-5106","29":"PO-5106","30":"PO-5106","31":"PO-5106","32":"PO-5106","33":"PO-5106"},"nama_supplier":"AJINOMOTO","ppn":"0","tanggal_payment":"2026-04-24","metode_payment":"11","akun":"1001001","reff":"","jumlah_payment":"7504124","status_lunas":"LUNAS","id":{"1":"21.4.26","2":"21.4.26","3":"21.4.26","4":"21.4.26","5":"21.4.26","6":"21.4.26","7":"21.4.26","8":"21.4.26","9":"21.4.26","10":"21.4.26","11":"21.4.26","12":"21.4.26","13":"21.4.26","14":"21.4.26","15":"21.4.26","16":"21.4.26","17":"21.4.26","18":"21.4.26","19":"21.4.26","20":"21.4.26","21":"21.4.26","22":"21.4.26","23":"21.4.26","24":"21.4.26","25":"21.4.26","26":"21.4.26","27":"21.4.26","28":"21.4.26","29":"21.4.26","30":"21.4.26","31":"21.4.26","32":"21.4.26","33":"21.4.26"},"kd_brg":{"1":"8992770011084","2":"8992770011169","3":"8992770031686","4":"8992770033130","5":"8992770033147","6":"8992770034151","7":"8992770034175","8":"8992770034212","9":"8992770038913","10":"8992770054012","11":"8992770054036","12":"8992770054067","13":"8992770061010","14":"8992770061041","15":"8992770061065","16":"8992770061072","17":"8992770074010","18":"8992770074027","19":"8992770084040","20":"8992770084064","21":"8992770094117","22":"8992770094315","23":"8992770094414","24":"8992770094711","25":"8992770095152","26":"8992770096128","27":"8992770096135","28":"8992770096227","29":"8992770111012","30":"8992770111029","31":"8992770111104","32":"8992770154019","33":"8992770200006"},"jumlah_datang":{"1":"120","2":"240","3":"24","4":"2160","5":"720","6":"48","7":"48","8":"96","9":"72","10":"30","11":"30","12":"30","13":"120","14":"40","15":"20","16":"6","17":"30","18":"30","19":"10","20":"80","21":"120","22":"20","23":"20","24":"20","25":"10","26":"48","27":"12","28":"6","29":"20","30":"20","31":"20","32":"10","33":"60"},"jumlah":{"1":"120","2":"240","3":"24","4":"2160","5":"720","6":"48","7":"48","8":"96","9":"72","10":"30","11":"30","12":"30","13":"120","14":"40","15":"20","16":"6","17":"30","18":"30","19":"10","20":"80","21":"120","22":"20","23":"20","24":"20","25":"10","26":"48","27":"12","28":"6","29":"20","30":"20","31":"20","32":"10","33":"60"},"harga":{"1":"4,656","2":"4,316","3":"16,538","4":"379","5":"379","6":"9,350","7":"3,540","8":"4,316","9":"2,980","10":"1,730","11":"1,730","12":"1,730","13":"2,400","14":"5,373","15":"2,540","16":"5,875","17":"1,730","18":"1,730","19":"1,730","20":"5,373","21":"2,510","22":"2,690","23":"2,690","24":"2,600","25":"25,705","26":"9,200","27":"17,363","28":"10,500","29":"7,280","30":"5,360","31":"6,360","32":"1,730","33":"830"},"diskon":{"1":"0","2":"0","3":"0","4":"0","5":"0","6":"0","7":"0","8":"0","9":"0","10":"0","11":"0","12":"0","13":"0","14":"0","15":"0","16":"0","17":"0","18":"0","19":"0","20":"0","21":"0","22":"0","23":"0","24":"0","25":"0","26":"0","27":"0","28":"0","29":"0","30":"0","31":"0","32":"0","33":"0"},"subtotal":{"1":"558,720","2":"1,035,840","3":"396,912","4":"818,640","5":"272,880","6":"448,800","7":"169,920","8":"414,336","9":"214,560","10":"51,900","11":"51,900","12":"51,900","13":"288,000","14":"214,920","15":"50,800","16":"35,250","17":"51,900","18":"51,900","19":"17,300","20":"429,840","21":"301,200","22":"53,800","23":"53,800","24":"52,000","25":"257,050","26":"441,600","27":"208,356","28":"63,000","29":"145,600","30":"107,200","31":"127,200","32":"17,300","33":"49,800"}}
[09:38:12] [INFO]: Query untuk mencari nomor payment terakhir: SELECT no_payment FROM payment WHERE no_payment LIKE 'PAY-OUT-2604%' ORDER BY no_payment DESC LIMIT 1
[09:38:12] [INFO]: Ditemukan payment sebelumnya di bulan yang sama.
[09:38:12] [INFO]: UPDATE pembelian_invoice SET status_payment = '2' WHERE no_invoice = '21.4.26'
[09:38:39] [INFO]: Aksi payment accessed by user: 
[09:38:39] [INFO]: User Starttttt is authenticated. Processing action for route: payment_based_supplier and act: report
[09:38:39] [INFO]: Database connection established and helper functions included.
[09:38:39] [INFO]: location:../../main.php?route=payment_based_supplier&act=report&filter=supplier&nilai=SUPP-0151
[09:38:54] [INFO]: Memasuki halaman payment_tambah.php
[09:38:54] [INFO]: Query untuk mengambil detail invoice: SELECT pembelian_invoice.* , supplier.nama from pembelian_invoice JOIN supplier ON supplier.kd_supp = pembelian_invoice.kd_supp where no_invoice='1824'
[09:38:54] [INFO]: Query untuk mengambil detail invoice: SELECT * from pembelian_invoice_detail where no_invoice='1824' 
[09:38:54] [INFO]: Query untuk mengambil detail invoice: SELECT pid.*, b.nama, SUM(pd.disc) as tot_disc, p.ppn, pb.jumlah_datang as jumlah_barang_datang, p.tarif_ppn
                                                                        FROM
                                                                        pembelian p 
                                                                        join pembelian_detail pd on p.kd_beli = pd.kd_beli 
                                                                        join pembelian_invoice pi on pi.kd_po = p.kd_po 
                                                                        join pembelian_invoice_detail pid on pid.kd_po = pi.kd_po
                                                                        join barang b on pid.kd_brg = b.kd_brg 
                                                                        left join penerimaan_barang pb on pid.kd_brg =pb.kd_brg  and pid.kd_po =pb.kd_po 
                                                                        WHERE pid.no_invoice = '1824'
                                                                        GROUP BY pid.kd_po, pid.kd_brg;
                                                                        
[09:39:00] [INFO]: Query: SELECT no_account, deskripsi FROM account WHERE kd_jenis = '11'
[09:39:04] [INFO]: Aksi payment accessed by user: 
[09:39:04] [INFO]: User Starttttt is authenticated. Processing action for route: payment_add and act: input
[09:39:04] [INFO]: Database connection established and helper functions included.
[09:39:04] [INFO]: Memproses input payment dengan data: {"nomor_invoice":"1824","no_invoice":"PO-4986","kd_po":{"1":"PO-4986","2":"PO-4986","3":"PO-4986","4":"PO-4986","5":"PO-4986","6":"PO-4986","7":"PO-4986","8":"PO-4986","9":"PO-4986","10":"PO-4986","11":"PO-4986","12":"PO-4986","13":"PO-4986","14":"PO-4986","15":"PO-4986","16":"PO-4986","17":"PO-4986","18":"PO-4986","19":"PO-4986"},"nama_supplier":"PANJUNAN","ppn":"0","tanggal_payment":"2026-04-24","metode_payment":"11","akun":"1001001","reff":"","jumlah_payment":"2367030","status_lunas":"LUNAS","id":{"1":"1824","2":"1824","3":"1824","4":"1824","5":"1824","6":"1824","7":"1824","8":"1824","9":"1824","10":"1824","11":"1824","12":"1824","13":"1824","14":"1824","15":"1824","16":"1824","17":"1824","18":"1824","19":"1824"},"kd_brg":{"1":"8992931002197","2":"8992931005112","3":"8992931005181","4":"8992931005228","5":"8992931006256","6":"8993560025007","7":"8993560025069","8":"8993560025106","9":"8993560025236","10":"8993560025502","11":"8993560033484","12":"8993560033521","13":"8993560155810","14":"8993560156619","15":"8999988887111","16":"8999988888828","17":"8999988888842","18":"8999988888859","19":"8999988888972"},"jumlah_datang":{"1":"60","2":"80","3":"60","4":"80","5":"12","6":"12","7":"12","8":"12","9":"12","10":"24","11":"12","12":"2","13":"24","14":"24","15":"12","16":"12","17":"12","18":"12","19":"24"},"jumlah":{"1":"60","2":"80","3":"60","4":"80","5":"12","6":"12","7":"12","8":"12","9":"12","10":"24","11":"12","12":"2","13":"24","14":"24","15":"12","16":"12","17":"12","18":"12","19":"24"},"harga":{"1":"4,121","2":"1,845","3":"2,953","4":"7,714","5":"4,604","6":"7,114","7":"7,114","8":"7,114","9":"7,114","10":"3,698","11":"3,475","12":"10,013","13":"3,698","14":"3,698","15":"6,000","16":"6,000","17":"6,000","18":"6,000","19":"6,882"},"diskon":{"1":"0","2":"0","3":"0","4":"0","5":"0","6":"0","7":"0","8":"0","9":"0","10":"0","11":"0","12":"0","13":"0","14":"0","15":"0","16":"0","17":"0","18":"0","19":"0"},"subtotal":{"1":"247,260","2":"147,600","3":"177,180","4":"617,120","5":"55,248","6":"85,368","7":"85,368","8":"85,368","9":"85,368","10":"88,752","11":"41,700","12":"20,026","13":"88,752","14":"88,752","15":"72,000","16":"72,000","17":"72,000","18":"72,000","19":"165,168"}}
[09:39:04] [INFO]: Query untuk mencari nomor payment terakhir: SELECT no_payment FROM payment WHERE no_payment LIKE 'PAY-OUT-2604%' ORDER BY no_payment DESC LIMIT 1
[09:39:04] [INFO]: Ditemukan payment sebelumnya di bulan yang sama.
[09:39:04] [INFO]: UPDATE pembelian_invoice SET status_payment = '2' WHERE no_invoice = '1824'
[09:39:17] [INFO]: Aksi payment accessed by user: 
[09:39:17] [INFO]: User Starttttt is authenticated. Processing action for route: payment_based_supplier and act: report
[09:39:17] [INFO]: Database connection established and helper functions included.
[09:39:17] [INFO]: location:../../main.php?route=payment_based_supplier&act=report&filter=supplier&nilai=SUPP-0129
[09:39:23] [INFO]: Memasuki halaman payment_tambah.php
[09:39:23] [INFO]: Query untuk mengambil detail invoice: SELECT pembelian_invoice.* , supplier.nama from pembelian_invoice JOIN supplier ON supplier.kd_supp = pembelian_invoice.kd_supp where no_invoice='7753'
[09:39:23] [INFO]: Query untuk mengambil detail invoice: SELECT * from pembelian_invoice_detail where no_invoice='7753' 
[09:39:23] [INFO]: Query untuk mengambil detail invoice: SELECT pid.*, b.nama, SUM(pd.disc) as tot_disc, p.ppn, pb.jumlah_datang as jumlah_barang_datang, p.tarif_ppn
                                                                        FROM
                                                                        pembelian p 
                                                                        join pembelian_detail pd on p.kd_beli = pd.kd_beli 
                                                                        join pembelian_invoice pi on pi.kd_po = p.kd_po 
                                                                        join pembelian_invoice_detail pid on pid.kd_po = pi.kd_po
                                                                        join barang b on pid.kd_brg = b.kd_brg 
                                                                        left join penerimaan_barang pb on pid.kd_brg =pb.kd_brg  and pid.kd_po =pb.kd_po 
                                                                        WHERE pid.no_invoice = '7753'
                                                                        GROUP BY pid.kd_po, pid.kd_brg;
                                                                        
[10:53:48] [INFO]: Aksi payment accessed by user: 
[10:53:48] [INFO]: User Starttttt is authenticated. Processing action for route: payment_based_supplier and act: report
[10:53:48] [INFO]: Database connection established and helper functions included.
[10:53:48] [INFO]: location:../../main.php?route=payment_based_supplier&act=report&filter=supplier&nilai=SUPP-0141
[10:53:55] [INFO]: Memasuki halaman payment_tambah.php
[10:53:55] [INFO]: Query untuk mengambil detail invoice: SELECT pembelian_invoice.* , supplier.nama from pembelian_invoice JOIN supplier ON supplier.kd_supp = pembelian_invoice.kd_supp where no_invoice='3243'
[10:53:55] [INFO]: Query untuk mengambil detail invoice: SELECT * from pembelian_invoice_detail where no_invoice='3243' 
[10:53:55] [INFO]: Query untuk mengambil detail invoice: SELECT pid.*, b.nama, SUM(pd.disc) as tot_disc, p.ppn, pb.jumlah_datang as jumlah_barang_datang, p.tarif_ppn
                                                                        FROM
                                                                        pembelian p 
                                                                        join pembelian_detail pd on p.kd_beli = pd.kd_beli 
                                                                        join pembelian_invoice pi on pi.kd_po = p.kd_po 
                                                                        join pembelian_invoice_detail pid on pid.kd_po = pi.kd_po
                                                                        join barang b on pid.kd_brg = b.kd_brg 
                                                                        left join penerimaan_barang pb on pid.kd_brg =pb.kd_brg  and pid.kd_po =pb.kd_po 
                                                                        WHERE pid.no_invoice = '3243'
                                                                        GROUP BY pid.kd_po, pid.kd_brg;
                                                                        
[10:54:02] [INFO]: Query: SELECT no_account, deskripsi FROM account WHERE kd_jenis = '11'
[10:54:07] [INFO]: Aksi payment accessed by user: 
[10:54:07] [INFO]: User Starttttt is authenticated. Processing action for route: payment_add and act: input
[10:54:07] [INFO]: Database connection established and helper functions included.
[10:54:07] [INFO]: Memproses input payment dengan data: {"nomor_invoice":"3243","no_invoice":"PO-5080","kd_po":{"1":"PO-5080","2":"PO-5080","3":"PO-5080","4":"PO-5080","5":"PO-5080","6":"PO-5080","7":"PO-5080"},"nama_supplier":"NANAS","ppn":"0","tanggal_payment":"2026-04-24","metode_payment":"11","akun":"1001001","reff":"","jumlah_payment":"458540","status_lunas":"LUNAS","id":{"1":"3243","2":"3243","3":"3243","4":"3243","5":"3243","6":"3243","7":"3243"},"kd_brg":{"1":"8888103006974","2":"8888103209108","3":"8998103000602","4":"8998103011363","5":"8998103011851","6":"8998103011868","7":"8998103014333"},"jumlah_datang":{"1":"18","2":"3","3":"3","4":"24","5":"6","6":"2","7":"3"},"jumlah":{"1":"18","2":"3","3":"3","4":"24","5":"6","6":"2","7":"3"},"harga":{"1":"5,350","2":"20,000","3":"13,000","4":"3,210","5":"16,250","6":"24,550","7":"13,200"},"diskon":{"1":"0","2":"0","3":"0","4":"0","5":"0","6":"0","7":"0"},"subtotal":{"1":"96,300","2":"60,000","3":"39,000","4":"77,040","5":"97,500","6":"49,100","7":"39,600"}}
[10:54:07] [INFO]: Query untuk mencari nomor payment terakhir: SELECT no_payment FROM payment WHERE no_payment LIKE 'PAY-OUT-2604%' ORDER BY no_payment DESC LIMIT 1
[10:54:07] [INFO]: Ditemukan payment sebelumnya di bulan yang sama.
[10:54:07] [INFO]: UPDATE pembelian_invoice SET status_payment = '2' WHERE no_invoice = '3243'
[10:54:12] [INFO]: Memasuki halaman payment_tambah.php
[10:54:12] [INFO]: Query untuk mengambil detail invoice: SELECT pembelian_invoice.* , supplier.nama from pembelian_invoice JOIN supplier ON supplier.kd_supp = pembelian_invoice.kd_supp where no_invoice='3244'
[10:54:12] [INFO]: Query untuk mengambil detail invoice: SELECT * from pembelian_invoice_detail where no_invoice='3244' 
[10:54:12] [INFO]: Query untuk mengambil detail invoice: SELECT pid.*, b.nama, SUM(pd.disc) as tot_disc, p.ppn, pb.jumlah_datang as jumlah_barang_datang, p.tarif_ppn
                                                                        FROM
                                                                        pembelian p 
                                                                        join pembelian_detail pd on p.kd_beli = pd.kd_beli 
                                                                        join pembelian_invoice pi on pi.kd_po = p.kd_po 
                                                                        join pembelian_invoice_detail pid on pid.kd_po = pi.kd_po
                                                                        join barang b on pid.kd_brg = b.kd_brg 
                                                                        left join penerimaan_barang pb on pid.kd_brg =pb.kd_brg  and pid.kd_po =pb.kd_po 
                                                                        WHERE pid.no_invoice = '3244'
                                                                        GROUP BY pid.kd_po, pid.kd_brg;
                                                                        
[10:55:06] [INFO]: Query: SELECT no_account, deskripsi FROM account WHERE kd_jenis = '11'
[10:55:11] [INFO]: Aksi payment accessed by user: 
[10:55:11] [INFO]: User Starttttt is authenticated. Processing action for route: payment_add and act: input
[10:55:11] [INFO]: Database connection established and helper functions included.
[10:55:11] [INFO]: Memproses input payment dengan data: {"nomor_invoice":"3244","no_invoice":"PO-5081","kd_po":{"1":"PO-5081","2":"PO-5081","3":"PO-5081","4":"PO-5081","5":"PO-5081","6":"PO-5081","7":"PO-5081","8":"PO-5081","9":"PO-5081","10":"PO-5081","11":"PO-5081","12":"PO-5081","13":"PO-5081","14":"PO-5081"},"nama_supplier":"NANAS","ppn":"0","tanggal_payment":"2026-04-24","metode_payment":"11","akun":"1001001","reff":"","jumlah_payment":"1027156","status_lunas":"LUNAS","id":{"1":"3244","2":"3244","3":"3244","4":"3244","5":"3244","6":"3244","7":"3244","8":"3244","9":"3244","10":"3244","11":"3244","12":"3244","13":"3244","14":"3244"},"kd_brg":{"1":"8990090120011","2":"8991977110019","3":"8991977110026","4":"8992856877177","5":"8992856892637","6":"8992856893160","7":"8992856893177","8":"8992856908741","9":"8994324300583","10":"8994324300736","11":"8995102000619","12":"8997028301269","13":"8997028301634","14":"8999888002997"},"jumlah_datang":{"1":"3","2":"12","3":"12","4":"2","5":"2","6":"2","7":"2","8":"2","9":"12","10":"12","11":"12","12":"3","13":"8","14":"12"},"jumlah":{"1":"3","2":"12","3":"12","4":"2","5":"2","6":"2","7":"2","8":"2","9":"12","10":"12","11":"12","12":"3","13":"8","14":"12"},"harga":{"1":"15,500","2":"1,833","3":"2,600","4":"10,000","5":"10,000","6":"21,450","7":"14,340","8":"14,200","9":"17,500","10":"5,416","11":"9,584","12":"17,000","13":"8,750","14":"23,040"},"diskon":{"1":"0","2":"0","3":"0","4":"0","5":"0","6":"0","7":"0","8":"0","9":"0","10":"0","11":"0","12":"0","13":"0","14":"0"},"subtotal":{"1":"46,500","2":"21,996","3":"31,200","4":"20,000","5":"20,000","6":"42,900","7":"28,680","8":"28,400","9":"210,000","10":"64,992","11":"115,008","12":"51,000","13":"70,000","14":"276,480"}}
[10:55:11] [INFO]: Query untuk mencari nomor payment terakhir: SELECT no_payment FROM payment WHERE no_payment LIKE 'PAY-OUT-2604%' ORDER BY no_payment DESC LIMIT 1
[10:55:11] [INFO]: Ditemukan payment sebelumnya di bulan yang sama.
[10:55:11] [INFO]: UPDATE pembelian_invoice SET status_payment = '2' WHERE no_invoice = '3244'
[10:55:24] [INFO]: Memasuki halaman payment_tambah.php
[10:55:24] [INFO]: Query untuk mengambil detail invoice: SELECT pembelian_invoice.* , supplier.nama from pembelian_invoice JOIN supplier ON supplier.kd_supp = pembelian_invoice.kd_supp where no_invoice='30.3\'
[10:55:24] [INFO]: Query untuk mengambil detail invoice: SELECT * from pembelian_invoice_detail where no_invoice='30.3\' 
[10:55:24] [INFO]: Query untuk mengambil detail invoice: SELECT pid.*, b.nama, SUM(pd.disc) as tot_disc, p.ppn, pb.jumlah_datang as jumlah_barang_datang, p.tarif_ppn
                                                                        FROM
                                                                        pembelian p 
                                                                        join pembelian_detail pd on p.kd_beli = pd.kd_beli 
                                                                        join pembelian_invoice pi on pi.kd_po = p.kd_po 
                                                                        join pembelian_invoice_detail pid on pid.kd_po = pi.kd_po
                                                                        join barang b on pid.kd_brg = b.kd_brg 
                                                                        left join penerimaan_barang pb on pid.kd_brg =pb.kd_brg  and pid.kd_po =pb.kd_po 
                                                                        WHERE pid.no_invoice = '30.3\'
                                                                        GROUP BY pid.kd_po, pid.kd_brg;
                                                                        
[14:08:20] [INFO]: Aksi payment accessed by user: 
[14:08:20] [INFO]: User Starttttt is authenticated. Processing action for route: payment_based_supplier and act: report
[14:08:20] [INFO]: Database connection established and helper functions included.
[14:08:20] [INFO]: location:../../main.php?route=payment_based_supplier&act=report&filter=supplier&nilai=SUPP-0205
[14:08:23] [INFO]: Memasuki halaman payment_tambah.php
[14:08:23] [INFO]: Query untuk mengambil detail invoice: SELECT pembelian_invoice.* , supplier.nama from pembelian_invoice JOIN supplier ON supplier.kd_supp = pembelian_invoice.kd_supp where no_invoice='000115'
[14:08:23] [INFO]: Query untuk mengambil detail invoice: SELECT * from pembelian_invoice_detail where no_invoice='000115' 
[14:08:23] [INFO]: Query untuk mengambil detail invoice: SELECT pid.*, b.nama, SUM(pd.disc) as tot_disc, p.ppn, pb.jumlah_datang as jumlah_barang_datang, p.tarif_ppn
                                                                        FROM
                                                                        pembelian p 
                                                                        join pembelian_detail pd on p.kd_beli = pd.kd_beli 
                                                                        join pembelian_invoice pi on pi.kd_po = p.kd_po 
                                                                        join pembelian_invoice_detail pid on pid.kd_po = pi.kd_po
                                                                        join barang b on pid.kd_brg = b.kd_brg 
                                                                        left join penerimaan_barang pb on pid.kd_brg =pb.kd_brg  and pid.kd_po =pb.kd_po 
                                                                        WHERE pid.no_invoice = '000115'
                                                                        GROUP BY pid.kd_po, pid.kd_brg;
                                                                        
[14:08:40] [INFO]: Query: SELECT no_account, deskripsi FROM account WHERE kd_jenis = '15'
[14:18:24] [INFO]: Aksi payment accessed by user: 
[14:18:24] [INFO]: User Starttttt is authenticated. Processing action for route: payment_based_supplier and act: report
[14:18:24] [INFO]: Database connection established and helper functions included.
[14:18:24] [INFO]: location:../../main.php?route=payment_based_supplier&act=report&filter=supplier&nilai=SUPP-0205
[14:20:38] [INFO]: Aksi payment accessed by user: 
[14:20:38] [INFO]: User Starttttt is authenticated. Processing action for route: payment_based_supplier and act: report
[14:20:38] [INFO]: Database connection established and helper functions included.
[14:20:38] [INFO]: location:../../main.php?route=payment_based_supplier&act=report&filter=supplier&nilai=SUPP-0205
[14:20:40] [INFO]: Memasuki halaman payment_tambah.php
[14:20:40] [INFO]: Query untuk mengambil detail invoice: SELECT pembelian_invoice.* , supplier.nama from pembelian_invoice JOIN supplier ON supplier.kd_supp = pembelian_invoice.kd_supp where no_invoice='000115'
[14:20:40] [INFO]: Query untuk mengambil detail invoice: SELECT * from pembelian_invoice_detail where no_invoice='000115' 
[14:20:40] [INFO]: Query untuk mengambil detail invoice: SELECT pid.*, b.nama, SUM(pd.disc) as tot_disc, p.ppn, pb.jumlah_datang as jumlah_barang_datang, p.tarif_ppn
                                                                        FROM
                                                                        pembelian p 
                                                                        join pembelian_detail pd on p.kd_beli = pd.kd_beli 
                                                                        join pembelian_invoice pi on pi.kd_po = p.kd_po 
                                                                        join pembelian_invoice_detail pid on pid.kd_po = pi.kd_po
                                                                        join barang b on pid.kd_brg = b.kd_brg 
                                                                        left join penerimaan_barang pb on pid.kd_brg =pb.kd_brg  and pid.kd_po =pb.kd_po 
                                                                        WHERE pid.no_invoice = '000115'
                                                                        GROUP BY pid.kd_po, pid.kd_brg;
                                                                        
[14:21:31] [INFO]: Memasuki halaman payment_tambah.php
[14:21:31] [INFO]: Query untuk mengambil detail invoice: SELECT pembelian_invoice.* , supplier.nama from pembelian_invoice JOIN supplier ON supplier.kd_supp = pembelian_invoice.kd_supp where no_invoice='000115'
[14:21:31] [INFO]: Query untuk mengambil detail invoice: SELECT * from pembelian_invoice_detail where no_invoice='000115' 
[14:21:31] [INFO]: Query untuk mengambil detail invoice: SELECT pid.*, b.nama, SUM(pd.disc) as tot_disc, p.ppn, pb.jumlah_datang as jumlah_barang_datang, p.tarif_ppn
                                                                        FROM
                                                                        pembelian p 
                                                                        join pembelian_detail pd on p.kd_beli = pd.kd_beli 
                                                                        join pembelian_invoice pi on pi.kd_po = p.kd_po 
                                                                        join pembelian_invoice_detail pid on pid.kd_po = pi.kd_po
                                                                        join barang b on pid.kd_brg = b.kd_brg 
                                                                        left join penerimaan_barang pb on pid.kd_brg =pb.kd_brg  and pid.kd_po =pb.kd_po 
                                                                        WHERE pid.no_invoice = '000115'
                                                                        GROUP BY pid.kd_po, pid.kd_brg;
                                                                        
[14:34:05] [INFO]: Aksi payment accessed by user: 
[14:34:05] [INFO]: User Starttttt is authenticated. Processing action for route: payment_based_supplier and act: report
[14:34:05] [INFO]: Database connection established and helper functions included.
[14:34:05] [INFO]: location:../../main.php?route=payment_based_supplier&act=report&filter=supplier&nilai=SUPP-0205
[14:34:07] [INFO]: Memasuki halaman payment_tambah.php
[14:34:07] [INFO]: Query untuk mengambil detail invoice: SELECT pembelian_invoice.* , supplier.nama from pembelian_invoice JOIN supplier ON supplier.kd_supp = pembelian_invoice.kd_supp where no_invoice='000115'
[14:34:07] [INFO]: Query untuk mengambil detail invoice: SELECT * from pembelian_invoice_detail where no_invoice='000115' 
[14:34:07] [INFO]: Query untuk mengambil detail invoice: SELECT pid.*, b.nama, SUM(pd.disc) as tot_disc, p.ppn, pb.jumlah_datang as jumlah_barang_datang, p.tarif_ppn
                                                                        FROM
                                                                        pembelian p 
                                                                        join pembelian_detail pd on p.kd_beli = pd.kd_beli 
                                                                        join pembelian_invoice pi on pi.kd_po = p.kd_po 
                                                                        join pembelian_invoice_detail pid on pid.kd_po = pi.kd_po
                                                                        join barang b on pid.kd_brg = b.kd_brg 
                                                                        left join penerimaan_barang pb on pid.kd_brg =pb.kd_brg  and pid.kd_po =pb.kd_po 
                                                                        WHERE pid.no_invoice = '000115'
                                                                        GROUP BY pid.kd_po, pid.kd_brg;
                                                                        
[14:34:13] [INFO]: Query: SELECT no_account, deskripsi FROM account WHERE kd_jenis = '15'
[14:36:54] [INFO]: Aksi payment accessed by user: 
[14:36:54] [INFO]: User Starttttt is authenticated. Processing action for route: payment_based_supplier and act: report
[14:36:54] [INFO]: Database connection established and helper functions included.
[14:36:54] [INFO]: location:../../main.php?route=payment_based_supplier&act=report&filter=supplier&nilai=SUPP-0205
[14:36:55] [INFO]: Memasuki halaman payment_tambah.php
[14:36:55] [INFO]: Query untuk mengambil detail invoice: SELECT pembelian_invoice.* , supplier.nama from pembelian_invoice JOIN supplier ON supplier.kd_supp = pembelian_invoice.kd_supp where no_invoice='000115'
[14:36:55] [INFO]: Query untuk mengambil detail invoice: SELECT * from pembelian_invoice_detail where no_invoice='000115' 
[14:36:55] [INFO]: Query untuk mengambil detail invoice: SELECT pid.*, b.nama, SUM(pd.disc) as tot_disc, p.ppn, pb.jumlah_datang as jumlah_barang_datang, p.tarif_ppn
                                                                        FROM
                                                                        pembelian p 
                                                                        join pembelian_detail pd on p.kd_beli = pd.kd_beli 
                                                                        join pembelian_invoice pi on pi.kd_po = p.kd_po 
                                                                        join pembelian_invoice_detail pid on pid.kd_po = pi.kd_po
                                                                        join barang b on pid.kd_brg = b.kd_brg 
                                                                        left join penerimaan_barang pb on pid.kd_brg =pb.kd_brg  and pid.kd_po =pb.kd_po 
                                                                        WHERE pid.no_invoice = '000115'
                                                                        GROUP BY pid.kd_po, pid.kd_brg;
                                                                        
[14:46:54] [INFO]: Query: SELECT no_account, deskripsi FROM account WHERE kd_jenis = '11'
