[10:39:06] [INFO]: Aksi payment accessed by user: 
[10:39:06] [INFO]: User Starttttt is authenticated. Processing action for route: payment_based_supplier and act: report
[10:39:06] [INFO]: Database connection established and helper functions included.
[10:39:06] [INFO]: location:../../main.php?route=payment_based_supplier&act=report&filter=supplier&nilai=SUPP-0152
[10:39:08] [INFO]: Memasuki halaman payment_tambah.php
[10:39:08] [INFO]: Query untuk mengambil detail invoice: SELECT pembelian_invoice.* , supplier.nama from pembelian_invoice JOIN supplier ON supplier.kd_supp = pembelian_invoice.kd_supp where no_invoice='000331'
[10:39:08] [INFO]: Query untuk mengambil detail invoice: SELECT * from pembelian_invoice_detail where no_invoice='000331' 
[10:39:08] [INFO]: Query untuk mengambil detail invoice: SELECT pid.*, b.nama, SUM(pd.disc) as tot_disc, p.ppn, pb.jumlah_datang as jumlah_barang_datang, p.tarif_ppn
                                                                        FROM
                                                                        pembelian p 
                                                                        join pembelian_detail pd on p.kd_beli = pd.kd_beli 
                                                                        join pembelian_invoice pi on pi.kd_po = p.kd_po 
                                                                        join pembelian_invoice_detail pid on pid.kd_po = pi.kd_po
                                                                        join barang b on pid.kd_brg = b.kd_brg 
                                                                        left join penerimaan_barang pb on pid.kd_brg =pb.kd_brg  and pid.kd_po =pb.kd_po 
                                                                        WHERE pid.no_invoice = '000331'
                                                                        GROUP BY pid.kd_po, pid.kd_brg;
                                                                        
[10:39:17] [INFO]: Query: SELECT no_account, deskripsi FROM account WHERE kd_jenis = '11'
[10:39:22] [INFO]: Aksi payment accessed by user: 
[10:39:22] [INFO]: User Starttttt is authenticated. Processing action for route: payment_add and act: input
[10:39:22] [INFO]: Database connection established and helper functions included.
[10:39:22] [INFO]: Memproses input payment dengan data: {"nomor_invoice":"000331","no_invoice":"PO-5370","kd_po":{"1":"PO-5370","2":"PO-5370"},"nama_supplier":"PANTI KOSMETIKA VIVA","ppn":"0","tanggal_payment":"2026-05-22","metode_payment":"11","akun":"1001001","reff":"","jumlah_payment":"532480","status_lunas":"LUNAS","id":{"1":"000331","2":"000331"},"kd_brg":{"1":"8995154108035","2":"8995154108424"},"jumlah_datang":{"1":"48","2":"80"},"jumlah":{"1":"48","2":"80"},"harga":{"1":"8,260","2":"1,700"},"diskon":{"1":"0","2":"0"},"subtotal":{"1":"396,480","2":"136,000"}}
[10:39:22] [INFO]: Query untuk mencari nomor payment terakhir: SELECT no_payment FROM payment WHERE no_payment LIKE 'PAY-OUT-2605%' ORDER BY no_payment DESC LIMIT 1
[10:39:22] [INFO]: Ditemukan payment sebelumnya di bulan yang sama.
[10:39:22] [INFO]: UPDATE pembelian_invoice SET status_payment = '2' WHERE no_invoice = '000331'
[10:39:51] [INFO]: Aksi payment accessed by user: 
[10:39:51] [INFO]: User Starttttt is authenticated. Processing action for route: payment_based_supplier and act: report
[10:39:51] [INFO]: Database connection established and helper functions included.
[10:39:51] [INFO]: location:../../main.php?route=payment_based_supplier&act=report&filter=supplier&nilai=SUPP-0077
[10:39:56] [INFO]: Memasuki halaman payment_tambah.php
[10:39:56] [INFO]: Query untuk mengambil detail invoice: SELECT pembelian_invoice.* , supplier.nama from pembelian_invoice JOIN supplier ON supplier.kd_supp = pembelian_invoice.kd_supp where no_invoice='15.5.25...'
[10:39:56] [INFO]: Query untuk mengambil detail invoice: SELECT * from pembelian_invoice_detail where no_invoice='15.5.25...' 
[10:39:56] [INFO]: Query untuk mengambil detail invoice: SELECT pid.*, b.nama, SUM(pd.disc) as tot_disc, p.ppn, pb.jumlah_datang as jumlah_barang_datang, p.tarif_ppn
                                                                        FROM
                                                                        pembelian p 
                                                                        join pembelian_detail pd on p.kd_beli = pd.kd_beli 
                                                                        join pembelian_invoice pi on pi.kd_po = p.kd_po 
                                                                        join pembelian_invoice_detail pid on pid.kd_po = pi.kd_po
                                                                        join barang b on pid.kd_brg = b.kd_brg 
                                                                        left join penerimaan_barang pb on pid.kd_brg =pb.kd_brg  and pid.kd_po =pb.kd_po 
                                                                        WHERE pid.no_invoice = '15.5.25...'
                                                                        GROUP BY pid.kd_po, pid.kd_brg;
                                                                        
[10:40:16] [INFO]: Query: SELECT no_account, deskripsi FROM account WHERE kd_jenis = '11'
[10:40:21] [INFO]: Aksi payment accessed by user: 
[10:40:21] [INFO]: User Starttttt is authenticated. Processing action for route: payment_add and act: input
[10:40:21] [INFO]: Database connection established and helper functions included.
[10:40:21] [INFO]: Memproses input payment dengan data: {"nomor_invoice":"15.5.25...","no_invoice":"PO-5390","kd_po":{"1":"PO-5390","2":"PO-5390","3":"PO-5390","4":"PO-5390","5":"PO-5390","6":"PO-5390","7":"PO-5390","8":"PO-5390","9":"PO-5390","10":"PO-5390","11":"PO-5390","12":"PO-5390"},"nama_supplier":"GAYA BARU","ppn":"0","tanggal_payment":"2026-05-15","metode_payment":"11","akun":"1001001","reff":"","jumlah_payment":"690940","status_lunas":"LUNAS","id":{"1":"15.5.25...","2":"15.5.25...","3":"15.5.25...","4":"15.5.25...","5":"15.5.25...","6":"15.5.25...","7":"15.5.25...","8":"15.5.25...","9":"15.5.25...","10":"15.5.25...","11":"15.5.25...","12":"15.5.25..."},"kd_brg":{"1":"050556832","2":"504573","3":"504575","4":"504577","5":"504579","6":"504580","7":"504582","8":"504583","9":"505131","10":"505441","11":"505840","12":"505978"},"jumlah_datang":{"1":"2","2":"3","3":"5","4":"6","5":"35","6":"10","7":"5","8":"4","9":"1","10":"1","11":"4","12":"5"},"jumlah":{"1":"2","2":"3","3":"5","4":"6","5":"35","6":"10","7":"5","8":"4","9":"1","10":"1","11":"4","12":"5"},"harga":{"1":"12,865","2":"10,790","3":"8,300","4":"8,300","5":"8,300","6":"6,640","7":"5,650","8":"6,520","9":"14,110","10":"20,750","11":"12,450","12":"9,130"},"diskon":{"1":"0","2":"0","3":"0","4":"0","5":"0","6":"0","7":"0","8":"0","9":"0","10":"0","11":"0","12":"0"},"subtotal":{"1":"25,730","2":"32,370","3":"41,500","4":"49,800","5":"290,500","6":"66,400","7":"28,250","8":"26,080","9":"14,110","10":"20,750","11":"49,800","12":"45,650"}}
[10:40:21] [INFO]: Query untuk mencari nomor payment terakhir: SELECT no_payment FROM payment WHERE no_payment LIKE 'PAY-OUT-2605%' ORDER BY no_payment DESC LIMIT 1
[10:40:21] [INFO]: Ditemukan payment sebelumnya di bulan yang sama.
[10:40:21] [INFO]: UPDATE pembelian_invoice SET status_payment = '2' WHERE no_invoice = '15.5.25...'
[10:41:15] [INFO]: Aksi payment accessed by user: 
[10:41:15] [INFO]: User Starttttt is authenticated. Processing action for route: payment_based_supplier and act: report
[10:41:15] [INFO]: Database connection established and helper functions included.
[10:41:15] [INFO]: location:../../main.php?route=payment_based_supplier&act=report&filter=supplier&nilai=SUPP-0270
[10:41:16] [INFO]: Memasuki halaman payment_tambah.php
[10:41:16] [INFO]: Query untuk mengambil detail invoice: SELECT pembelian_invoice.* , supplier.nama from pembelian_invoice JOIN supplier ON supplier.kd_supp = pembelian_invoice.kd_supp where no_invoice='71699'
[10:41:16] [INFO]: Query untuk mengambil detail invoice: SELECT * from pembelian_invoice_detail where no_invoice='71699' 
[10:41:16] [INFO]: Query untuk mengambil detail invoice: SELECT pid.*, b.nama, SUM(pd.disc) as tot_disc, p.ppn, pb.jumlah_datang as jumlah_barang_datang, p.tarif_ppn
                                                                        FROM
                                                                        pembelian p 
                                                                        join pembelian_detail pd on p.kd_beli = pd.kd_beli 
                                                                        join pembelian_invoice pi on pi.kd_po = p.kd_po 
                                                                        join pembelian_invoice_detail pid on pid.kd_po = pi.kd_po
                                                                        join barang b on pid.kd_brg = b.kd_brg 
                                                                        left join penerimaan_barang pb on pid.kd_brg =pb.kd_brg  and pid.kd_po =pb.kd_po 
                                                                        WHERE pid.no_invoice = '71699'
                                                                        GROUP BY pid.kd_po, pid.kd_brg;
                                                                        
[10:41:26] [INFO]: Query: SELECT no_account, deskripsi FROM account WHERE kd_jenis = '11'
[10:41:29] [INFO]: Aksi payment accessed by user: 
[10:41:29] [INFO]: User Starttttt is authenticated. Processing action for route: payment_add and act: input
[10:41:29] [INFO]: Database connection established and helper functions included.
[10:41:29] [INFO]: Memproses input payment dengan data: {"nomor_invoice":"71699","no_invoice":"PO-5384","kd_po":{"1":"PO-5384","2":"PO-5384","3":"PO-5384"},"nama_supplier":"ARTA BOGA","ppn":"0","tanggal_payment":"2026-05-19","metode_payment":"11","akun":"1001001","reff":"","jumlah_payment":"395400","status_lunas":"LUNAS","id":{"1":"71699","2":"71699","3":"71699"},"kd_brg":{"1":"8991102023078","2":"8991102023115","3":"8991102283380"},"jumlah_datang":{"1":"12","2":"12","3":"24"},"jumlah":{"1":"12","2":"12","3":"24"},"harga":{"1":"10,350","2":"11,400","3":"5,600"},"diskon":{"1":"0","2":"0","3":"0"},"subtotal":{"1":"124,200","2":"136,800","3":"134,400"}}
[10:41:29] [INFO]: Query untuk mencari nomor payment terakhir: SELECT no_payment FROM payment WHERE no_payment LIKE 'PAY-OUT-2605%' ORDER BY no_payment DESC LIMIT 1
[10:41:29] [INFO]: Ditemukan payment sebelumnya di bulan yang sama.
[10:41:29] [INFO]: UPDATE pembelian_invoice SET status_payment = '2' WHERE no_invoice = '71699'
[10:42:14] [INFO]: Aksi payment accessed by user: 
[10:42:14] [INFO]: User Starttttt is authenticated. Processing action for route: payment_based_supplier and act: report
[10:42:14] [INFO]: Database connection established and helper functions included.
[10:42:14] [INFO]: location:../../main.php?route=payment_based_supplier&act=report&filter=supplier&nilai=SUPP-0110
[10:42:29] [INFO]: Memasuki halaman payment_tambah.php
[10:42:29] [INFO]: Query untuk mengambil detail invoice: SELECT pembelian_invoice.* , supplier.nama from pembelian_invoice JOIN supplier ON supplier.kd_supp = pembelian_invoice.kd_supp where no_invoice='0558'
[10:42:29] [INFO]: Query untuk mengambil detail invoice: SELECT * from pembelian_invoice_detail where no_invoice='0558' 
[10:42:29] [INFO]: Query untuk mengambil detail invoice: SELECT pid.*, b.nama, SUM(pd.disc) as tot_disc, p.ppn, pb.jumlah_datang as jumlah_barang_datang, p.tarif_ppn
                                                                        FROM
                                                                        pembelian p 
                                                                        join pembelian_detail pd on p.kd_beli = pd.kd_beli 
                                                                        join pembelian_invoice pi on pi.kd_po = p.kd_po 
                                                                        join pembelian_invoice_detail pid on pid.kd_po = pi.kd_po
                                                                        join barang b on pid.kd_brg = b.kd_brg 
                                                                        left join penerimaan_barang pb on pid.kd_brg =pb.kd_brg  and pid.kd_po =pb.kd_po 
                                                                        WHERE pid.no_invoice = '0558'
                                                                        GROUP BY pid.kd_po, pid.kd_brg;
                                                                        
[10:42:55] [INFO]: Query: SELECT no_account, deskripsi FROM account WHERE kd_jenis = '11'
[10:43:02] [INFO]: Aksi payment accessed by user: 
[10:43:02] [INFO]: User Starttttt is authenticated. Processing action for route: payment_add and act: input
[10:43:02] [INFO]: Database connection established and helper functions included.
[10:43:02] [INFO]: Memproses input payment dengan data: {"nomor_invoice":"0558","no_invoice":"PO-5369","kd_po":{"1":"PO-5369","2":"PO-5369","3":"PO-5369","4":"PO-5369","5":"PO-5369","6":"PO-5369","7":"PO-5369","8":"PO-5369","9":"PO-5369","10":"PO-5369","11":"PO-5369","12":"PO-5369","13":"PO-5369","14":"PO-5369","15":"PO-5369","16":"PO-5369","17":"PO-5369","18":"PO-5369","19":"PO-5369","20":"PO-5369","21":"PO-5369","22":"PO-5369","23":"PO-5369","24":"PO-5369","25":"PO-5369","26":"PO-5369","27":"PO-5369","28":"PO-5369","29":"PO-5369","30":"PO-5369","31":"PO-5369","32":"PO-5369","33":"PO-5369","34":"PO-5369"},"nama_supplier":"MAHAMERU DUNIA PERKASA","ppn":"0","tanggal_payment":"2026-05-15","metode_payment":"11","akun":"1001001","reff":"","jumlah_payment":"3052993","status_lunas":"LUNAS","id":{"1":"0558","2":"0558","3":"0558","4":"0558","5":"0558","6":"0558","7":"0558","8":"0558","9":"0558","10":"0558","11":"0558","12":"0558","13":"0558","14":"0558","15":"0558","16":"0558","17":"0558","18":"0558","19":"0558","20":"0558","21":"0558","22":"0558","23":"0558","24":"0558","25":"0558","26":"0558","27":"0558","28":"0558","29":"0558","30":"0558","31":"0558","32":"0558","33":"0558","34":"0558"},"kd_brg":{"1":"8934868015024","2":"8999999007782","3":"8999999007799","4":"8999999016128","5":"8999999032128","6":"8999999036607","7":"8999999036676","8":"8999999036690","9":"8999999042608","10":"8999999052959","11":"8999999055769","12":"8999999500399","13":"8999999500672","14":"8999999514495","15":"8999999514518","16":"8999999533434","17":"8999999555450","18":"8999999574802","19":"8999999580735","20":"8999999580773","21":"8999999597467","22":"8999999599256","23":"8999999599263","24":"8999999604783","25":"8999999605223","26":"8999999605940","27":"8999999605957","28":"8999999606787","29":"8999999612122","30":"8999999612207","31":"8999999612306","32":"8999999613068","33":"8999999706081","34":"8999999707859"},"jumlah_datang":{"1":"72","2":"6","3":"12","4":"3","5":"6","6":"12","7":"12","8":"12","9":"3","10":"12","11":"12","12":"12","13":"12","14":"12","15":"12","16":"10","17":"12","18":"24","19":"6","20":"3","21":"6","22":"20","23":"10","24":"12","25":"12","26":"6","27":"6","28":"3","29":"10","30":"10","31":"10","32":"14","33":"24","34":"12"},"jumlah":{"1":"72","2":"6","3":"12","4":"3","5":"6","6":"12","7":"12","8":"12","9":"3","10":"12","11":"12","12":"12","13":"12","14":"12","15":"12","16":"10","17":"12","18":"24","19":"6","20":"3","21":"6","22":"20","23":"10","24":"12","25":"12","26":"6","27":"6","28":"3","29":"10","30":"10","31":"10","32":"14","33":"24","34":"12"},"harga":{"1":"1,900","2":"19,608","3":"37,191","4":"15,100","5":"12,608","6":"3,904","7":"3,904","8":"3,904","9":"15,100","10":"20,046","11":"16,605","12":"3,904","13":"4,200","14":"4,250","15":"4,250","16":"4,800","17":"4,200","18":"2,640","19":"17,309","20":"17,309","21":"19,740","22":"4,800","23":"4,800","24":"4,400","25":"4,400","26":"18,800","27":"10,627","28":"16,100","29":"4,575","30":"4,575","31":"4,800","32":"2,405","33":"4,301","34":"18,297"},"diskon":{"1":"0","2":"0","3":"0","4":"0","5":"0","6":"0","7":"0","8":"0","9":"0","10":"0","11":"0","12":"0","13":"0","14":"0","15":"0","16":"0","17":"0","18":"0","19":"0","20":"0","21":"0","22":"0","23":"0","24":"0","25":"0","26":"0","27":"0","28":"0","29":"0","30":"0","31":"0","32":"0","33":"0","34":"0"},"subtotal":{"1":"136,800","2":"117,648","3":"446,292","4":"45,300","5":"75,648","6":"46,848","7":"46,848","8":"46,848","9":"45,300","10":"240,552","11":"199,260","12":"46,848","13":"50,400","14":"51,000","15":"51,000","16":"48,000","17":"50,400","18":"63,360","19":"103,854","20":"51,927","21":"118,440","22":"96,000","23":"48,000","24":"52,800","25":"52,800","26":"112,800","27":"63,762","28":"48,300","29":"45,750","30":"45,750","31":"48,000","32":"33,670","33":"103,224","34":"219,564"}}
[10:43:02] [INFO]: Query untuk mencari nomor payment terakhir: SELECT no_payment FROM payment WHERE no_payment LIKE 'PAY-OUT-2605%' ORDER BY no_payment DESC LIMIT 1
[10:43:02] [INFO]: Ditemukan payment sebelumnya di bulan yang sama.
[10:43:02] [INFO]: UPDATE pembelian_invoice SET status_payment = '2' WHERE no_invoice = '0558'
[10:43:06] [INFO]: Memasuki halaman payment_tambah.php
[10:43:06] [INFO]: Query untuk mengambil detail invoice: SELECT pembelian_invoice.* , supplier.nama from pembelian_invoice JOIN supplier ON supplier.kd_supp = pembelian_invoice.kd_supp where no_invoice='500558'
[10:43:06] [INFO]: Query untuk mengambil detail invoice: SELECT * from pembelian_invoice_detail where no_invoice='500558' 
[10:43:06] [INFO]: Query untuk mengambil detail invoice: SELECT pid.*, b.nama, SUM(pd.disc) as tot_disc, p.ppn, pb.jumlah_datang as jumlah_barang_datang, p.tarif_ppn
                                                                        FROM
                                                                        pembelian p 
                                                                        join pembelian_detail pd on p.kd_beli = pd.kd_beli 
                                                                        join pembelian_invoice pi on pi.kd_po = p.kd_po 
                                                                        join pembelian_invoice_detail pid on pid.kd_po = pi.kd_po
                                                                        join barang b on pid.kd_brg = b.kd_brg 
                                                                        left join penerimaan_barang pb on pid.kd_brg =pb.kd_brg  and pid.kd_po =pb.kd_po 
                                                                        WHERE pid.no_invoice = '500558'
                                                                        GROUP BY pid.kd_po, pid.kd_brg;
                                                                        
[10:43:15] [INFO]: Query: SELECT no_account, deskripsi FROM account WHERE kd_jenis = '11'
[10:43:22] [INFO]: Aksi payment accessed by user: 
[10:43:22] [INFO]: User Starttttt is authenticated. Processing action for route: payment_add and act: input
[10:43:22] [INFO]: Database connection established and helper functions included.
[10:43:22] [INFO]: Memproses input payment dengan data: {"nomor_invoice":"500558","no_invoice":"PO-5374","kd_po":{"1":"PO-5374","2":"PO-5374","3":"PO-5374","4":"PO-5374","5":"PO-5374","6":"PO-5374","7":"PO-5374","8":"PO-5374","9":"PO-5374","10":"PO-5374"},"nama_supplier":"MAHAMERU DUNIA PERKASA","ppn":"0","tanggal_payment":"2026-05-10","metode_payment":"11","akun":"1001001","reff":"","jumlah_payment":"4465776","status_lunas":"LUNAS","id":{"1":"500558","2":"500558","3":"500558","4":"500558","5":"500558","6":"500558","7":"500558","8":"500558","9":"500558","10":"500558"},"kd_brg":{"1":"8934868015024","2":"8998009020186","3":"8999999059781","4":"8999999516208","5":"8999999533496","6":"8999999567651","7":"8999999593223","8":"8999999601331","9":"8999999611774","10":"8999999614928"},"jumlah_datang":{"1":"72","2":"48","3":"576","4":"24","5":"144","6":"72","7":"24","8":"576","9":"120","10":"36"},"jumlah":{"1":"72","2":"48","3":"576","4":"24","5":"144","6":"72","7":"24","8":"576","9":"120","10":"36"},"harga":{"1":"1,900","2":"7,428","3":"4,000","4":"8,935","5":"860","6":"2,800","7":"9,103","8":"430","9":"4,680","10":"2,800"},"diskon":{"1":"0","2":"0","3":"0","4":"0","5":"0","6":"0","7":"0","8":"0","9":"0","10":"0"},"subtotal":{"1":"136,800","2":"356,544","3":"2,304,000","4":"214,440","5":"123,840","6":"201,600","7":"218,472","8":"247,680","9":"561,600","10":"100,800"}}
[10:43:22] [INFO]: Query untuk mencari nomor payment terakhir: SELECT no_payment FROM payment WHERE no_payment LIKE 'PAY-OUT-2605%' ORDER BY no_payment DESC LIMIT 1
[10:43:22] [INFO]: Ditemukan payment sebelumnya di bulan yang sama.
[10:43:22] [INFO]: UPDATE pembelian_invoice SET status_payment = '2' WHERE no_invoice = '500558'
[10:44:23] [INFO]: Aksi payment accessed by user: 
[10:44:23] [INFO]: User Starttttt is authenticated. Processing action for route: payment_based_supplier and act: report
[10:44:23] [INFO]: Database connection established and helper functions included.
[10:44:23] [INFO]: location:../../main.php?route=payment_based_supplier&act=report&filter=supplier&nilai=SUPP-0205
[10:44:24] [INFO]: Memasuki halaman payment_tambah.php
[10:44:24] [INFO]: Query untuk mengambil detail invoice: SELECT pembelian_invoice.* , supplier.nama from pembelian_invoice JOIN supplier ON supplier.kd_supp = pembelian_invoice.kd_supp where no_invoice='0216'
[10:44:24] [INFO]: Query untuk mengambil detail invoice: SELECT * from pembelian_invoice_detail where no_invoice='0216' 
[10:44:24] [INFO]: Query untuk mengambil detail invoice: SELECT pid.*, b.nama, SUM(pd.disc) as tot_disc, p.ppn, pb.jumlah_datang as jumlah_barang_datang, p.tarif_ppn
                                                                        FROM
                                                                        pembelian p 
                                                                        join pembelian_detail pd on p.kd_beli = pd.kd_beli 
                                                                        join pembelian_invoice pi on pi.kd_po = p.kd_po 
                                                                        join pembelian_invoice_detail pid on pid.kd_po = pi.kd_po
                                                                        join barang b on pid.kd_brg = b.kd_brg 
                                                                        left join penerimaan_barang pb on pid.kd_brg =pb.kd_brg  and pid.kd_po =pb.kd_po 
                                                                        WHERE pid.no_invoice = '0216'
                                                                        GROUP BY pid.kd_po, pid.kd_brg;
                                                                        
[10:44:40] [INFO]: Query: SELECT no_account, deskripsi FROM account WHERE kd_jenis = '11'
[10:44:46] [INFO]: Aksi payment accessed by user: 
[10:44:46] [INFO]: User Starttttt is authenticated. Processing action for route: payment_add and act: input
[10:44:46] [INFO]: Database connection established and helper functions included.
[10:44:46] [INFO]: Memproses input payment dengan data: {"nomor_invoice":"0216","no_invoice":"PO-5373","kd_po":{"1":"PO-5373","2":"PO-5373","3":"PO-5373","4":"PO-5373","5":"PO-5373","6":"PO-5373","7":"PO-5373","8":"PO-5373","9":"PO-5373","10":"PO-5373","11":"PO-5373","12":"PO-5373"},"nama_supplier":"SUMBER PERINTIS RAGAMPANGAN","ppn":"0","tanggal_payment":"2026-05-20","metode_payment":"11","akun":"1001001","reff":"","jumlah_payment":"1018690","status_lunas":"LUNAS","id":{"1":"0216","2":"0216","3":"0216","4":"0216","5":"0216","6":"0216","7":"0216","8":"0216","9":"0216","10":"0216","11":"0216","12":"0216"},"kd_brg":{"1":"8888166321106","2":"8888166336568","3":"8888166338012","4":"8888166338449","5":"8888166350137","6":"8888166603356","7":"8888166606173","8":"8888166606616","9":"8888166842649","10":"8888166989634","11":"8888166989948","12":"8888166993150"},"jumlah_datang":{"1":"6","2":"30","3":"6","4":"6","5":"6","6":"6","7":"6","8":"60","9":"6","10":"60","11":"10","12":"6"},"jumlah":{"1":"6","2":"30","3":"6","4":"6","5":"6","6":"6","7":"6","8":"60","9":"6","10":"60","11":"10","12":"6"},"harga":{"1":"9,000","2":"9,210","3":"3,556","4":"8,520","5":"9,400","6":"6,250","7":"10,300","8":"860","9":"9,499","10":"3,874","11":"7,000","12":"8,200"},"diskon":{"1":"0","2":"0","3":"0","4":"0","5":"0","6":"0","7":"0","8":"0","9":"0","10":"0","11":"0","12":"0"},"subtotal":{"1":"54,000","2":"276,300","3":"21,336","4":"51,120","5":"56,400","6":"37,500","7":"61,800","8":"51,600","9":"56,994","10":"232,440","11":"70,000","12":"49,200"}}
[10:44:46] [INFO]: Query untuk mencari nomor payment terakhir: SELECT no_payment FROM payment WHERE no_payment LIKE 'PAY-OUT-2605%' ORDER BY no_payment DESC LIMIT 1
[10:44:46] [INFO]: Ditemukan payment sebelumnya di bulan yang sama.
[10:44:46] [INFO]: UPDATE pembelian_invoice SET status_payment = '2' WHERE no_invoice = '0216'
[10:45:15] [INFO]: Aksi payment accessed by user: 
[10:45:15] [INFO]: User Starttttt is authenticated. Processing action for route: payment_based_supplier and act: report
[10:45:15] [INFO]: Database connection established and helper functions included.
[10:45:15] [INFO]: location:../../main.php?route=payment_based_supplier&act=report&filter=supplier&nilai=SUPP-0238
[10:45:16] [INFO]: Memasuki halaman payment_tambah.php
[10:45:16] [INFO]: Query untuk mengambil detail invoice: SELECT pembelian_invoice.* , supplier.nama from pembelian_invoice JOIN supplier ON supplier.kd_supp = pembelian_invoice.kd_supp where no_invoice='51842'
[10:45:16] [INFO]: Query untuk mengambil detail invoice: SELECT * from pembelian_invoice_detail where no_invoice='51842' 
[10:45:16] [INFO]: Query untuk mengambil detail invoice: SELECT pid.*, b.nama, SUM(pd.disc) as tot_disc, p.ppn, pb.jumlah_datang as jumlah_barang_datang, p.tarif_ppn
                                                                        FROM
                                                                        pembelian p 
                                                                        join pembelian_detail pd on p.kd_beli = pd.kd_beli 
                                                                        join pembelian_invoice pi on pi.kd_po = p.kd_po 
                                                                        join pembelian_invoice_detail pid on pid.kd_po = pi.kd_po
                                                                        join barang b on pid.kd_brg = b.kd_brg 
                                                                        left join penerimaan_barang pb on pid.kd_brg =pb.kd_brg  and pid.kd_po =pb.kd_po 
                                                                        WHERE pid.no_invoice = '51842'
                                                                        GROUP BY pid.kd_po, pid.kd_brg;
                                                                        
[10:45:26] [INFO]: Query: SELECT no_account, deskripsi FROM account WHERE kd_jenis = '11'
[10:45:31] [INFO]: Aksi payment accessed by user: 
[10:45:31] [INFO]: User Starttttt is authenticated. Processing action for route: payment_add and act: input
[10:45:31] [INFO]: Database connection established and helper functions included.
[10:45:31] [INFO]: Memproses input payment dengan data: {"nomor_invoice":"51842","no_invoice":"PO-5385","kd_po":{"1":"PO-5385","2":"PO-5385","3":"PO-5385","4":"PO-5385","5":"PO-5385","6":"PO-5385","7":"PO-5385","8":"PO-5385","9":"PO-5385","10":"PO-5385","11":"PO-5385"},"nama_supplier":"ULTRA JAYA","ppn":"0","tanggal_payment":"2026-05-19","metode_payment":"11","akun":"1001001","reff":"","jumlah_payment":"2084256","status_lunas":"LUNAS","id":{"1":"51842","2":"51842","3":"51842","4":"51842","5":"51842","6":"51842","7":"51842","8":"51842","9":"51842","10":"51842","11":"51842"},"kd_brg":{"1":"8998009010224","2":"8998009010569","3":"8998009010576","4":"8998009010590","5":"8998009010606","6":"8998009010620","7":"8998009010910","8":"8998009010927","9":"8998009011351","10":"8998009030031","11":"8998009040023"},"jumlah_datang":{"1":"24","2":"24","3":"24","4":"40","5":"40","6":"12","7":"200","8":"40","9":"80","10":"24","11":"72"},"jumlah":{"1":"24","2":"24","3":"24","4":"40","5":"40","6":"12","7":"200","8":"40","9":"80","10":"24","11":"72"},"harga":{"1":"5,937","2":"4,583","3":"4,583","4":"2,875","5":"2,875","6":"17,750","7":"2,912","8":"2,912","9":"2,912","10":"5,021","11":"3,145"},"diskon":{"1":"0","2":"0","3":"0","4":"0","5":"0","6":"0","7":"0","8":"0","9":"0","10":"0","11":"0"},"subtotal":{"1":"142,488","2":"109,992","3":"109,992","4":"115,000","5":"115,000","6":"213,000","7":"582,400","8":"116,480","9":"232,960","10":"120,504","11":"226,440"}}
[10:45:31] [INFO]: Query untuk mencari nomor payment terakhir: SELECT no_payment FROM payment WHERE no_payment LIKE 'PAY-OUT-2605%' ORDER BY no_payment DESC LIMIT 1
[10:45:31] [INFO]: Ditemukan payment sebelumnya di bulan yang sama.
[10:45:31] [INFO]: UPDATE pembelian_invoice SET status_payment = '2' WHERE no_invoice = '51842'
[10:46:02] [INFO]: Aksi payment accessed by user: 
[10:46:02] [INFO]: User Starttttt is authenticated. Processing action for route: payment_based_supplier and act: report
[10:46:02] [INFO]: Database connection established and helper functions included.
[10:46:02] [INFO]: location:../../main.php?route=payment_based_supplier&act=report&filter=supplier&nilai=SUPP-0187
[10:46:08] [INFO]: Memasuki halaman payment_tambah.php
[10:46:08] [INFO]: Query untuk mengambil detail invoice: SELECT pembelian_invoice.* , supplier.nama from pembelian_invoice JOIN supplier ON supplier.kd_supp = pembelian_invoice.kd_supp where no_invoice='19007'
[10:46:08] [INFO]: Query untuk mengambil detail invoice: SELECT * from pembelian_invoice_detail where no_invoice='19007' 
[10:46:08] [INFO]: Query untuk mengambil detail invoice: SELECT pid.*, b.nama, SUM(pd.disc) as tot_disc, p.ppn, pb.jumlah_datang as jumlah_barang_datang, p.tarif_ppn
                                                                        FROM
                                                                        pembelian p 
                                                                        join pembelian_detail pd on p.kd_beli = pd.kd_beli 
                                                                        join pembelian_invoice pi on pi.kd_po = p.kd_po 
                                                                        join pembelian_invoice_detail pid on pid.kd_po = pi.kd_po
                                                                        join barang b on pid.kd_brg = b.kd_brg 
                                                                        left join penerimaan_barang pb on pid.kd_brg =pb.kd_brg  and pid.kd_po =pb.kd_po 
                                                                        WHERE pid.no_invoice = '19007'
                                                                        GROUP BY pid.kd_po, pid.kd_brg;
                                                                        
[10:46:14] [INFO]: Query: SELECT no_account, deskripsi FROM account WHERE kd_jenis = '11'
[10:46:18] [INFO]: Aksi payment accessed by user: 
[10:46:18] [INFO]: User Starttttt is authenticated. Processing action for route: payment_add and act: input
[10:46:18] [INFO]: Database connection established and helper functions included.
[10:46:18] [INFO]: Memproses input payment dengan data: {"nomor_invoice":"19007","no_invoice":"PO-5377","kd_po":{"1":"PO-5377","2":"PO-5377","3":"PO-5377","4":"PO-5377","5":"PO-5377"},"nama_supplier":"SHARON BAKERY","ppn":"0","tanggal_payment":"2026-05-22","metode_payment":"11","akun":"1001001","reff":"","jumlah_payment":"549600","status_lunas":"LUNAS","id":{"1":"19007","2":"19007","3":"19007","4":"19007","5":"19007"},"kd_brg":{"1":"8993481101231","2":"8993481210421","3":"8993481210612","4":"8993481213835","5":"8993481260785"},"jumlah_datang":{"1":"10","2":"10","3":"8","4":"10","5":"100"},"jumlah":{"1":"10","2":"10","3":"8","4":"10","5":"100"},"harga":{"1":"13,600","2":"13,600","3":"11,200","4":"10,800","5":"800"},"diskon":{"1":"0","2":"0","3":"0","4":"0","5":"0"},"subtotal":{"1":"136,000","2":"136,000","3":"89,600","4":"108,000","5":"80,000"}}
[10:46:18] [INFO]: Query untuk mencari nomor payment terakhir: SELECT no_payment FROM payment WHERE no_payment LIKE 'PAY-OUT-2605%' ORDER BY no_payment DESC LIMIT 1
[10:46:18] [INFO]: Ditemukan payment sebelumnya di bulan yang sama.
[10:46:18] [INFO]: UPDATE pembelian_invoice SET status_payment = '2' WHERE no_invoice = '19007'
[10:46:23] [INFO]: Memasuki halaman payment_tambah.php
[10:46:23] [INFO]: Query untuk mengambil detail invoice: SELECT pembelian_invoice.* , supplier.nama from pembelian_invoice JOIN supplier ON supplier.kd_supp = pembelian_invoice.kd_supp where no_invoice='//16007'
[10:46:23] [INFO]: Query untuk mengambil detail invoice: SELECT * from pembelian_invoice_detail where no_invoice='//16007' 
[10:46:23] [INFO]: Query untuk mengambil detail invoice: SELECT pid.*, b.nama, SUM(pd.disc) as tot_disc, p.ppn, pb.jumlah_datang as jumlah_barang_datang, p.tarif_ppn
                                                                        FROM
                                                                        pembelian p 
                                                                        join pembelian_detail pd on p.kd_beli = pd.kd_beli 
                                                                        join pembelian_invoice pi on pi.kd_po = p.kd_po 
                                                                        join pembelian_invoice_detail pid on pid.kd_po = pi.kd_po
                                                                        join barang b on pid.kd_brg = b.kd_brg 
                                                                        left join penerimaan_barang pb on pid.kd_brg =pb.kd_brg  and pid.kd_po =pb.kd_po 
                                                                        WHERE pid.no_invoice = '//16007'
                                                                        GROUP BY pid.kd_po, pid.kd_brg;
                                                                        
[10:46:30] [INFO]: Query: SELECT no_account, deskripsi FROM account WHERE kd_jenis = '11'
[10:46:33] [INFO]: Aksi payment accessed by user: 
[10:46:33] [INFO]: User Starttttt is authenticated. Processing action for route: payment_add and act: input
[10:46:33] [INFO]: Database connection established and helper functions included.
[10:46:33] [INFO]: Memproses input payment dengan data: {"nomor_invoice":"\/\/16007","no_invoice":"PO-5391","kd_po":{"1":"PO-5391","2":"PO-5391","3":"PO-5391","4":"PO-5391"},"nama_supplier":"SHARON BAKERY","ppn":"0","tanggal_payment":"2026-05-20","metode_payment":"11","akun":"1001001","reff":"","jumlah_payment":"400400","status_lunas":"LUNAS","id":{"1":"\/\/16007","2":"\/\/16007","3":"\/\/16007","4":"\/\/16007"},"kd_brg":{"1":"8993481101231","2":"8993481210612","3":"8993481213835","4":"8993481261157"},"jumlah_datang":{"1":"8","2":"3","3":"15","4":"60"},"jumlah":{"1":"8","2":"3","3":"15","4":"60"},"harga":{"1":"13,600","2":"11,200","3":"10,800","4":"1,600"},"diskon":{"1":"0","2":"0","3":"0","4":"0"},"subtotal":{"1":"108,800","2":"33,600","3":"162,000","4":"96,000"}}
[10:46:33] [INFO]: Query untuk mencari nomor payment terakhir: SELECT no_payment FROM payment WHERE no_payment LIKE 'PAY-OUT-2605%' ORDER BY no_payment DESC LIMIT 1
[10:46:33] [INFO]: Ditemukan payment sebelumnya di bulan yang sama.
[10:46:33] [INFO]: UPDATE pembelian_invoice SET status_payment = '2' WHERE no_invoice = '//16007'
[10:46:53] [INFO]: Aksi payment accessed by user: 
[10:46:53] [INFO]: User Starttttt is authenticated. Processing action for route: payment_based_supplier and act: report
[10:46:53] [INFO]: Database connection established and helper functions included.
[10:46:53] [INFO]: location:../../main.php?route=payment_based_supplier&act=report&filter=supplier&nilai=SUPP-0178
[10:46:55] [INFO]: Memasuki halaman payment_tambah.php
[10:46:55] [INFO]: Query untuk mengambil detail invoice: SELECT pembelian_invoice.* , supplier.nama from pembelian_invoice JOIN supplier ON supplier.kd_supp = pembelian_invoice.kd_supp where no_invoice='2855'
[10:46:55] [INFO]: Query untuk mengambil detail invoice: SELECT * from pembelian_invoice_detail where no_invoice='2855' 
[10:46:55] [INFO]: Query untuk mengambil detail invoice: SELECT pid.*, b.nama, SUM(pd.disc) as tot_disc, p.ppn, pb.jumlah_datang as jumlah_barang_datang, p.tarif_ppn
                                                                        FROM
                                                                        pembelian p 
                                                                        join pembelian_detail pd on p.kd_beli = pd.kd_beli 
                                                                        join pembelian_invoice pi on pi.kd_po = p.kd_po 
                                                                        join pembelian_invoice_detail pid on pid.kd_po = pi.kd_po
                                                                        join barang b on pid.kd_brg = b.kd_brg 
                                                                        left join penerimaan_barang pb on pid.kd_brg =pb.kd_brg  and pid.kd_po =pb.kd_po 
                                                                        WHERE pid.no_invoice = '2855'
                                                                        GROUP BY pid.kd_po, pid.kd_brg;
                                                                        
[10:47:01] [INFO]: Query: SELECT no_account, deskripsi FROM account WHERE kd_jenis = '11'
[10:47:05] [INFO]: Aksi payment accessed by user: 
[10:47:05] [INFO]: User Starttttt is authenticated. Processing action for route: payment_add and act: input
[10:47:05] [INFO]: Database connection established and helper functions included.
[10:47:05] [INFO]: Memproses input payment dengan data: {"nomor_invoice":"2855","no_invoice":"PO-5388","kd_po":{"1":"PO-5388","2":"PO-5388","3":"PO-5388","4":"PO-5388","5":"PO-5388"},"nama_supplier":"SAMPOERNA","ppn":"0","tanggal_payment":"2026-05-21","metode_payment":"11","akun":"1001001","reff":"","jumlah_payment":"1149000","status_lunas":"LUNAS","id":{"1":"2855","2":"2855","3":"2855","4":"2855","5":"2855"},"kd_brg":{"1":"8999909001909","2":"8999909015838","3":"8999909028234","4":"8999909028999","5":"8999909096004"},"jumlah_datang":{"1":"10","2":"10","3":"10","4":"10","5":"10"},"jumlah":{"1":"10","2":"10","3":"10","4":"10","5":"10"},"harga":{"1":"25,950","2":"13,250","3":"19,250","4":"21,300","5":"35,150"},"diskon":{"1":"0","2":"0","3":"0","4":"0","5":"0"},"subtotal":{"1":"259,500","2":"132,500","3":"192,500","4":"213,000","5":"351,500"}}
[10:47:05] [INFO]: Query untuk mencari nomor payment terakhir: SELECT no_payment FROM payment WHERE no_payment LIKE 'PAY-OUT-2605%' ORDER BY no_payment DESC LIMIT 1
[10:47:05] [INFO]: Ditemukan payment sebelumnya di bulan yang sama.
[10:47:05] [INFO]: UPDATE pembelian_invoice SET status_payment = '2' WHERE no_invoice = '2855'
[10:47:22] [INFO]: Aksi payment accessed by user: 
[10:47:22] [INFO]: User Starttttt is authenticated. Processing action for route: payment_based_supplier and act: report
[10:47:22] [INFO]: Database connection established and helper functions included.
[10:47:22] [INFO]: location:../../main.php?route=payment_based_supplier&act=report&filter=supplier&nilai=SUPP-0058
[10:47:23] [INFO]: Memasuki halaman payment_tambah.php
[10:47:23] [INFO]: Query untuk mengambil detail invoice: SELECT pembelian_invoice.* , supplier.nama from pembelian_invoice JOIN supplier ON supplier.kd_supp = pembelian_invoice.kd_supp where no_invoice='404254'
[10:47:23] [INFO]: Query untuk mengambil detail invoice: SELECT * from pembelian_invoice_detail where no_invoice='404254' 
[10:47:23] [INFO]: Query untuk mengambil detail invoice: SELECT pid.*, b.nama, SUM(pd.disc) as tot_disc, p.ppn, pb.jumlah_datang as jumlah_barang_datang, p.tarif_ppn
                                                                        FROM
                                                                        pembelian p 
                                                                        join pembelian_detail pd on p.kd_beli = pd.kd_beli 
                                                                        join pembelian_invoice pi on pi.kd_po = p.kd_po 
                                                                        join pembelian_invoice_detail pid on pid.kd_po = pi.kd_po
                                                                        join barang b on pid.kd_brg = b.kd_brg 
                                                                        left join penerimaan_barang pb on pid.kd_brg =pb.kd_brg  and pid.kd_po =pb.kd_po 
                                                                        WHERE pid.no_invoice = '404254'
                                                                        GROUP BY pid.kd_po, pid.kd_brg;
                                                                        
[10:47:30] [INFO]: Query: SELECT no_account, deskripsi FROM account WHERE kd_jenis = '11'
[10:47:34] [INFO]: Aksi payment accessed by user: 
[10:47:34] [INFO]: User Starttttt is authenticated. Processing action for route: payment_add and act: input
[10:47:34] [INFO]: Database connection established and helper functions included.
[10:47:34] [INFO]: Memproses input payment dengan data: {"nomor_invoice":"404254","no_invoice":"PO-5387","kd_po":{"1":"PO-5387","2":"PO-5387","3":"PO-5387","4":"PO-5387"},"nama_supplier":"DJARUM","ppn":"0","tanggal_payment":"2026-05-20","metode_payment":"11","akun":"1001001","reff":"","jumlah_payment":"2219000","status_lunas":"LUNAS","id":{"1":"404254","2":"404254","3":"404254","4":"404254"},"kd_brg":{"1":"8991906101019","2":"8991906101644","3":"8991906106250","4":"8991906108896"},"jumlah_datang":{"1":"10","2":"100","3":"10","4":"10"},"jumlah":{"1":"10","2":"100","3":"10","4":"10"},"harga":{"1":"22,800","2":"16,300","3":"14,200","4":"21,900"},"diskon":{"1":"0","2":"0","3":"0","4":"0"},"subtotal":{"1":"228,000","2":"1,630,000","3":"142,000","4":"219,000"}}
[10:47:34] [INFO]: Query untuk mencari nomor payment terakhir: SELECT no_payment FROM payment WHERE no_payment LIKE 'PAY-OUT-2605%' ORDER BY no_payment DESC LIMIT 1
[10:47:34] [INFO]: Ditemukan payment sebelumnya di bulan yang sama.
[10:47:34] [INFO]: UPDATE pembelian_invoice SET status_payment = '2' WHERE no_invoice = '404254'
[10:47:53] [INFO]: Aksi payment accessed by user: 
[10:47:53] [INFO]: User Starttttt is authenticated. Processing action for route: payment_based_supplier and act: report
[10:47:53] [INFO]: Database connection established and helper functions included.
[10:47:53] [INFO]: location:../../main.php?route=payment_based_supplier&act=report&filter=supplier&nilai=SUPP-0108
[10:47:54] [INFO]: Memasuki halaman payment_tambah.php
[10:47:54] [INFO]: Query untuk mengambil detail invoice: SELECT pembelian_invoice.* , supplier.nama from pembelian_invoice JOIN supplier ON supplier.kd_supp = pembelian_invoice.kd_supp where no_invoice='16.5.26'
[10:47:54] [INFO]: Query untuk mengambil detail invoice: SELECT * from pembelian_invoice_detail where no_invoice='16.5.26' 
[10:47:54] [INFO]: Query untuk mengambil detail invoice: SELECT pid.*, b.nama, SUM(pd.disc) as tot_disc, p.ppn, pb.jumlah_datang as jumlah_barang_datang, p.tarif_ppn
                                                                        FROM
                                                                        pembelian p 
                                                                        join pembelian_detail pd on p.kd_beli = pd.kd_beli 
                                                                        join pembelian_invoice pi on pi.kd_po = p.kd_po 
                                                                        join pembelian_invoice_detail pid on pid.kd_po = pi.kd_po
                                                                        join barang b on pid.kd_brg = b.kd_brg 
                                                                        left join penerimaan_barang pb on pid.kd_brg =pb.kd_brg  and pid.kd_po =pb.kd_po 
                                                                        WHERE pid.no_invoice = '16.5.26'
                                                                        GROUP BY pid.kd_po, pid.kd_brg;
                                                                        
[10:48:03] [INFO]: Query: SELECT no_account, deskripsi FROM account WHERE kd_jenis = '11'
[10:48:07] [INFO]: Aksi payment accessed by user: 
[10:48:07] [INFO]: User Starttttt is authenticated. Processing action for route: payment_add and act: input
[10:48:07] [INFO]: Database connection established and helper functions included.
[10:48:07] [INFO]: Memproses input payment dengan data: {"nomor_invoice":"16.5.26","no_invoice":"PO-5389","kd_po":{"1":"PO-5389","2":"PO-5389","3":"PO-5389","4":"PO-5389"},"nama_supplier":"LINTANG SARI","ppn":"0","tanggal_payment":"2026-05-23","metode_payment":"11","akun":"1001001","reff":"","jumlah_payment":"387000","status_lunas":"LUNAS","id":{"1":"16.5.26","2":"16.5.26","3":"16.5.26","4":"16.5.26"},"kd_brg":{"1":"504564","2":"504566","3":"50556817","4":"505741"},"jumlah_datang":{"1":"3","2":"3","3":"1","4":"3"},"jumlah":{"1":"3","2":"3","3":"1","4":"3"},"harga":{"1":"47,000","2":"41,000","3":"24,000","4":"33,000"},"diskon":{"1":"0","2":"0","3":"0","4":"0"},"subtotal":{"1":"141,000","2":"123,000","3":"24,000","4":"99,000"}}
[10:48:07] [INFO]: Query untuk mencari nomor payment terakhir: SELECT no_payment FROM payment WHERE no_payment LIKE 'PAY-OUT-2605%' ORDER BY no_payment DESC LIMIT 1
[10:48:07] [INFO]: Ditemukan payment sebelumnya di bulan yang sama.
[10:48:07] [INFO]: UPDATE pembelian_invoice SET status_payment = '2' WHERE no_invoice = '16.5.26'
[11:02:59] [INFO]: Aksi payment accessed by user: 
[11:02:59] [INFO]: User Starttttt is authenticated. Processing action for route: payment_based_supplier and act: report
[11:02:59] [INFO]: Database connection established and helper functions included.
[11:02:59] [INFO]: location:../../main.php?route=payment_based_supplier&act=report&filter=supplier&nilai=SUPP-0115
[11:03:00] [INFO]: Memasuki halaman payment_tambah.php
[11:03:00] [INFO]: Query untuk mengambil detail invoice: SELECT pembelian_invoice.* , supplier.nama from pembelian_invoice JOIN supplier ON supplier.kd_supp = pembelian_invoice.kd_supp where no_invoice='28.26'
[11:03:00] [INFO]: Query untuk mengambil detail invoice: SELECT * from pembelian_invoice_detail where no_invoice='28.26' 
[11:03:00] [INFO]: Query untuk mengambil detail invoice: SELECT pid.*, b.nama, SUM(pd.disc) as tot_disc, p.ppn, pb.jumlah_datang as jumlah_barang_datang, p.tarif_ppn
                                                                        FROM
                                                                        pembelian p 
                                                                        join pembelian_detail pd on p.kd_beli = pd.kd_beli 
                                                                        join pembelian_invoice pi on pi.kd_po = p.kd_po 
                                                                        join pembelian_invoice_detail pid on pid.kd_po = pi.kd_po
                                                                        join barang b on pid.kd_brg = b.kd_brg 
                                                                        left join penerimaan_barang pb on pid.kd_brg =pb.kd_brg  and pid.kd_po =pb.kd_po 
                                                                        WHERE pid.no_invoice = '28.26'
                                                                        GROUP BY pid.kd_po, pid.kd_brg;
                                                                        
[11:03:14] [INFO]: Query: SELECT no_account, deskripsi FROM account WHERE kd_jenis = '11'
[11:03:19] [INFO]: Aksi payment accessed by user: 
[11:03:19] [INFO]: User Starttttt is authenticated. Processing action for route: payment_add and act: input
[11:03:19] [INFO]: Database connection established and helper functions included.
[11:03:19] [INFO]: Memproses input payment dengan data: {"nomor_invoice":"28.26","no_invoice":"KONS-0585","kd_po":{"1":"KONS-0585","2":"KONS-0585"},"nama_supplier":"MAKRONI","ppn":"0","tanggal_payment":"2026-05-29","metode_payment":"11","akun":"1001001","reff":"","jumlah_payment":"1802000","status_lunas":"LUNAS","id":{"1":"28.26","2":"28.26"},"kd_brg":{"1":"505960","2":"505969"},"jumlah_datang":{"1":"374","2":"80"},"jumlah":{"1":"374","2":"80"},"harga":{"1":"3,000","2":"8,500"},"diskon":{"1":"0","2":"0"},"subtotal":{"1":"1,122,000","2":"680,000"}}
[11:03:19] [INFO]: Query untuk mencari nomor payment terakhir: SELECT no_payment FROM payment WHERE no_payment LIKE 'PAY-OUT-2605%' ORDER BY no_payment DESC LIMIT 1
[11:03:19] [INFO]: Ditemukan payment sebelumnya di bulan yang sama.
[11:03:19] [INFO]: UPDATE pembelian_invoice SET status_payment = '2' WHERE no_invoice = '28.26'
[11:13:58] [INFO]: Aksi payment accessed by user: 
[11:13:58] [INFO]: User Starttttt is authenticated. Processing action for route: payment_based_supplier and act: report
[11:13:58] [INFO]: Database connection established and helper functions included.
[11:13:58] [INFO]: location:../../main.php?route=payment_based_supplier&act=report&filter=supplier&nilai=SUPP-0115
