[08:42:04] [INFO]: Aksi payment accessed by user: 
[08:42:04] [INFO]: User Starttttt is authenticated. Processing action for route: payment_based_supplier and act: report
[08:42:04] [INFO]: Database connection established and helper functions included.
[08:42:04] [INFO]: location:../../main.php?route=payment_based_supplier&act=report&filter=supplier&nilai=SUPP-0019
[08:42:09] [INFO]: Memasuki halaman payment_tambah.php
[08:42:09] [INFO]: Query untuk mengambil detail invoice: SELECT pembelian_invoice.* , supplier.nama from pembelian_invoice JOIN supplier ON supplier.kd_supp = pembelian_invoice.kd_supp where no_invoice='71183'
[08:42:09] [INFO]: Query untuk mengambil detail invoice: SELECT * from pembelian_invoice_detail where no_invoice='71183' 
[08:42:09] [INFO]: Query untuk mengambil detail invoice: SELECT pid.*, b.nama, SUM(pd.disc) as tot_disc, p.ppn, pb.jumlah_datang as jumlah_barang_datang, p.tarif_ppn
                                                                        FROM
                                                                        pembelian p 
                                                                        join pembelian_detail pd on p.kd_beli = pd.kd_beli 
                                                                        join pembelian_invoice pi on pi.kd_po = p.kd_po 
                                                                        join pembelian_invoice_detail pid on pid.kd_po = pi.kd_po
                                                                        join barang b on pid.kd_brg = b.kd_brg 
                                                                        left join penerimaan_barang pb on pid.kd_brg =pb.kd_brg  and pid.kd_po =pb.kd_po 
                                                                        WHERE pid.no_invoice = '71183'
                                                                        GROUP BY pid.kd_po, pid.kd_brg;
                                                                        
[08:42:19] [INFO]: Query: SELECT no_account, deskripsi FROM account WHERE kd_jenis = '11'
[08:42:22] [INFO]: Aksi payment accessed by user: 
[08:42:22] [INFO]: User Starttttt is authenticated. Processing action for route: payment_add and act: input
[08:42:22] [INFO]: Database connection established and helper functions included.
[08:42:22] [INFO]: Memproses input payment dengan data: {"nomor_invoice":"71183","no_invoice":"PO-5329","kd_po":{"1":"PO-5329","2":"PO-5329"},"nama_supplier":"ARTA BOGA","ppn":"0","tanggal_payment":"2026-06-02","metode_payment":"11","akun":"1001001","reff":"","jumlah_payment":"267450","status_lunas":"LUNAS","id":{"1":"71183","2":"71183"},"kd_brg":{"1":"8886057883665","2":"8997009510017"},"jumlah_datang":{"1":"20","2":"30"},"jumlah":{"1":"20","2":"30"},"harga":{"1":"5,130","2":"5,495"},"diskon":{"1":"0","2":"0"},"subtotal":{"1":"102,600","2":"164,850"}}
[08:42:22] [INFO]: Query untuk mencari nomor payment terakhir: SELECT no_payment FROM payment WHERE no_payment LIKE 'PAY-OUT-2606%' ORDER BY no_payment DESC LIMIT 1
[08:42:22] [INFO]: Belum ada payment di bulan tersebut. Mulai dari nomor 00001.
[08:42:22] [INFO]: UPDATE pembelian_invoice SET status_payment = '2' WHERE no_invoice = '71183'
[08:42:34] [INFO]: Aksi payment accessed by user: 
[08:42:34] [INFO]: User Starttttt is authenticated. Processing action for route: payment_based_supplier and act: report
[08:42:34] [INFO]: Database connection established and helper functions included.
[08:42:34] [INFO]: location:../../main.php?route=payment_based_supplier&act=report&filter=supplier&nilai=SUPP-0094
[08:42:39] [INFO]: Memasuki halaman payment_tambah.php
[08:42:39] [INFO]: Query untuk mengambil detail invoice: SELECT pembelian_invoice.* , supplier.nama from pembelian_invoice JOIN supplier ON supplier.kd_supp = pembelian_invoice.kd_supp where no_invoice='3210'
[08:42:39] [INFO]: Query untuk mengambil detail invoice: SELECT * from pembelian_invoice_detail where no_invoice='3210' 
[08:42:39] [INFO]: Query untuk mengambil detail invoice: SELECT pid.*, b.nama, SUM(pd.disc) as tot_disc, p.ppn, pb.jumlah_datang as jumlah_barang_datang, p.tarif_ppn
                                                                        FROM
                                                                        pembelian p 
                                                                        join pembelian_detail pd on p.kd_beli = pd.kd_beli 
                                                                        join pembelian_invoice pi on pi.kd_po = p.kd_po 
                                                                        join pembelian_invoice_detail pid on pid.kd_po = pi.kd_po
                                                                        join barang b on pid.kd_brg = b.kd_brg 
                                                                        left join penerimaan_barang pb on pid.kd_brg =pb.kd_brg  and pid.kd_po =pb.kd_po 
                                                                        WHERE pid.no_invoice = '3210'
                                                                        GROUP BY pid.kd_po, pid.kd_brg;
                                                                        
[08:42:44] [INFO]: Query: SELECT no_account, deskripsi FROM account WHERE kd_jenis = '11'
[08:42:48] [INFO]: Aksi payment accessed by user: 
[08:42:48] [INFO]: User Starttttt is authenticated. Processing action for route: payment_add and act: input
[08:42:48] [INFO]: Database connection established and helper functions included.
[08:42:48] [INFO]: Memproses input payment dengan data: {"nomor_invoice":"3210","no_invoice":"PO-5442","kd_po":{"1":"PO-5442","2":"PO-5442","3":"PO-5442","4":"PO-5442","5":"PO-5442","6":"PO-5442","7":"PO-5442","8":"PO-5442","9":"PO-5442","10":"PO-5442"},"nama_supplier":"INDOMARCO","ppn":"0","tanggal_payment":"2026-06-02","metode_payment":"11","akun":"1001001","reff":"","jumlah_payment":"2263050","status_lunas":"LUNAS","id":{"1":"3210","2":"3210","3":"3210","4":"3210","5":"3210","6":"3210","7":"3210","8":"3210","9":"3210","10":"3210"},"kd_brg":{"1":"89686021158","2":"89686023770","3":"89686530001","4":"89686530100","5":"89686530209","6":"8992628020152","7":"8992702005945","8":"8992718410108","9":"8992718853455","10":"8993007000239"},"jumlah_datang":{"1":"80","2":"200","3":"80","4":"80","5":"80","6":"18","7":"17","8":"80","9":"80","10":"200"},"jumlah":{"1":"80","2":"200","3":"80","4":"80","5":"80","6":"18","7":"17","8":"80","9":"80","10":"200"},"harga":{"1":"1,135","2":"1,606","3":"1,560","4":"1,560","5":"1,558","6":"39,800","7":"3,450","8":"1,110","9":"1,587","10":"2,430"},"diskon":{"1":"0","2":"0","3":"0","4":"0","5":"0","6":"0","7":"0","8":"0","9":"0","10":"0"},"subtotal":{"1":"90,800","2":"321,200","3":"124,800","4":"124,800","5":"124,640","6":"716,400","7":"58,650","8":"88,800","9":"126,960","10":"486,000"}}
[08:42:48] [INFO]: Query untuk mencari nomor payment terakhir: SELECT no_payment FROM payment WHERE no_payment LIKE 'PAY-OUT-2606%' ORDER BY no_payment DESC LIMIT 1
[08:42:48] [INFO]: Ditemukan payment sebelumnya di bulan yang sama.
[08:42:48] [INFO]: UPDATE pembelian_invoice SET status_payment = '2' WHERE no_invoice = '3210'
[08:42:57] [INFO]: Memasuki halaman payment_tambah.php
[08:42:57] [INFO]: Query untuk mengambil detail invoice: SELECT pembelian_invoice.* , supplier.nama from pembelian_invoice JOIN supplier ON supplier.kd_supp = pembelian_invoice.kd_supp where no_invoice='03208'
[08:42:57] [INFO]: Query untuk mengambil detail invoice: SELECT * from pembelian_invoice_detail where no_invoice='03208' 
[08:42:57] [INFO]: Query untuk mengambil detail invoice: SELECT pid.*, b.nama, SUM(pd.disc) as tot_disc, p.ppn, pb.jumlah_datang as jumlah_barang_datang, p.tarif_ppn
                                                                        FROM
                                                                        pembelian p 
                                                                        join pembelian_detail pd on p.kd_beli = pd.kd_beli 
                                                                        join pembelian_invoice pi on pi.kd_po = p.kd_po 
                                                                        join pembelian_invoice_detail pid on pid.kd_po = pi.kd_po
                                                                        join barang b on pid.kd_brg = b.kd_brg 
                                                                        left join penerimaan_barang pb on pid.kd_brg =pb.kd_brg  and pid.kd_po =pb.kd_po 
                                                                        WHERE pid.no_invoice = '03208'
                                                                        GROUP BY pid.kd_po, pid.kd_brg;
                                                                        
[08:43:01] [INFO]: Query: SELECT no_account, deskripsi FROM account WHERE kd_jenis = '11'
[08:43:06] [INFO]: Aksi payment accessed by user: 
[08:43:06] [INFO]: User Starttttt is authenticated. Processing action for route: payment_add and act: input
[08:43:06] [INFO]: Database connection established and helper functions included.
[08:43:06] [INFO]: Memproses input payment dengan data: {"nomor_invoice":"03208","no_invoice":"PO-5366","kd_po":{"1":"PO-5366","2":"PO-5366","3":"PO-5366","4":"PO-5366","5":"PO-5366","6":"PO-5366","7":"PO-5366"},"nama_supplier":"INDOMARCO","ppn":"0","tanggal_payment":"2026-06-02","metode_payment":"11","akun":"1001001","reff":"","jumlah_payment":"372402","status_lunas":"LUNAS","id":{"1":"03208","2":"03208","3":"03208","4":"03208","5":"03208","6":"03208","7":"03208"},"kd_brg":{"1":"089686531008","2":"089686572018","3":"089686644005","4":"089686644012","5":"089686648058","6":"089686648072","7":"189686150022"},"jumlah_datang":{"1":"6","2":"6","3":"6","4":"6","5":"6","6":"6","7":"6"},"jumlah":{"1":"6","2":"6","3":"6","4":"6","5":"6","6":"6","7":"6"},"harga":{"1":"8,172","2":"7,421","3":"11,247","4":"11,247","5":"7,549","6":"7,549","7":"8,882"},"diskon":{"1":"0","2":"0","3":"0","4":"0","5":"0","6":"0","7":"0"},"subtotal":{"1":"49,032","2":"44,526","3":"67,482","4":"67,482","5":"45,294","6":"45,294","7":"53,292"}}
[08:43:06] [INFO]: Query untuk mencari nomor payment terakhir: SELECT no_payment FROM payment WHERE no_payment LIKE 'PAY-OUT-2606%' ORDER BY no_payment DESC LIMIT 1
[08:43:06] [INFO]: Ditemukan payment sebelumnya di bulan yang sama.
[08:43:06] [INFO]: UPDATE pembelian_invoice SET status_payment = '2' WHERE no_invoice = '03208'
[08:43:20] [INFO]: Aksi payment accessed by user: 
[08:43:20] [INFO]: User Starttttt is authenticated. Processing action for route: payment_based_supplier and act: report
[08:43:20] [INFO]: Database connection established and helper functions included.
[08:43:20] [INFO]: location:../../main.php?route=payment_based_supplier&act=report&filter=supplier&nilai=SUPP-0225
[08:43:25] [INFO]: Memasuki halaman payment_tambah.php
[08:43:25] [INFO]: Query untuk mengambil detail invoice: SELECT pembelian_invoice.* , supplier.nama from pembelian_invoice JOIN supplier ON supplier.kd_supp = pembelian_invoice.kd_supp where no_invoice='79370'
[08:43:25] [INFO]: Query untuk mengambil detail invoice: SELECT * from pembelian_invoice_detail where no_invoice='79370' 
[08:43:25] [INFO]: Query untuk mengambil detail invoice: SELECT pid.*, b.nama, SUM(pd.disc) as tot_disc, p.ppn, pb.jumlah_datang as jumlah_barang_datang, p.tarif_ppn
                                                                        FROM
                                                                        pembelian p 
                                                                        join pembelian_detail pd on p.kd_beli = pd.kd_beli 
                                                                        join pembelian_invoice pi on pi.kd_po = p.kd_po 
                                                                        join pembelian_invoice_detail pid on pid.kd_po = pi.kd_po
                                                                        join barang b on pid.kd_brg = b.kd_brg 
                                                                        left join penerimaan_barang pb on pid.kd_brg =pb.kd_brg  and pid.kd_po =pb.kd_po 
                                                                        WHERE pid.no_invoice = '79370'
                                                                        GROUP BY pid.kd_po, pid.kd_brg;
                                                                        
[08:43:29] [INFO]: Query: SELECT no_account, deskripsi FROM account WHERE kd_jenis = '11'
[08:43:35] [INFO]: Aksi payment accessed by user: 
[08:43:35] [INFO]: User Starttttt is authenticated. Processing action for route: payment_add and act: input
[08:43:35] [INFO]: Database connection established and helper functions included.
[08:43:35] [INFO]: Memproses input payment dengan data: {"nomor_invoice":"79370","no_invoice":"PO-5268","kd_po":{"1":"PO-5268","2":"PO-5268","3":"PO-5268","4":"PO-5268","5":"PO-5268","6":"PO-5268","7":"PO-5268","8":"PO-5268","9":"PO-5268","10":"PO-5268","11":"PO-5268","12":"PO-5268","13":"PO-5268","14":"PO-5268","15":"PO-5268","16":"PO-5268","17":"PO-5268","18":"PO-5268","19":"PO-5268","20":"PO-5268","21":"PO-5268","22":"PO-5268","23":"PO-5268","24":"PO-5268","25":"PO-5268","26":"PO-5268","27":"PO-5268","28":"PO-5268","29":"PO-5268","30":"PO-5268","31":"PO-5268","32":"PO-5268","33":"PO-5268","34":"PO-5268","35":"PO-5268","36":"PO-5268","37":"PO-5268","38":"PO-5268","39":"PO-5268","40":"PO-5268","41":"PO-5268","42":"PO-5268","43":"PO-5268","44":"PO-5268","45":"PO-5268","46":"PO-5268","47":"PO-5268","48":"PO-5268","49":"PO-5268","50":"PO-5268","51":"PO-5268","52":"PO-5268","53":"PO-5268","54":"PO-5268","55":"PO-5268","56":"PO-5268","57":"PO-5268","58":"PO-5268"},"nama_supplier":"TEMPO MARINA","ppn":"0","tanggal_payment":"2026-06-02","metode_payment":"11","akun":"1001001","reff":"","jumlah_payment":"5188956","status_lunas":"LUNAS","id":{"1":"79370","2":"79370","3":"79370","4":"79370","5":"79370","6":"79370","7":"79370","8":"79370","9":"79370","10":"79370","11":"79370","12":"79370","13":"79370","14":"79370","15":"79370","16":"79370","17":"79370","18":"79370","19":"79370","20":"79370","21":"79370","22":"79370","23":"79370","24":"79370","25":"79370","26":"79370","27":"79370","28":"79370","29":"79370","30":"79370","31":"79370","32":"79370","33":"79370","34":"79370","35":"79370","36":"79370","37":"79370","38":"79370","39":"79370","40":"79370","41":"79370","42":"79370","43":"79370","44":"79370","45":"79370","46":"79370","47":"79370","48":"79370","49":"79370","50":"79370","51":"79370","52":"79370","53":"79370","54":"79370","55":"79370","56":"79370","57":"79370","58":"79370"},"kd_brg":{"1":"055500130252","2":"055500130269","3":"055500130290","4":"55500130214","5":"55500130221","6":"55500130276","7":"8999908010605","8":"8999908010704","9":"8999908041302","10":"8999908041401","11":"8999908043009","12":"8999908050205","13":"8999908050304","14":"8999908050403","15":"8999908054005","16":"8999908054203","17":"8999908059604","18":"8999908060402","19":"8999908060501","20":"8999908082701","21":"8999908082800","22":"8999908204202","23":"8999908208101","24":"8999908208200","25":"8999908266101","26":"8999908284907","27":"8999908347800","28":"8999908347909","29":"8999908353702","30":"8999908353801","31":"8999908374004","32":"8999908388704","33":"8999908392800","34":"8999908450807","35":"8999908490308","36":"8999908490407","37":"8999908596901","38":"8999908764102","39":"8999908764201","40":"8999908838001","41":"8999908885500","42":"8999908909206","43":"8999908918109","44":"8999908920805","45":"8999908920904","46":"8999908934109","47":"8999908957009","48":"8999908962706","49":"8999908962904","50":"8999908966605","51":"8999908968500","52":"8999908971005","53":"8999908986801","54":"8999908986900","55":"8999908987105","56":"8999908987709","57":"8999908998903","58":"8999908999603"},"jumlah_datang":{"1":"6","2":"6","3":"6","4":"3","5":"3","6":"6","7":"12","8":"6","9":"6","10":"12","11":"12","12":"50","13":"50","14":"50","15":"6","16":"12","17":"24","18":"6","19":"6","20":"12","21":"6","22":"60","23":"6","24":"6","25":"6","26":"24","27":"6","28":"6","29":"6","30":"6","31":"3","32":"6","33":"12","34":"6","35":"6","36":"6","37":"6","38":"6","39":"6","40":"6","41":"3","42":"12","43":"3","44":"6","45":"6","46":"6","47":"6","48":"6","49":"6","50":"6","51":"6","52":"6","53":"6","54":"6","55":"6","56":"6","57":"6","58":"6"},"jumlah":{"1":"6","2":"6","3":"6","4":"3","5":"3","6":"6","7":"12","8":"6","9":"6","10":"12","11":"12","12":"50","13":"50","14":"50","15":"6","16":"12","17":"24","18":"6","19":"6","20":"12","21":"6","22":"60","23":"6","24":"6","25":"6","26":"24","27":"6","28":"6","29":"6","30":"6","31":"3","32":"6","33":"12","34":"6","35":"6","36":"6","37":"6","38":"6","39":"6","40":"6","41":"3","42":"12","43":"3","44":"6","45":"6","46":"6","47":"6","48":"6","49":"6","50":"6","51":"6","52":"6","53":"6","54":"6","55":"6","56":"6","57":"6","58":"6"},"harga":{"1":"4,250","2":"4,250","3":"4,250","4":"8,600","5":"8,550","6":"4,250","7":"4,400","8":"7,487","9":"9,300","10":"9,300","11":"3,255","12":"2,200","13":"2,200","14":"2,200","15":"12,375","16":"3,255","17":"3,255","18":"16,690","19":"16,690","20":"4,400","21":"7,487","22":"14,100","23":"6,100","24":"6,100","25":"14,780","26":"19,100","27":"14,200","28":"12,250","29":"12,100","30":"12,100","31":"16,500","32":"13,350","33":"30,000","34":"8,100","35":"7,175","36":"7,175","37":"15,187","38":"11,730","39":"11,730","40":"14,780","41":"19,350","42":"14,100","43":"31,350","44":"4,625","45":"4,625","46":"14,520","47":"7,820","48":"10,800","49":"10,800","50":"12,100","51":"13,450","52":"11,605","53":"12,200","54":"6,550","55":"10,700","56":"11,350","57":"4,780","58":"10,000"},"diskon":{"1":"0","2":"0","3":"0","4":"0","5":"0","6":"0","7":"0","8":"0","9":"0","10":"0","11":"0","12":"0","13":"0","14":"0","15":"0","16":"0","17":"0","18":"0","19":"0","20":"0","21":"0","22":"0","23":"0","24":"0","25":"0","26":"0","27":"0","28":"0","29":"0","30":"0","31":"0","32":"0","33":"0","34":"0","35":"0","36":"0","37":"0","38":"0","39":"0","40":"0","41":"0","42":"0","43":"0","44":"0","45":"0","46":"0","47":"0","48":"0","49":"0","50":"0","51":"0","52":"0","53":"0","54":"0","55":"0","56":"0","57":"0","58":"0"},"subtotal":{"1":"25,500","2":"25,500","3":"25,500","4":"25,800","5":"25,650","6":"25,500","7":"52,800","8":"44,922","9":"55,800","10":"111,600","11":"39,060","12":"110,000","13":"110,000","14":"110,000","15":"74,250","16":"39,060","17":"78,120","18":"100,140","19":"100,140","20":"52,800","21":"44,922","22":"846,000","23":"36,600","24":"36,600","25":"88,680","26":"458,400","27":"85,200","28":"73,500","29":"72,600","30":"72,600","31":"49,500","32":"80,100","33":"360,000","34":"48,600","35":"43,050","36":"43,050","37":"91,122","38":"70,380","39":"70,380","40":"88,680","41":"58,050","42":"169,200","43":"94,050","44":"27,750","45":"27,750","46":"87,120","47":"46,920","48":"64,800","49":"64,800","50":"72,600","51":"80,700","52":"69,630","53":"73,200","54":"39,300","55":"64,200","56":"68,100","57":"28,680","58":"60,000"}}
[08:43:35] [INFO]: Query untuk mencari nomor payment terakhir: SELECT no_payment FROM payment WHERE no_payment LIKE 'PAY-OUT-2606%' ORDER BY no_payment DESC LIMIT 1
[08:43:35] [INFO]: Ditemukan payment sebelumnya di bulan yang sama.
[08:43:35] [INFO]: UPDATE pembelian_invoice SET status_payment = '2' WHERE no_invoice = '79370'
[08:43:45] [INFO]: Memasuki halaman payment_tambah.php
[08:43:45] [INFO]: Query untuk mengambil detail invoice: SELECT pembelian_invoice.* , supplier.nama from pembelian_invoice JOIN supplier ON supplier.kd_supp = pembelian_invoice.kd_supp where no_invoice='79372'
[08:43:45] [INFO]: Query untuk mengambil detail invoice: SELECT * from pembelian_invoice_detail where no_invoice='79372' 
[08:43:45] [INFO]: Query untuk mengambil detail invoice: SELECT pid.*, b.nama, SUM(pd.disc) as tot_disc, p.ppn, pb.jumlah_datang as jumlah_barang_datang, p.tarif_ppn
                                                                        FROM
                                                                        pembelian p 
                                                                        join pembelian_detail pd on p.kd_beli = pd.kd_beli 
                                                                        join pembelian_invoice pi on pi.kd_po = p.kd_po 
                                                                        join pembelian_invoice_detail pid on pid.kd_po = pi.kd_po
                                                                        join barang b on pid.kd_brg = b.kd_brg 
                                                                        left join penerimaan_barang pb on pid.kd_brg =pb.kd_brg  and pid.kd_po =pb.kd_po 
                                                                        WHERE pid.no_invoice = '79372'
                                                                        GROUP BY pid.kd_po, pid.kd_brg;
                                                                        
[08:43:49] [INFO]: Query: SELECT no_account, deskripsi FROM account WHERE kd_jenis = '11'
[08:43:52] [INFO]: Aksi payment accessed by user: 
[08:43:52] [INFO]: User Starttttt is authenticated. Processing action for route: payment_add and act: input
[08:43:52] [INFO]: Database connection established and helper functions included.
[08:43:52] [INFO]: Memproses input payment dengan data: {"nomor_invoice":"79372","no_invoice":"PO-5267","kd_po":{"1":"PO-5267","2":"PO-5267","3":"PO-5267","4":"PO-5267","5":"PO-5267"},"nama_supplier":"TEMPO MARINA","ppn":"0","tanggal_payment":"2026-06-02","metode_payment":"11","akun":"1001001","reff":"","jumlah_payment":"920400","status_lunas":"LUNAS","id":{"1":"79372","2":"79372","3":"79372","4":"79372","5":"79372"},"kd_brg":{"1":"8999908428806","2":"8999908429001","3":"8999908429100","4":"8999908429209","5":"8999908429308"},"jumlah_datang":{"1":"12","2":"12","3":"6","4":"12","5":"12"},"jumlah":{"1":"12","2":"12","3":"6","4":"12","5":"12"},"harga":{"1":"11,200","2":"11,000","3":"29,000","4":"11,000","5":"29,000"},"diskon":{"1":"0","2":"0","3":"0","4":"0","5":"0"},"subtotal":{"1":"134,400","2":"132,000","3":"174,000","4":"132,000","5":"348,000"}}
[08:43:52] [INFO]: Query untuk mencari nomor payment terakhir: SELECT no_payment FROM payment WHERE no_payment LIKE 'PAY-OUT-2606%' ORDER BY no_payment DESC LIMIT 1
[08:43:52] [INFO]: Ditemukan payment sebelumnya di bulan yang sama.
[08:43:52] [INFO]: UPDATE pembelian_invoice SET status_payment = '2' WHERE no_invoice = '79372'
[08:44:15] [INFO]: Aksi payment accessed by user: 
[08:44:15] [INFO]: User Starttttt is authenticated. Processing action for route: payment_based_supplier and act: report
[08:44:15] [INFO]: Database connection established and helper functions included.
[08:44:15] [INFO]: location:../../main.php?route=payment_based_supplier&act=report&filter=supplier&nilai=SUPP-0253
[08:44:21] [INFO]: Memasuki halaman payment_tambah.php
[08:44:21] [INFO]: Query untuk mengambil detail invoice: SELECT pembelian_invoice.* , supplier.nama from pembelian_invoice JOIN supplier ON supplier.kd_supp = pembelian_invoice.kd_supp where no_invoice='38048'
[08:44:21] [INFO]: Query untuk mengambil detail invoice: SELECT * from pembelian_invoice_detail where no_invoice='38048' 
[08:44:21] [INFO]: Query untuk mengambil detail invoice: SELECT pid.*, b.nama, SUM(pd.disc) as tot_disc, p.ppn, pb.jumlah_datang as jumlah_barang_datang, p.tarif_ppn
                                                                        FROM
                                                                        pembelian p 
                                                                        join pembelian_detail pd on p.kd_beli = pd.kd_beli 
                                                                        join pembelian_invoice pi on pi.kd_po = p.kd_po 
                                                                        join pembelian_invoice_detail pid on pid.kd_po = pi.kd_po
                                                                        join barang b on pid.kd_brg = b.kd_brg 
                                                                        left join penerimaan_barang pb on pid.kd_brg =pb.kd_brg  and pid.kd_po =pb.kd_po 
                                                                        WHERE pid.no_invoice = '38048'
                                                                        GROUP BY pid.kd_po, pid.kd_brg;
                                                                        
[08:44:26] [INFO]: Query: SELECT no_account, deskripsi FROM account WHERE kd_jenis = '11'
[08:44:31] [INFO]: Aksi payment accessed by user: 
[08:44:31] [INFO]: User Starttttt is authenticated. Processing action for route: payment_add and act: input
[08:44:31] [INFO]: Database connection established and helper functions included.
[08:44:31] [INFO]: Memproses input payment dengan data: {"nomor_invoice":"38048","no_invoice":"PO-5252","kd_po":{"1":"PO-5252","2":"PO-5252","3":"PO-5252","4":"PO-5252","5":"PO-5252","6":"PO-5252","7":"PO-5252","8":"PO-5252","9":"PO-5252","10":"PO-5252","11":"PO-5252","12":"PO-5252","13":"PO-5252","14":"PO-5252","15":"PO-5252","16":"PO-5252","17":"PO-5252","18":"PO-5252","19":"PO-5252","20":"PO-5252","21":"PO-5252"},"nama_supplier":"ENSEVAL PUTERA ","ppn":"0","tanggal_payment":"2026-06-02","metode_payment":"11","akun":"1001001","reff":"","jumlah_payment":"1404870","status_lunas":"LUNAS","id":{"1":"38048","2":"38048","3":"38048","4":"38048","5":"38048","6":"38048","7":"38048","8":"38048","9":"38048","10":"38048","11":"38048","12":"38048","13":"38048","14":"38048","15":"38048","16":"38048","17":"38048","18":"38048","19":"38048","20":"38048","21":"38048"},"kd_brg":{"1":"6921211116639","2":"8991115012106","3":"8992802016049","4":"8992802105019","5":"8992802105033","6":"8992802105088","7":"8992802307512","8":"8992802315081","9":"8992802315135","10":"8992802512138","11":"8993218115012","12":"8993218320508","13":"8993218321505","14":"8993218673406","15":"8999777004163","16":"8999777004484","17":"8999777004514","18":"8999777004552","19":"8999777011000","20":"8999777888367","21":"8999777888381"},"jumlah_datang":{"1":"36","2":"20","3":"3","4":"12","5":"12","6":"12","7":"12","8":"6","9":"6","10":"3","11":"2","12":"2","13":"2","14":"10","15":"3","16":"2","17":"6","18":"2","19":"6","20":"2","21":"2"},"jumlah":{"1":"36","2":"20","3":"3","4":"12","5":"12","6":"12","7":"12","8":"6","9":"6","10":"3","11":"2","12":"2","13":"2","14":"10","15":"3","16":"2","17":"6","18":"2","19":"6","20":"2","21":"2"},"harga":{"1":"2,503","2":"2,287","3":"16,428","4":"7,034","5":"7,034","6":"7,048","7":"7,770","8":"16,317","9":"16,317","10":"16,428","11":"18,480","12":"18,480","13":"18,480","14":"9,282","15":"21,090","16":"19,203","17":"12,321","18":"19,463","19":"12,321","20":"33,966","21":"33,966"},"diskon":{"1":"0","2":"0","3":"0","4":"0","5":"0","6":"0","7":"0","8":"0","9":"0","10":"0","11":"0","12":"0","13":"0","14":"0","15":"0","16":"0","17":"0","18":"0","19":"0","20":"0","21":"0"},"subtotal":{"1":"90,108","2":"45,740","3":"49,284","4":"84,408","5":"84,408","6":"84,576","7":"93,240","8":"97,902","9":"97,902","10":"49,284","11":"36,960","12":"36,960","13":"36,960","14":"92,820","15":"63,270","16":"38,406","17":"73,926","18":"38,926","19":"73,926","20":"67,932","21":"67,932"}}
[08:44:31] [INFO]: Query untuk mencari nomor payment terakhir: SELECT no_payment FROM payment WHERE no_payment LIKE 'PAY-OUT-2606%' ORDER BY no_payment DESC LIMIT 1
[08:44:31] [INFO]: Ditemukan payment sebelumnya di bulan yang sama.
[08:44:31] [INFO]: UPDATE pembelian_invoice SET status_payment = '2' WHERE no_invoice = '38048'
[08:44:46] [INFO]: Aksi payment accessed by user: 
[08:44:46] [INFO]: User Starttttt is authenticated. Processing action for route: payment_based_supplier and act: report
[08:44:46] [INFO]: Database connection established and helper functions included.
[08:44:46] [INFO]: location:../../main.php?route=payment_based_supplier&act=report&filter=supplier&nilai=SUPP-0141
[08:44:51] [INFO]: Memasuki halaman payment_tambah.php
[08:44:51] [INFO]: Query untuk mengambil detail invoice: SELECT pembelian_invoice.* , supplier.nama from pembelian_invoice JOIN supplier ON supplier.kd_supp = pembelian_invoice.kd_supp where no_invoice='304083'
[08:44:51] [INFO]: Query untuk mengambil detail invoice: SELECT * from pembelian_invoice_detail where no_invoice='304083' 
[08:44:51] [INFO]: Query untuk mengambil detail invoice: SELECT pid.*, b.nama, SUM(pd.disc) as tot_disc, p.ppn, pb.jumlah_datang as jumlah_barang_datang, p.tarif_ppn
                                                                        FROM
                                                                        pembelian p 
                                                                        join pembelian_detail pd on p.kd_beli = pd.kd_beli 
                                                                        join pembelian_invoice pi on pi.kd_po = p.kd_po 
                                                                        join pembelian_invoice_detail pid on pid.kd_po = pi.kd_po
                                                                        join barang b on pid.kd_brg = b.kd_brg 
                                                                        left join penerimaan_barang pb on pid.kd_brg =pb.kd_brg  and pid.kd_po =pb.kd_po 
                                                                        WHERE pid.no_invoice = '304083'
                                                                        GROUP BY pid.kd_po, pid.kd_brg;
                                                                        
[08:44:57] [INFO]: Query: SELECT no_account, deskripsi FROM account WHERE kd_jenis = '11'
[08:45:00] [INFO]: Aksi payment accessed by user: 
[08:45:00] [INFO]: User Starttttt is authenticated. Processing action for route: payment_add and act: input
[08:45:00] [INFO]: Database connection established and helper functions included.
[08:45:00] [INFO]: Memproses input payment dengan data: {"nomor_invoice":"304083","no_invoice":"PO-5397","kd_po":{"1":"PO-5397","2":"PO-5397","3":"PO-5397","4":"PO-5397","5":"PO-5397","6":"PO-5397","7":"PO-5397","8":"PO-5397","9":"PO-5397","10":"PO-5397","11":"PO-5397"},"nama_supplier":"NANAS","ppn":"0","tanggal_payment":"2026-06-02","metode_payment":"11","akun":"1001001","reff":"","jumlah_payment":"386804","status_lunas":"LUNAS","id":{"1":"304083","2":"304083","3":"304083","4":"304083","5":"304083","6":"304083","7":"304083","8":"304083","9":"304083","10":"304083","11":"304083"},"kd_brg":{"1":"6903244370516","2":"6903244632102","3":"8992803661682","4":"8992856890404","5":"8992856890428","6":"8992856890435","7":"8992856890466","8":"8992856892651","9":"8992856892675","10":"8992856897779","11":"8995102000619"},"jumlah_datang":{"1":"4","2":"3","3":"12","4":"2","5":"2","6":"2","7":"2","8":"3","9":"3","10":"2","11":"6"},"jumlah":{"1":"4","2":"3","3":"12","4":"2","5":"2","6":"2","7":"2","8":"3","9":"3","10":"2","11":"6"},"harga":{"1":"14,850","2":"12,400","3":"6,950","4":"10,000","5":"6,950","6":"10,000","7":"6,950","8":"10,000","9":"10,000","10":"10,750","11":"9,584"},"diskon":{"1":"0","2":"0","3":"0","4":"0","5":"0","6":"0","7":"0","8":"0","9":"0","10":"0","11":"0"},"subtotal":{"1":"59,400","2":"37,200","3":"83,400","4":"20,000","5":"13,900","6":"20,000","7":"13,900","8":"30,000","9":"30,000","10":"21,500","11":"57,504"}}
[08:45:00] [INFO]: Query untuk mencari nomor payment terakhir: SELECT no_payment FROM payment WHERE no_payment LIKE 'PAY-OUT-2606%' ORDER BY no_payment DESC LIMIT 1
[08:45:00] [INFO]: Ditemukan payment sebelumnya di bulan yang sama.
[08:45:00] [INFO]: UPDATE pembelian_invoice SET status_payment = '2' WHERE no_invoice = '304083'
[08:45:05] [INFO]: Memasuki halaman payment_tambah.php
[08:45:05] [INFO]: Query untuk mengambil detail invoice: SELECT pembelian_invoice.* , supplier.nama from pembelian_invoice JOIN supplier ON supplier.kd_supp = pembelian_invoice.kd_supp where no_invoice='30484'
[08:45:05] [INFO]: Query untuk mengambil detail invoice: SELECT * from pembelian_invoice_detail where no_invoice='30484' 
[08:45:05] [INFO]: Query untuk mengambil detail invoice: SELECT pid.*, b.nama, SUM(pd.disc) as tot_disc, p.ppn, pb.jumlah_datang as jumlah_barang_datang, p.tarif_ppn
                                                                        FROM
                                                                        pembelian p 
                                                                        join pembelian_detail pd on p.kd_beli = pd.kd_beli 
                                                                        join pembelian_invoice pi on pi.kd_po = p.kd_po 
                                                                        join pembelian_invoice_detail pid on pid.kd_po = pi.kd_po
                                                                        join barang b on pid.kd_brg = b.kd_brg 
                                                                        left join penerimaan_barang pb on pid.kd_brg =pb.kd_brg  and pid.kd_po =pb.kd_po 
                                                                        WHERE pid.no_invoice = '30484'
                                                                        GROUP BY pid.kd_po, pid.kd_brg;
                                                                        
[08:45:12] [INFO]: Query: SELECT no_account, deskripsi FROM account WHERE kd_jenis = '11'
[08:45:15] [INFO]: Aksi payment accessed by user: 
[08:45:15] [INFO]: User Starttttt is authenticated. Processing action for route: payment_add and act: input
[08:45:15] [INFO]: Database connection established and helper functions included.
[08:45:15] [INFO]: Memproses input payment dengan data: {"nomor_invoice":"30484","no_invoice":"PO-5398","kd_po":{"1":"PO-5398","2":"PO-5398","3":"PO-5398","4":"PO-5398","5":"PO-5398","6":"PO-5398","7":"PO-5398","8":"PO-5398","9":"PO-5398","10":"PO-5398"},"nama_supplier":"NANAS","ppn":"0","tanggal_payment":"2026-06-02","metode_payment":"11","akun":"1001001","reff":"","jumlah_payment":"492390","status_lunas":"LUNAS","id":{"1":"30484","2":"30484","3":"30484","4":"30484","5":"30484","6":"30484","7":"30484","8":"30484","9":"30484","10":"30484"},"kd_brg":{"1":"88820309","2":"8888103004352","3":"8888103004390","4":"8888103006974","5":"8998103001593","6":"8998103011325","7":"8998103011578","8":"8998103012308","9":"8998103018249","10":"8998103018515"},"jumlah_datang":{"1":"6","2":"6","3":"3","4":"18","5":"6","6":"3","7":"3","8":"3","9":"3","10":"6"},"jumlah":{"1":"6","2":"6","3":"3","4":"18","5":"6","6":"3","7":"3","8":"3","9":"3","10":"6"},"harga":{"1":"7,400","2":"7,400","3":"13,550","4":"5,350","5":"6,150","6":"13,550","7":"12,100","8":"18,700","9":"21,730","10":"5,250"},"diskon":{"1":"0","2":"0","3":"0","4":"0","5":"0","6":"0","7":"0","8":"0","9":"0","10":"0"},"subtotal":{"1":"44,400","2":"44,400","3":"40,650","4":"96,300","5":"36,900","6":"40,650","7":"36,300","8":"56,100","9":"65,190","10":"31,500"}}
[08:45:15] [INFO]: Query untuk mencari nomor payment terakhir: SELECT no_payment FROM payment WHERE no_payment LIKE 'PAY-OUT-2606%' ORDER BY no_payment DESC LIMIT 1
[08:45:15] [INFO]: Ditemukan payment sebelumnya di bulan yang sama.
[08:45:15] [INFO]: UPDATE pembelian_invoice SET status_payment = '2' WHERE no_invoice = '30484'
[08:45:20] [INFO]: Memasuki halaman payment_tambah.php
[08:45:20] [INFO]: Query untuk mengambil detail invoice: SELECT pembelian_invoice.* , supplier.nama from pembelian_invoice JOIN supplier ON supplier.kd_supp = pembelian_invoice.kd_supp where no_invoice='4088'
[08:45:20] [INFO]: Query untuk mengambil detail invoice: SELECT * from pembelian_invoice_detail where no_invoice='4088' 
[08:45:20] [INFO]: Query untuk mengambil detail invoice: SELECT pid.*, b.nama, SUM(pd.disc) as tot_disc, p.ppn, pb.jumlah_datang as jumlah_barang_datang, p.tarif_ppn
                                                                        FROM
                                                                        pembelian p 
                                                                        join pembelian_detail pd on p.kd_beli = pd.kd_beli 
                                                                        join pembelian_invoice pi on pi.kd_po = p.kd_po 
                                                                        join pembelian_invoice_detail pid on pid.kd_po = pi.kd_po
                                                                        join barang b on pid.kd_brg = b.kd_brg 
                                                                        left join penerimaan_barang pb on pid.kd_brg =pb.kd_brg  and pid.kd_po =pb.kd_po 
                                                                        WHERE pid.no_invoice = '4088'
                                                                        GROUP BY pid.kd_po, pid.kd_brg;
                                                                        
[08:45:24] [INFO]: Query: SELECT no_account, deskripsi FROM account WHERE kd_jenis = '11'
[08:45:27] [INFO]: Aksi payment accessed by user: 
[08:45:27] [INFO]: User Starttttt is authenticated. Processing action for route: payment_add and act: input
[08:45:27] [INFO]: Database connection established and helper functions included.
[08:45:27] [INFO]: Memproses input payment dengan data: {"nomor_invoice":"4088","no_invoice":"PO-5399","kd_po":{"1":"PO-5399","2":"PO-5399"},"nama_supplier":"NANAS","ppn":"0","tanggal_payment":"2026-06-02","metode_payment":"11","akun":"1001001","reff":"","jumlah_payment":"172000","status_lunas":"LUNAS","id":{"1":"4088","2":"4088"},"kd_brg":{"1":"8990090120301","2":"8997012750011"},"jumlah_datang":{"1":"2","2":"12"},"jumlah":{"1":"2","2":"12"},"harga":{"1":"32,000","2":"9,000"},"diskon":{"1":"0","2":"0"},"subtotal":{"1":"64,000","2":"108,000"}}
[08:45:27] [INFO]: Query untuk mencari nomor payment terakhir: SELECT no_payment FROM payment WHERE no_payment LIKE 'PAY-OUT-2606%' ORDER BY no_payment DESC LIMIT 1
[08:45:27] [INFO]: Ditemukan payment sebelumnya di bulan yang sama.
[08:45:27] [INFO]: UPDATE pembelian_invoice SET status_payment = '2' WHERE no_invoice = '4088'
[08:46:45] [INFO]: Aksi payment accessed by user: 
[08:46:45] [INFO]: User Starttttt is authenticated. Processing action for route: payment_based_supplier and act: report
[08:46:45] [INFO]: Database connection established and helper functions included.
[08:46:45] [INFO]: location:../../main.php?route=payment_based_supplier&act=report&filter=supplier&nilai=SUPP-0161
[08:48:00] [INFO]: Memasuki halaman payment_tambah.php
[08:48:00] [INFO]: Query untuk mengambil detail invoice: SELECT pembelian_invoice.* , supplier.nama from pembelian_invoice JOIN supplier ON supplier.kd_supp = pembelian_invoice.kd_supp where no_invoice='3179'
[08:48:00] [INFO]: Query untuk mengambil detail invoice: SELECT * from pembelian_invoice_detail where no_invoice='3179' 
[08:48:00] [INFO]: Query untuk mengambil detail invoice: SELECT pid.*, b.nama, SUM(pd.disc) as tot_disc, p.ppn, pb.jumlah_datang as jumlah_barang_datang, p.tarif_ppn
                                                                        FROM
                                                                        pembelian p 
                                                                        join pembelian_detail pd on p.kd_beli = pd.kd_beli 
                                                                        join pembelian_invoice pi on pi.kd_po = p.kd_po 
                                                                        join pembelian_invoice_detail pid on pid.kd_po = pi.kd_po
                                                                        join barang b on pid.kd_brg = b.kd_brg 
                                                                        left join penerimaan_barang pb on pid.kd_brg =pb.kd_brg  and pid.kd_po =pb.kd_po 
                                                                        WHERE pid.no_invoice = '3179'
                                                                        GROUP BY pid.kd_po, pid.kd_brg;
                                                                        
[08:48:19] [INFO]: Memasuki halaman payment_tambah.php
[08:48:19] [INFO]: Query untuk mengambil detail invoice: SELECT pembelian_invoice.* , supplier.nama from pembelian_invoice JOIN supplier ON supplier.kd_supp = pembelian_invoice.kd_supp where no_invoice='3179'
[08:48:19] [INFO]: Query untuk mengambil detail invoice: SELECT * from pembelian_invoice_detail where no_invoice='3179' 
[08:48:19] [INFO]: Query untuk mengambil detail invoice: SELECT pid.*, b.nama, SUM(pd.disc) as tot_disc, p.ppn, pb.jumlah_datang as jumlah_barang_datang, p.tarif_ppn
                                                                        FROM
                                                                        pembelian p 
                                                                        join pembelian_detail pd on p.kd_beli = pd.kd_beli 
                                                                        join pembelian_invoice pi on pi.kd_po = p.kd_po 
                                                                        join pembelian_invoice_detail pid on pid.kd_po = pi.kd_po
                                                                        join barang b on pid.kd_brg = b.kd_brg 
                                                                        left join penerimaan_barang pb on pid.kd_brg =pb.kd_brg  and pid.kd_po =pb.kd_po 
                                                                        WHERE pid.no_invoice = '3179'
                                                                        GROUP BY pid.kd_po, pid.kd_brg;
                                                                        
[08:49:26] [INFO]: Query: SELECT no_account, deskripsi FROM account WHERE kd_jenis = '11'
[08:49:31] [INFO]: Aksi payment accessed by user: 
[08:49:31] [INFO]: User Starttttt is authenticated. Processing action for route: payment_add and act: input
[08:49:31] [INFO]: Database connection established and helper functions included.
[08:49:31] [INFO]: Memproses input payment dengan data: {"nomor_invoice":"3179","no_invoice":"PO-5245","kd_po":{"1":"PO-5245","2":"PO-5245","3":"PO-5245","4":"PO-5245","5":"PO-5245","6":"PO-5245","7":"PO-5245","8":"PO-5245","9":"PO-5245","10":"PO-5245","11":"PO-5245","12":"PO-5245","13":"PO-5245","14":"PO-5245","15":"PO-5245","16":"PO-5245","17":"PO-5245","18":"PO-5245","19":"PO-5245","20":"PO-5245","21":"PO-5245","22":"PO-5245","23":"PO-5245","24":"PO-5245","25":"PO-5245","26":"PO-5245","27":"PO-5245","28":"PO-5245","29":"PO-5245","30":"PO-5245","31":"PO-5245","32":"PO-5245","33":"PO-5245","34":"PO-5245","35":"PO-5245","36":"PO-5245","37":"PO-5245","38":"PO-5245","39":"PO-5245","40":"PO-5245","41":"PO-5245","42":"PO-5245","43":"PO-5245","44":"PO-5245","45":"PO-5245","46":"PO-5245"},"nama_supplier":"PINTU TIGA UTAMA","ppn":"0","tanggal_payment":"2026-06-02","metode_payment":"11","akun":"1001001","reff":"","jumlah_payment":"3930767","status_lunas":"LUNAS","id":{"1":"3179","2":"3179","3":"3179","4":"3179","5":"3179","6":"3179","7":"3179","8":"3179","9":"3179","10":"3179","11":"3179","12":"3179","13":"3179","14":"3179","15":"3179","16":"3179","17":"3179","18":"3179","19":"3179","20":"3179","21":"3179","22":"3179","23":"3179","24":"3179","25":"3179","26":"3179","27":"3179","28":"3179","29":"3179","30":"3179","31":"3179","32":"3179","33":"3179","34":"3179","35":"3179","36":"3179","37":"3179","38":"3179","39":"3179","40":"3179","41":"3179","42":"3179","43":"3179","44":"3179","45":"3179","46":"3179"},"kd_brg":{"1":"6908594416037","2":"8851818936805","3":"8851818936812","4":"8992727000048","5":"8992727000055","6":"8992727000062","7":"8992727000376","8":"8992727001076","9":"8992727001328","10":"8992727001342","11":"8992727001700","12":"8992727001731","13":"8992727001748","14":"8992727002578","15":"8992727002592","16":"8992727002714","17":"8992727002998","18":"8992727003001","19":"8992727003087","20":"8992727003094","21":"8992727003353","22":"8992727003872","23":"8992727005005","24":"8992727005104","25":"8992727005128","26":"8992727005142","27":"8992727005272","28":"8992727005289","29":"8992727005302","30":"8992727005319","31":"8992727005326","32":"8992727005357","33":"8992727005425","34":"8992727006187","35":"8992727006859","36":"8992727007269","37":"8992727007566","38":"8992727007573","39":"8992727007887","40":"8992727007894","41":"8992727008532","42":"8992727009454","43":"8992727009461","44":"8992727009508","45":"8992727009539","46":"8992727009867"},"jumlah_datang":{"1":"3","2":"12","3":"12","4":"12","5":"12","6":"12","7":"12","8":"12","9":"1","10":"2","11":"1","12":"12","13":"12","14":"2","15":"1","16":"12","17":"12","18":"12","19":"12","20":"12","21":"12","22":"2","23":"1","24":"2","25":"2","26":"2","27":"144","28":"12","29":"12","30":"120","31":"12","32":"12","33":"96","34":"1","35":"24","36":"12","37":"3","38":"3","39":"2","40":"1","41":"1","42":"3","43":"3","44":"1","45":"24","46":"24"},"jumlah":{"1":"3","2":"12","3":"12","4":"12","5":"12","6":"12","7":"12","8":"12","9":"1","10":"2","11":"1","12":"12","13":"12","14":"2","15":"1","16":"12","17":"12","18":"12","19":"12","20":"12","21":"12","22":"2","23":"1","24":"2","25":"2","26":"2","27":"144","28":"12","29":"12","30":"120","31":"12","32":"12","33":"96","34":"1","35":"24","36":"12","37":"3","38":"3","39":"2","40":"1","41":"1","42":"3","43":"3","44":"1","45":"24","46":"24"},"harga":{"1":"26,085","2":"7,437","3":"15,429","4":"3,996","5":"5,328","6":"10,212","7":"5,210","8":"5,210","9":"15,706","10":"15,706","11":"19,500","12":"10,212","13":"10,212","14":"15,786","15":"19,500","16":"14,430","17":"7,492","18":"3,040","19":"7,936","20":"15,429","21":"6,520","22":"15,706","23":"15,706","24":"13,910","25":"13,910","26":"13,910","27":"780","28":"16,761","29":"16,761","30":"1,650","31":"16,650","32":"17,427","33":"1,919","34":"19,500","35":"4,273","36":"20,646","37":"8,158","38":"8,158","39":"15,706","40":"19,500","41":"19,500","42":"8,158","43":"8,158","44":"19,500","45":"4,273","46":"4,218"},"diskon":{"1":"0","2":"0","3":"0","4":"0","5":"0","6":"0","7":"0","8":"0","9":"0","10":"0","11":"0","12":"0","13":"0","14":"0","15":"0","16":"0","17":"0","18":"0","19":"0","20":"0","21":"0","22":"0","23":"0","24":"0","25":"0","26":"0","27":"0","28":"0","29":"0","30":"0","31":"0","32":"0","33":"0","34":"0","35":"0","36":"0","37":"0","38":"0","39":"0","40":"0","41":"0","42":"0","43":"0","44":"0","45":"0","46":"0"},"subtotal":{"1":"78,255","2":"89,244","3":"185,148","4":"47,952","5":"63,936","6":"122,544","7":"62,520","8":"62,520","9":"15,706","10":"31,412","11":"19,500","12":"122,544","13":"122,544","14":"31,572","15":"19,500","16":"173,160","17":"89,904","18":"36,480","19":"95,232","20":"185,148","21":"78,240","22":"31,412","23":"15,706","24":"27,820","25":"27,820","26":"27,820","27":"112,320","28":"201,132","29":"201,132","30":"198,000","31":"199,800","32":"209,124","33":"184,224","34":"19,500","35":"102,552","36":"247,752","37":"24,474","38":"24,474","39":"31,412","40":"19,500","41":"19,500","42":"24,474","43":"24,474","44":"19,500","45":"102,552","46":"101,232"}}
[08:49:31] [INFO]: Query untuk mencari nomor payment terakhir: SELECT no_payment FROM payment WHERE no_payment LIKE 'PAY-OUT-2606%' ORDER BY no_payment DESC LIMIT 1
[08:49:31] [INFO]: Ditemukan payment sebelumnya di bulan yang sama.
[08:49:31] [INFO]: UPDATE pembelian_invoice SET status_payment = '2' WHERE no_invoice = '3179'
[08:49:48] [INFO]: Aksi payment accessed by user: 
[08:49:48] [INFO]: User Starttttt is authenticated. Processing action for route: payment_based_supplier and act: report
[08:49:48] [INFO]: Database connection established and helper functions included.
[08:49:48] [INFO]: location:../../main.php?route=payment_based_supplier&act=report&filter=supplier&nilai=SUPP-0040
[08:50:01] [INFO]: Memasuki halaman payment_tambah.php
[08:50:01] [INFO]: Query untuk mengambil detail invoice: SELECT pembelian_invoice.* , supplier.nama from pembelian_invoice JOIN supplier ON supplier.kd_supp = pembelian_invoice.kd_supp where no_invoice='99009'
[08:50:01] [INFO]: Query untuk mengambil detail invoice: SELECT * from pembelian_invoice_detail where no_invoice='99009' 
[08:50:01] [INFO]: Query untuk mengambil detail invoice: SELECT pid.*, b.nama, SUM(pd.disc) as tot_disc, p.ppn, pb.jumlah_datang as jumlah_barang_datang, p.tarif_ppn
                                                                        FROM
                                                                        pembelian p 
                                                                        join pembelian_detail pd on p.kd_beli = pd.kd_beli 
                                                                        join pembelian_invoice pi on pi.kd_po = p.kd_po 
                                                                        join pembelian_invoice_detail pid on pid.kd_po = pi.kd_po
                                                                        join barang b on pid.kd_brg = b.kd_brg 
                                                                        left join penerimaan_barang pb on pid.kd_brg =pb.kd_brg  and pid.kd_po =pb.kd_po 
                                                                        WHERE pid.no_invoice = '99009'
                                                                        GROUP BY pid.kd_po, pid.kd_brg;
                                                                        
[08:50:06] [INFO]: Query: SELECT no_account, deskripsi FROM account WHERE kd_jenis = '11'
[08:50:09] [INFO]: Aksi payment accessed by user: 
[08:50:09] [INFO]: User Starttttt is authenticated. Processing action for route: payment_add and act: input
[08:50:09] [INFO]: Database connection established and helper functions included.
[08:50:09] [INFO]: Memproses input payment dengan data: {"nomor_invoice":"99009","no_invoice":"PO-5412","kd_po":{"1":"PO-5412","2":"PO-5412","3":"PO-5412","4":"PO-5412","5":"PO-5412","6":"PO-5412","7":"PO-5412"},"nama_supplier":"CAHAYA PERKASA","ppn":"0","tanggal_payment":"2026-06-02","metode_payment":"11","akun":"1001001","reff":"","jumlah_payment":"311720","status_lunas":"LUNAS","id":{"1":"99009","2":"99009","3":"99009","4":"99009","5":"99009","6":"99009","7":"99009"},"kd_brg":{"1":"8995077601187","2":"8995077605567","3":"8995077605574","4":"8995077606472","5":"8995077606489","6":"8995077606915","7":"8995077606922"},"jumlah_datang":{"1":"3","2":"30","3":"30","4":"6","5":"8","6":"30","7":"3"},"jumlah":{"1":"3","2":"30","3":"30","4":"6","5":"8","6":"30","7":"3"},"harga":{"1":"7,420","2":"1,600","3":"1,600","4":"8,800","5":"8,800","6":"1,600","7":"7,420"},"diskon":{"1":"0","2":"0","3":"0","4":"0","5":"0","6":"0","7":"0"},"subtotal":{"1":"22,260","2":"48,000","3":"48,000","4":"52,800","5":"70,400","6":"48,000","7":"22,260"}}
[08:50:09] [INFO]: Query untuk mencari nomor payment terakhir: SELECT no_payment FROM payment WHERE no_payment LIKE 'PAY-OUT-2606%' ORDER BY no_payment DESC LIMIT 1
[08:50:09] [INFO]: Ditemukan payment sebelumnya di bulan yang sama.
[08:50:09] [INFO]: UPDATE pembelian_invoice SET status_payment = '2' WHERE no_invoice = '99009'
[08:50:22] [INFO]: Aksi payment accessed by user: 
[08:50:22] [INFO]: User Starttttt is authenticated. Processing action for route: payment_based_supplier and act: report
[08:50:22] [INFO]: Database connection established and helper functions included.
[08:50:22] [INFO]: location:../../main.php?route=payment_based_supplier&act=report&filter=supplier&nilai=SUPP-0157
[08:50:28] [INFO]: Memasuki halaman payment_tambah.php
[08:50:28] [INFO]: Query untuk mengambil detail invoice: SELECT pembelian_invoice.* , supplier.nama from pembelian_invoice JOIN supplier ON supplier.kd_supp = pembelian_invoice.kd_supp where no_invoice='19283'
[08:50:28] [INFO]: Query untuk mengambil detail invoice: SELECT * from pembelian_invoice_detail where no_invoice='19283' 
[08:50:28] [INFO]: Query untuk mengambil detail invoice: SELECT pid.*, b.nama, SUM(pd.disc) as tot_disc, p.ppn, pb.jumlah_datang as jumlah_barang_datang, p.tarif_ppn
                                                                        FROM
                                                                        pembelian p 
                                                                        join pembelian_detail pd on p.kd_beli = pd.kd_beli 
                                                                        join pembelian_invoice pi on pi.kd_po = p.kd_po 
                                                                        join pembelian_invoice_detail pid on pid.kd_po = pi.kd_po
                                                                        join barang b on pid.kd_brg = b.kd_brg 
                                                                        left join penerimaan_barang pb on pid.kd_brg =pb.kd_brg  and pid.kd_po =pb.kd_po 
                                                                        WHERE pid.no_invoice = '19283'
                                                                        GROUP BY pid.kd_po, pid.kd_brg;
                                                                        
[08:50:33] [INFO]: Query: SELECT no_account, deskripsi FROM account WHERE kd_jenis = '11'
[08:50:41] [INFO]: Aksi payment accessed by user: 
[08:50:41] [INFO]: User Starttttt is authenticated. Processing action for route: payment_add and act: input
[08:50:41] [INFO]: Database connection established and helper functions included.
[08:50:41] [INFO]: Memproses input payment dengan data: {"nomor_invoice":"19283","no_invoice":"PO-5414","kd_po":{"1":"PO-5414","2":"PO-5414","3":"PO-5414","4":"PO-5414","5":"PO-5414","6":"PO-5414","7":"PO-5414","8":"PO-5414","9":"PO-5414","10":"PO-5414","11":"PO-5414","12":"PO-5414","13":"PO-5414","14":"PO-5414","15":"PO-5414","16":"PO-5414","17":"PO-5414","18":"PO-5414","19":"PO-5414","20":"PO-5414","21":"PO-5414","22":"PO-5414","23":"PO-5414","24":"PO-5414","25":"PO-5414","26":"PO-5414"},"nama_supplier":"PDU","ppn":"0","tanggal_payment":"2026-06-02","metode_payment":"11","akun":"1001001","reff":"","jumlah_payment":"4092508","status_lunas":"LUNAS","id":{"1":"19283","2":"19283","3":"19283","4":"19283","5":"19283","6":"19283","7":"19283","8":"19283","9":"19283","10":"19283","11":"19283","12":"19283","13":"19283","14":"19283","15":"19283","16":"19283","17":"19283","18":"19283","19":"19283","20":"19283","21":"19283","22":"19283","23":"19283","24":"19283","25":"19283","26":"19283"},"kd_brg":{"1":"089686010015","2":"089686010046","3":"089686010343","4":"089686010527","5":"089686010718","6":"089686010947","7":"089686011289","8":"089686041705","9":"089686043204","10":"089686043433","11":"089686380637","12":"089686611250","13":"089686910308","14":"089686910704","15":"89686043631","16":"89686060102","17":"89686061024","18":"89686061079","19":"89686061123","20":"89686400038","21":"89686400526","22":"89686590098","23":"89686598018","24":"89686646047","25":"89686729030","26":"89686732009"},"jumlah_datang":{"1":"80","2":"40","3":"80","4":"80","5":"80","6":"200","7":"40","8":"24","9":"80","10":"80","11":"24","12":"60","13":"40","14":"80","15":"24","16":"12","17":"24","18":"24","19":"24","20":"6","21":"12","22":"60","23":"60","24":"40","25":"20","26":"60"},"jumlah":{"1":"80","2":"40","3":"80","4":"80","5":"80","6":"200","7":"40","8":"24","9":"80","10":"80","11":"24","12":"60","13":"40","14":"80","15":"24","16":"12","17":"24","18":"24","19":"24","20":"6","21":"12","22":"60","23":"60","24":"40","25":"20","26":"60"},"harga":{"1":"2,723","2":"2,765","3":"2,723","4":"2,854","5":"2,854","6":"2,854","7":"2,853","8":"3,639","9":"2,854","10":"2,854","11":"6,812","12":"1,614","13":"2,900","14":"2,854","15":"3,563","16":"4,764","17":"2,860","18":"2,813","19":"2,813","20":"12,150","21":"6,170","22":"1,600","23":"1,665","24":"7,839","25":"7,670","26":"1,665"},"diskon":{"1":"0","2":"0","3":"0","4":"0","5":"0","6":"0","7":"0","8":"0","9":"0","10":"0","11":"0","12":"0","13":"0","14":"0","15":"0","16":"0","17":"0","18":"0","19":"0","20":"0","21":"0","22":"0","23":"0","24":"0","25":"0","26":"0"},"subtotal":{"1":"217,840","2":"110,600","3":"217,840","4":"228,320","5":"228,320","6":"570,800","7":"114,120","8":"87,336","9":"228,320","10":"228,320","11":"163,488","12":"96,840","13":"116,000","14":"228,320","15":"85,512","16":"57,168","17":"68,640","18":"67,512","19":"67,512","20":"72,900","21":"74,040","22":"96,000","23":"99,900","24":"313,560","25":"153,400","26":"99,900"}}
[08:50:41] [INFO]: Query untuk mencari nomor payment terakhir: SELECT no_payment FROM payment WHERE no_payment LIKE 'PAY-OUT-2606%' ORDER BY no_payment DESC LIMIT 1
[08:50:41] [INFO]: Ditemukan payment sebelumnya di bulan yang sama.
[08:50:41] [INFO]: UPDATE pembelian_invoice SET status_payment = '2' WHERE no_invoice = '19283'
[09:24:03] [INFO]: Aksi payment accessed by user: 
[09:24:03] [INFO]: User Starttttt is authenticated. Processing action for route: payment_based_supplier and act: report
[09:24:03] [INFO]: Database connection established and helper functions included.
[09:24:03] [INFO]: location:../../main.php?route=payment_based_supplier&act=report&filter=supplier&nilai=SUPP-0259
[09:24:22] [INFO]: Memasuki halaman payment_tambah.php
[09:24:22] [INFO]: Query untuk mengambil detail invoice: SELECT pembelian_invoice.* , supplier.nama from pembelian_invoice JOIN supplier ON supplier.kd_supp = pembelian_invoice.kd_supp where no_invoice='4332'
[09:24:22] [INFO]: Query untuk mengambil detail invoice: SELECT * from pembelian_invoice_detail where no_invoice='4332' 
[09:24:22] [INFO]: Query untuk mengambil detail invoice: SELECT pid.*, b.nama, SUM(pd.disc) as tot_disc, p.ppn, pb.jumlah_datang as jumlah_barang_datang, p.tarif_ppn
                                                                        FROM
                                                                        pembelian p 
                                                                        join pembelian_detail pd on p.kd_beli = pd.kd_beli 
                                                                        join pembelian_invoice pi on pi.kd_po = p.kd_po 
                                                                        join pembelian_invoice_detail pid on pid.kd_po = pi.kd_po
                                                                        join barang b on pid.kd_brg = b.kd_brg 
                                                                        left join penerimaan_barang pb on pid.kd_brg =pb.kd_brg  and pid.kd_po =pb.kd_po 
                                                                        WHERE pid.no_invoice = '4332'
                                                                        GROUP BY pid.kd_po, pid.kd_brg;
                                                                        
[09:24:29] [INFO]: Query: SELECT no_account, deskripsi FROM account WHERE kd_jenis = '11'
[09:24:33] [INFO]: Aksi payment accessed by user: 
[09:24:33] [INFO]: User Starttttt is authenticated. Processing action for route: payment_add and act: input
[09:24:33] [INFO]: Database connection established and helper functions included.
[09:24:33] [INFO]: Memproses input payment dengan data: {"nomor_invoice":"4332","no_invoice":"PO-5386","kd_po":{"1":"PO-5386","2":"PO-5386","3":"PO-5386","4":"PO-5386","5":"PO-5386"},"nama_supplier":"SAYAP MAS UTAMA","ppn":"0","tanggal_payment":"2026-06-02","metode_payment":"11","akun":"1001001","reff":"","jumlah_payment":"720168","status_lunas":"LUNAS","id":{"1":"4332","2":"4332","3":"4332","4":"4332","5":"4332"},"kd_brg":{"1":"8998866820271","2":"8998866820363","3":"8998866820394","4":"8998866820530","5":"8998866820615"},"jumlah_datang":{"1":"24","2":"24","3":"40","4":"24","5":"45"},"jumlah":{"1":"24","2":"24","3":"40","4":"24","5":"45"},"harga":{"1":"10,400","2":"4,036","3":"2,421","4":"4,036","5":"4,000"},"diskon":{"1":"0","2":"0","3":"0","4":"0","5":"0"},"subtotal":{"1":"249,600","2":"96,864","3":"96,840","4":"96,864","5":"180,000"}}
[09:24:33] [INFO]: Query untuk mencari nomor payment terakhir: SELECT no_payment FROM payment WHERE no_payment LIKE 'PAY-OUT-2606%' ORDER BY no_payment DESC LIMIT 1
[09:24:33] [INFO]: Ditemukan payment sebelumnya di bulan yang sama.
[09:24:33] [INFO]: UPDATE pembelian_invoice SET status_payment = '2' WHERE no_invoice = '4332'
[09:24:33] [INFO]: Aksi payment accessed by user: 
[09:24:33] [INFO]: User Starttttt is authenticated. Processing action for route: payment_add and act: input
[09:24:33] [INFO]: Database connection established and helper functions included.
[09:24:33] [INFO]: Memproses input payment dengan data: {"nomor_invoice":"4332","no_invoice":"PO-5386","kd_po":{"1":"PO-5386","2":"PO-5386","3":"PO-5386","4":"PO-5386","5":"PO-5386"},"nama_supplier":"SAYAP MAS UTAMA","ppn":"0","tanggal_payment":"2026-06-02","metode_payment":"11","akun":"1001001","reff":"","jumlah_payment":"720168","status_lunas":"LUNAS","id":{"1":"4332","2":"4332","3":"4332","4":"4332","5":"4332"},"kd_brg":{"1":"8998866820271","2":"8998866820363","3":"8998866820394","4":"8998866820530","5":"8998866820615"},"jumlah_datang":{"1":"24","2":"24","3":"40","4":"24","5":"45"},"jumlah":{"1":"24","2":"24","3":"40","4":"24","5":"45"},"harga":{"1":"10,400","2":"4,036","3":"2,421","4":"4,036","5":"4,000"},"diskon":{"1":"0","2":"0","3":"0","4":"0","5":"0"},"subtotal":{"1":"249,600","2":"96,864","3":"96,840","4":"96,864","5":"180,000"}}
[09:24:33] [INFO]: Query untuk mencari nomor payment terakhir: SELECT no_payment FROM payment WHERE no_payment LIKE 'PAY-OUT-2606%' ORDER BY no_payment DESC LIMIT 1
[09:24:33] [INFO]: Ditemukan payment sebelumnya di bulan yang sama.
[09:24:33] [INFO]: UPDATE pembelian_invoice SET status_payment = '2' WHERE no_invoice = '4332'
[09:25:49] [INFO]: Memasuki halaman payment_tambah.php
[09:25:49] [INFO]: Query untuk mengambil detail invoice: SELECT pembelian_invoice.* , supplier.nama from pembelian_invoice JOIN supplier ON supplier.kd_supp = pembelian_invoice.kd_supp where no_invoice='93350'
[09:25:49] [INFO]: Query untuk mengambil detail invoice: SELECT * from pembelian_invoice_detail where no_invoice='93350' 
[09:25:49] [INFO]: Query untuk mengambil detail invoice: SELECT pid.*, b.nama, SUM(pd.disc) as tot_disc, p.ppn, pb.jumlah_datang as jumlah_barang_datang, p.tarif_ppn
                                                                        FROM
                                                                        pembelian p 
                                                                        join pembelian_detail pd on p.kd_beli = pd.kd_beli 
                                                                        join pembelian_invoice pi on pi.kd_po = p.kd_po 
                                                                        join pembelian_invoice_detail pid on pid.kd_po = pi.kd_po
                                                                        join barang b on pid.kd_brg = b.kd_brg 
                                                                        left join penerimaan_barang pb on pid.kd_brg =pb.kd_brg  and pid.kd_po =pb.kd_po 
                                                                        WHERE pid.no_invoice = '93350'
                                                                        GROUP BY pid.kd_po, pid.kd_brg;
                                                                        
[09:25:54] [INFO]: Query: SELECT no_account, deskripsi FROM account WHERE kd_jenis = '11'
[09:25:58] [INFO]: Aksi payment accessed by user: 
[09:25:58] [INFO]: User Starttttt is authenticated. Processing action for route: payment_add and act: input
[09:25:58] [INFO]: Database connection established and helper functions included.
[09:25:58] [INFO]: Memproses input payment dengan data: {"nomor_invoice":"93350","no_invoice":"PO-5310","kd_po":{"1":"PO-5310","2":"PO-5310","3":"PO-5310","4":"PO-5310","5":"PO-5310","6":"PO-5310","7":"PO-5310","8":"PO-5310","9":"PO-5310","10":"PO-5310"},"nama_supplier":"SAYAP MAS UTAMA","ppn":"0","tanggal_payment":"2026-06-02","metode_payment":"11","akun":"1001001","reff":"","jumlah_payment":"1193616","status_lunas":"LUNAS","id":{"1":"93350","2":"93350","3":"93350","4":"93350","5":"93350","6":"93350","7":"93350","8":"93350","9":"93350","10":"93350"},"kd_brg":{"1":"8998866820400","2":"8998866820479","3":"8998866820516","4":"8998866820523","5":"8998866820554","6":"8998866820592","7":"8998866820684","8":"8998866820721","9":"8998866820837","10":"8998866820844"},"jumlah_datang":{"1":"48","2":"24","3":"48","4":"48","5":"48","6":"24","7":"48","8":"48","9":"48","10":"48"},"jumlah":{"1":"48","2":"24","3":"48","4":"48","5":"48","6":"24","7":"48","8":"48","9":"48","10":"48"},"harga":{"1":"4,000","2":"4,036","3":"4,000","4":"2,421","5":"3,228","6":"4,000","7":"1,600","8":"2,400","9":"1,600","10":"1,600"},"diskon":{"1":"0","2":"0","3":"0","4":"0","5":"0","6":"0","7":"0","8":"0","9":"0","10":"0"},"subtotal":{"1":"192,000","2":"96,864","3":"192,000","4":"116,208","5":"154,944","6":"96,000","7":"76,800","8":"115,200","9":"76,800","10":"76,800"}}
[09:25:58] [INFO]: Query untuk mencari nomor payment terakhir: SELECT no_payment FROM payment WHERE no_payment LIKE 'PAY-OUT-2606%' ORDER BY no_payment DESC LIMIT 1
[09:25:58] [INFO]: Ditemukan payment sebelumnya di bulan yang sama.
[09:25:58] [INFO]: UPDATE pembelian_invoice SET status_payment = '2' WHERE no_invoice = '93350'
[09:25:58] [INFO]: Aksi payment accessed by user: 
[09:25:58] [INFO]: User Starttttt is authenticated. Processing action for route: payment_add and act: input
[09:25:58] [INFO]: Database connection established and helper functions included.
[09:25:58] [INFO]: Memproses input payment dengan data: {"nomor_invoice":"93350","no_invoice":"PO-5310","kd_po":{"1":"PO-5310","2":"PO-5310","3":"PO-5310","4":"PO-5310","5":"PO-5310","6":"PO-5310","7":"PO-5310","8":"PO-5310","9":"PO-5310","10":"PO-5310"},"nama_supplier":"SAYAP MAS UTAMA","ppn":"0","tanggal_payment":"2026-06-02","metode_payment":"11","akun":"1001001","reff":"","jumlah_payment":"1193616","status_lunas":"LUNAS","id":{"1":"93350","2":"93350","3":"93350","4":"93350","5":"93350","6":"93350","7":"93350","8":"93350","9":"93350","10":"93350"},"kd_brg":{"1":"8998866820400","2":"8998866820479","3":"8998866820516","4":"8998866820523","5":"8998866820554","6":"8998866820592","7":"8998866820684","8":"8998866820721","9":"8998866820837","10":"8998866820844"},"jumlah_datang":{"1":"48","2":"24","3":"48","4":"48","5":"48","6":"24","7":"48","8":"48","9":"48","10":"48"},"jumlah":{"1":"48","2":"24","3":"48","4":"48","5":"48","6":"24","7":"48","8":"48","9":"48","10":"48"},"harga":{"1":"4,000","2":"4,036","3":"4,000","4":"2,421","5":"3,228","6":"4,000","7":"1,600","8":"2,400","9":"1,600","10":"1,600"},"diskon":{"1":"0","2":"0","3":"0","4":"0","5":"0","6":"0","7":"0","8":"0","9":"0","10":"0"},"subtotal":{"1":"192,000","2":"96,864","3":"192,000","4":"116,208","5":"154,944","6":"96,000","7":"76,800","8":"115,200","9":"76,800","10":"76,800"}}
[09:25:58] [INFO]: Query untuk mencari nomor payment terakhir: SELECT no_payment FROM payment WHERE no_payment LIKE 'PAY-OUT-2606%' ORDER BY no_payment DESC LIMIT 1
[09:25:58] [INFO]: Ditemukan payment sebelumnya di bulan yang sama.
[09:25:58] [INFO]: UPDATE pembelian_invoice SET status_payment = '2' WHERE no_invoice = '93350'
[09:26:37] [INFO]: Aksi payment accessed by user: 
[09:26:37] [INFO]: User Starttttt is authenticated. Processing action for route: payment_based_supplier and act: report
[09:26:37] [INFO]: Database connection established and helper functions included.
[09:26:37] [INFO]: location:../../main.php?route=payment_based_supplier&act=report&filter=supplier&nilai=SUPP-0129
[09:26:43] [INFO]: Memasuki halaman payment_tambah.php
[09:26:43] [INFO]: Query untuk mengambil detail invoice: SELECT pembelian_invoice.* , supplier.nama from pembelian_invoice JOIN supplier ON supplier.kd_supp = pembelian_invoice.kd_supp where no_invoice='64678'
[09:26:43] [INFO]: Query untuk mengambil detail invoice: SELECT * from pembelian_invoice_detail where no_invoice='64678' 
[09:26:43] [INFO]: Query untuk mengambil detail invoice: SELECT pid.*, b.nama, SUM(pd.disc) as tot_disc, p.ppn, pb.jumlah_datang as jumlah_barang_datang, p.tarif_ppn
                                                                        FROM
                                                                        pembelian p 
                                                                        join pembelian_detail pd on p.kd_beli = pd.kd_beli 
                                                                        join pembelian_invoice pi on pi.kd_po = p.kd_po 
                                                                        join pembelian_invoice_detail pid on pid.kd_po = pi.kd_po
                                                                        join barang b on pid.kd_brg = b.kd_brg 
                                                                        left join penerimaan_barang pb on pid.kd_brg =pb.kd_brg  and pid.kd_po =pb.kd_po 
                                                                        WHERE pid.no_invoice = '64678'
                                                                        GROUP BY pid.kd_po, pid.kd_brg;
                                                                        
[09:26:48] [INFO]: Query: SELECT no_account, deskripsi FROM account WHERE kd_jenis = '11'
[09:26:53] [INFO]: Aksi payment accessed by user: 
[09:26:53] [INFO]: User Starttttt is authenticated. Processing action for route: payment_add and act: input
[09:26:53] [INFO]: Database connection established and helper functions included.
[09:26:53] [INFO]: Memproses input payment dengan data: {"nomor_invoice":"64678","no_invoice":"PO-5328","kd_po":{"1":"PO-5328","2":"PO-5328","3":"PO-5328","4":"PO-5328","5":"PO-5328"},"nama_supplier":"MITRA PERIANGAN PERSADA","ppn":"0","tanggal_payment":"2026-06-02","metode_payment":"11","akun":"1001001","reff":"","jumlah_payment":"412800","status_lunas":"LUNAS","id":{"1":"64678","2":"64678","3":"64678","4":"64678","5":"64678"},"kd_brg":{"1":"8997011930612","2":"8997011931107","3":"8997011931565","4":"8997011931732","5":"8997011932005"},"jumlah_datang":{"1":"216","2":"48","3":"48","4":"60","5":"144"},"jumlah":{"1":"216","2":"48","3":"48","4":"60","5":"144"},"harga":{"1":"800","2":"800","3":"800","4":"800","5":"800"},"diskon":{"1":"0","2":"0","3":"0","4":"0","5":"0"},"subtotal":{"1":"172,800","2":"38,400","3":"38,400","4":"48,000","5":"115,200"}}
[09:26:53] [INFO]: Query untuk mencari nomor payment terakhir: SELECT no_payment FROM payment WHERE no_payment LIKE 'PAY-OUT-2606%' ORDER BY no_payment DESC LIMIT 1
[09:26:53] [INFO]: Ditemukan payment sebelumnya di bulan yang sama.
[09:26:53] [INFO]: UPDATE pembelian_invoice SET status_payment = '2' WHERE no_invoice = '64678'
[09:26:54] [INFO]: Aksi payment accessed by user: 
[09:26:54] [INFO]: User Starttttt is authenticated. Processing action for route: payment_add and act: input
[09:26:54] [INFO]: Database connection established and helper functions included.
[09:26:54] [INFO]: Memproses input payment dengan data: {"nomor_invoice":"64678","no_invoice":"PO-5328","kd_po":{"1":"PO-5328","2":"PO-5328","3":"PO-5328","4":"PO-5328","5":"PO-5328"},"nama_supplier":"MITRA PERIANGAN PERSADA","ppn":"0","tanggal_payment":"2026-06-02","metode_payment":"11","akun":"1001001","reff":"","jumlah_payment":"412800","status_lunas":"LUNAS","id":{"1":"64678","2":"64678","3":"64678","4":"64678","5":"64678"},"kd_brg":{"1":"8997011930612","2":"8997011931107","3":"8997011931565","4":"8997011931732","5":"8997011932005"},"jumlah_datang":{"1":"216","2":"48","3":"48","4":"60","5":"144"},"jumlah":{"1":"216","2":"48","3":"48","4":"60","5":"144"},"harga":{"1":"800","2":"800","3":"800","4":"800","5":"800"},"diskon":{"1":"0","2":"0","3":"0","4":"0","5":"0"},"subtotal":{"1":"172,800","2":"38,400","3":"38,400","4":"48,000","5":"115,200"}}
[09:26:54] [INFO]: Query untuk mencari nomor payment terakhir: SELECT no_payment FROM payment WHERE no_payment LIKE 'PAY-OUT-2606%' ORDER BY no_payment DESC LIMIT 1
[09:26:54] [INFO]: Ditemukan payment sebelumnya di bulan yang sama.
[09:26:54] [INFO]: UPDATE pembelian_invoice SET status_payment = '2' WHERE no_invoice = '64678'
