[09:55:12] [INFO]: Aksi payment accessed by user: 
[09:55:12] [INFO]: User Starttttt is authenticated. Processing action for route: payment_based_supplier and act: report
[09:55:12] [INFO]: Database connection established and helper functions included.
[09:55:12] [INFO]: location:../../main.php?route=payment_based_supplier&act=report&filter=supplier&nilai=SUPP-0035
[09:55:20] [INFO]: Memasuki halaman payment_tambah.php
[09:55:20] [INFO]: Query untuk mengambil detail invoice: SELECT pembelian_invoice.* , supplier.nama from pembelian_invoice JOIN supplier ON supplier.kd_supp = pembelian_invoice.kd_supp where no_invoice='4895'
[09:55:20] [INFO]: Query untuk mengambil detail invoice: SELECT * from pembelian_invoice_detail where no_invoice='4895' 
[09:55:20] [INFO]: Query untuk mengambil detail invoice: SELECT pid.*, b.nama, SUM(pd.disc) as tot_disc, p.ppn, pb.jumlah_datang as jumlah_barang_datang, p.tarif_ppn
                                                                        FROM
                                                                        pembelian p 
                                                                        join pembelian_detail pd on p.kd_beli = pd.kd_beli 
                                                                        join pembelian_invoice pi on pi.kd_po = p.kd_po 
                                                                        join pembelian_invoice_detail pid on pid.kd_po = pi.kd_po
                                                                        join barang b on pid.kd_brg = b.kd_brg 
                                                                        left join penerimaan_barang pb on pid.kd_brg =pb.kd_brg  and pid.kd_po =pb.kd_po 
                                                                        WHERE pid.no_invoice = '4895'
                                                                        GROUP BY pid.kd_po, pid.kd_brg;
                                                                        
[09:55:35] [INFO]: Query: SELECT no_account, deskripsi FROM account WHERE kd_jenis = '11'
[09:55:42] [INFO]: Aksi payment accessed by user: 
[09:55:42] [INFO]: User Starttttt is authenticated. Processing action for route: payment_add and act: input
[09:55:42] [INFO]: Database connection established and helper functions included.
[09:55:42] [INFO]: Memproses input payment dengan data: {"nomor_invoice":"4895","no_invoice":"PO-5368","kd_po":{"1":"PO-5368"},"nama_supplier":"BSP HILO","ppn":"0","tanggal_payment":"2026-06-01","metode_payment":"11","akun":"1001001","reff":"","jumlah_payment":"60998","status_lunas":"LUNAS","id":{"1":"4895"},"kd_brg":{"1":"8992928060186"},"jumlah_datang":{"1":"2"},"jumlah":{"1":"2"},"harga":{"1":"30,499"},"diskon":{"1":"0"},"subtotal":{"1":"60,998"}}
[09:55:42] [INFO]: Query untuk mencari nomor payment terakhir: SELECT no_payment FROM payment WHERE no_payment LIKE 'PAY-OUT-2606%' ORDER BY no_payment DESC LIMIT 1
[09:55:42] [INFO]: Ditemukan payment sebelumnya di bulan yang sama.
[09:55:42] [INFO]: UPDATE pembelian_invoice SET status_payment = '2' WHERE no_invoice = '4895'
[09:56:07] [INFO]: Memasuki halaman payment_tambah.php
[09:56:07] [INFO]: Query untuk mengambil detail invoice: SELECT pembelian_invoice.* , supplier.nama from pembelian_invoice JOIN supplier ON supplier.kd_supp = pembelian_invoice.kd_supp where no_invoice='04979'
[09:56:07] [INFO]: Query untuk mengambil detail invoice: SELECT * from pembelian_invoice_detail where no_invoice='04979' 
[09:56:07] [INFO]: Query untuk mengambil detail invoice: SELECT pid.*, b.nama, SUM(pd.disc) as tot_disc, p.ppn, pb.jumlah_datang as jumlah_barang_datang, p.tarif_ppn
                                                                        FROM
                                                                        pembelian p 
                                                                        join pembelian_detail pd on p.kd_beli = pd.kd_beli 
                                                                        join pembelian_invoice pi on pi.kd_po = p.kd_po 
                                                                        join pembelian_invoice_detail pid on pid.kd_po = pi.kd_po
                                                                        join barang b on pid.kd_brg = b.kd_brg 
                                                                        left join penerimaan_barang pb on pid.kd_brg =pb.kd_brg  and pid.kd_po =pb.kd_po 
                                                                        WHERE pid.no_invoice = '04979'
                                                                        GROUP BY pid.kd_po, pid.kd_brg;
                                                                        
[09:56:54] [INFO]: Query: SELECT no_account, deskripsi FROM account WHERE kd_jenis = '11'
[09:56:58] [INFO]: Aksi payment accessed by user: 
[09:56:58] [INFO]: User Starttttt is authenticated. Processing action for route: payment_add and act: input
[09:56:58] [INFO]: Database connection established and helper functions included.
[09:56:58] [INFO]: Memproses input payment dengan data: {"nomor_invoice":"04979","no_invoice":"PO-5378","kd_po":{"1":"PO-5378","2":"PO-5378","3":"PO-5378"},"nama_supplier":"BSP HILO","ppn":"0","tanggal_payment":"2026-06-01","metode_payment":"11","akun":"1001001","reff":"","jumlah_payment":"345600","status_lunas":"LUNAS","id":{"1":"04979","2":"04979","3":"04979"},"kd_brg":{"1":"8992220790378","2":"8992220790453","3":"8992220790460"},"jumlah_datang":{"1":"8","2":"8","3":"8"},"jumlah":{"1":"8","2":"8","3":"8"},"harga":{"1":"14,400","2":"14,400","3":"14,400"},"diskon":{"1":"0","2":"0","3":"0"},"subtotal":{"1":"115,200","2":"115,200","3":"115,200"}}
[09:56:58] [INFO]: Query untuk mencari nomor payment terakhir: SELECT no_payment FROM payment WHERE no_payment LIKE 'PAY-OUT-2606%' ORDER BY no_payment DESC LIMIT 1
[09:56:58] [INFO]: Ditemukan payment sebelumnya di bulan yang sama.
[09:56:58] [INFO]: UPDATE pembelian_invoice SET status_payment = '2' WHERE no_invoice = '04979'
[09:57:36] [INFO]: Aksi payment accessed by user: 
[09:57:36] [INFO]: User Starttttt is authenticated. Processing action for route: payment_based_supplier and act: report
[09:57:36] [INFO]: Database connection established and helper functions included.
[09:57:36] [INFO]: location:../../main.php?route=payment_based_supplier&act=report&filter=supplier&nilai=SUPP-0259
[09:58:03] [INFO]: Memasuki halaman payment_tambah.php
[09:58:03] [INFO]: Query untuk mengambil detail invoice: SELECT pembelian_invoice.* , supplier.nama from pembelian_invoice JOIN supplier ON supplier.kd_supp = pembelian_invoice.kd_supp where no_invoice='18217'
[09:58:03] [INFO]: Query untuk mengambil detail invoice: SELECT * from pembelian_invoice_detail where no_invoice='18217' 
[09:58:03] [INFO]: Query untuk mengambil detail invoice: SELECT pid.*, b.nama, SUM(pd.disc) as tot_disc, p.ppn, pb.jumlah_datang as jumlah_barang_datang, p.tarif_ppn
                                                                        FROM
                                                                        pembelian p 
                                                                        join pembelian_detail pd on p.kd_beli = pd.kd_beli 
                                                                        join pembelian_invoice pi on pi.kd_po = p.kd_po 
                                                                        join pembelian_invoice_detail pid on pid.kd_po = pi.kd_po
                                                                        join barang b on pid.kd_brg = b.kd_brg 
                                                                        left join penerimaan_barang pb on pid.kd_brg =pb.kd_brg  and pid.kd_po =pb.kd_po 
                                                                        WHERE pid.no_invoice = '18217'
                                                                        GROUP BY pid.kd_po, pid.kd_brg;
                                                                        
[09:58:18] [INFO]: Query: SELECT no_account, deskripsi FROM account WHERE kd_jenis = '11'
[09:58:23] [INFO]: Aksi payment accessed by user: 
[09:58:23] [INFO]: User Starttttt is authenticated. Processing action for route: payment_add and act: input
[09:58:23] [INFO]: Database connection established and helper functions included.
[09:58:23] [INFO]: Memproses input payment dengan data: {"nomor_invoice":"18217","no_invoice":"PO-5447","kd_po":{"1":"PO-5447","2":"PO-5447","3":"PO-5447","4":"PO-5447","5":"PO-5447","6":"PO-5447"},"nama_supplier":"SAYAP MAS UTAMA","ppn":"0","tanggal_payment":"2026-06-05","metode_payment":"11","akun":"1001001","reff":"","jumlah_payment":"840840","status_lunas":"LUNAS","id":{"1":"18217","2":"18217","3":"18217","4":"18217","5":"18217","6":"18217"},"kd_brg":{"1":"8998866820325","2":"8998866820486","3":"8998866820592","4":"8998866820608","5":"8998866820639","6":"8998866820691"},"jumlah_datang":{"1":"24","2":"40","3":"24","4":"45","5":"48","6":"45"},"jumlah":{"1":"24","2":"40","3":"24","4":"45","5":"48","6":"45"},"harga":{"1":"7,200","2":"2,421","3":"4,000","4":"4,000","5":"2,400","6":"4,000"},"diskon":{"1":"0","2":"0","3":"0","4":"0","5":"0","6":"0"},"subtotal":{"1":"172,800","2":"96,840","3":"96,000","4":"180,000","5":"115,200","6":"180,000"}}
[09:58:23] [INFO]: Query untuk mencari nomor payment terakhir: SELECT no_payment FROM payment WHERE no_payment LIKE 'PAY-OUT-2606%' ORDER BY no_payment DESC LIMIT 1
[09:58:23] [INFO]: Ditemukan payment sebelumnya di bulan yang sama.
[09:58:23] [INFO]: UPDATE pembelian_invoice SET status_payment = '2' WHERE no_invoice = '18217'
[10:00:00] [INFO]: Aksi payment accessed by user: 
[10:00:00] [INFO]: User Starttttt is authenticated. Processing action for route: payment_based_supplier and act: report
[10:00:00] [INFO]: Database connection established and helper functions included.
[10:00:00] [INFO]: location:../../main.php?route=payment_based_supplier&act=report&filter=supplier&nilai=SUPP-0207
[10:00:12] [INFO]: Memasuki halaman payment_tambah.php
[10:00:12] [INFO]: Query untuk mengambil detail invoice: SELECT pembelian_invoice.* , supplier.nama from pembelian_invoice JOIN supplier ON supplier.kd_supp = pembelian_invoice.kd_supp where no_invoice='46531'
[10:00:12] [INFO]: Query untuk mengambil detail invoice: SELECT * from pembelian_invoice_detail where no_invoice='46531' 
[10:00:12] [INFO]: Query untuk mengambil detail invoice: SELECT pid.*, b.nama, SUM(pd.disc) as tot_disc, p.ppn, pb.jumlah_datang as jumlah_barang_datang, p.tarif_ppn
                                                                        FROM
                                                                        pembelian p 
                                                                        join pembelian_detail pd on p.kd_beli = pd.kd_beli 
                                                                        join pembelian_invoice pi on pi.kd_po = p.kd_po 
                                                                        join pembelian_invoice_detail pid on pid.kd_po = pi.kd_po
                                                                        join barang b on pid.kd_brg = b.kd_brg 
                                                                        left join penerimaan_barang pb on pid.kd_brg =pb.kd_brg  and pid.kd_po =pb.kd_po 
                                                                        WHERE pid.no_invoice = '46531'
                                                                        GROUP BY pid.kd_po, pid.kd_brg;
                                                                        
[10:00:21] [INFO]: Query: SELECT no_account, deskripsi FROM account WHERE kd_jenis = '11'
[10:00:24] [INFO]: Aksi payment accessed by user: 
[10:00:24] [INFO]: User Starttttt is authenticated. Processing action for route: payment_add and act: input
[10:00:24] [INFO]: Database connection established and helper functions included.
[10:00:24] [INFO]: Memproses input payment dengan data: {"nomor_invoice":"46531","no_invoice":"PO-5363","kd_po":{"1":"PO-5363","2":"PO-5363","3":"PO-5363","4":"PO-5363","5":"PO-5363","6":"PO-5363","7":"PO-5363"},"nama_supplier":"SURYA DONASHIN","ppn":"0","tanggal_payment":"2026-06-18","metode_payment":"11","akun":"1001001","reff":"","jumlah_payment":"456315","status_lunas":"LUNAS","id":{"1":"46531","2":"46531","3":"46531","4":"46531","5":"46531","6":"46531","7":"46531"},"kd_brg":{"1":"4801010127321","2":"8850007090267","3":"8991111102719","4":"8992725910400","5":"9556006060254","6":"9556006060346","7":"9556006060537"},"jumlah_datang":{"1":"3","2":"1","3":"6","4":"3","5":"3","6":"3","7":"6"},"jumlah":{"1":"3","2":"1","3":"6","4":"3","5":"3","6":"3","7":"6"},"harga":{"1":"21,867","2":"28,971","3":"21,867","4":"8,381","5":"18,615","6":"18,615","7":"15,618"},"diskon":{"1":"0","2":"0","3":"0","4":"0","5":"0","6":"0","7":"0"},"subtotal":{"1":"65,601","2":"28,971","3":"131,202","4":"25,143","5":"55,845","6":"55,845","7":"93,708"}}
[10:00:24] [INFO]: Query untuk mencari nomor payment terakhir: SELECT no_payment FROM payment WHERE no_payment LIKE 'PAY-OUT-2606%' ORDER BY no_payment DESC LIMIT 1
[10:00:24] [INFO]: Ditemukan payment sebelumnya di bulan yang sama.
[10:00:24] [INFO]: UPDATE pembelian_invoice SET status_payment = '2' WHERE no_invoice = '46531'
[10:00:31] [INFO]: Memasuki halaman payment_tambah.php
[10:00:31] [INFO]: Query untuk mengambil detail invoice: SELECT pembelian_invoice.* , supplier.nama from pembelian_invoice JOIN supplier ON supplier.kd_supp = pembelian_invoice.kd_supp where no_invoice='46521'
[10:00:31] [INFO]: Query untuk mengambil detail invoice: SELECT * from pembelian_invoice_detail where no_invoice='46521' 
[10:00:31] [INFO]: Query untuk mengambil detail invoice: SELECT pid.*, b.nama, SUM(pd.disc) as tot_disc, p.ppn, pb.jumlah_datang as jumlah_barang_datang, p.tarif_ppn
                                                                        FROM
                                                                        pembelian p 
                                                                        join pembelian_detail pd on p.kd_beli = pd.kd_beli 
                                                                        join pembelian_invoice pi on pi.kd_po = p.kd_po 
                                                                        join pembelian_invoice_detail pid on pid.kd_po = pi.kd_po
                                                                        join barang b on pid.kd_brg = b.kd_brg 
                                                                        left join penerimaan_barang pb on pid.kd_brg =pb.kd_brg  and pid.kd_po =pb.kd_po 
                                                                        WHERE pid.no_invoice = '46521'
                                                                        GROUP BY pid.kd_po, pid.kd_brg;
                                                                        
[10:00:35] [INFO]: Query: SELECT no_account, deskripsi FROM account WHERE kd_jenis = '11'
[10:00:39] [INFO]: Aksi payment accessed by user: 
[10:00:39] [INFO]: User Starttttt is authenticated. Processing action for route: payment_add and act: input
[10:00:39] [INFO]: Database connection established and helper functions included.
[10:00:39] [INFO]: Memproses input payment dengan data: {"nomor_invoice":"46521","no_invoice":"PO-5365","kd_po":{"1":"PO-5365"},"nama_supplier":"SURYA DONASHIN","ppn":"0","tanggal_payment":"2026-06-18","metode_payment":"11","akun":"1001001","reff":"","jumlah_payment":"86400","status_lunas":"LUNAS","id":{"1":"46521"},"kd_brg":{"1":"8999225910961"},"jumlah_datang":{"1":"6"},"jumlah":{"1":"6"},"harga":{"1":"14,400"},"diskon":{"1":"0"},"subtotal":{"1":"86,400"}}
[10:00:39] [INFO]: Query untuk mencari nomor payment terakhir: SELECT no_payment FROM payment WHERE no_payment LIKE 'PAY-OUT-2606%' ORDER BY no_payment DESC LIMIT 1
[10:00:39] [INFO]: Ditemukan payment sebelumnya di bulan yang sama.
[10:00:39] [INFO]: UPDATE pembelian_invoice SET status_payment = '2' WHERE no_invoice = '46521'
[10:22:28] [INFO]: Aksi payment accessed by user: 
[10:22:28] [INFO]: User Starttttt is authenticated. Processing action for route: payment_based_supplier and act: report
[10:22:28] [INFO]: Database connection established and helper functions included.
[10:22:28] [INFO]: location:../../main.php?route=payment_based_supplier&act=report&filter=supplier&nilai=SUPP-0021
[10:22:32] [INFO]: Memasuki halaman payment_tambah.php
[10:22:32] [INFO]: Query untuk mengambil detail invoice: SELECT pembelian_invoice.* , supplier.nama from pembelian_invoice JOIN supplier ON supplier.kd_supp = pembelian_invoice.kd_supp where no_invoice='9.5.26..'
[10:22:32] [INFO]: Query untuk mengambil detail invoice: SELECT * from pembelian_invoice_detail where no_invoice='9.5.26..' 
[10:22:32] [INFO]: Query untuk mengambil detail invoice: SELECT pid.*, b.nama, SUM(pd.disc) as tot_disc, p.ppn, pb.jumlah_datang as jumlah_barang_datang, p.tarif_ppn
                                                                        FROM
                                                                        pembelian p 
                                                                        join pembelian_detail pd on p.kd_beli = pd.kd_beli 
                                                                        join pembelian_invoice pi on pi.kd_po = p.kd_po 
                                                                        join pembelian_invoice_detail pid on pid.kd_po = pi.kd_po
                                                                        join barang b on pid.kd_brg = b.kd_brg 
                                                                        left join penerimaan_barang pb on pid.kd_brg =pb.kd_brg  and pid.kd_po =pb.kd_po 
                                                                        WHERE pid.no_invoice = '9.5.26..'
                                                                        GROUP BY pid.kd_po, pid.kd_brg;
                                                                        
[10:22:51] [INFO]: Query: SELECT no_account, deskripsi FROM account WHERE kd_jenis = '11'
[10:22:54] [INFO]: Aksi payment accessed by user: 
[10:22:54] [INFO]: User Starttttt is authenticated. Processing action for route: payment_add and act: input
[10:22:54] [INFO]: Database connection established and helper functions included.
[10:22:54] [INFO]: Memproses input payment dengan data: {"nomor_invoice":"9.5.26..","no_invoice":"KONS-0687","kd_po":{"1":"KONS-0687"},"nama_supplier":"ASAIRA SNACK","ppn":"0","tanggal_payment":"2026-06-19","metode_payment":"11","akun":"1001001","reff":"","jumlah_payment":"414000","status_lunas":"LUNAS","id":{"1":"9.5.26.."},"kd_brg":{"1":"505997"},"jumlah_datang":{"1":"46"},"jumlah":{"1":"46"},"harga":{"1":"9,000"},"diskon":{"1":"0"},"subtotal":{"1":"414,000"}}
[10:22:54] [INFO]: Query untuk mencari nomor payment terakhir: SELECT no_payment FROM payment WHERE no_payment LIKE 'PAY-OUT-2606%' ORDER BY no_payment DESC LIMIT 1
[10:22:54] [INFO]: Ditemukan payment sebelumnya di bulan yang sama.
[10:22:54] [INFO]: UPDATE pembelian_invoice SET status_payment = '2' WHERE no_invoice = '9.5.26..'
[10:23:21] [INFO]: Aksi payment accessed by user: 
[10:23:21] [INFO]: User Starttttt is authenticated. Processing action for route: payment_based_supplier and act: report
[10:23:21] [INFO]: Database connection established and helper functions included.
[10:23:21] [INFO]: location:../../main.php?route=payment_based_supplier&act=report&filter=supplier&nilai=SUPP-0006
[10:23:26] [INFO]: Memasuki halaman payment_tambah.php
[10:23:26] [INFO]: Query untuk mengambil detail invoice: SELECT pembelian_invoice.* , supplier.nama from pembelian_invoice JOIN supplier ON supplier.kd_supp = pembelian_invoice.kd_supp where no_invoice='15.03'
[10:23:26] [INFO]: Query untuk mengambil detail invoice: SELECT * from pembelian_invoice_detail where no_invoice='15.03' 
[10:23:26] [INFO]: Query untuk mengambil detail invoice: SELECT pid.*, b.nama, SUM(pd.disc) as tot_disc, p.ppn, pb.jumlah_datang as jumlah_barang_datang, p.tarif_ppn
                                                                        FROM
                                                                        pembelian p 
                                                                        join pembelian_detail pd on p.kd_beli = pd.kd_beli 
                                                                        join pembelian_invoice pi on pi.kd_po = p.kd_po 
                                                                        join pembelian_invoice_detail pid on pid.kd_po = pi.kd_po
                                                                        join barang b on pid.kd_brg = b.kd_brg 
                                                                        left join penerimaan_barang pb on pid.kd_brg =pb.kd_brg  and pid.kd_po =pb.kd_po 
                                                                        WHERE pid.no_invoice = '15.03'
                                                                        GROUP BY pid.kd_po, pid.kd_brg;
                                                                        
[10:23:30] [INFO]: Query: SELECT no_account, deskripsi FROM account WHERE kd_jenis = '11'
[10:23:34] [INFO]: Aksi payment accessed by user: 
[10:23:34] [INFO]: User Starttttt is authenticated. Processing action for route: payment_add and act: input
[10:23:34] [INFO]: Database connection established and helper functions included.
[10:23:34] [INFO]: Memproses input payment dengan data: {"nomor_invoice":"15.03","no_invoice":"KONS-0626","kd_po":{"1":"KONS-0626"},"nama_supplier":"AISYAH","ppn":"0","tanggal_payment":"2026-06-11","metode_payment":"11","akun":"1001001","reff":"","jumlah_payment":"380000","status_lunas":"LUNAS","id":{"1":"15.03"},"kd_brg":{"1":"505901"},"jumlah_datang":{"1":"76"},"jumlah":{"1":"76"},"harga":{"1":"5,000"},"diskon":{"1":"0"},"subtotal":{"1":"380,000"}}
[10:23:34] [INFO]: Query untuk mencari nomor payment terakhir: SELECT no_payment FROM payment WHERE no_payment LIKE 'PAY-OUT-2606%' ORDER BY no_payment DESC LIMIT 1
[10:23:34] [INFO]: Ditemukan payment sebelumnya di bulan yang sama.
[10:23:34] [INFO]: UPDATE pembelian_invoice SET status_payment = '2' WHERE no_invoice = '15.03'
[10:24:03] [INFO]: Aksi payment accessed by user: 
[10:24:03] [INFO]: User Starttttt is authenticated. Processing action for route: payment_based_supplier and act: report
[10:24:03] [INFO]: Database connection established and helper functions included.
[10:24:03] [INFO]: location:../../main.php?route=payment_based_supplier&act=report&filter=supplier&nilai=SUPP-0224
[10:24:14] [INFO]: Memasuki halaman payment_tambah.php
[10:24:14] [INFO]: Query untuk mengambil detail invoice: SELECT pembelian_invoice.* , supplier.nama from pembelian_invoice JOIN supplier ON supplier.kd_supp = pembelian_invoice.kd_supp where no_invoice='15.6.26tyt'
[10:24:14] [INFO]: Query untuk mengambil detail invoice: SELECT * from pembelian_invoice_detail where no_invoice='15.6.26tyt' 
[10:24:14] [INFO]: Query untuk mengambil detail invoice: SELECT pid.*, b.nama, SUM(pd.disc) as tot_disc, p.ppn, pb.jumlah_datang as jumlah_barang_datang, p.tarif_ppn
                                                                        FROM
                                                                        pembelian p 
                                                                        join pembelian_detail pd on p.kd_beli = pd.kd_beli 
                                                                        join pembelian_invoice pi on pi.kd_po = p.kd_po 
                                                                        join pembelian_invoice_detail pid on pid.kd_po = pi.kd_po
                                                                        join barang b on pid.kd_brg = b.kd_brg 
                                                                        left join penerimaan_barang pb on pid.kd_brg =pb.kd_brg  and pid.kd_po =pb.kd_po 
                                                                        WHERE pid.no_invoice = '15.6.26tyt'
                                                                        GROUP BY pid.kd_po, pid.kd_brg;
                                                                        
[10:24:22] [INFO]: Query: SELECT no_account, deskripsi FROM account WHERE kd_jenis = '11'
[10:24:26] [INFO]: Aksi payment accessed by user: 
[10:24:26] [INFO]: User Starttttt is authenticated. Processing action for route: payment_add and act: input
[10:24:26] [INFO]: Database connection established and helper functions included.
[10:24:26] [INFO]: Memproses input payment dengan data: {"nomor_invoice":"15.6.26tyt","no_invoice":"KONS-0685","kd_po":{"1":"KONS-0685"},"nama_supplier":"TEH YUYUN","ppn":"0","tanggal_payment":"2026-06-18","metode_payment":"11","akun":"1001001","reff":"","jumlah_payment":"175000","status_lunas":"LUNAS","id":{"1":"15.6.26tyt"},"kd_brg":{"1":"40026"},"jumlah_datang":{"1":"25"},"jumlah":{"1":"25"},"harga":{"1":"7,000"},"diskon":{"1":"0"},"subtotal":{"1":"175,000"}}
[10:24:26] [INFO]: Query untuk mencari nomor payment terakhir: SELECT no_payment FROM payment WHERE no_payment LIKE 'PAY-OUT-2606%' ORDER BY no_payment DESC LIMIT 1
[10:24:26] [INFO]: Ditemukan payment sebelumnya di bulan yang sama.
[10:24:26] [INFO]: UPDATE pembelian_invoice SET status_payment = '2' WHERE no_invoice = '15.6.26tyt'
[10:24:36] [INFO]: Memasuki halaman payment_tambah.php
[10:24:36] [INFO]: Query untuk mengambil detail invoice: SELECT pembelian_invoice.* , supplier.nama from pembelian_invoice JOIN supplier ON supplier.kd_supp = pembelian_invoice.kd_supp where no_invoice='29.5'
[10:24:36] [INFO]: Query untuk mengambil detail invoice: SELECT * from pembelian_invoice_detail where no_invoice='29.5' 
[10:24:36] [INFO]: Query untuk mengambil detail invoice: SELECT pid.*, b.nama, SUM(pd.disc) as tot_disc, p.ppn, pb.jumlah_datang as jumlah_barang_datang, p.tarif_ppn
                                                                        FROM
                                                                        pembelian p 
                                                                        join pembelian_detail pd on p.kd_beli = pd.kd_beli 
                                                                        join pembelian_invoice pi on pi.kd_po = p.kd_po 
                                                                        join pembelian_invoice_detail pid on pid.kd_po = pi.kd_po
                                                                        join barang b on pid.kd_brg = b.kd_brg 
                                                                        left join penerimaan_barang pb on pid.kd_brg =pb.kd_brg  and pid.kd_po =pb.kd_po 
                                                                        WHERE pid.no_invoice = '29.5'
                                                                        GROUP BY pid.kd_po, pid.kd_brg;
                                                                        
[10:24:42] [INFO]: Query: SELECT no_account, deskripsi FROM account WHERE kd_jenis = '11'
[10:24:46] [INFO]: Aksi payment accessed by user: 
[10:24:46] [INFO]: User Starttttt is authenticated. Processing action for route: payment_add and act: input
[10:24:47] [INFO]: Database connection established and helper functions included.
[10:24:47] [INFO]: Memproses input payment dengan data: {"nomor_invoice":"29.5","no_invoice":"KONS-0677","kd_po":{"1":"KONS-0677"},"nama_supplier":"TEH YUYUN","ppn":"0","tanggal_payment":"2026-06-18","metode_payment":"11","akun":"1001001","reff":"","jumlah_payment":"248000","status_lunas":"LUNAS","id":{"1":"29.5"},"kd_brg":{"1":"40026"},"jumlah_datang":{"1":"31"},"jumlah":{"1":"31"},"harga":{"1":"8,000"},"diskon":{"1":"0"},"subtotal":{"1":"248,000"}}
[10:24:47] [INFO]: Query untuk mencari nomor payment terakhir: SELECT no_payment FROM payment WHERE no_payment LIKE 'PAY-OUT-2606%' ORDER BY no_payment DESC LIMIT 1
[10:24:47] [INFO]: Ditemukan payment sebelumnya di bulan yang sama.
[10:24:47] [INFO]: UPDATE pembelian_invoice SET status_payment = '2' WHERE no_invoice = '29.5'
[10:24:54] [INFO]: Memasuki halaman payment_tambah.php
[10:24:54] [INFO]: Query untuk mengambil detail invoice: SELECT pembelian_invoice.* , supplier.nama from pembelian_invoice JOIN supplier ON supplier.kd_supp = pembelian_invoice.kd_supp where no_invoice='8.6.26'
[10:24:54] [INFO]: Query untuk mengambil detail invoice: SELECT * from pembelian_invoice_detail where no_invoice='8.6.26' 
[10:24:54] [INFO]: Query untuk mengambil detail invoice: SELECT pid.*, b.nama, SUM(pd.disc) as tot_disc, p.ppn, pb.jumlah_datang as jumlah_barang_datang, p.tarif_ppn
                                                                        FROM
                                                                        pembelian p 
                                                                        join pembelian_detail pd on p.kd_beli = pd.kd_beli 
                                                                        join pembelian_invoice pi on pi.kd_po = p.kd_po 
                                                                        join pembelian_invoice_detail pid on pid.kd_po = pi.kd_po
                                                                        join barang b on pid.kd_brg = b.kd_brg 
                                                                        left join penerimaan_barang pb on pid.kd_brg =pb.kd_brg  and pid.kd_po =pb.kd_po 
                                                                        WHERE pid.no_invoice = '8.6.26'
                                                                        GROUP BY pid.kd_po, pid.kd_brg;
                                                                        
[10:25:07] [INFO]: Query: SELECT no_account, deskripsi FROM account WHERE kd_jenis = '11'
[10:25:11] [INFO]: Aksi payment accessed by user: 
[10:25:11] [INFO]: User Starttttt is authenticated. Processing action for route: payment_add and act: input
[10:25:11] [INFO]: Database connection established and helper functions included.
[10:25:11] [INFO]: Memproses input payment dengan data: {"nomor_invoice":"8.6.26","no_invoice":"KONS-0681","kd_po":{"1":"KONS-0681","2":"KONS-0681"},"nama_supplier":"TEH YUYUN","ppn":"0","tanggal_payment":"2026-06-18","metode_payment":"11","akun":"1001001","reff":"","jumlah_payment":"312000","status_lunas":"LUNAS","id":{"1":"8.6.26","2":"8.6.26"},"kd_brg":{"1":"40025","2":"40026"},"jumlah_datang":{"1":"23","2":"16"},"jumlah":{"1":"23","2":"16"},"harga":{"1":"8,000","2":"8,000"},"diskon":{"1":"0","2":"0"},"subtotal":{"1":"184,000","2":"128,000"}}
[10:25:11] [INFO]: Query untuk mencari nomor payment terakhir: SELECT no_payment FROM payment WHERE no_payment LIKE 'PAY-OUT-2606%' ORDER BY no_payment DESC LIMIT 1
[10:25:11] [INFO]: Ditemukan payment sebelumnya di bulan yang sama.
[10:25:11] [INFO]: UPDATE pembelian_invoice SET status_payment = '2' WHERE no_invoice = '8.6.26'
