[11:22:18] [INFO]: Aksi payment accessed by user: 
[11:22:18] [INFO]: User Starttttt is authenticated. Processing action for route: payment_based_supplier and act: report
[11:22:18] [INFO]: Database connection established and helper functions included.
[11:22:18] [INFO]: location:../../main.php?route=payment_based_supplier&act=report&filter=supplier&nilai=SUPP-0243
[11:22:20] [INFO]: Memasuki halaman payment_tambah.php
[11:22:20] [INFO]: Query untuk mengambil detail invoice: SELECT pembelian_invoice.* , supplier.nama from pembelian_invoice JOIN supplier ON supplier.kd_supp = pembelian_invoice.kd_supp where no_invoice='02000'
[11:22:20] [INFO]: Query untuk mengambil detail invoice: SELECT * from pembelian_invoice_detail where no_invoice='02000' 
[11:22:20] [INFO]: Query untuk mengambil detail invoice: SELECT pid.*, b.nama, SUM(pd.disc) as tot_disc, p.ppn, pb.jumlah_datang as jumlah_barang_datang, p.tarif_ppn
                                                                        FROM
                                                                        pembelian p 
                                                                        join pembelian_detail pd on p.kd_beli = pd.kd_beli 
                                                                        join pembelian_invoice pi on pi.kd_po = p.kd_po 
                                                                        join pembelian_invoice_detail pid on pid.kd_po = pi.kd_po
                                                                        join barang b on pid.kd_brg = b.kd_brg 
                                                                        left join penerimaan_barang pb on pid.kd_brg =pb.kd_brg  and pid.kd_po =pb.kd_po 
                                                                        WHERE pid.no_invoice = '02000'
                                                                        GROUP BY pid.kd_po, pid.kd_brg;
                                                                        
[11:22:27] [INFO]: Query: SELECT no_account, deskripsi FROM account WHERE kd_jenis = '11'
[11:22:30] [INFO]: Aksi payment accessed by user: 
[11:22:30] [INFO]: User Starttttt is authenticated. Processing action for route: payment_add and act: input
[11:22:30] [INFO]: Database connection established and helper functions included.
[11:22:30] [INFO]: Memproses input payment dengan data: {"nomor_invoice":"02000","no_invoice":"PO-5528","kd_po":{"1":"PO-5528","2":"PO-5528","3":"PO-5528","4":"PO-5528","5":"PO-5528","6":"PO-5528","7":"PO-5528","8":"PO-5528","9":"PO-5528","10":"PO-5528","11":"PO-5528","12":"PO-5528","13":"PO-5528"},"nama_supplier":"WALLS","ppn":"0","tanggal_payment":"2026-06-05","metode_payment":"11","akun":"1001001","reff":"","jumlah_payment":"1766458","status_lunas":"LUNAS","id":{"1":"02000","2":"02000","3":"02000","4":"02000","5":"02000","6":"02000","7":"02000","8":"02000","9":"02000","10":"02000","11":"02000","12":"02000","13":"02000"},"kd_brg":{"1":"8721274611205","2":"8721274611236","3":"8721274611441","4":"8721274611809","5":"8999999042257","6":"8999999275440","7":"8999999294021","8":"8999999294038","9":"8999999516802","10":"8999999564162","11":"8999999587758","12":"8999999588090","13":"8999999598044"},"jumlah_datang":{"1":"20","2":"42","3":"36","4":"42","5":"6","6":"24","7":"42","8":"42","9":"24","10":"32","11":"48","12":"48","13":"42"},"jumlah":{"1":"20","2":"42","3":"36","4":"42","5":"6","6":"24","7":"42","8":"42","9":"24","10":"32","11":"48","12":"48","13":"42"},"harga":{"1":"8,000","2":"3,228","3":"1,613","4":"2,421","5":"19,375","6":"8,073","7":"4,844","8":"4,844","9":"4,037","10":"6,459","11":"1,615","12":"1,615","13":"3,229"},"diskon":{"1":"0","2":"0","3":"0","4":"0","5":"0","6":"0","7":"0","8":"0","9":"0","10":"0","11":"0","12":"0","13":"0"},"subtotal":{"1":"160,000","2":"135,576","3":"58,068","4":"101,682","5":"116,250","6":"193,752","7":"203,448","8":"203,448","9":"96,888","10":"206,688","11":"77,520","12":"77,520","13":"135,618"}}
[11:22:30] [INFO]: Query untuk mencari nomor payment terakhir: SELECT no_payment FROM payment WHERE no_payment LIKE 'PAY-OUT-2606%' ORDER BY no_payment DESC LIMIT 1
[11:22:30] [INFO]: Ditemukan payment sebelumnya di bulan yang sama.
[11:22:30] [INFO]: UPDATE pembelian_invoice SET status_payment = '2' WHERE no_invoice = '02000'
[11:22:31] [INFO]: Aksi payment accessed by user: 
[11:22:31] [INFO]: User Starttttt is authenticated. Processing action for route: payment_add and act: input
[11:22:31] [INFO]: Database connection established and helper functions included.
[11:22:31] [INFO]: Memproses input payment dengan data: {"nomor_invoice":"02000","no_invoice":"PO-5528","kd_po":{"1":"PO-5528","2":"PO-5528","3":"PO-5528","4":"PO-5528","5":"PO-5528","6":"PO-5528","7":"PO-5528","8":"PO-5528","9":"PO-5528","10":"PO-5528","11":"PO-5528","12":"PO-5528","13":"PO-5528"},"nama_supplier":"WALLS","ppn":"0","tanggal_payment":"2026-06-05","metode_payment":"11","akun":"1001001","reff":"","jumlah_payment":"1766458","status_lunas":"LUNAS","id":{"1":"02000","2":"02000","3":"02000","4":"02000","5":"02000","6":"02000","7":"02000","8":"02000","9":"02000","10":"02000","11":"02000","12":"02000","13":"02000"},"kd_brg":{"1":"8721274611205","2":"8721274611236","3":"8721274611441","4":"8721274611809","5":"8999999042257","6":"8999999275440","7":"8999999294021","8":"8999999294038","9":"8999999516802","10":"8999999564162","11":"8999999587758","12":"8999999588090","13":"8999999598044"},"jumlah_datang":{"1":"20","2":"42","3":"36","4":"42","5":"6","6":"24","7":"42","8":"42","9":"24","10":"32","11":"48","12":"48","13":"42"},"jumlah":{"1":"20","2":"42","3":"36","4":"42","5":"6","6":"24","7":"42","8":"42","9":"24","10":"32","11":"48","12":"48","13":"42"},"harga":{"1":"8,000","2":"3,228","3":"1,613","4":"2,421","5":"19,375","6":"8,073","7":"4,844","8":"4,844","9":"4,037","10":"6,459","11":"1,615","12":"1,615","13":"3,229"},"diskon":{"1":"0","2":"0","3":"0","4":"0","5":"0","6":"0","7":"0","8":"0","9":"0","10":"0","11":"0","12":"0","13":"0"},"subtotal":{"1":"160,000","2":"135,576","3":"58,068","4":"101,682","5":"116,250","6":"193,752","7":"203,448","8":"203,448","9":"96,888","10":"206,688","11":"77,520","12":"77,520","13":"135,618"}}
[11:22:31] [INFO]: Query untuk mencari nomor payment terakhir: SELECT no_payment FROM payment WHERE no_payment LIKE 'PAY-OUT-2606%' ORDER BY no_payment DESC LIMIT 1
[11:22:31] [INFO]: Ditemukan payment sebelumnya di bulan yang sama.
[11:22:31] [INFO]: UPDATE pembelian_invoice SET status_payment = '2' WHERE no_invoice = '02000'
[11:22:43] [INFO]: Aksi payment accessed by user: 
[11:22:43] [INFO]: User Starttttt is authenticated. Processing action for route: payment_based_supplier and act: report
[11:22:43] [INFO]: Database connection established and helper functions included.
[11:22:43] [INFO]: location:../../main.php?route=payment_based_supplier&act=report&filter=supplier&nilai=SUPP-0040
[11:22:47] [INFO]: Memasuki halaman payment_tambah.php
[11:22:47] [INFO]: Query untuk mengambil detail invoice: SELECT pembelian_invoice.* , supplier.nama from pembelian_invoice JOIN supplier ON supplier.kd_supp = pembelian_invoice.kd_supp where no_invoice='12651'
[11:22:47] [INFO]: Query untuk mengambil detail invoice: SELECT * from pembelian_invoice_detail where no_invoice='12651' 
[11:22:47] [INFO]: Query untuk mengambil detail invoice: SELECT pid.*, b.nama, SUM(pd.disc) as tot_disc, p.ppn, pb.jumlah_datang as jumlah_barang_datang, p.tarif_ppn
                                                                        FROM
                                                                        pembelian p 
                                                                        join pembelian_detail pd on p.kd_beli = pd.kd_beli 
                                                                        join pembelian_invoice pi on pi.kd_po = p.kd_po 
                                                                        join pembelian_invoice_detail pid on pid.kd_po = pi.kd_po
                                                                        join barang b on pid.kd_brg = b.kd_brg 
                                                                        left join penerimaan_barang pb on pid.kd_brg =pb.kd_brg  and pid.kd_po =pb.kd_po 
                                                                        WHERE pid.no_invoice = '12651'
                                                                        GROUP BY pid.kd_po, pid.kd_brg;
                                                                        
[11:22:52] [INFO]: Query: SELECT no_account, deskripsi FROM account WHERE kd_jenis = '11'
[11:22:56] [INFO]: Aksi payment accessed by user: 
[11:22:56] [INFO]: User Starttttt is authenticated. Processing action for route: payment_add and act: input
[11:22:56] [INFO]: Database connection established and helper functions included.
[11:22:56] [INFO]: Memproses input payment dengan data: {"nomor_invoice":"12651","no_invoice":"PO-5520","kd_po":{"1":"PO-5520","2":"PO-5520","3":"PO-5520","4":"PO-5520","5":"PO-5520","6":"PO-5520","7":"PO-5520","8":"PO-5520","9":"PO-5520","10":"PO-5520","11":"PO-5520","12":"PO-5520","13":"PO-5520"},"nama_supplier":"CAHAYA PERKASA","ppn":"0","tanggal_payment":"2026-06-08","metode_payment":"11","akun":"1001001","reff":"","jumlah_payment":"2912820","status_lunas":"LUNAS","id":{"1":"12651","2":"12651","3":"12651","4":"12651","5":"12651","6":"12651","7":"12651","8":"12651","9":"12651","10":"12651","11":"12651","12":"12651","13":"12651"},"kd_brg":{"1":"8990800004563","2":"8992717781025","3":"8992857010528","4":"8993118731022","5":"8993118731046","6":"8993118731077","7":"8993118938100","8":"8997209390303","9":"8997209390914","10":"8998389121596","11":"8998389121619","12":"8998389134428","13":"8999999000165"},"jumlah_datang":{"1":"20","2":"180","3":"60","4":"40","5":"80","6":"80","7":"40","8":"20","9":"20","10":"48","11":"48","12":"18","13":"300"},"jumlah":{"1":"40","2":"180","3":"60","4":"40","5":"80","6":"80","7":"40","8":"20","9":"20","10":"48","11":"48","12":"18","13":"300"},"harga":{"1":"6,080","2":"4,282","3":"4,083","4":"2,336","5":"2,100","6":"2,100","7":"2,336","8":"8,000","9":"6,000","10":"6,350","11":"6,350","12":"6,000","13":"850"},"diskon":{"1":"0","2":"0","3":"0","4":"0","5":"0","6":"0","7":"0","8":"0","9":"0","10":"0","11":"0","12":"0","13":"0"},"subtotal":{"1":"121,600","2":"770,760","3":"244,980","4":"93,440","5":"168,000","6":"168,000","7":"93,440","8":"160,000","9":"120,000","10":"304,800","11":"304,800","12":"108,000","13":"255,000"}}
[11:22:56] [INFO]: Query untuk mencari nomor payment terakhir: SELECT no_payment FROM payment WHERE no_payment LIKE 'PAY-OUT-2606%' ORDER BY no_payment DESC LIMIT 1
[11:22:56] [INFO]: Ditemukan payment sebelumnya di bulan yang sama.
[11:22:56] [INFO]: UPDATE pembelian_invoice SET status_payment = '2' WHERE no_invoice = '12651'
[11:23:12] [INFO]: Aksi payment accessed by user: 
[11:23:12] [INFO]: User Starttttt is authenticated. Processing action for route: payment_based_supplier and act: report
[11:23:12] [INFO]: Database connection established and helper functions included.
[11:23:12] [INFO]: location:../../main.php?route=payment_based_supplier&act=report&filter=supplier&nilai=SUPP-0215
[11:23:19] [INFO]: Memasuki halaman payment_tambah.php
[11:23:19] [INFO]: Query untuk mengambil detail invoice: SELECT pembelian_invoice.* , supplier.nama from pembelian_invoice JOIN supplier ON supplier.kd_supp = pembelian_invoice.kd_supp where no_invoice='10022'
[11:23:19] [INFO]: Query untuk mengambil detail invoice: SELECT * from pembelian_invoice_detail where no_invoice='10022' 
[11:23:19] [INFO]: Query untuk mengambil detail invoice: SELECT pid.*, b.nama, SUM(pd.disc) as tot_disc, p.ppn, pb.jumlah_datang as jumlah_barang_datang, p.tarif_ppn
                                                                        FROM
                                                                        pembelian p 
                                                                        join pembelian_detail pd on p.kd_beli = pd.kd_beli 
                                                                        join pembelian_invoice pi on pi.kd_po = p.kd_po 
                                                                        join pembelian_invoice_detail pid on pid.kd_po = pi.kd_po
                                                                        join barang b on pid.kd_brg = b.kd_brg 
                                                                        left join penerimaan_barang pb on pid.kd_brg =pb.kd_brg  and pid.kd_po =pb.kd_po 
                                                                        WHERE pid.no_invoice = '10022'
                                                                        GROUP BY pid.kd_po, pid.kd_brg;
                                                                        
[11:23:48] [INFO]: Query: SELECT no_account, deskripsi FROM account WHERE kd_jenis = '11'
[11:23:52] [INFO]: Aksi payment accessed by user: 
[11:23:52] [INFO]: User Starttttt is authenticated. Processing action for route: payment_add and act: input
[11:23:52] [INFO]: Database connection established and helper functions included.
[11:23:52] [INFO]: Memproses input payment dengan data: {"nomor_invoice":"10022","no_invoice":"PO-5184","kd_po":{"1":"PO-5184","2":"PO-5184","3":"PO-5184","4":"PO-5184","5":"PO-5184","6":"PO-5184","7":"PO-5184","8":"PO-5184","9":"PO-5184","10":"PO-5184","11":"PO-5184","12":"PO-5184","13":"PO-5184","14":"PO-5184","15":"PO-5184","16":"PO-5184","17":"PO-5184","18":"PO-5184","19":"PO-5184","20":"PO-5184"},"nama_supplier":"TASIK PUTRA","ppn":"0","tanggal_payment":"2026-06-08","metode_payment":"11","akun":"1001001","reff":"","jumlah_payment":"5138174","status_lunas":"LUNAS","id":{"1":"10022","2":"10022","3":"10022","4":"10022","5":"10022","6":"10022","7":"10022","8":"10022","9":"10022","10":"10022","11":"10022","12":"10022","13":"10022","14":"10022","15":"10022","16":"10022","17":"10022","18":"10022","19":"10022","20":"10022"},"kd_brg":{"1":"8992959053232","2":"8992959506028","3":"8992959508299","4":"8992959930465","5":"8992959930519","6":"8992959930526","7":"8992959957585","8":"8992959957608","9":"8992959972069","10":"8992959972076","11":"8992959972090","12":"8992959972106","13":"8992959972113","14":"8992959974032","15":"8992959974506","16":"8992959974544","17":"8992959977064","18":"8992959977071","19":"8992959977088","20":"8992959977194"},"jumlah_datang":{"1":"12","2":"22","3":"96","4":"12","5":"96","6":"96","7":"24","8":"24","9":"6","10":"6","11":"24","12":"12","13":"6","14":"4","15":"120","16":"24","17":"24","18":"24","19":"24","20":"24"},"jumlah":{"1":"12","2":"22","3":"96","4":"12","5":"96","6":"96","7":"24","8":"24","9":"6","10":"6","11":"24","12":"12","13":"6","14":"4","15":"120","16":"24","17":"24","18":"24","19":"24","20":"24"},"harga":{"1":"36,887","2":"19,800","3":"1,538","4":"33,647","5":"4,288","6":"5,145","7":"6,780","8":"6,780","9":"12,713","10":"15,841","11":"7,566","12":"16,345","13":"19,977","14":"34,760","15":"2,087","16":"4,900","17":"15,050","18":"15,050","19":"15,050","20":"9,080"},"diskon":{"1":"0","2":"0","3":"0","4":"0","5":"0","6":"0","7":"0","8":"0","9":"0","10":"0","11":"0","12":"0","13":"0","14":"0","15":"0","16":"0","17":"0","18":"0","19":"0","20":"0"},"subtotal":{"1":"442,644","2":"435,600","3":"147,648","4":"403,764","5":"411,648","6":"493,920","7":"162,720","8":"162,720","9":"76,278","10":"95,046","11":"181,584","12":"196,140","13":"119,862","14":"139,040","15":"250,440","16":"117,600","17":"361,200","18":"361,200","19":"361,200","20":"217,920"}}
[11:23:52] [INFO]: Query untuk mencari nomor payment terakhir: SELECT no_payment FROM payment WHERE no_payment LIKE 'PAY-OUT-2606%' ORDER BY no_payment DESC LIMIT 1
[11:23:52] [INFO]: Ditemukan payment sebelumnya di bulan yang sama.
[11:23:52] [INFO]: UPDATE pembelian_invoice SET status_payment = '2' WHERE no_invoice = '10022'
[11:24:12] [INFO]: Aksi payment accessed by user: 
[11:24:12] [INFO]: User Starttttt is authenticated. Processing action for route: payment_based_supplier and act: report
[11:24:12] [INFO]: Database connection established and helper functions included.
[11:24:12] [INFO]: location:../../main.php?route=payment_based_supplier&act=report&filter=supplier&nilai=SUPP-0141
[11:24:16] [INFO]: Memasuki halaman payment_tambah.php
[11:24:16] [INFO]: Query untuk mengambil detail invoice: SELECT pembelian_invoice.* , supplier.nama from pembelian_invoice JOIN supplier ON supplier.kd_supp = pembelian_invoice.kd_supp where no_invoice='4233'
[11:24:16] [INFO]: Query untuk mengambil detail invoice: SELECT * from pembelian_invoice_detail where no_invoice='4233' 
[11:24:16] [INFO]: Query untuk mengambil detail invoice: SELECT pid.*, b.nama, SUM(pd.disc) as tot_disc, p.ppn, pb.jumlah_datang as jumlah_barang_datang, p.tarif_ppn
                                                                        FROM
                                                                        pembelian p 
                                                                        join pembelian_detail pd on p.kd_beli = pd.kd_beli 
                                                                        join pembelian_invoice pi on pi.kd_po = p.kd_po 
                                                                        join pembelian_invoice_detail pid on pid.kd_po = pi.kd_po
                                                                        join barang b on pid.kd_brg = b.kd_brg 
                                                                        left join penerimaan_barang pb on pid.kd_brg =pb.kd_brg  and pid.kd_po =pb.kd_po 
                                                                        WHERE pid.no_invoice = '4233'
                                                                        GROUP BY pid.kd_po, pid.kd_brg;
                                                                        
[11:24:19] [INFO]: Query: SELECT no_account, deskripsi FROM account WHERE kd_jenis = '11'
[11:24:23] [INFO]: Aksi payment accessed by user: 
[11:24:23] [INFO]: User Starttttt is authenticated. Processing action for route: payment_add and act: input
[11:24:23] [INFO]: Database connection established and helper functions included.
[11:24:23] [INFO]: Memproses input payment dengan data: {"nomor_invoice":"4233","no_invoice":"PO-5472","kd_po":{"1":"PO-5472","2":"PO-5472","3":"PO-5472","4":"PO-5472","5":"PO-5472"},"nama_supplier":"NANAS","ppn":"0","tanggal_payment":"2026-06-08","metode_payment":"11","akun":"1001001","reff":"","jumlah_payment":"665130","status_lunas":"LUNAS","id":{"1":"4233","2":"4233","3":"4233","4":"4233","5":"4233"},"kd_brg":{"1":"8990090311501","2":"8992759170580","3":"8992803661644","4":"8992803662771","5":"8992856897779"},"jumlah_datang":{"1":"3","2":"48","3":"12","4":"12","5":"3"},"jumlah":{"1":"3","2":"48","3":"12","4":"12","5":"3"},"harga":{"1":"27,000","2":"7,500","3":"10,430","4":"5,560","5":"10,750"},"diskon":{"1":"0","2":"0","3":"0","4":"0","5":"0"},"subtotal":{"1":"81,000","2":"360,000","3":"125,160","4":"66,720","5":"32,250"}}
[11:24:23] [INFO]: Query untuk mencari nomor payment terakhir: SELECT no_payment FROM payment WHERE no_payment LIKE 'PAY-OUT-2606%' ORDER BY no_payment DESC LIMIT 1
[11:24:23] [INFO]: Ditemukan payment sebelumnya di bulan yang sama.
[11:24:23] [INFO]: UPDATE pembelian_invoice SET status_payment = '2' WHERE no_invoice = '4233'
[11:24:26] [INFO]: Memasuki halaman payment_tambah.php
[11:24:26] [INFO]: Query untuk mengambil detail invoice: SELECT pembelian_invoice.* , supplier.nama from pembelian_invoice JOIN supplier ON supplier.kd_supp = pembelian_invoice.kd_supp where no_invoice='4232'
[11:24:26] [INFO]: Query untuk mengambil detail invoice: SELECT * from pembelian_invoice_detail where no_invoice='4232' 
[11:24:26] [INFO]: Query untuk mengambil detail invoice: SELECT pid.*, b.nama, SUM(pd.disc) as tot_disc, p.ppn, pb.jumlah_datang as jumlah_barang_datang, p.tarif_ppn
                                                                        FROM
                                                                        pembelian p 
                                                                        join pembelian_detail pd on p.kd_beli = pd.kd_beli 
                                                                        join pembelian_invoice pi on pi.kd_po = p.kd_po 
                                                                        join pembelian_invoice_detail pid on pid.kd_po = pi.kd_po
                                                                        join barang b on pid.kd_brg = b.kd_brg 
                                                                        left join penerimaan_barang pb on pid.kd_brg =pb.kd_brg  and pid.kd_po =pb.kd_po 
                                                                        WHERE pid.no_invoice = '4232'
                                                                        GROUP BY pid.kd_po, pid.kd_brg;
                                                                        
[11:24:28] [INFO]: Memasuki halaman payment_tambah.php
[11:24:28] [INFO]: Query untuk mengambil detail invoice: SELECT pembelian_invoice.* , supplier.nama from pembelian_invoice JOIN supplier ON supplier.kd_supp = pembelian_invoice.kd_supp where no_invoice='4232'
[11:24:28] [INFO]: Query untuk mengambil detail invoice: SELECT * from pembelian_invoice_detail where no_invoice='4232' 
[11:24:28] [INFO]: Query untuk mengambil detail invoice: SELECT pid.*, b.nama, SUM(pd.disc) as tot_disc, p.ppn, pb.jumlah_datang as jumlah_barang_datang, p.tarif_ppn
                                                                        FROM
                                                                        pembelian p 
                                                                        join pembelian_detail pd on p.kd_beli = pd.kd_beli 
                                                                        join pembelian_invoice pi on pi.kd_po = p.kd_po 
                                                                        join pembelian_invoice_detail pid on pid.kd_po = pi.kd_po
                                                                        join barang b on pid.kd_brg = b.kd_brg 
                                                                        left join penerimaan_barang pb on pid.kd_brg =pb.kd_brg  and pid.kd_po =pb.kd_po 
                                                                        WHERE pid.no_invoice = '4232'
                                                                        GROUP BY pid.kd_po, pid.kd_brg;
                                                                        
[11:24:31] [INFO]: Query: SELECT no_account, deskripsi FROM account WHERE kd_jenis = '11'
[11:24:35] [INFO]: Aksi payment accessed by user: 
[11:24:35] [INFO]: User Starttttt is authenticated. Processing action for route: payment_add and act: input
[11:24:35] [INFO]: Database connection established and helper functions included.
[11:24:35] [INFO]: Memproses input payment dengan data: {"nomor_invoice":"4232","no_invoice":"PO-5471","kd_po":{"1":"PO-5471","2":"PO-5471","3":"PO-5471","4":"PO-5471","5":"PO-5471","6":"PO-5471","7":"PO-5471","8":"PO-5471","9":"PO-5471","10":"PO-5471","11":"PO-5471","12":"PO-5471","13":"PO-5471","14":"PO-5471","15":"PO-5471","16":"PO-5471","17":"PO-5471","18":"PO-5471","19":"PO-5471","20":"PO-5471","21":"PO-5471","22":"PO-5471","23":"PO-5471","24":"PO-5471"},"nama_supplier":"NANAS","ppn":"0","tanggal_payment":"2026-06-08","metode_payment":"11","akun":"1001001","reff":"","jumlah_payment":"1502850","status_lunas":"LUNAS","id":{"1":"4232","2":"4232","3":"4232","4":"4232","5":"4232","6":"4232","7":"4232","8":"4232","9":"4232","10":"4232","11":"4232","12":"4232","13":"4232","14":"4232","15":"4232","16":"4232","17":"4232","18":"4232","19":"4232","20":"4232","21":"4232","22":"4232","23":"4232","24":"4232"},"kd_brg":{"1":"88820309","2":"8888103006844","3":"8888103200013","4":"8888103203014","5":"8888103205018","6":"8993417229619","7":"8998103000534","8":"8998103000688","9":"8998103001593","10":"8998103006840","11":"8998103008158","12":"8998103011370","13":"8998103011813","14":"8998103011851","15":"8998103012360","16":"8998103012483","17":"8998103014388","18":"8998103017365","19":"8998103017600","20":"8998103018461","21":"8998103018485","22":"8998103018508","23":"8998103100685","24":"8998103204420"},"jumlah_datang":{"1":"6","2":"4","3":"6","4":"6","5":"12","6":"12","7":"6","8":"3","9":"6","10":"6","11":"8","12":"12","13":"6","14":"8","15":"6","16":"12","17":"4","18":"3","19":"3","20":"6","21":"6","22":"12","23":"4","24":"8"},"jumlah":{"1":"6","2":"4","3":"6","4":"6","5":"12","6":"12","7":"6","8":"3","9":"6","10":"6","11":"8","12":"12","13":"6","14":"8","15":"6","16":"12","17":"4","18":"3","19":"3","20":"6","21":"6","22":"12","23":"4","24":"8"},"harga":{"1":"7,400","2":"7,560","3":"3,800","4":"7,400","5":"11,350","6":"3,950","7":"3,800","8":"18,700","9":"6,150","10":"7,400","11":"16,250","12":"3,040","13":"7,400","14":"16,250","15":"12,100","16":"7,700","17":"7,560","18":"15,300","19":"56,650","20":"3,500","21":"3,500","22":"5,250","23":"7,560","24":"16,250"},"diskon":{"1":"0","2":"0","3":"0","4":"0","5":"0","6":"0","7":"0","8":"0","9":"0","10":"0","11":"0","12":"0","13":"0","14":"0","15":"0","16":"0","17":"0","18":"0","19":"0","20":"0","21":"0","22":"0","23":"0","24":"0"},"subtotal":{"1":"44,400","2":"30,240","3":"22,800","4":"44,400","5":"136,200","6":"47,400","7":"22,800","8":"56,100","9":"36,900","10":"44,400","11":"130,000","12":"36,480","13":"44,400","14":"130,000","15":"72,600","16":"92,400","17":"30,240","18":"45,900","19":"169,950","20":"21,000","21":"21,000","22":"63,000","23":"30,240","24":"130,000"}}
[11:24:35] [INFO]: Query untuk mencari nomor payment terakhir: SELECT no_payment FROM payment WHERE no_payment LIKE 'PAY-OUT-2606%' ORDER BY no_payment DESC LIMIT 1
[11:24:35] [INFO]: Ditemukan payment sebelumnya di bulan yang sama.
[11:24:35] [INFO]: UPDATE pembelian_invoice SET status_payment = '2' WHERE no_invoice = '4232'
[11:24:35] [INFO]: Aksi payment accessed by user: 
[11:24:35] [INFO]: User Starttttt is authenticated. Processing action for route: payment_add and act: input
[11:24:35] [INFO]: Database connection established and helper functions included.
[11:24:35] [INFO]: Memproses input payment dengan data: {"nomor_invoice":"4232","no_invoice":"PO-5471","kd_po":{"1":"PO-5471","2":"PO-5471","3":"PO-5471","4":"PO-5471","5":"PO-5471","6":"PO-5471","7":"PO-5471","8":"PO-5471","9":"PO-5471","10":"PO-5471","11":"PO-5471","12":"PO-5471","13":"PO-5471","14":"PO-5471","15":"PO-5471","16":"PO-5471","17":"PO-5471","18":"PO-5471","19":"PO-5471","20":"PO-5471","21":"PO-5471","22":"PO-5471","23":"PO-5471","24":"PO-5471"},"nama_supplier":"NANAS","ppn":"0","tanggal_payment":"2026-06-08","metode_payment":"11","akun":"1001001","reff":"","jumlah_payment":"1502850","status_lunas":"LUNAS","id":{"1":"4232","2":"4232","3":"4232","4":"4232","5":"4232","6":"4232","7":"4232","8":"4232","9":"4232","10":"4232","11":"4232","12":"4232","13":"4232","14":"4232","15":"4232","16":"4232","17":"4232","18":"4232","19":"4232","20":"4232","21":"4232","22":"4232","23":"4232","24":"4232"},"kd_brg":{"1":"88820309","2":"8888103006844","3":"8888103200013","4":"8888103203014","5":"8888103205018","6":"8993417229619","7":"8998103000534","8":"8998103000688","9":"8998103001593","10":"8998103006840","11":"8998103008158","12":"8998103011370","13":"8998103011813","14":"8998103011851","15":"8998103012360","16":"8998103012483","17":"8998103014388","18":"8998103017365","19":"8998103017600","20":"8998103018461","21":"8998103018485","22":"8998103018508","23":"8998103100685","24":"8998103204420"},"jumlah_datang":{"1":"6","2":"4","3":"6","4":"6","5":"12","6":"12","7":"6","8":"3","9":"6","10":"6","11":"8","12":"12","13":"6","14":"8","15":"6","16":"12","17":"4","18":"3","19":"3","20":"6","21":"6","22":"12","23":"4","24":"8"},"jumlah":{"1":"6","2":"4","3":"6","4":"6","5":"12","6":"12","7":"6","8":"3","9":"6","10":"6","11":"8","12":"12","13":"6","14":"8","15":"6","16":"12","17":"4","18":"3","19":"3","20":"6","21":"6","22":"12","23":"4","24":"8"},"harga":{"1":"7,400","2":"7,560","3":"3,800","4":"7,400","5":"11,350","6":"3,950","7":"3,800","8":"18,700","9":"6,150","10":"7,400","11":"16,250","12":"3,040","13":"7,400","14":"16,250","15":"12,100","16":"7,700","17":"7,560","18":"15,300","19":"56,650","20":"3,500","21":"3,500","22":"5,250","23":"7,560","24":"16,250"},"diskon":{"1":"0","2":"0","3":"0","4":"0","5":"0","6":"0","7":"0","8":"0","9":"0","10":"0","11":"0","12":"0","13":"0","14":"0","15":"0","16":"0","17":"0","18":"0","19":"0","20":"0","21":"0","22":"0","23":"0","24":"0"},"subtotal":{"1":"44,400","2":"30,240","3":"22,800","4":"44,400","5":"136,200","6":"47,400","7":"22,800","8":"56,100","9":"36,900","10":"44,400","11":"130,000","12":"36,480","13":"44,400","14":"130,000","15":"72,600","16":"92,400","17":"30,240","18":"45,900","19":"169,950","20":"21,000","21":"21,000","22":"63,000","23":"30,240","24":"130,000"}}
[11:24:35] [INFO]: Query untuk mencari nomor payment terakhir: SELECT no_payment FROM payment WHERE no_payment LIKE 'PAY-OUT-2606%' ORDER BY no_payment DESC LIMIT 1
[11:24:35] [INFO]: Ditemukan payment sebelumnya di bulan yang sama.
[11:24:35] [INFO]: UPDATE pembelian_invoice SET status_payment = '2' WHERE no_invoice = '4232'
[11:24:46] [INFO]: Memasuki halaman payment_tambah.php
[11:24:46] [INFO]: Query untuk mengambil detail invoice: SELECT pembelian_invoice.* , supplier.nama from pembelian_invoice JOIN supplier ON supplier.kd_supp = pembelian_invoice.kd_supp where no_invoice='30.3\'
[11:24:46] [INFO]: Query untuk mengambil detail invoice: SELECT * from pembelian_invoice_detail where no_invoice='30.3\' 
[11:24:46] [INFO]: Query untuk mengambil detail invoice: SELECT pid.*, b.nama, SUM(pd.disc) as tot_disc, p.ppn, pb.jumlah_datang as jumlah_barang_datang, p.tarif_ppn
                                                                        FROM
                                                                        pembelian p 
                                                                        join pembelian_detail pd on p.kd_beli = pd.kd_beli 
                                                                        join pembelian_invoice pi on pi.kd_po = p.kd_po 
                                                                        join pembelian_invoice_detail pid on pid.kd_po = pi.kd_po
                                                                        join barang b on pid.kd_brg = b.kd_brg 
                                                                        left join penerimaan_barang pb on pid.kd_brg =pb.kd_brg  and pid.kd_po =pb.kd_po 
                                                                        WHERE pid.no_invoice = '30.3\'
                                                                        GROUP BY pid.kd_po, pid.kd_brg;
                                                                        
[11:25:02] [INFO]: Aksi payment accessed by user: 
[11:25:02] [INFO]: User Starttttt is authenticated. Processing action for route: payment_based_supplier and act: report
[11:25:02] [INFO]: Database connection established and helper functions included.
[11:25:02] [INFO]: location:../../main.php?route=payment_based_supplier&act=report&filter=supplier&nilai=SUPP-0146
[11:25:11] [INFO]: Memasuki halaman payment_tambah.php
[11:25:11] [INFO]: Query untuk mengambil detail invoice: SELECT pembelian_invoice.* , supplier.nama from pembelian_invoice JOIN supplier ON supplier.kd_supp = pembelian_invoice.kd_supp where no_invoice='63882'
[11:25:11] [INFO]: Query untuk mengambil detail invoice: SELECT * from pembelian_invoice_detail where no_invoice='63882' 
[11:25:11] [INFO]: Query untuk mengambil detail invoice: SELECT pid.*, b.nama, SUM(pd.disc) as tot_disc, p.ppn, pb.jumlah_datang as jumlah_barang_datang, p.tarif_ppn
                                                                        FROM
                                                                        pembelian p 
                                                                        join pembelian_detail pd on p.kd_beli = pd.kd_beli 
                                                                        join pembelian_invoice pi on pi.kd_po = p.kd_po 
                                                                        join pembelian_invoice_detail pid on pid.kd_po = pi.kd_po
                                                                        join barang b on pid.kd_brg = b.kd_brg 
                                                                        left join penerimaan_barang pb on pid.kd_brg =pb.kd_brg  and pid.kd_po =pb.kd_po 
                                                                        WHERE pid.no_invoice = '63882'
                                                                        GROUP BY pid.kd_po, pid.kd_brg;
                                                                        
[11:25:15] [INFO]: Query: SELECT no_account, deskripsi FROM account WHERE kd_jenis = '11'
[11:25:19] [INFO]: Aksi payment accessed by user: 
[11:25:19] [INFO]: User Starttttt is authenticated. Processing action for route: payment_add and act: input
[11:25:19] [INFO]: Database connection established and helper functions included.
[11:25:19] [INFO]: Memproses input payment dengan data: {"nomor_invoice":"63882","no_invoice":"PO-5410","kd_po":{"1":"PO-5410","2":"PO-5410","3":"PO-5410","4":"PO-5410","5":"PO-5410","6":"PO-5410","7":"PO-5410","8":"PO-5410","9":"PO-5410","10":"PO-5410"},"nama_supplier":"NIAGATAMA RETALINDO","ppn":"0","tanggal_payment":"2026-06-08","metode_payment":"11","akun":"1001001","reff":"","jumlah_payment":"1604180","status_lunas":"LUNAS","id":{"1":"63882","2":"63882","3":"63882","4":"63882","5":"63882","6":"63882","7":"63882","8":"63882","9":"63882","10":"63882"},"kd_brg":{"1":"8996001401187","2":"8996001401194","3":"8996001401224","4":"8996001401255","5":"8996001401286","6":"8996001401293","7":"8996001520154","8":"8996001523391","9":"8998666001924","10":"8998666002549"},"jumlah_datang":{"1":"6","2":"2","3":"6","4":"2","5":"420","6":"180","7":"180","8":"180","9":"30","10":"30"},"jumlah":{"1":"6","2":"2","3":"6","4":"2","5":"420","6":"180","7":"180","8":"180","9":"30","10":"30"},"harga":{"1":"17,300","2":"17,300","3":"8,700","4":"17,300","5":"1,600","6":"1,600","7":"860","8":"1,000","9":"1,416","10":"1,390"},"diskon":{"1":"0","2":"0","3":"0","4":"0","5":"0","6":"0","7":"0","8":"0","9":"0","10":"0"},"subtotal":{"1":"103,800","2":"34,600","3":"52,200","4":"34,600","5":"672,000","6":"288,000","7":"154,800","8":"180,000","9":"42,480","10":"41,700"}}
[11:25:19] [INFO]: Query untuk mencari nomor payment terakhir: SELECT no_payment FROM payment WHERE no_payment LIKE 'PAY-OUT-2606%' ORDER BY no_payment DESC LIMIT 1
[11:25:19] [INFO]: Ditemukan payment sebelumnya di bulan yang sama.
[11:25:19] [INFO]: UPDATE pembelian_invoice SET status_payment = '2' WHERE no_invoice = '63882'
[11:25:26] [INFO]: Memasuki halaman payment_tambah.php
[11:25:26] [INFO]: Query untuk mengambil detail invoice: SELECT pembelian_invoice.* , supplier.nama from pembelian_invoice JOIN supplier ON supplier.kd_supp = pembelian_invoice.kd_supp where no_invoice='63881'
[11:25:26] [INFO]: Query untuk mengambil detail invoice: SELECT * from pembelian_invoice_detail where no_invoice='63881' 
[11:25:26] [INFO]: Query untuk mengambil detail invoice: SELECT pid.*, b.nama, SUM(pd.disc) as tot_disc, p.ppn, pb.jumlah_datang as jumlah_barang_datang, p.tarif_ppn
                                                                        FROM
                                                                        pembelian p 
                                                                        join pembelian_detail pd on p.kd_beli = pd.kd_beli 
                                                                        join pembelian_invoice pi on pi.kd_po = p.kd_po 
                                                                        join pembelian_invoice_detail pid on pid.kd_po = pi.kd_po
                                                                        join barang b on pid.kd_brg = b.kd_brg 
                                                                        left join penerimaan_barang pb on pid.kd_brg =pb.kd_brg  and pid.kd_po =pb.kd_po 
                                                                        WHERE pid.no_invoice = '63881'
                                                                        GROUP BY pid.kd_po, pid.kd_brg;
                                                                        
[11:25:30] [INFO]: Query: SELECT no_account, deskripsi FROM account WHERE kd_jenis = '11'
[11:25:33] [INFO]: Aksi payment accessed by user: 
[11:25:33] [INFO]: User Starttttt is authenticated. Processing action for route: payment_add and act: input
[11:25:33] [INFO]: Database connection established and helper functions included.
[11:25:33] [INFO]: Memproses input payment dengan data: {"nomor_invoice":"63881","no_invoice":"PO-5409","kd_po":{"1":"PO-5409"},"nama_supplier":"NIAGATAMA RETALINDO","ppn":"0","tanggal_payment":"2026-06-08","metode_payment":"11","akun":"1001001","reff":"","jumlah_payment":"50080","status_lunas":"LUNAS","id":{"1":"63881"},"kd_brg":{"1":"8996001401408"},"jumlah_datang":{"1":"32"},"jumlah":{"1":"32"},"harga":{"1":"1,565"},"diskon":{"1":"0"},"subtotal":{"1":"50,080"}}
[11:25:33] [INFO]: Query untuk mencari nomor payment terakhir: SELECT no_payment FROM payment WHERE no_payment LIKE 'PAY-OUT-2606%' ORDER BY no_payment DESC LIMIT 1
[11:25:33] [INFO]: Ditemukan payment sebelumnya di bulan yang sama.
[11:25:33] [INFO]: UPDATE pembelian_invoice SET status_payment = '2' WHERE no_invoice = '63881'
[11:25:58] [INFO]: Aksi payment accessed by user: 
[11:25:58] [INFO]: User Starttttt is authenticated. Processing action for route: payment_based_supplier and act: report
[11:25:58] [INFO]: Database connection established and helper functions included.
[11:25:58] [INFO]: location:../../main.php?route=payment_based_supplier&act=report&filter=supplier&nilai=SUPP-0260
[11:26:04] [INFO]: Memasuki halaman payment_tambah.php
[11:26:04] [INFO]: Query untuk mengambil detail invoice: SELECT pembelian_invoice.* , supplier.nama from pembelian_invoice JOIN supplier ON supplier.kd_supp = pembelian_invoice.kd_supp where no_invoice='03764'
[11:26:04] [INFO]: Query untuk mengambil detail invoice: SELECT * from pembelian_invoice_detail where no_invoice='03764' 
[11:26:04] [INFO]: Query untuk mengambil detail invoice: SELECT pid.*, b.nama, SUM(pd.disc) as tot_disc, p.ppn, pb.jumlah_datang as jumlah_barang_datang, p.tarif_ppn
                                                                        FROM
                                                                        pembelian p 
                                                                        join pembelian_detail pd on p.kd_beli = pd.kd_beli 
                                                                        join pembelian_invoice pi on pi.kd_po = p.kd_po 
                                                                        join pembelian_invoice_detail pid on pid.kd_po = pi.kd_po
                                                                        join barang b on pid.kd_brg = b.kd_brg 
                                                                        left join penerimaan_barang pb on pid.kd_brg =pb.kd_brg  and pid.kd_po =pb.kd_po 
                                                                        WHERE pid.no_invoice = '03764'
                                                                        GROUP BY pid.kd_po, pid.kd_brg;
                                                                        
[11:26:08] [INFO]: Query: SELECT no_account, deskripsi FROM account WHERE kd_jenis = '11'
[11:26:12] [INFO]: Aksi payment accessed by user: 
[11:26:12] [INFO]: User Starttttt is authenticated. Processing action for route: payment_add and act: input
[11:26:12] [INFO]: Database connection established and helper functions included.
[11:26:12] [INFO]: Memproses input payment dengan data: {"nomor_invoice":"03764","no_invoice":"PO-5522","kd_po":{"1":"PO-5522","2":"PO-5522","3":"PO-5522","4":"PO-5522","5":"PO-5522","6":"PO-5522"},"nama_supplier":"CV TIGA BINTANG SEJAHTERA ","ppn":"0","tanggal_payment":"2026-06-08","metode_payment":"11","akun":"1001001","reff":"","jumlah_payment":"3428320","status_lunas":"LUNAS","id":{"1":"03764","2":"03764","3":"03764","4":"03764","5":"03764","6":"03764"},"kd_brg":{"1":"8997015470589","2":"8997015470596","3":"8997015470886","4":"8997225400314","5":"8997225400338","6":"8998127310282"},"jumlah_datang":{"1":"30","2":"30","3":"30","4":"120","5":"60","6":"10"},"jumlah":{"1":"30","2":"30","3":"30","4":"120","5":"60","6":"10"},"harga":{"1":"2,266","2":"2,000","3":"1,999","4":"17,916","5":"17,166","6":"6,049"},"diskon":{"1":"0","2":"0","3":"0","4":"0","5":"0","6":"0"},"subtotal":{"1":"67,980","2":"60,000","3":"59,970","4":"2,149,920","5":"1,029,960","6":"60,490"}}
[11:26:12] [INFO]: Query untuk mencari nomor payment terakhir: SELECT no_payment FROM payment WHERE no_payment LIKE 'PAY-OUT-2606%' ORDER BY no_payment DESC LIMIT 1
[11:26:12] [INFO]: Ditemukan payment sebelumnya di bulan yang sama.
[11:26:12] [INFO]: UPDATE pembelian_invoice SET status_payment = '2' WHERE no_invoice = '03764'
[11:26:44] [INFO]: Aksi payment accessed by user: 
[11:26:44] [INFO]: User Starttttt is authenticated. Processing action for route: payment_based_supplier and act: report
[11:26:44] [INFO]: Database connection established and helper functions included.
[11:26:44] [INFO]: location:../../main.php?route=payment_based_supplier&act=report&filter=supplier&nilai=SUPP-0259
[11:26:50] [INFO]: Memasuki halaman payment_tambah.php
[11:26:50] [INFO]: Query untuk mengambil detail invoice: SELECT pembelian_invoice.* , supplier.nama from pembelian_invoice JOIN supplier ON supplier.kd_supp = pembelian_invoice.kd_supp where no_invoice='5612'
[11:26:50] [INFO]: Query untuk mengambil detail invoice: SELECT * from pembelian_invoice_detail where no_invoice='5612' 
[11:26:50] [INFO]: Query untuk mengambil detail invoice: SELECT pid.*, b.nama, SUM(pd.disc) as tot_disc, p.ppn, pb.jumlah_datang as jumlah_barang_datang, p.tarif_ppn
                                                                        FROM
                                                                        pembelian p 
                                                                        join pembelian_detail pd on p.kd_beli = pd.kd_beli 
                                                                        join pembelian_invoice pi on pi.kd_po = p.kd_po 
                                                                        join pembelian_invoice_detail pid on pid.kd_po = pi.kd_po
                                                                        join barang b on pid.kd_brg = b.kd_brg 
                                                                        left join penerimaan_barang pb on pid.kd_brg =pb.kd_brg  and pid.kd_po =pb.kd_po 
                                                                        WHERE pid.no_invoice = '5612'
                                                                        GROUP BY pid.kd_po, pid.kd_brg;
                                                                        
[11:29:50] [INFO]: Aksi payment accessed by user: 
[11:29:50] [INFO]: User Starttttt is authenticated. Processing action for route: payment_based_supplier and act: report
[11:29:50] [INFO]: Database connection established and helper functions included.
[11:29:50] [INFO]: location:../../main.php?route=payment_based_supplier&act=report&filter=supplier&nilai=SUPP-0224
[11:29:52] [INFO]: Memasuki halaman payment_tambah.php
[11:29:52] [INFO]: Query untuk mengambil detail invoice: SELECT pembelian_invoice.* , supplier.nama from pembelian_invoice JOIN supplier ON supplier.kd_supp = pembelian_invoice.kd_supp where no_invoice='24.5.26'
[11:29:52] [INFO]: Query untuk mengambil detail invoice: SELECT * from pembelian_invoice_detail where no_invoice='24.5.26' 
[11:29:52] [INFO]: Query untuk mengambil detail invoice: SELECT pid.*, b.nama, SUM(pd.disc) as tot_disc, p.ppn, pb.jumlah_datang as jumlah_barang_datang, p.tarif_ppn
                                                                        FROM
                                                                        pembelian p 
                                                                        join pembelian_detail pd on p.kd_beli = pd.kd_beli 
                                                                        join pembelian_invoice pi on pi.kd_po = p.kd_po 
                                                                        join pembelian_invoice_detail pid on pid.kd_po = pi.kd_po
                                                                        join barang b on pid.kd_brg = b.kd_brg 
                                                                        left join penerimaan_barang pb on pid.kd_brg =pb.kd_brg  and pid.kd_po =pb.kd_po 
                                                                        WHERE pid.no_invoice = '24.5.26'
                                                                        GROUP BY pid.kd_po, pid.kd_brg;
                                                                        
[11:29:56] [INFO]: Query: SELECT no_account, deskripsi FROM account WHERE kd_jenis = '11'
[11:30:00] [INFO]: Aksi payment accessed by user: 
[11:30:00] [INFO]: User Starttttt is authenticated. Processing action for route: payment_add and act: input
[11:30:00] [INFO]: Database connection established and helper functions included.
[11:30:00] [INFO]: Memproses input payment dengan data: {"nomor_invoice":"24.5.26","no_invoice":"KONS-0675","kd_po":{"1":"KONS-0675"},"nama_supplier":"TEH YUYUN","ppn":"0","tanggal_payment":"2026-06-08","metode_payment":"11","akun":"1001001","reff":"","jumlah_payment":"208000","status_lunas":"LUNAS","id":{"1":"24.5.26"},"kd_brg":{"1":"40026"},"jumlah_datang":{"1":"26"},"jumlah":{"1":"26"},"harga":{"1":"8,000"},"diskon":{"1":"0"},"subtotal":{"1":"208,000"}}
[11:30:00] [INFO]: Query untuk mencari nomor payment terakhir: SELECT no_payment FROM payment WHERE no_payment LIKE 'PAY-OUT-2606%' ORDER BY no_payment DESC LIMIT 1
[11:30:00] [INFO]: Ditemukan payment sebelumnya di bulan yang sama.
[11:30:00] [INFO]: UPDATE pembelian_invoice SET status_payment = '2' WHERE no_invoice = '24.5.26'
[11:38:58] [INFO]: Aksi payment accessed by user: 
[11:38:58] [INFO]: User Starttttt is authenticated. Processing action for route: payment_based_supplier and act: report
[11:38:58] [INFO]: Database connection established and helper functions included.
[11:38:58] [INFO]: location:../../main.php?route=payment_based_supplier&act=report&filter=supplier&nilai=SUPP-0003
[11:38:59] [INFO]: Memasuki halaman payment_tambah.php
[11:38:59] [INFO]: Query untuk mengambil detail invoice: SELECT pembelian_invoice.* , supplier.nama from pembelian_invoice JOIN supplier ON supplier.kd_supp = pembelian_invoice.kd_supp where no_invoice='4.5.26..'
[11:38:59] [INFO]: Query untuk mengambil detail invoice: SELECT * from pembelian_invoice_detail where no_invoice='4.5.26..' 
[11:38:59] [INFO]: Query untuk mengambil detail invoice: SELECT pid.*, b.nama, SUM(pd.disc) as tot_disc, p.ppn, pb.jumlah_datang as jumlah_barang_datang, p.tarif_ppn
                                                                        FROM
                                                                        pembelian p 
                                                                        join pembelian_detail pd on p.kd_beli = pd.kd_beli 
                                                                        join pembelian_invoice pi on pi.kd_po = p.kd_po 
                                                                        join pembelian_invoice_detail pid on pid.kd_po = pi.kd_po
                                                                        join barang b on pid.kd_brg = b.kd_brg 
                                                                        left join penerimaan_barang pb on pid.kd_brg =pb.kd_brg  and pid.kd_po =pb.kd_po 
                                                                        WHERE pid.no_invoice = '4.5.26..'
                                                                        GROUP BY pid.kd_po, pid.kd_brg;
                                                                        
[11:39:03] [INFO]: Query: SELECT no_account, deskripsi FROM account WHERE kd_jenis = '11'
[11:39:06] [INFO]: Aksi payment accessed by user: 
[11:39:06] [INFO]: User Starttttt is authenticated. Processing action for route: payment_add and act: input
[11:39:06] [INFO]: Database connection established and helper functions included.
[11:39:06] [INFO]: Memproses input payment dengan data: {"nomor_invoice":"4.5.26..","no_invoice":"KONS-0663","kd_po":{"1":"KONS-0663","2":"KONS-0663","3":"KONS-0663"},"nama_supplier":"ABON MW","ppn":"0","tanggal_payment":"2026-06-08","metode_payment":"11","akun":"1001001","reff":"","jumlah_payment":"447000","status_lunas":"LUNAS","id":{"1":"4.5.26..","2":"4.5.26..","3":"4.5.26.."},"kd_brg":{"1":"504739","2":"504740","3":"504741"},"jumlah_datang":{"1":"10","2":"2","3":"3"},"jumlah":{"1":"10","2":"2","3":"3"},"harga":{"1":"26,000","2":"26,000","3":"45,000"},"diskon":{"1":"0","2":"0","3":"0"},"subtotal":{"1":"260,000","2":"52,000","3":"135,000"}}
[11:39:06] [INFO]: Query untuk mencari nomor payment terakhir: SELECT no_payment FROM payment WHERE no_payment LIKE 'PAY-OUT-2606%' ORDER BY no_payment DESC LIMIT 1
[11:39:06] [INFO]: Ditemukan payment sebelumnya di bulan yang sama.
[11:39:06] [INFO]: UPDATE pembelian_invoice SET status_payment = '2' WHERE no_invoice = '4.5.26..'
[11:42:11] [INFO]: Aksi payment accessed by user: 
[11:42:11] [INFO]: User Starttttt is authenticated. Processing action for route: payment_based_supplier and act: report
[11:42:11] [INFO]: Database connection established and helper functions included.
[11:42:11] [INFO]: location:../../main.php?route=payment_based_supplier&act=report&filter=supplier&nilai=SUPP-0224
[11:42:16] [INFO]: Memasuki halaman payment_tambah.php
[11:42:16] [INFO]: Query untuk mengambil detail invoice: SELECT pembelian_invoice.* , supplier.nama from pembelian_invoice JOIN supplier ON supplier.kd_supp = pembelian_invoice.kd_supp where no_invoice='17.5.26'
[11:42:16] [INFO]: Query untuk mengambil detail invoice: SELECT * from pembelian_invoice_detail where no_invoice='17.5.26' 
[11:42:16] [INFO]: Query untuk mengambil detail invoice: SELECT pid.*, b.nama, SUM(pd.disc) as tot_disc, p.ppn, pb.jumlah_datang as jumlah_barang_datang, p.tarif_ppn
                                                                        FROM
                                                                        pembelian p 
                                                                        join pembelian_detail pd on p.kd_beli = pd.kd_beli 
                                                                        join pembelian_invoice pi on pi.kd_po = p.kd_po 
                                                                        join pembelian_invoice_detail pid on pid.kd_po = pi.kd_po
                                                                        join barang b on pid.kd_brg = b.kd_brg 
                                                                        left join penerimaan_barang pb on pid.kd_brg =pb.kd_brg  and pid.kd_po =pb.kd_po 
                                                                        WHERE pid.no_invoice = '17.5.26'
                                                                        GROUP BY pid.kd_po, pid.kd_brg;
                                                                        
[11:42:20] [INFO]: Query: SELECT no_account, deskripsi FROM account WHERE kd_jenis = '11'
[11:42:23] [INFO]: Aksi payment accessed by user: 
[11:42:23] [INFO]: User Starttttt is authenticated. Processing action for route: payment_add and act: input
[11:42:23] [INFO]: Database connection established and helper functions included.
[11:42:23] [INFO]: Memproses input payment dengan data: {"nomor_invoice":"17.5.26","no_invoice":"KONS-0668","kd_po":{"1":"KONS-0668"},"nama_supplier":"TEH YUYUN","ppn":"0","tanggal_payment":"2026-06-08","metode_payment":"11","akun":"1001001","reff":"","jumlah_payment":"119000","status_lunas":"LUNAS","id":{"1":"17.5.26"},"kd_brg":{"1":"40025"},"jumlah_datang":{"1":"17"},"jumlah":{"1":"17"},"harga":{"1":"7,000"},"diskon":{"1":"0"},"subtotal":{"1":"119,000"}}
[11:42:23] [INFO]: Query untuk mencari nomor payment terakhir: SELECT no_payment FROM payment WHERE no_payment LIKE 'PAY-OUT-2606%' ORDER BY no_payment DESC LIMIT 1
[11:42:23] [INFO]: Ditemukan payment sebelumnya di bulan yang sama.
[11:42:23] [INFO]: UPDATE pembelian_invoice SET status_payment = '2' WHERE no_invoice = '17.5.26'
[11:42:29] [INFO]: Memasuki halaman payment_tambah.php
[11:42:29] [INFO]: Query untuk mengambil detail invoice: SELECT pembelian_invoice.* , supplier.nama from pembelian_invoice JOIN supplier ON supplier.kd_supp = pembelian_invoice.kd_supp where no_invoice='19.5.26..'
[11:42:29] [INFO]: Query untuk mengambil detail invoice: SELECT * from pembelian_invoice_detail where no_invoice='19.5.26..' 
[11:42:29] [INFO]: Query untuk mengambil detail invoice: SELECT pid.*, b.nama, SUM(pd.disc) as tot_disc, p.ppn, pb.jumlah_datang as jumlah_barang_datang, p.tarif_ppn
                                                                        FROM
                                                                        pembelian p 
                                                                        join pembelian_detail pd on p.kd_beli = pd.kd_beli 
                                                                        join pembelian_invoice pi on pi.kd_po = p.kd_po 
                                                                        join pembelian_invoice_detail pid on pid.kd_po = pi.kd_po
                                                                        join barang b on pid.kd_brg = b.kd_brg 
                                                                        left join penerimaan_barang pb on pid.kd_brg =pb.kd_brg  and pid.kd_po =pb.kd_po 
                                                                        WHERE pid.no_invoice = '19.5.26..'
                                                                        GROUP BY pid.kd_po, pid.kd_brg;
                                                                        
[11:42:34] [INFO]: Query: SELECT no_account, deskripsi FROM account WHERE kd_jenis = '11'
[11:42:39] [INFO]: Aksi payment accessed by user: 
[11:42:39] [INFO]: User Starttttt is authenticated. Processing action for route: payment_add and act: input
[11:42:39] [INFO]: Database connection established and helper functions included.
[11:42:39] [INFO]: Memproses input payment dengan data: {"nomor_invoice":"19.5.26..","no_invoice":"KONS-0672","kd_po":{"1":"KONS-0672"},"nama_supplier":"TEH YUYUN","ppn":"0","tanggal_payment":"2026-06-08","metode_payment":"11","akun":"1001001","reff":"","jumlah_payment":"184000","status_lunas":"LUNAS","id":{"1":"19.5.26.."},"kd_brg":{"1":"40026"},"jumlah_datang":{"1":"23"},"jumlah":{"1":"23"},"harga":{"1":"8,000"},"diskon":{"1":"0"},"subtotal":{"1":"184,000"}}
[11:42:39] [INFO]: Query untuk mencari nomor payment terakhir: SELECT no_payment FROM payment WHERE no_payment LIKE 'PAY-OUT-2606%' ORDER BY no_payment DESC LIMIT 1
[11:42:39] [INFO]: Ditemukan payment sebelumnya di bulan yang sama.
[11:42:39] [INFO]: UPDATE pembelian_invoice SET status_payment = '2' WHERE no_invoice = '19.5.26..'
