[08:05:07] [INFO]: tetsst
[08:05:12] [INFO]: sgfdgfggfd
[08:05:12] [INFO]: 
                SELECT 
                    pd.no_invoice, pd.kd_po, pd.kd_brg, pd.nilai, pd.disc, pd.jml_pcs,
                    barang.nama AS nama_barang, 
                    SUM(pembelian_detail.disc) AS tot_disc, 
                    pembelian.ppn, 
                    pb.jumlah_datang AS jumlah_barang_datang, 
                    pembelian.tarif_ppn, 
                    supplier.nama AS nama_supp, 
                    supplier.kd_supp,
                    pembelian_invoice.tanggal_invoice
                FROM pembelian_invoice_detail pd
                JOIN barang ON barang.kd_brg = pd.kd_brg
                JOIN pembelian ON pembelian.kd_po = pd.kd_po
                JOIN supplier ON supplier.kd_supp = pembelian.kd_supp
                JOIN pembelian_invoice ON pembelian_invoice.no_invoice = pd.no_invoice
                JOIN pembelian_detail ON pembelian_detail.kd_po = pd.kd_po AND pembelian_detail.kd_brg = pd.kd_brg
                LEFT JOIN penerimaan_barang pb ON pb.kd_po = pd.kd_po AND pb.kd_brg = pd.kd_brg
                WHERE pembelian_invoice.tanggal_invoice BETWEEN '2026-04-01' AND '2026-04-18'
                
                GROUP BY pd.kd_po, pd.kd_brg
                ORDER BY supplier.kd_supp, pembelian_invoice.tanggal_invoice ASC;
            
[08:09:37] [INFO]: tetsst
[08:09:43] [INFO]: sgfdgfggfd
[08:09:43] [INFO]: 
                SELECT 
                    pd.no_invoice, pd.kd_po, pd.kd_brg, pd.nilai, pd.disc, pd.jml_pcs,
                    barang.nama AS nama_barang, 
                    SUM(pembelian_detail.disc) AS tot_disc, 
                    pembelian.ppn, 
                    pb.jumlah_datang AS jumlah_barang_datang, 
                    pembelian.tarif_ppn, 
                    supplier.nama AS nama_supp, 
                    supplier.kd_supp,
                    pembelian_invoice.tanggal_invoice
                FROM pembelian_invoice_detail pd
                JOIN barang ON barang.kd_brg = pd.kd_brg
                JOIN pembelian ON pembelian.kd_po = pd.kd_po
                JOIN supplier ON supplier.kd_supp = pembelian.kd_supp
                JOIN pembelian_invoice ON pembelian_invoice.no_invoice = pd.no_invoice
                JOIN pembelian_detail ON pembelian_detail.kd_po = pd.kd_po AND pembelian_detail.kd_brg = pd.kd_brg
                LEFT JOIN penerimaan_barang pb ON pb.kd_po = pd.kd_po AND pb.kd_brg = pd.kd_brg
                WHERE pembelian_invoice.tanggal_invoice BETWEEN '2026-04-01' AND '2026-04-18'
                
                GROUP BY pd.kd_po, pd.kd_brg
                ORDER BY supplier.kd_supp, pembelian_invoice.tanggal_invoice ASC;
            
[08:18:21] [INFO]: tetsst
[08:18:28] [INFO]: sgfdgfggfd
[08:18:28] [INFO]: 
                SELECT 
                    pd.no_invoice, pd.kd_po, pd.kd_brg, pd.nilai, pd.disc, pd.jml_pcs,
                    barang.nama AS nama_barang, 
                    SUM(pembelian_detail.disc) AS tot_disc, 
                    pembelian.ppn, 
                    pb.jumlah_datang AS jumlah_barang_datang, 
                    pembelian.tarif_ppn, 
                    supplier.nama AS nama_supp, 
                    supplier.kd_supp,
                    pembelian_invoice.tanggal_invoice
                FROM pembelian_invoice_detail pd
                JOIN barang ON barang.kd_brg = pd.kd_brg
                JOIN pembelian ON pembelian.kd_po = pd.kd_po
                JOIN supplier ON supplier.kd_supp = pembelian.kd_supp
                JOIN pembelian_invoice ON pembelian_invoice.no_invoice = pd.no_invoice
                JOIN pembelian_detail ON pembelian_detail.kd_po = pd.kd_po AND pembelian_detail.kd_brg = pd.kd_brg
                LEFT JOIN penerimaan_barang pb ON pb.kd_po = pd.kd_po AND pb.kd_brg = pd.kd_brg
                WHERE pembelian_invoice.tanggal_invoice BETWEEN '2026-04-01' AND '2026-04-18'
                
                GROUP BY pd.kd_po, pd.kd_brg
                ORDER BY supplier.kd_supp, pembelian_invoice.tanggal_invoice ASC;
            
[08:24:02] [INFO]: tetsst
[08:57:16] [INFO]: tetsst
[08:57:23] [INFO]: sgfdgfggfd
[08:57:23] [INFO]: 
            SELECT 
                pd.*, 
                barang.nama, 
                SUM(pembelian_detail.disc) AS tot_disc, 
                pembelian.ppn, 
                pb.jumlah_datang AS jumlah_barang_datang, 
                pembelian.tarif_ppn, 
                supplier.nama AS nama_supp, 
                supplier.kd_supp,
                pembelian_invoice.tanggal_invoice
            FROM pembelian_invoice_detail pd
            JOIN barang ON barang.kd_brg = pd.kd_brg
            JOIN pembelian ON pembelian.kd_po = pd.kd_po
            JOIN supplier ON supplier.kd_supp = pembelian.kd_supp
            JOIN pembelian_invoice ON pembelian_invoice.no_invoice = pd.no_invoice
            JOIN pembelian_detail ON pembelian_detail.kd_po = pd.kd_po AND pembelian_detail.kd_brg = pd.kd_brg
            LEFT JOIN penerimaan_barang pb ON pd.kd_po = pb.kd_po AND pd.kd_brg = pb.kd_brg
            WHERE pembelian_invoice.tanggal_invoice BETWEEN '2026-04-01' AND '2026-04-18'
            GROUP BY pd.kd_po, pd.kd_brg
            ORDER BY kd_supp, tanggal_invoice ASC;
        
[09:28:14] [INFO]: tetsst
[09:28:23] [INFO]: sgfdgfggfd
[09:28:23] [INFO]: 
            SELECT 
                pd.*, 
                b.nama, 
                SUM(pembelian_detail.disc) AS tot_disc, 
                p.ppn, 
                pb.jumlah_datang AS jumlah_barang_datang, 
                p.tarif_ppn, 
                s.nama AS nama_supp, 
                p.kd_supp,
                pi.tanggal_invoice
            from 
              pembelian_invoice pi
              join pembelian_invoice_detail pid  on pid.no_invoice = pi.no_invoice
              join pembelian p on p.kd_po  = pi.kd_po 
              join pembelian_detail pd on p.kd_beli = pd.kd_beli and pd.kd_brg  = pid.kd_brg
              join supplier s on s.kd_supp =p.kd_supp 
              join barang b on b.kd_brg =pd.kd_brg 
              left join penerimaan_barang pb on pd.kd_po=pb.kd_po and pd.kd_brg = pb.kd_brg 
            WHERE pi.tanggal_invoice BETWEEN '2026-04-01' AND '2026-04-18'
            GROUP BY pid.kd_po, pid.kd_brg
            ORDER BY p.kd_supp, pi.tanggal_invoice ASC;
        
[09:28:23] [INFO]: Unknown column 'pembelian_detail.disc' in 'field list'
[09:29:45] [INFO]: tetsst
[09:29:53] [INFO]: sgfdgfggfd
[09:29:53] [INFO]: 
            SELECT 
                pd.*, 
                b.nama, 
                SUM(pd.disc) AS tot_disc, 
                p.ppn, 
                pb.jumlah_datang AS jumlah_barang_datang, 
                p.tarif_ppn, 
                s.nama AS nama_supp, 
                p.kd_supp,
                pi.tanggal_invoice
            from 
              pembelian_invoice pi
              join pembelian_invoice_detail pid  on pid.no_invoice = pi.no_invoice
              join pembelian p on p.kd_po  = pi.kd_po 
              join pembelian_detail pd on p.kd_beli = pd.kd_beli and pd.kd_brg  = pid.kd_brg
              join supplier s on s.kd_supp =p.kd_supp 
              join barang b on b.kd_brg =pd.kd_brg 
              left join penerimaan_barang pb on pd.kd_po=pb.kd_po and pd.kd_brg = pb.kd_brg 
            WHERE pi.tanggal_invoice BETWEEN '2026-04-01' AND '2026-04-18'
            GROUP BY pid.kd_po, pid.kd_brg
            ORDER BY p.kd_supp, pi.tanggal_invoice ASC;
        
[09:32:23] [INFO]: tetsst
[09:32:29] [INFO]: sgfdgfggfd
[09:34:10] [INFO]: tetsst
[09:34:15] [INFO]: sgfdgfggfd
[09:35:35] [INFO]: tetsst
[09:35:42] [INFO]: sgfdgfggfd
[09:36:23] [INFO]: tetsst
[09:41:10] [INFO]: sgfdgfggfd
[09:42:04] [INFO]: tetsst
[09:42:22] [INFO]: sgfdgfggfd
[09:43:10] [INFO]: tetsst
[09:43:20] [INFO]: sgfdgfggfd
[09:46:06] [INFO]: tetsst
[09:46:15] [INFO]: sgfdgfggfd
[09:47:13] [INFO]: tetsst
[09:47:28] [INFO]: sgfdgfggfd
