[16:16:09] [INFO]: tetsst
[16:16:23] [INFO]: tetsst
[16:16:33] [INFO]: sgfdgfggfd
[16:16:33] [INFO]: yyyyyyyy
[16:16:33] [INFO]: 
             SELECT 
                pid.*, 
                b.nama, 
                p.no_faktur,
                SUM(pd.disc) AS tot_disc, 
                p.ppn, 
                pb.jumlah_datang AS jumlah_barang_datang, 
                p.tarif_ppn, 
                s.nama AS nama_supp, 
                p.kd_supp,
                pi.tanggal_invoice,
                pid.no_invoice
            from 
              pembelian_invoice pi
              join pembelian_invoice_detail pid  on pid.no_invoice = pi.no_invoice
              join pembelian p on p.kd_po  = pi.kd_po 
              join pembelian_detail pd on p.kd_beli = pd.kd_beli and pd.kd_brg  = pid.kd_brg
              join supplier s on s.kd_supp =p.kd_supp 
              join barang b on b.kd_brg =pd.kd_brg 
              left join penerimaan_barang pb on pd.kd_po=pb.kd_po and pd.kd_brg = pb.kd_brg 
            WHERE pi.tanggal_invoice BETWEEN '2026-05-26' AND '2026-05-26'
            GROUP BY pid.kd_po, pid.kd_brg
            ORDER BY p.kd_supp, pi.tanggal_invoice ASC;
        
[18:12:45] [INFO]: tetsst
[18:13:02] [INFO]: sgfdgfggfd
[18:13:02] [INFO]: yyyyyyyy
[18:13:02] [INFO]: 
             SELECT 
                pid.*, 
                b.nama, 
                p.no_faktur,
                SUM(pd.disc) AS tot_disc, 
                p.ppn, 
                pb.jumlah_datang AS jumlah_barang_datang, 
                p.tarif_ppn, 
                s.nama AS nama_supp, 
                p.kd_supp,
                pi.tanggal_invoice,
                pid.no_invoice
            from 
              pembelian_invoice pi
              join pembelian_invoice_detail pid  on pid.no_invoice = pi.no_invoice
              join pembelian p on p.kd_po  = pi.kd_po 
              join pembelian_detail pd on p.kd_beli = pd.kd_beli and pd.kd_brg  = pid.kd_brg
              join supplier s on s.kd_supp =p.kd_supp 
              join barang b on b.kd_brg =pd.kd_brg 
              left join penerimaan_barang pb on pd.kd_po=pb.kd_po and pd.kd_brg = pb.kd_brg 
            WHERE pi.tanggal_invoice BETWEEN '2026-05-26' AND '2026-05-26'
            GROUP BY pid.kd_po, pid.kd_brg
            ORDER BY p.kd_supp, pi.tanggal_invoice ASC;
        
[18:13:08] [INFO]: tetsst
[18:13:14] [INFO]: sgfdgfggfd
[18:13:14] [INFO]: yyyyyyyy
[18:13:14] [INFO]: 
             SELECT 
                pid.*, 
                b.nama, 
                p.no_faktur,
                SUM(pd.disc) AS tot_disc, 
                p.ppn, 
                pb.jumlah_datang AS jumlah_barang_datang, 
                p.tarif_ppn, 
                s.nama AS nama_supp, 
                p.kd_supp,
                pi.tanggal_invoice,
                pid.no_invoice
            from 
              pembelian_invoice pi
              join pembelian_invoice_detail pid  on pid.no_invoice = pi.no_invoice
              join pembelian p on p.kd_po  = pi.kd_po 
              join pembelian_detail pd on p.kd_beli = pd.kd_beli and pd.kd_brg  = pid.kd_brg
              join supplier s on s.kd_supp =p.kd_supp 
              join barang b on b.kd_brg =pd.kd_brg 
              left join penerimaan_barang pb on pd.kd_po=pb.kd_po and pd.kd_brg = pb.kd_brg 
            WHERE pi.tanggal_invoice BETWEEN '2026-05-27' AND '2026-05-27'
            GROUP BY pid.kd_po, pid.kd_brg
            ORDER BY p.kd_supp, pi.tanggal_invoice ASC;
        
[18:13:17] [INFO]: tetsst
[18:13:22] [INFO]: sgfdgfggfd
[18:13:22] [INFO]: yyyyyyyy
[18:13:22] [INFO]: 
             SELECT 
                pid.*, 
                b.nama, 
                p.no_faktur,
                SUM(pd.disc) AS tot_disc, 
                p.ppn, 
                pb.jumlah_datang AS jumlah_barang_datang, 
                p.tarif_ppn, 
                s.nama AS nama_supp, 
                p.kd_supp,
                pi.tanggal_invoice,
                pid.no_invoice
            from 
              pembelian_invoice pi
              join pembelian_invoice_detail pid  on pid.no_invoice = pi.no_invoice
              join pembelian p on p.kd_po  = pi.kd_po 
              join pembelian_detail pd on p.kd_beli = pd.kd_beli and pd.kd_brg  = pid.kd_brg
              join supplier s on s.kd_supp =p.kd_supp 
              join barang b on b.kd_brg =pd.kd_brg 
              left join penerimaan_barang pb on pd.kd_po=pb.kd_po and pd.kd_brg = pb.kd_brg 
            WHERE pi.tanggal_invoice BETWEEN '2026-05-28' AND '2026-05-28'
            GROUP BY pid.kd_po, pid.kd_brg
            ORDER BY p.kd_supp, pi.tanggal_invoice ASC;
        
[18:13:29] [INFO]: tetsst
[18:13:34] [INFO]: sgfdgfggfd
[18:13:34] [INFO]: yyyyyyyy
[18:13:34] [INFO]: 
             SELECT 
                pid.*, 
                b.nama, 
                p.no_faktur,
                SUM(pd.disc) AS tot_disc, 
                p.ppn, 
                pb.jumlah_datang AS jumlah_barang_datang, 
                p.tarif_ppn, 
                s.nama AS nama_supp, 
                p.kd_supp,
                pi.tanggal_invoice,
                pid.no_invoice
            from 
              pembelian_invoice pi
              join pembelian_invoice_detail pid  on pid.no_invoice = pi.no_invoice
              join pembelian p on p.kd_po  = pi.kd_po 
              join pembelian_detail pd on p.kd_beli = pd.kd_beli and pd.kd_brg  = pid.kd_brg
              join supplier s on s.kd_supp =p.kd_supp 
              join barang b on b.kd_brg =pd.kd_brg 
              left join penerimaan_barang pb on pd.kd_po=pb.kd_po and pd.kd_brg = pb.kd_brg 
            WHERE pi.tanggal_invoice BETWEEN '2026-05-29' AND '2026-05-29'
            GROUP BY pid.kd_po, pid.kd_brg
            ORDER BY p.kd_supp, pi.tanggal_invoice ASC;
        
[18:13:36] [INFO]: tetsst
[18:13:42] [INFO]: sgfdgfggfd
[18:13:42] [INFO]: yyyyyyyy
[18:13:42] [INFO]: 
             SELECT 
                pid.*, 
                b.nama, 
                p.no_faktur,
                SUM(pd.disc) AS tot_disc, 
                p.ppn, 
                pb.jumlah_datang AS jumlah_barang_datang, 
                p.tarif_ppn, 
                s.nama AS nama_supp, 
                p.kd_supp,
                pi.tanggal_invoice,
                pid.no_invoice
            from 
              pembelian_invoice pi
              join pembelian_invoice_detail pid  on pid.no_invoice = pi.no_invoice
              join pembelian p on p.kd_po  = pi.kd_po 
              join pembelian_detail pd on p.kd_beli = pd.kd_beli and pd.kd_brg  = pid.kd_brg
              join supplier s on s.kd_supp =p.kd_supp 
              join barang b on b.kd_brg =pd.kd_brg 
              left join penerimaan_barang pb on pd.kd_po=pb.kd_po and pd.kd_brg = pb.kd_brg 
            WHERE pi.tanggal_invoice BETWEEN '2026-05-30' AND '2026-05-30'
            GROUP BY pid.kd_po, pid.kd_brg
            ORDER BY p.kd_supp, pi.tanggal_invoice ASC;
        
[18:13:45] [INFO]: tetsst
[18:13:49] [INFO]: sgfdgfggfd
[18:13:49] [INFO]: yyyyyyyy
[18:13:49] [INFO]: 
             SELECT 
                pid.*, 
                b.nama, 
                p.no_faktur,
                SUM(pd.disc) AS tot_disc, 
                p.ppn, 
                pb.jumlah_datang AS jumlah_barang_datang, 
                p.tarif_ppn, 
                s.nama AS nama_supp, 
                p.kd_supp,
                pi.tanggal_invoice,
                pid.no_invoice
            from 
              pembelian_invoice pi
              join pembelian_invoice_detail pid  on pid.no_invoice = pi.no_invoice
              join pembelian p on p.kd_po  = pi.kd_po 
              join pembelian_detail pd on p.kd_beli = pd.kd_beli and pd.kd_brg  = pid.kd_brg
              join supplier s on s.kd_supp =p.kd_supp 
              join barang b on b.kd_brg =pd.kd_brg 
              left join penerimaan_barang pb on pd.kd_po=pb.kd_po and pd.kd_brg = pb.kd_brg 
            WHERE pi.tanggal_invoice BETWEEN '2026-05-31' AND '2026-05-31'
            GROUP BY pid.kd_po, pid.kd_brg
            ORDER BY p.kd_supp, pi.tanggal_invoice ASC;
        
