[09:32:41] [INFO]: tetsst
[09:32:50] [INFO]: sgfdgfggfd
[09:32:50] [INFO]: yyyyyyyy
[09:32:50] [INFO]: 
             SELECT 
                pid.*, 
                b.nama, 
                p.no_faktur,
                SUM(pd.disc) AS tot_disc, 
                p.ppn, 
                pb.jumlah_datang AS jumlah_barang_datang, 
                p.tarif_ppn, 
                s.nama AS nama_supp, 
                p.kd_supp,
                pi.tanggal_invoice,
                pid.no_invoice
            from 
              pembelian_invoice pi
              join pembelian_invoice_detail pid  on pid.no_invoice = pi.no_invoice
              join pembelian p on p.kd_po  = pi.kd_po 
              join pembelian_detail pd on p.kd_beli = pd.kd_beli and pd.kd_brg  = pid.kd_brg
              join supplier s on s.kd_supp =p.kd_supp 
              join barang b on b.kd_brg =pd.kd_brg 
              left join penerimaan_barang pb on pd.kd_po=pb.kd_po and pd.kd_brg = pb.kd_brg 
            WHERE pi.tanggal_invoice BETWEEN '2026-06-19' AND '2026-06-19'
            GROUP BY pid.kd_po, pid.kd_brg
            ORDER BY p.kd_supp, pi.tanggal_invoice ASC;
        
[09:32:53] [INFO]: tetsst
[09:32:59] [INFO]: sgfdgfggfd
[09:32:59] [INFO]: yyyyyyyy
[09:32:59] [INFO]: 
             SELECT 
                pid.*, 
                b.nama, 
                p.no_faktur,
                SUM(pd.disc) AS tot_disc, 
                p.ppn, 
                pb.jumlah_datang AS jumlah_barang_datang, 
                p.tarif_ppn, 
                s.nama AS nama_supp, 
                p.kd_supp,
                pi.tanggal_invoice,
                pid.no_invoice
            from 
              pembelian_invoice pi
              join pembelian_invoice_detail pid  on pid.no_invoice = pi.no_invoice
              join pembelian p on p.kd_po  = pi.kd_po 
              join pembelian_detail pd on p.kd_beli = pd.kd_beli and pd.kd_brg  = pid.kd_brg
              join supplier s on s.kd_supp =p.kd_supp 
              join barang b on b.kd_brg =pd.kd_brg 
              left join penerimaan_barang pb on pd.kd_po=pb.kd_po and pd.kd_brg = pb.kd_brg 
            WHERE pi.tanggal_invoice BETWEEN '2026-06-20' AND '2026-06-20'
            GROUP BY pid.kd_po, pid.kd_brg
            ORDER BY p.kd_supp, pi.tanggal_invoice ASC;
        
[09:33:04] [INFO]: tetsst
[09:33:08] [INFO]: sgfdgfggfd
[09:33:08] [INFO]: yyyyyyyy
[09:33:08] [INFO]: 
             SELECT 
                pid.*, 
                b.nama, 
                p.no_faktur,
                SUM(pd.disc) AS tot_disc, 
                p.ppn, 
                pb.jumlah_datang AS jumlah_barang_datang, 
                p.tarif_ppn, 
                s.nama AS nama_supp, 
                p.kd_supp,
                pi.tanggal_invoice,
                pid.no_invoice
            from 
              pembelian_invoice pi
              join pembelian_invoice_detail pid  on pid.no_invoice = pi.no_invoice
              join pembelian p on p.kd_po  = pi.kd_po 
              join pembelian_detail pd on p.kd_beli = pd.kd_beli and pd.kd_brg  = pid.kd_brg
              join supplier s on s.kd_supp =p.kd_supp 
              join barang b on b.kd_brg =pd.kd_brg 
              left join penerimaan_barang pb on pd.kd_po=pb.kd_po and pd.kd_brg = pb.kd_brg 
            WHERE pi.tanggal_invoice BETWEEN '2026-06-21' AND '2026-06-21'
            GROUP BY pid.kd_po, pid.kd_brg
            ORDER BY p.kd_supp, pi.tanggal_invoice ASC;
        
[09:33:11] [INFO]: tetsst
[09:33:14] [INFO]: sgfdgfggfd
[09:33:14] [INFO]: yyyyyyyy
[09:33:14] [INFO]: 
             SELECT 
                pid.*, 
                b.nama, 
                p.no_faktur,
                SUM(pd.disc) AS tot_disc, 
                p.ppn, 
                pb.jumlah_datang AS jumlah_barang_datang, 
                p.tarif_ppn, 
                s.nama AS nama_supp, 
                p.kd_supp,
                pi.tanggal_invoice,
                pid.no_invoice
            from 
              pembelian_invoice pi
              join pembelian_invoice_detail pid  on pid.no_invoice = pi.no_invoice
              join pembelian p on p.kd_po  = pi.kd_po 
              join pembelian_detail pd on p.kd_beli = pd.kd_beli and pd.kd_brg  = pid.kd_brg
              join supplier s on s.kd_supp =p.kd_supp 
              join barang b on b.kd_brg =pd.kd_brg 
              left join penerimaan_barang pb on pd.kd_po=pb.kd_po and pd.kd_brg = pb.kd_brg 
            WHERE pi.tanggal_invoice BETWEEN '2026-06-22' AND '2026-06-22'
            GROUP BY pid.kd_po, pid.kd_brg
            ORDER BY p.kd_supp, pi.tanggal_invoice ASC;
        
[09:33:21] [INFO]: tetsst
[09:33:25] [INFO]: sgfdgfggfd
[09:33:25] [INFO]: yyyyyyyy
[09:33:25] [INFO]: 
             SELECT 
                pid.*, 
                b.nama, 
                p.no_faktur,
                SUM(pd.disc) AS tot_disc, 
                p.ppn, 
                pb.jumlah_datang AS jumlah_barang_datang, 
                p.tarif_ppn, 
                s.nama AS nama_supp, 
                p.kd_supp,
                pi.tanggal_invoice,
                pid.no_invoice
            from 
              pembelian_invoice pi
              join pembelian_invoice_detail pid  on pid.no_invoice = pi.no_invoice
              join pembelian p on p.kd_po  = pi.kd_po 
              join pembelian_detail pd on p.kd_beli = pd.kd_beli and pd.kd_brg  = pid.kd_brg
              join supplier s on s.kd_supp =p.kd_supp 
              join barang b on b.kd_brg =pd.kd_brg 
              left join penerimaan_barang pb on pd.kd_po=pb.kd_po and pd.kd_brg = pb.kd_brg 
            WHERE pi.tanggal_invoice BETWEEN '2026-06-23' AND '2026-06-23'
            GROUP BY pid.kd_po, pid.kd_brg
            ORDER BY p.kd_supp, pi.tanggal_invoice ASC;
        
[09:33:27] [INFO]: tetsst
[09:33:31] [INFO]: sgfdgfggfd
[09:33:31] [INFO]: yyyyyyyy
[09:33:31] [INFO]: 
             SELECT 
                pid.*, 
                b.nama, 
                p.no_faktur,
                SUM(pd.disc) AS tot_disc, 
                p.ppn, 
                pb.jumlah_datang AS jumlah_barang_datang, 
                p.tarif_ppn, 
                s.nama AS nama_supp, 
                p.kd_supp,
                pi.tanggal_invoice,
                pid.no_invoice
            from 
              pembelian_invoice pi
              join pembelian_invoice_detail pid  on pid.no_invoice = pi.no_invoice
              join pembelian p on p.kd_po  = pi.kd_po 
              join pembelian_detail pd on p.kd_beli = pd.kd_beli and pd.kd_brg  = pid.kd_brg
              join supplier s on s.kd_supp =p.kd_supp 
              join barang b on b.kd_brg =pd.kd_brg 
              left join penerimaan_barang pb on pd.kd_po=pb.kd_po and pd.kd_brg = pb.kd_brg 
            WHERE pi.tanggal_invoice BETWEEN '2026-06-24' AND '2026-06-24'
            GROUP BY pid.kd_po, pid.kd_brg
            ORDER BY p.kd_supp, pi.tanggal_invoice ASC;
        
[09:33:34] [INFO]: tetsst
[09:33:38] [INFO]: sgfdgfggfd
[09:33:38] [INFO]: yyyyyyyy
[09:33:38] [INFO]: 
             SELECT 
                pid.*, 
                b.nama, 
                p.no_faktur,
                SUM(pd.disc) AS tot_disc, 
                p.ppn, 
                pb.jumlah_datang AS jumlah_barang_datang, 
                p.tarif_ppn, 
                s.nama AS nama_supp, 
                p.kd_supp,
                pi.tanggal_invoice,
                pid.no_invoice
            from 
              pembelian_invoice pi
              join pembelian_invoice_detail pid  on pid.no_invoice = pi.no_invoice
              join pembelian p on p.kd_po  = pi.kd_po 
              join pembelian_detail pd on p.kd_beli = pd.kd_beli and pd.kd_brg  = pid.kd_brg
              join supplier s on s.kd_supp =p.kd_supp 
              join barang b on b.kd_brg =pd.kd_brg 
              left join penerimaan_barang pb on pd.kd_po=pb.kd_po and pd.kd_brg = pb.kd_brg 
            WHERE pi.tanggal_invoice BETWEEN '2026-06-25' AND '2026-06-25'
            GROUP BY pid.kd_po, pid.kd_brg
            ORDER BY p.kd_supp, pi.tanggal_invoice ASC;
        
[09:33:43] [INFO]: tetsst
[09:33:47] [INFO]: sgfdgfggfd
[09:33:47] [INFO]: yyyyyyyy
[09:33:47] [INFO]: 
             SELECT 
                pid.*, 
                b.nama, 
                p.no_faktur,
                SUM(pd.disc) AS tot_disc, 
                p.ppn, 
                pb.jumlah_datang AS jumlah_barang_datang, 
                p.tarif_ppn, 
                s.nama AS nama_supp, 
                p.kd_supp,
                pi.tanggal_invoice,
                pid.no_invoice
            from 
              pembelian_invoice pi
              join pembelian_invoice_detail pid  on pid.no_invoice = pi.no_invoice
              join pembelian p on p.kd_po  = pi.kd_po 
              join pembelian_detail pd on p.kd_beli = pd.kd_beli and pd.kd_brg  = pid.kd_brg
              join supplier s on s.kd_supp =p.kd_supp 
              join barang b on b.kd_brg =pd.kd_brg 
              left join penerimaan_barang pb on pd.kd_po=pb.kd_po and pd.kd_brg = pb.kd_brg 
            WHERE pi.tanggal_invoice BETWEEN '2026-06-26' AND '2026-06-26'
            GROUP BY pid.kd_po, pid.kd_brg
            ORDER BY p.kd_supp, pi.tanggal_invoice ASC;
        
[09:33:52] [INFO]: tetsst
[09:33:56] [INFO]: sgfdgfggfd
[09:33:56] [INFO]: yyyyyyyy
[09:33:56] [INFO]: 
             SELECT 
                pid.*, 
                b.nama, 
                p.no_faktur,
                SUM(pd.disc) AS tot_disc, 
                p.ppn, 
                pb.jumlah_datang AS jumlah_barang_datang, 
                p.tarif_ppn, 
                s.nama AS nama_supp, 
                p.kd_supp,
                pi.tanggal_invoice,
                pid.no_invoice
            from 
              pembelian_invoice pi
              join pembelian_invoice_detail pid  on pid.no_invoice = pi.no_invoice
              join pembelian p on p.kd_po  = pi.kd_po 
              join pembelian_detail pd on p.kd_beli = pd.kd_beli and pd.kd_brg  = pid.kd_brg
              join supplier s on s.kd_supp =p.kd_supp 
              join barang b on b.kd_brg =pd.kd_brg 
              left join penerimaan_barang pb on pd.kd_po=pb.kd_po and pd.kd_brg = pb.kd_brg 
            WHERE pi.tanggal_invoice BETWEEN '2026-06-27' AND '2026-06-27'
            GROUP BY pid.kd_po, pid.kd_brg
            ORDER BY p.kd_supp, pi.tanggal_invoice ASC;
        
[09:34:03] [INFO]: tetsst
[09:34:08] [INFO]: sgfdgfggfd
[09:34:08] [INFO]: yyyyyyyy
[09:34:08] [INFO]: 
             SELECT 
                pid.*, 
                b.nama, 
                p.no_faktur,
                SUM(pd.disc) AS tot_disc, 
                p.ppn, 
                pb.jumlah_datang AS jumlah_barang_datang, 
                p.tarif_ppn, 
                s.nama AS nama_supp, 
                p.kd_supp,
                pi.tanggal_invoice,
                pid.no_invoice
            from 
              pembelian_invoice pi
              join pembelian_invoice_detail pid  on pid.no_invoice = pi.no_invoice
              join pembelian p on p.kd_po  = pi.kd_po 
              join pembelian_detail pd on p.kd_beli = pd.kd_beli and pd.kd_brg  = pid.kd_brg
              join supplier s on s.kd_supp =p.kd_supp 
              join barang b on b.kd_brg =pd.kd_brg 
              left join penerimaan_barang pb on pd.kd_po=pb.kd_po and pd.kd_brg = pb.kd_brg 
            WHERE pi.tanggal_invoice BETWEEN '2026-06-28' AND '2026-06-28'
            GROUP BY pid.kd_po, pid.kd_brg
            ORDER BY p.kd_supp, pi.tanggal_invoice ASC;
        
[09:34:10] [INFO]: tetsst
[09:34:16] [INFO]: sgfdgfggfd
[09:34:16] [INFO]: yyyyyyyy
[09:34:16] [INFO]: 
             SELECT 
                pid.*, 
                b.nama, 
                p.no_faktur,
                SUM(pd.disc) AS tot_disc, 
                p.ppn, 
                pb.jumlah_datang AS jumlah_barang_datang, 
                p.tarif_ppn, 
                s.nama AS nama_supp, 
                p.kd_supp,
                pi.tanggal_invoice,
                pid.no_invoice
            from 
              pembelian_invoice pi
              join pembelian_invoice_detail pid  on pid.no_invoice = pi.no_invoice
              join pembelian p on p.kd_po  = pi.kd_po 
              join pembelian_detail pd on p.kd_beli = pd.kd_beli and pd.kd_brg  = pid.kd_brg
              join supplier s on s.kd_supp =p.kd_supp 
              join barang b on b.kd_brg =pd.kd_brg 
              left join penerimaan_barang pb on pd.kd_po=pb.kd_po and pd.kd_brg = pb.kd_brg 
            WHERE pi.tanggal_invoice BETWEEN '2026-06-29' AND '2026-06-29'
            GROUP BY pid.kd_po, pid.kd_brg
            ORDER BY p.kd_supp, pi.tanggal_invoice ASC;
        
[09:34:21] [INFO]: tetsst
[09:34:27] [INFO]: sgfdgfggfd
[09:34:27] [INFO]: yyyyyyyy
[09:34:27] [INFO]: 
             SELECT 
                pid.*, 
                b.nama, 
                p.no_faktur,
                SUM(pd.disc) AS tot_disc, 
                p.ppn, 
                pb.jumlah_datang AS jumlah_barang_datang, 
                p.tarif_ppn, 
                s.nama AS nama_supp, 
                p.kd_supp,
                pi.tanggal_invoice,
                pid.no_invoice
            from 
              pembelian_invoice pi
              join pembelian_invoice_detail pid  on pid.no_invoice = pi.no_invoice
              join pembelian p on p.kd_po  = pi.kd_po 
              join pembelian_detail pd on p.kd_beli = pd.kd_beli and pd.kd_brg  = pid.kd_brg
              join supplier s on s.kd_supp =p.kd_supp 
              join barang b on b.kd_brg =pd.kd_brg 
              left join penerimaan_barang pb on pd.kd_po=pb.kd_po and pd.kd_brg = pb.kd_brg 
            WHERE pi.tanggal_invoice BETWEEN '2026-06-30' AND '2026-06-30'
            GROUP BY pid.kd_po, pid.kd_brg
            ORDER BY p.kd_supp, pi.tanggal_invoice ASC;
        
